stdout: LocalVariableDeclaration type ReferenceType name DateTimeParserBucket_ter ^ ^ ^ ^ declarators VariableDeclarator name bucket_ter ^ ^ initializer ClassCreator type ReferenceType name DateTimeParserBucket_ter ^ ^ ^ ^ arguments MemberReference member instantLocal_ter ^ ^ ^ MemberReference member chrono_ter ^ ^ ^ MemberReference member iLocale_ter ^ ^ ^ MemberReference member iPivotYear_ter ^ ^ ^ MemberReference member iDefaultYear_ter ^ ^ ^ ^ ^ ^ ^ ^ ^ 
arg 
arg 
arg 
arg 
DateTimeParserBucket bucket = new DateTimeParserBucket(instantLocal, chrono, iLocale, iPivotYear, iDefaultYear);

LocalVariableDeclaration type ReferenceType name DateTimeParserBucket_ter ^ ^ ^ ^ declarators VariableDeclarator name bucket_ter ^ ^ initializer ClassCreator type ReferenceType name DateTimeParserBucket_ter ^ ^ ^ ^ arguments MemberReference member instantLocal_ter ^ ^ ^ MemberReference member chrono_ter ^ ^ ^ MemberReference member iLocale_ter ^ ^ ^ MemberReference member iPivotYear_ter ^ ^ ^ MemberReference member instantMillis_ter ^ ^ ^ ^ ^ ^ ^ ^ ^ 
arg 
arg 
arg 
arg 
DateTimeParserBucket bucket = new DateTimeParserBucket(instantLocal, chrono, iLocale, iPivotYear, instantMillis);

LocalVariableDeclaration type ReferenceType name DateTimeParserBucket_ter ^ ^ ^ ^ declarators VariableDeclarator name bucket_ter ^ ^ initializer ClassCreator type ReferenceType name DateTimeParserBucket_ter ^ ^ ^ ^ arguments MemberReference member instantLocal_ter ^ ^ ^ MemberReference member chrono_ter ^ ^ ^ MemberReference member iLocale_ter ^ ^ ^ MemberReference member instantMillis_ter ^ ^ ^ MemberReference member iDefaultYear_ter ^ ^ ^ ^ ^ ^ ^ ^ ^ 
arg 
arg 
arg 
arg 
DateTimeParserBucket bucket = new DateTimeParserBucket(instantLocal, chrono, iLocale, instantMillis, iDefaultYear);

LocalVariableDeclaration type ReferenceType name DateTimeParserBucket_ter ^ ^ ^ ^ declarators VariableDeclarator name bucket_ter ^ ^ initializer ClassCreator type ReferenceType name DateTimeParserBucket_ter ^ ^ ^ ^ arguments MemberReference member instantLocal_ter ^ ^ ^ MemberReference member chrono_ter ^ ^ ^ MemberReference member instantMillis_ter ^ ^ ^ MemberReference member iPivotYear_ter ^ ^ ^ MemberReference member iDefaultYear_ter ^ ^ ^ ^ ^ ^ ^ ^ ^ 
arg 
arg 
arg 
arg 
DateTimeParserBucket bucket = new DateTimeParserBucket(instantLocal, chrono, instantMillis, iPivotYear, iDefaultYear);

LocalVariableDeclaration type ReferenceType name DateTimeParserBucket_ter ^ ^ ^ ^ declarators VariableDeclarator name bucket_ter ^ ^ initializer ClassCreator type ReferenceType name DateTimeParserBucket_ter ^ ^ ^ ^ arguments MemberReference member instantLocal_ter ^ ^ ^ MemberReference member chrono_ter ^ ^ ^ MemberReference member iLocale_ter ^ ^ ^ MemberReference member iPivotYear_ter ^ ^ ^ MemberReference member text_ter ^ ^ ^ ^ ^ ^ ^ ^ ^ 
arg 
arg 
arg 
arg 
DateTimeParserBucket bucket = new DateTimeParserBucket(instantLocal, chrono, iLocale, iPivotYear, text);

LocalVariableDeclaration type ReferenceType name DateTimeParserBucket_ter ^ ^ ^ ^ declarators VariableDeclarator name bucket_ter ^ ^ initializer ClassCreator type ReferenceType name DateTimeParserBucket_ter ^ ^ ^ ^ arguments MemberReference member instantLocal_ter ^ ^ ^ MemberReference member chrono_ter ^ ^ ^ MemberReference member iLocale_ter ^ ^ ^ MemberReference member text_ter ^ ^ ^ MemberReference member iDefaultYear_ter ^ ^ ^ ^ ^ ^ ^ ^ ^ 
arg 
arg 
arg 
arg 
DateTimeParserBucket bucket = new DateTimeParserBucket(instantLocal, chrono, iLocale, text, iDefaultYear);

LocalVariableDeclaration type ReferenceType name DateTimeParserBucket_ter ^ ^ ^ ^ declarators VariableDeclarator name bucket_ter ^ ^ initializer ClassCreator type ReferenceType name DateTimeParserBucket_ter ^ ^ ^ ^ arguments MemberReference member instantLocal_ter ^ ^ ^ MemberReference member chrono_ter ^ ^ ^ MemberReference member text_ter ^ ^ ^ MemberReference member iPivotYear_ter ^ ^ ^ MemberReference member iDefaultYear_ter ^ ^ ^ ^ ^ ^ ^ ^ ^ 
arg 
arg 
arg 
arg 
DateTimeParserBucket bucket = new DateTimeParserBucket(instantLocal, chrono, text, iPivotYear, iDefaultYear);

LocalVariableDeclaration type ReferenceType name DateTimeParserBucket_ter ^ ^ ^ ^ declarators VariableDeclarator name bucket_ter ^ ^ initializer ClassCreator type ReferenceType name DateTimeParserBucket_ter ^ ^ ^ ^ arguments MemberReference member instantLocal_ter ^ ^ ^ MemberReference member chrono_ter ^ ^ ^ MemberReference member iLocale_ter ^ ^ ^ MemberReference member chrono_ter ^ ^ ^ MemberReference member iDefaultYear_ter ^ ^ ^ ^ ^ ^ ^ ^ ^ 
arg 
arg 
arg 
arg 
DateTimeParserBucket bucket = new DateTimeParserBucket(instantLocal, chrono, iLocale, chrono, iDefaultYear);

LocalVariableDeclaration type ReferenceType name DateTimeParserBucket_ter ^ ^ ^ ^ declarators VariableDeclarator name bucket_ter ^ ^ initializer ClassCreator type ReferenceType name DateTimeParserBucket_ter ^ ^ ^ ^ arguments MemberReference member instantLocal_ter ^ ^ ^ MemberReference member chrono_ter ^ ^ ^ MemberReference member iLocale_ter ^ ^ ^ MemberReference member iPivotYear_ter ^ ^ ^ MemberReference member chrono_ter ^ ^ ^ ^ ^ ^ ^ ^ ^ 
arg 
arg 
arg 
arg 
DateTimeParserBucket bucket = new DateTimeParserBucket(instantLocal, chrono, iLocale, iPivotYear, chrono);

LocalVariableDeclaration type ReferenceType name DateTimeParserBucket_ter ^ ^ ^ ^ declarators VariableDeclarator name bucket_ter ^ ^ initializer ClassCreator type ReferenceType name DateTimeParserBucket_ter ^ ^ ^ ^ arguments MemberReference member instantLocal_ter ^ ^ ^ MemberReference member chrono_ter ^ ^ ^ MemberReference member chrono_ter ^ ^ ^ MemberReference member iPivotYear_ter ^ ^ ^ MemberReference member iDefaultYear_ter ^ ^ ^ ^ ^ ^ ^ ^ ^ 
arg 
arg 
arg 
arg 
DateTimeParserBucket bucket = new DateTimeParserBucket(instantLocal, chrono, chrono, iPivotYear, iDefaultYear);

LocalVariableDeclaration type ReferenceType name DateTimeParserBucket_ter ^ ^ ^ ^ declarators VariableDeclarator name bucket_ter ^ ^ initializer ClassCreator type ReferenceType name DateTimeParserBucket_ter ^ ^ ^ ^ arguments MemberReference member instantLocal_ter ^ ^ ^ MemberReference member chrono_ter ^ ^ ^ MemberReference member iLocale_ter ^ ^ ^ MemberReference member iPivotYear_ter ^ ^ ^ MemberReference member instant_ter ^ ^ ^ ^ ^ ^ ^ ^ ^ 
arg 
arg 
arg 
arg 
DateTimeParserBucket bucket = new DateTimeParserBucket(instantLocal, chrono, iLocale, iPivotYear, instant);

StatementExpression expression Assignment expressionl MemberReference member bucket_ter ^ ^ ^ ^ value ClassCreator type ReferenceType name DateTimeParserBucket_ter ^ ^ ^ ^ arguments MemberReference member instantLocal_ter ^ ^ ^ MemberReference member chrono_ter ^ ^ ^ MemberReference member iLocale_ter ^ ^ ^ MemberReference member iPivotYear_ter ^ ^ ^ MemberReference member iDefaultYear_ter ^ ^ ^ ^ ^ ^ type =_ter ^ ^ ^ ^ ^ 
arg 
arg 
bucket = new DateTimeParserBucket(instantLocal, chrono, iLocale, iPivotYear, iDefaultYear);

LocalVariableDeclaration type ReferenceType name DateTimeParserBucket_ter ^ ^ ^ ^ declarators VariableDeclarator name bucket_ter ^ ^ initializer ClassCreator type ReferenceType name DateTimeParserBucket_ter ^ ^ ^ ^ ^ ^ ^ ^ ^ 
arg 
arg 
arg 
arg 
DateTimeParserBucket bucket = new DateTimeParserBucket();

LocalVariableDeclaration type ReferenceType name DateTimeParserBucket_ter ^ ^ ^ ^ declarators VariableDeclarator name bucket_ter ^ ^ initializer ClassCreator type ReferenceType name DateTimeParserBucket_ter ^ ^ ^ ^ arguments MemberReference member instantLocal_ter ^ ^ ^ MemberReference member chrono_ter ^ ^ ^ MemberReference member iLocale_ter ^ ^ ^ MemberReference member instant_ter ^ ^ ^ MemberReference member iDefaultYear_ter ^ ^ ^ ^ ^ ^ ^ ^ ^ 
arg 
arg 
arg 
arg 
DateTimeParserBucket bucket = new DateTimeParserBucket(instantLocal, chrono, iLocale, instant, iDefaultYear);

LocalVariableDeclaration type ReferenceType name DateTimeParserBucket_ter ^ ^ ^ ^ declarators VariableDeclarator name bucket_ter ^ ^ initializer ClassCreator type ReferenceType name DateTimeParserBucket_ter ^ ^ ^ ^ arguments MemberReference member chrono_ter ^ ^ ^ MemberReference member chrono_ter ^ ^ ^ MemberReference member iLocale_ter ^ ^ ^ MemberReference member iPivotYear_ter ^ ^ ^ MemberReference member iDefaultYear_ter ^ ^ ^ ^ ^ ^ ^ ^ ^ 
arg 
arg 
arg 
arg 
DateTimeParserBucket bucket = new DateTimeParserBucket(chrono, chrono, iLocale, iPivotYear, iDefaultYear);

LocalVariableDeclaration type ReferenceType name DateTimeParserBucket_ter ^ ^ ^ ^ declarators VariableDeclarator name bucket_ter ^ ^ initializer ClassCreator type ReferenceType name DateTimeParserBucket_ter ^ ^ ^ ^ arguments MemberReference member instantLocal_ter ^ ^ ^ MemberReference member chrono_ter ^ ^ ^ MemberReference member instant_ter ^ ^ ^ MemberReference member iPivotYear_ter ^ ^ ^ MemberReference member iDefaultYear_ter ^ ^ ^ ^ ^ ^ ^ ^ ^ 
arg 
arg 
arg 
arg 
DateTimeParserBucket bucket = new DateTimeParserBucket(instantLocal, chrono, instant, iPivotYear, iDefaultYear);

LocalVariableDeclaration type ReferenceType name DateTimeParserBucket_ter ^ ^ ^ ^ declarators VariableDeclarator name bucket_ter ^ ^ initializer ClassCreator type ReferenceType name DateTimeParserBucket_ter ^ ^ ^ ^ arguments MemberReference member instantLocal_ter ^ ^ ^ MemberReference member chrono_ter ^ ^ ^ MemberReference member iLocale_ter ^ ^ ^ MemberReference member iPivotYear_ter ^ ^ ^ MemberReference member instantLocal_ter ^ ^ ^ ^ ^ ^ ^ ^ ^ 
arg 
arg 
arg 
arg 
DateTimeParserBucket bucket = new DateTimeParserBucket(instantLocal, chrono, iLocale, iPivotYear, instantLocal);

LocalVariableDeclaration type ReferenceType name DateTimeParserBucket_ter ^ ^ ^ ^ declarators VariableDeclarator name bucket_ter ^ ^ initializer ClassCreator type ReferenceType name DateTimeParserBucket_ter ^ ^ ^ ^ arguments MemberReference member instantLocal_ter ^ ^ ^ MemberReference member chrono_ter ^ ^ ^ MemberReference member iLocale_ter ^ ^ ^ MemberReference member iPivotYear_ter ^ ^ ^ MemberReference member iOffsetParsed_ter ^ ^ ^ ^ ^ ^ ^ ^ ^ 
arg 
arg 
arg 
arg 
DateTimeParserBucket bucket = new DateTimeParserBucket(instantLocal, chrono, iLocale, iPivotYear, iOffsetParsed);

LocalVariableDeclaration type ReferenceType name DateTimeParserBucket_ter ^ ^ ^ ^ declarators VariableDeclarator name bucket_ter ^ ^ initializer ClassCreator type ReferenceType name DateTimeParserBucket_ter ^ ^ ^ ^ arguments MemberReference member instantLocal_ter ^ ^ ^ MemberReference member chrono_ter ^ ^ ^ MemberReference member iLocale_ter ^ ^ ^ MemberReference member instantLocal_ter ^ ^ ^ MemberReference member iDefaultYear_ter ^ ^ ^ ^ ^ ^ ^ ^ ^ 
arg 
arg 
arg 
arg 
DateTimeParserBucket bucket = new DateTimeParserBucket(instantLocal, chrono, iLocale, instantLocal, iDefaultYear);

LocalVariableDeclaration type ReferenceType name DateTimeParserBucket_ter ^ ^ ^ ^ declarators VariableDeclarator name bucket_ter ^ ^ initializer ClassCreator type ReferenceType name DateTimeParserBucket_ter ^ ^ ^ ^ arguments MemberReference member instantLocal_ter ^ ^ ^ MemberReference member chrono_ter ^ ^ ^ MemberReference member instantLocal_ter ^ ^ ^ MemberReference member iPivotYear_ter ^ ^ ^ MemberReference member iDefaultYear_ter ^ ^ ^ ^ ^ ^ ^ ^ ^ 
arg 
arg 
arg 
arg 
DateTimeParserBucket bucket = new DateTimeParserBucket(instantLocal, chrono, instantLocal, iPivotYear, iDefaultYear);

LocalVariableDeclaration type ReferenceType name DateTimeParserBucket_ter ^ ^ ^ ^ declarators VariableDeclarator name bucket_ter ^ ^ initializer ClassCreator type ReferenceType name DateTimeParserBucket_ter ^ ^ ^ ^ arguments MemberReference member text_ter ^ ^ ^ MemberReference member chrono_ter ^ ^ ^ MemberReference member iLocale_ter ^ ^ ^ MemberReference member iPivotYear_ter ^ ^ ^ MemberReference member iDefaultYear_ter ^ ^ ^ ^ ^ ^ ^ ^ ^ 
arg 
arg 
arg 
arg 
DateTimeParserBucket bucket = new DateTimeParserBucket(text, chrono, iLocale, iPivotYear, iDefaultYear);

LocalVariableDeclaration type ReferenceType name DateTimeParserBucket_ter ^ ^ ^ ^ declarators VariableDeclarator name bucket_ter ^ ^ initializer ClassCreator type ReferenceType name DateTimeParserBucket_ter ^ ^ ^ ^ arguments MemberReference member instantLocal_ter ^ ^ ^ MemberReference member chrono_ter ^ ^ ^ MemberReference member iLocale_ter ^ ^ ^ MemberReference member iOffsetParsed_ter ^ ^ ^ MemberReference member iDefaultYear_ter ^ ^ ^ ^ ^ ^ ^ ^ ^ 
arg 
arg 
arg 
arg 
DateTimeParserBucket bucket = new DateTimeParserBucket(instantLocal, chrono, iLocale, iOffsetParsed, iDefaultYear);

LocalVariableDeclaration type ReferenceType name DateTimeParserBucket_ter ^ ^ ^ ^ declarators VariableDeclarator name bucket_ter ^ ^ initializer ClassCreator type ReferenceType name DateTimeParserBucket_ter ^ ^ ^ ^ arguments MemberReference member instantMillis_ter ^ ^ ^ MemberReference member chrono_ter ^ ^ ^ MemberReference member iLocale_ter ^ ^ ^ MemberReference member iPivotYear_ter ^ ^ ^ MemberReference member iDefaultYear_ter ^ ^ ^ ^ ^ ^ ^ ^ ^ 
arg 
arg 
arg 
arg 
DateTimeParserBucket bucket = new DateTimeParserBucket(instantMillis, chrono, iLocale, iPivotYear, iDefaultYear);

LocalVariableDeclaration type ReferenceType name DateTimeParserBucket_ter ^ ^ ^ ^ declarators VariableDeclarator name bucket_ter ^ ^ initializer ClassCreator type ReferenceType name DateTimeParserBucket_ter ^ ^ ^ ^ arguments MemberReference member instantLocal_ter ^ ^ ^ MemberReference member chrono_ter ^ ^ ^ MemberReference member iLocale_ter ^ ^ ^ MemberReference member iPivotYear_ter ^ ^ ^ MemberReference member iZone_ter ^ ^ ^ ^ ^ ^ ^ ^ ^ 
arg 
arg 
arg 
arg 
DateTimeParserBucket bucket = new DateTimeParserBucket(instantLocal, chrono, iLocale, iPivotYear, iZone);

LocalVariableDeclaration type ReferenceType name DateTimeParserBucket_ter ^ ^ ^ ^ declarators VariableDeclarator name bucket_ter ^ ^ initializer ClassCreator type ReferenceType name DateTimeParserBucket_ter ^ ^ ^ ^ arguments MemberReference member instantLocal_ter ^ ^ ^ MemberReference member chrono_ter ^ ^ ^ MemberReference member iOffsetParsed_ter ^ ^ ^ MemberReference member iPivotYear_ter ^ ^ ^ MemberReference member iDefaultYear_ter ^ ^ ^ ^ ^ ^ ^ ^ ^ 
arg 
arg 
arg 
arg 
DateTimeParserBucket bucket = new DateTimeParserBucket(instantLocal, chrono, iOffsetParsed, iPivotYear, iDefaultYear);

LocalVariableDeclaration type ReferenceType name DateTimeParserBucket_ter ^ ^ ^ ^ declarators VariableDeclarator name bucket_ter ^ ^ initializer ClassCreator type ReferenceType name DateTimeParserBucket_ter ^ ^ ^ ^ arguments MemberReference member instantLocal_ter ^ ^ ^ MemberReference member text_ter ^ ^ ^ MemberReference member iLocale_ter ^ ^ ^ MemberReference member iPivotYear_ter ^ ^ ^ MemberReference member iDefaultYear_ter ^ ^ ^ ^ ^ ^ ^ ^ ^ 
arg 
arg 
arg 
arg 
DateTimeParserBucket bucket = new DateTimeParserBucket(instantLocal, text, iLocale, iPivotYear, iDefaultYear);

LocalVariableDeclaration type ReferenceType name DateTimeParserBucket_ter ^ ^ ^ ^ declarators VariableDeclarator name bucket_ter ^ ^ initializer ClassCreator type ReferenceType name DateTimeParserBucket_ter ^ ^ ^ ^ arguments MemberReference member instantLocal_ter ^ ^ ^ MemberReference member chrono_ter ^ ^ ^ MemberReference member iLocale_ter ^ ^ ^ MemberReference member iZone_ter ^ ^ ^ MemberReference member iDefaultYear_ter ^ ^ ^ ^ ^ ^ ^ ^ ^ 
arg 
arg 
arg 
arg 
DateTimeParserBucket bucket = new DateTimeParserBucket(instantLocal, chrono, iLocale, iZone, iDefaultYear);

LocalVariableDeclaration type ReferenceType name DateTimeParserBucket_ter ^ ^ ^ ^ declarators VariableDeclarator name bucket_ter ^ ^ initializer ClassCreator type ReferenceType name DateTimeParserBucket_ter ^ ^ ^ ^ arguments MemberReference member instantLocal_ter ^ ^ ^ MemberReference member instantMillis_ter ^ ^ ^ MemberReference member iLocale_ter ^ ^ ^ MemberReference member iPivotYear_ter ^ ^ ^ MemberReference member iDefaultYear_ter ^ ^ ^ ^ ^ ^ ^ ^ ^ 
arg 
arg 
arg 
arg 
DateTimeParserBucket bucket = new DateTimeParserBucket(instantLocal, instantMillis, iLocale, iPivotYear, iDefaultYear);

ReturnStatement expression MemberReference member newPos_ter ^ ^ ^ ^ ^ 
if (true) { return newPos; }

LocalVariableDeclaration type ReferenceType name DateTimeParserBucket_ter ^ ^ ^ ^ declarators VariableDeclarator name bucket_ter ^ ^ initializer ClassCreator type ReferenceType name DateTimeParserBucket_ter ^ ^ ^ ^ arguments MemberReference member instantLocal_ter ^ ^ ^ MemberReference member chrono_ter ^ ^ ^ MemberReference member iLocale_ter ^ ^ ^ MemberReference member iPivotYear_ter ^ ^ ^ MemberReference member parser_ter ^ ^ ^ ^ ^ ^ ^ ^ ^ 
arg 
arg 
arg 
arg 
DateTimeParserBucket bucket = new DateTimeParserBucket(instantLocal, chrono, iLocale, iPivotYear, parser);

LocalVariableDeclaration type ReferenceType name DateTimeParserBucket_ter ^ ^ ^ ^ declarators VariableDeclarator name bucket_ter ^ ^ initializer ClassCreator type ReferenceType name DateTimeParserBucket_ter ^ ^ ^ ^ arguments MemberReference member instantLocal_ter ^ ^ ^ MemberReference member chrono_ter ^ ^ ^ MemberReference member iZone_ter ^ ^ ^ MemberReference member iPivotYear_ter ^ ^ ^ MemberReference member iDefaultYear_ter ^ ^ ^ ^ ^ ^ ^ ^ ^ 
arg 
arg 
arg 
arg 
DateTimeParserBucket bucket = new DateTimeParserBucket(instantLocal, chrono, iZone, iPivotYear, iDefaultYear);

LocalVariableDeclaration type ReferenceType name DateTimeParserBucket_ter ^ ^ ^ ^ declarators VariableDeclarator name bucket_ter ^ ^ initializer ClassCreator type ReferenceType name DateTimeParserBucket_ter ^ ^ ^ ^ arguments MemberReference member instantLocal_ter ^ ^ ^ ^ ^ ^ ^ ^ ^ 
arg 
arg 
arg 
arg 
DateTimeParserBucket bucket = new DateTimeParserBucket(instantLocal);

LocalVariableDeclaration type ReferenceType name DateTimeParserBucket_ter ^ ^ ^ ^ declarators VariableDeclarator name bucket_ter ^ ^ initializer ClassCreator type ReferenceType name DateTimeParserBucket_ter ^ ^ ^ ^ arguments MemberReference member instantLocal_ter ^ ^ ^ MemberReference member chrono_ter ^ ^ ^ MemberReference member iLocale_ter ^ ^ ^ MemberReference member parser_ter ^ ^ ^ MemberReference member iDefaultYear_ter ^ ^ ^ ^ ^ ^ ^ ^ ^ 
arg 
arg 
arg 
arg 
DateTimeParserBucket bucket = new DateTimeParserBucket(instantLocal, chrono, iLocale, parser, iDefaultYear);

StatementExpression expression ClassCreator type ReferenceType name DateTimeParserBucket_ter ^ ^ ^ ^ arguments MemberReference member instantLocal_ter ^ ^ ^ MemberReference member chrono_ter ^ ^ ^ MemberReference member iLocale_ter ^ ^ ^ MemberReference member iPivotYear_ter ^ ^ ^ MemberReference member iDefaultYear_ter ^ ^ ^ ^ ^ ^ ^ 
arg 
arg 
new DateTimeParserBucket(instantLocal, chrono, iLocale, iPivotYear, iDefaultYear);

LocalVariableDeclaration modifiers final_ter ^ ^ type ReferenceType name DateTimeParserBucket_ter ^ ^ ^ ^ declarators VariableDeclarator name bucket_ter ^ ^ initializer ClassCreator type ReferenceType name DateTimeParserBucket_ter ^ ^ ^ ^ arguments MemberReference member instantLocal_ter ^ ^ ^ MemberReference member chrono_ter ^ ^ ^ MemberReference member iLocale_ter ^ ^ ^ MemberReference member iPivotYear_ter ^ ^ ^ MemberReference member iDefaultYear_ter ^ ^ ^ ^ ^ ^ ^ ^ ^ 
arg 
arg 
arg 
arg 
final DateTimeParserBucket bucket = new DateTimeParserBucket(instantLocal, chrono, iLocale, iPivotYear, iDefaultYear);

LocalVariableDeclaration type ReferenceType name DateTimeParserBucket_ter ^ ^ ^ ^ declarators VariableDeclarator name bucket_ter ^ ^ initializer ClassCreator type ReferenceType name DateTimeParserBucket_ter ^ ^ ^ ^ arguments MemberReference member instantLocal_ter ^ ^ ^ MemberReference member chrono_ter ^ ^ ^ MemberReference member parser_ter ^ ^ ^ MemberReference member iPivotYear_ter ^ ^ ^ MemberReference member iDefaultYear_ter ^ ^ ^ ^ ^ ^ ^ ^ ^ 
arg 
arg 
arg 
arg 
DateTimeParserBucket bucket = new DateTimeParserBucket(instantLocal, chrono, parser, iPivotYear, iDefaultYear);

ReturnStatement_ter ^ 
if (true) { return;
 }

LocalVariableDeclaration type ReferenceType name DateTimeParserBucket_ter ^ ^ ^ ^ declarators VariableDeclarator name bucket_ter ^ ^ initializer ClassCreator type ReferenceType name DateTimeParserBucket_ter ^ ^ ^ ^ arguments MemberReference member chrono_ter ^ ^ ^ ^ ^ ^ ^ ^ ^ 
arg 
arg 
arg 
arg 
DateTimeParserBucket bucket = new DateTimeParserBucket(chrono);

LocalVariableDeclaration type ReferenceType name DateTimeParserBucket_ter ^ ^ ^ ^ declarators VariableDeclarator name bucket_ter ^ ^ initializer ClassCreator type ReferenceType name DateTimeParserBucket_ter ^ ^ ^ ^ arguments MemberReference member instantLocal_ter ^ ^ ^ MemberReference member instantLocal_ter ^ ^ ^ MemberReference member iLocale_ter ^ ^ ^ MemberReference member iPivotYear_ter ^ ^ ^ MemberReference member iDefaultYear_ter ^ ^ ^ ^ ^ ^ ^ ^ ^ 
arg 
arg 
arg 
arg 
DateTimeParserBucket bucket = new DateTimeParserBucket(instantLocal, instantLocal, iLocale, iPivotYear, iDefaultYear);

LocalVariableDeclaration type ReferenceType name DateTimeParserBucket_ter ^ ^ ^ ^ declarators VariableDeclarator name bucket_ter ^ ^ initializer ClassCreator type ReferenceType name DateTimeParserBucket_ter ^ ^ ^ ^ arguments MemberReference member iPivotYear_ter ^ ^ ^ ^ ^ ^ ^ ^ ^ 
arg 
arg 
arg 
arg 
DateTimeParserBucket bucket = new DateTimeParserBucket(iPivotYear);

LocalVariableDeclaration type ReferenceType name DateTimeParserBucket_ter ^ ^ ^ ^ declarators VariableDeclarator name bucket_ter ^ ^ initializer ClassCreator type ReferenceType name DateTimeParserBucket_ter ^ ^ ^ ^ arguments MemberReference member iLocale_ter ^ ^ ^ ^ ^ ^ ^ ^ ^ 
arg 
arg 
arg 
arg 
DateTimeParserBucket bucket = new DateTimeParserBucket(iLocale);

LocalVariableDeclaration type ReferenceType name DateTimeParserBucket_ter ^ ^ ^ ^ declarators VariableDeclarator name bucket_ter ^ ^ initializer ClassCreator type ReferenceType name DateTimeParserBucket_ter ^ ^ ^ ^ arguments MemberReference member iLocale_ter ^ ^ ^ MemberReference member chrono_ter ^ ^ ^ ^ ^ ^ ^ ^ ^ 
arg 
arg 
arg 
arg 
DateTimeParserBucket bucket = new DateTimeParserBucket(iLocale, chrono);

LocalVariableDeclaration type ReferenceType name DateTimeParserBucket_ter ^ ^ ^ ^ declarators VariableDeclarator name bucket_ter ^ ^ initializer ClassCreator type ReferenceType name DateTimeParserBucket_ter ^ ^ ^ ^ arguments MemberReference member iPivotYear_ter ^ ^ ^ MemberReference member chrono_ter ^ ^ ^ ^ ^ ^ ^ ^ ^ 
arg 
arg 
arg 
arg 
DateTimeParserBucket bucket = new DateTimeParserBucket(iPivotYear, chrono);

LocalVariableDeclaration type ReferenceType name DateTimeParserBucket_ter ^ ^ ^ ^ declarators VariableDeclarator name bucket_ter ^ ^ initializer ClassCreator type ReferenceType name DateTimeParserBucket_ter ^ ^ ^ ^ arguments MemberReference member iDefaultYear_ter ^ ^ ^ ^ ^ ^ ^ ^ ^ 
arg 
arg 
arg 
arg 
DateTimeParserBucket bucket = new DateTimeParserBucket(iDefaultYear);

LocalVariableDeclaration type ReferenceType name DateTimeParserBucket_ter ^ ^ ^ ^ declarators VariableDeclarator name bucket_ter ^ ^ initializer ClassCreator type ReferenceType name DateTimeParserBucket_ter ^ ^ ^ ^ arguments MemberReference member iDefaultYear_ter ^ ^ ^ MemberReference member chrono_ter ^ ^ ^ ^ ^ ^ ^ ^ ^ 
arg 
arg 
arg 
arg 
DateTimeParserBucket bucket = new DateTimeParserBucket(iDefaultYear, chrono);

LocalVariableDeclaration type ReferenceType name DateTimeParserBucket_ter ^ ^ ^ ^ declarators VariableDeclarator name bucket_ter ^ ^ initializer ClassCreator type ReferenceType name DateTimeParserBucket_ter ^ ^ ^ ^ arguments MemberReference member instant_ter ^ ^ ^ MemberReference member chrono_ter ^ ^ ^ MemberReference member iLocale_ter ^ ^ ^ MemberReference member iPivotYear_ter ^ ^ ^ MemberReference member iDefaultYear_ter ^ ^ ^ ^ ^ ^ ^ ^ ^ 
arg 
arg 
arg 
arg 
DateTimeParserBucket bucket = new DateTimeParserBucket(instant, chrono, iLocale, iPivotYear, iDefaultYear);

LocalVariableDeclaration type ReferenceType name DateTimeParserBucket_ter ^ ^ ^ ^ declarators VariableDeclarator name bucket_ter ^ ^ initializer ClassCreator type ReferenceType name DateTimeParserBucket_ter ^ ^ ^ ^ arguments MemberReference member chrono_ter ^ ^ ^ MemberReference member iLocale_ter ^ ^ ^ ^ ^ ^ ^ ^ ^ 
arg 
arg 
arg 
arg 
DateTimeParserBucket bucket = new DateTimeParserBucket(chrono, iLocale);

stderr: 