stdout: condition BinaryOperation operator ==_ter ^ ^ operandl MethodInvocation qualifier n_ter ^ ^ member getType_ter ^ ^ ^ ^ operandr MemberReference qualifier Token_ter ^ ^ member ERROR_ter ^ ^ ^ ^ ^ ^ 
if((n.getType() == Token.ERROR)){
condition BinaryOperation operator ==_ter ^ ^ operandl MethodInvocation qualifier n_ter ^ ^ member getType_ter ^ ^ ^ ^ operandr MemberReference qualifier Token_ter ^ ^ member EOF_ter ^ ^ ^ ^ ^ ^ 
if((n.getType() == Token.EOF)){
condition BinaryOperation operator ==_ter ^ ^ operandl MethodInvocation qualifier n_ter ^ ^ member getType_ter ^ ^ ^ ^ operandr MemberReference qualifier Token_ter ^ ^ member EOL_ter ^ ^ ^ ^ ^ ^ 
if((n.getType() == Token.EOL)){
condition BinaryOperation operator ==_ter ^ ^ operandl MethodInvocation qualifier n_ter ^ ^ member getType_ter ^ ^ ^ ^ operandr MemberReference qualifier Token_ter ^ ^ member FIRST_BYTECODE_TOKEN_ter ^ ^ ^ ^ ^ ^ 
if((n.getType() == Token.FIRST_BYTECODE_TOKEN)){
condition BinaryOperation operator ==_ter ^ ^ operandl MethodInvocation qualifier n_ter ^ ^ member getType_ter ^ ^ ^ ^ operandr MemberReference qualifier Token_ter ^ ^ member ENTERWITH_ter ^ ^ ^ ^ ^ ^ 
if((n.getType() == Token.ENTERWITH)){
condition BinaryOperation operator ==_ter ^ ^ operandl MethodInvocation qualifier n_ter ^ ^ member getType_ter ^ ^ ^ ^ operandr MemberReference qualifier Token_ter ^ ^ member LEAVEWITH_ter ^ ^ ^ ^ ^ ^ 
if((n.getType() == Token.LEAVEWITH)){
condition BinaryOperation operator ==_ter ^ ^ operandl MethodInvocation qualifier n_ter ^ ^ member getType_ter ^ ^ ^ ^ operandr MemberReference qualifier Token_ter ^ ^ member RETURN_ter ^ ^ ^ ^ ^ ^ 
if((n.getType() == Token.RETURN)){
condition BinaryOperation operator ==_ter ^ ^ operandl MethodInvocation qualifier n_ter ^ ^ member getType_ter ^ ^ ^ ^ operandr MemberReference qualifier Token_ter ^ ^ member GOTO_ter ^ ^ ^ ^ ^ ^ 
if((n.getType() == Token.GOTO)){
condition BinaryOperation operator ==_ter ^ ^ operandl MethodInvocation qualifier n_ter ^ ^ member getType_ter ^ ^ ^ ^ operandr MemberReference qualifier Token_ter ^ ^ member IFEQ_ter ^ ^ ^ ^ ^ ^ 
if((n.getType() == Token.IFEQ)){
condition BinaryOperation operator ==_ter ^ ^ operandl MethodInvocation qualifier n_ter ^ ^ member getType_ter ^ ^ ^ ^ operandr MemberReference qualifier Token_ter ^ ^ member IFNE_ter ^ ^ ^ ^ ^ ^ 
if((n.getType() == Token.IFNE)){
condition BinaryOperation operator ==_ter ^ ^ operandl MethodInvocation qualifier n_ter ^ ^ member getType_ter ^ ^ ^ ^ operandr MemberReference qualifier Token_ter ^ ^ member SETNAME_ter ^ ^ ^ ^ ^ ^ 
if((n.getType() == Token.SETNAME)){
condition BinaryOperation operator ==_ter ^ ^ operandl MethodInvocation qualifier n_ter ^ ^ member getType_ter ^ ^ ^ ^ operandr MemberReference qualifier Token_ter ^ ^ member BITOR_ter ^ ^ ^ ^ ^ ^ 
if((n.getType() == Token.BITOR)){
condition BinaryOperation operator ==_ter ^ ^ operandl MethodInvocation qualifier n_ter ^ ^ member getType_ter ^ ^ ^ ^ operandr MemberReference qualifier Token_ter ^ ^ member BITXOR_ter ^ ^ ^ ^ ^ ^ 
if((n.getType() == Token.BITXOR)){
condition BinaryOperation operator ==_ter ^ ^ operandl MethodInvocation qualifier n_ter ^ ^ member getType_ter ^ ^ ^ ^ operandr MemberReference qualifier Token_ter ^ ^ member BITAND_ter ^ ^ ^ ^ ^ ^ 
if((n.getType() == Token.BITAND)){
condition BinaryOperation operator ==_ter ^ ^ operandl MethodInvocation qualifier n_ter ^ ^ member getType_ter ^ ^ ^ ^ operandr MemberReference qualifier Token_ter ^ ^ member EQ_ter ^ ^ ^ ^ ^ ^ 
if((n.getType() == Token.EQ)){
condition BinaryOperation operator ==_ter ^ ^ operandl MethodInvocation qualifier n_ter ^ ^ member getType_ter ^ ^ ^ ^ operandr MemberReference qualifier Token_ter ^ ^ member NE_ter ^ ^ ^ ^ ^ ^ 
if((n.getType() == Token.NE)){
condition BinaryOperation operator ==_ter ^ ^ operandl MethodInvocation qualifier n_ter ^ ^ member getType_ter ^ ^ ^ ^ operandr MemberReference qualifier Token_ter ^ ^ member LT_ter ^ ^ ^ ^ ^ ^ 
if((n.getType() == Token.LT)){
condition BinaryOperation operator ==_ter ^ ^ operandl MethodInvocation qualifier n_ter ^ ^ member getType_ter ^ ^ ^ ^ operandr MemberReference qualifier Token_ter ^ ^ member LE_ter ^ ^ ^ ^ ^ ^ 
if((n.getType() == Token.LE)){
condition BinaryOperation operator ==_ter ^ ^ operandl MethodInvocation qualifier n_ter ^ ^ member getType_ter ^ ^ ^ ^ operandr MemberReference qualifier Token_ter ^ ^ member GT_ter ^ ^ ^ ^ ^ ^ 
if((n.getType() == Token.GT)){
condition BinaryOperation operator ==_ter ^ ^ operandl MethodInvocation qualifier n_ter ^ ^ member getType_ter ^ ^ ^ ^ operandr MemberReference qualifier Token_ter ^ ^ member GE_ter ^ ^ ^ ^ ^ ^ 
if((n.getType() == Token.GE)){
condition BinaryOperation operator ==_ter ^ ^ operandl MethodInvocation qualifier n_ter ^ ^ member getType_ter ^ ^ ^ ^ operandr MemberReference qualifier Token_ter ^ ^ member LSH_ter ^ ^ ^ ^ ^ ^ 
if((n.getType() == Token.LSH)){
condition BinaryOperation operator ==_ter ^ ^ operandl MethodInvocation qualifier n_ter ^ ^ member getType_ter ^ ^ ^ ^ operandr MemberReference qualifier Token_ter ^ ^ member RSH_ter ^ ^ ^ ^ ^ ^ 
if((n.getType() == Token.RSH)){
condition BinaryOperation operator ==_ter ^ ^ operandl MethodInvocation qualifier n_ter ^ ^ member getType_ter ^ ^ ^ ^ operandr MemberReference qualifier Token_ter ^ ^ member URSH_ter ^ ^ ^ ^ ^ ^ 
if((n.getType() == Token.URSH)){
condition BinaryOperation operator ==_ter ^ ^ operandl MethodInvocation qualifier n_ter ^ ^ member getType_ter ^ ^ ^ ^ operandr MemberReference qualifier Token_ter ^ ^ member ADD_ter ^ ^ ^ ^ ^ ^ 
if((n.getType() == Token.ADD)){
condition BinaryOperation operator ==_ter ^ ^ operandl MethodInvocation qualifier n_ter ^ ^ member getType_ter ^ ^ ^ ^ operandr MemberReference qualifier Token_ter ^ ^ member SUB_ter ^ ^ ^ ^ ^ ^ 
if((n.getType() == Token.SUB)){
condition BinaryOperation operator ==_ter ^ ^ operandl MethodInvocation qualifier n_ter ^ ^ member getType_ter ^ ^ ^ ^ operandr MemberReference qualifier Token_ter ^ ^ member MUL_ter ^ ^ ^ ^ ^ ^ 
if((n.getType() == Token.MUL)){
condition BinaryOperation operator ==_ter ^ ^ operandl MethodInvocation qualifier n_ter ^ ^ member getType_ter ^ ^ ^ ^ operandr MemberReference qualifier Token_ter ^ ^ member DIV_ter ^ ^ ^ ^ ^ ^ 
if((n.getType() == Token.DIV)){
condition BinaryOperation operator ==_ter ^ ^ operandl MethodInvocation qualifier n_ter ^ ^ member getType_ter ^ ^ ^ ^ operandr MemberReference qualifier Token_ter ^ ^ member MOD_ter ^ ^ ^ ^ ^ ^ 
if((n.getType() == Token.MOD)){
condition BinaryOperation operator ==_ter ^ ^ operandl MethodInvocation qualifier n_ter ^ ^ member getType_ter ^ ^ ^ ^ operandr MemberReference qualifier Token_ter ^ ^ member NOT_ter ^ ^ ^ ^ ^ ^ 
if((n.getType() == Token.NOT)){
condition BinaryOperation operator ==_ter ^ ^ operandl MethodInvocation qualifier n_ter ^ ^ member getType_ter ^ ^ ^ ^ operandr MemberReference qualifier Token_ter ^ ^ member BITNOT_ter ^ ^ ^ ^ ^ ^ 
if((n.getType() == Token.BITNOT)){
condition BinaryOperation operator ==_ter ^ ^ operandl MethodInvocation qualifier n_ter ^ ^ member getType_ter ^ ^ ^ ^ operandr MemberReference qualifier Token_ter ^ ^ member POS_ter ^ ^ ^ ^ ^ ^ 
if((n.getType() == Token.POS)){
condition BinaryOperation operator ==_ter ^ ^ operandl MethodInvocation qualifier n_ter ^ ^ member getType_ter ^ ^ ^ ^ operandr MemberReference qualifier Token_ter ^ ^ member NEG_ter ^ ^ ^ ^ ^ ^ 
if((n.getType() == Token.NEG)){
condition BinaryOperation operator ==_ter ^ ^ operandl MethodInvocation qualifier n_ter ^ ^ member getType_ter ^ ^ ^ ^ operandr MemberReference qualifier Token_ter ^ ^ member NEW_ter ^ ^ ^ ^ ^ ^ 
if((n.getType() == Token.NEW)){
condition BinaryOperation operator ==_ter ^ ^ operandl MethodInvocation qualifier n_ter ^ ^ member getType_ter ^ ^ ^ ^ operandr MemberReference qualifier Token_ter ^ ^ member DELPROP_ter ^ ^ ^ ^ ^ ^ 
if((n.getType() == Token.DELPROP)){
condition BinaryOperation operator ==_ter ^ ^ operandl MethodInvocation qualifier n_ter ^ ^ member getType_ter ^ ^ ^ ^ operandr MemberReference qualifier Token_ter ^ ^ member TYPEOF_ter ^ ^ ^ ^ ^ ^ 
if((n.getType() == Token.TYPEOF)){
condition BinaryOperation operator ==_ter ^ ^ operandl MethodInvocation qualifier n_ter ^ ^ member getType_ter ^ ^ ^ ^ operandr MemberReference qualifier Token_ter ^ ^ member GETPROP_ter ^ ^ ^ ^ ^ ^ 
if((n.getType() == Token.GETPROP)){
condition BinaryOperation operator ==_ter ^ ^ operandl MethodInvocation qualifier n_ter ^ ^ member getType_ter ^ ^ ^ ^ operandr MemberReference qualifier Token_ter ^ ^ member SETPROP_ter ^ ^ ^ ^ ^ ^ 
if((n.getType() == Token.SETPROP)){
condition BinaryOperation operator ==_ter ^ ^ operandl MethodInvocation qualifier n_ter ^ ^ member getType_ter ^ ^ ^ ^ operandr MemberReference qualifier Token_ter ^ ^ member GETELEM_ter ^ ^ ^ ^ ^ ^ 
if((n.getType() == Token.GETELEM)){
condition BinaryOperation operator ==_ter ^ ^ operandl MethodInvocation qualifier n_ter ^ ^ member getType_ter ^ ^ ^ ^ operandr MemberReference qualifier Token_ter ^ ^ member SETELEM_ter ^ ^ ^ ^ ^ ^ 
if((n.getType() == Token.SETELEM)){
condition BinaryOperation operator ==_ter ^ ^ operandl MethodInvocation qualifier n_ter ^ ^ member getType_ter ^ ^ ^ ^ operandr MemberReference qualifier Token_ter ^ ^ member CALL_ter ^ ^ ^ ^ ^ ^ 
if((n.getType() == Token.CALL)){
condition BinaryOperation operator ==_ter ^ ^ operandl MethodInvocation qualifier n_ter ^ ^ member getType_ter ^ ^ ^ ^ operandr MemberReference qualifier Token_ter ^ ^ member NAME_ter ^ ^ ^ ^ ^ ^ 
if((n.getType() == Token.NAME)){
condition BinaryOperation operator ==_ter ^ ^ operandl MethodInvocation qualifier n_ter ^ ^ member getType_ter ^ ^ ^ ^ operandr MemberReference qualifier Token_ter ^ ^ member NUMBER_ter ^ ^ ^ ^ ^ ^ 
if((n.getType() == Token.NUMBER)){
condition BinaryOperation operator ==_ter ^ ^ operandl MethodInvocation qualifier n_ter ^ ^ member getType_ter ^ ^ ^ ^ operandr MemberReference qualifier Token_ter ^ ^ member STRING_ter ^ ^ ^ ^ ^ ^ 
if((n.getType() == Token.STRING)){
condition BinaryOperation operator ==_ter ^ ^ operandl MethodInvocation qualifier n_ter ^ ^ member getType_ter ^ ^ ^ ^ operandr MemberReference qualifier Token_ter ^ ^ member NULL_ter ^ ^ ^ ^ ^ ^ 
if((n.getType() == Token.NULL)){
condition BinaryOperation operator ==_ter ^ ^ operandl MethodInvocation qualifier n_ter ^ ^ member getType_ter ^ ^ ^ ^ operandr MemberReference qualifier Token_ter ^ ^ member THIS_ter ^ ^ ^ ^ ^ ^ 
if((n.getType() == Token.THIS)){
condition BinaryOperation operator ==_ter ^ ^ operandl MethodInvocation qualifier n_ter ^ ^ member getType_ter ^ ^ ^ ^ operandr MemberReference qualifier Token_ter ^ ^ member FALSE_ter ^ ^ ^ ^ ^ ^ 
if((n.getType() == Token.FALSE)){
condition BinaryOperation operator ==_ter ^ ^ operandl MethodInvocation qualifier n_ter ^ ^ member getType_ter ^ ^ ^ ^ operandr MemberReference qualifier Token_ter ^ ^ member TRUE_ter ^ ^ ^ ^ ^ ^ 
if((n.getType() == Token.TRUE)){
condition BinaryOperation operator ==_ter ^ ^ operandl MethodInvocation qualifier n_ter ^ ^ member getType_ter ^ ^ ^ ^ operandr MemberReference qualifier Token_ter ^ ^ member SHEQ_ter ^ ^ ^ ^ ^ ^ 
if((n.getType() == Token.SHEQ)){
condition BinaryOperation operator ==_ter ^ ^ operandl MethodInvocation qualifier n_ter ^ ^ member getType_ter ^ ^ ^ ^ operandr MemberReference qualifier Token_ter ^ ^ member SHNE_ter ^ ^ ^ ^ ^ ^ 
if((n.getType() == Token.SHNE)){
condition BinaryOperation operator ==_ter ^ ^ operandl MethodInvocation qualifier n_ter ^ ^ member getType_ter ^ ^ ^ ^ operandr MemberReference qualifier Token_ter ^ ^ member REGEXP_ter ^ ^ ^ ^ ^ ^ 
if((n.getType() == Token.REGEXP)){
condition BinaryOperation operator ==_ter ^ ^ operandl MethodInvocation qualifier n_ter ^ ^ member getType_ter ^ ^ ^ ^ operandr MemberReference qualifier Token_ter ^ ^ member BINDNAME_ter ^ ^ ^ ^ ^ ^ 
if((n.getType() == Token.BINDNAME)){
condition BinaryOperation operator ==_ter ^ ^ operandl MethodInvocation qualifier n_ter ^ ^ member getType_ter ^ ^ ^ ^ operandr MemberReference qualifier Token_ter ^ ^ member THROW_ter ^ ^ ^ ^ ^ ^ 
if((n.getType() == Token.THROW)){
condition BinaryOperation operator ==_ter ^ ^ operandl MethodInvocation qualifier n_ter ^ ^ member getType_ter ^ ^ ^ ^ operandr MemberReference qualifier Token_ter ^ ^ member RETHROW_ter ^ ^ ^ ^ ^ ^ 
if((n.getType() == Token.RETHROW)){
condition BinaryOperation operator ==_ter ^ ^ operandl MethodInvocation qualifier n_ter ^ ^ member getType_ter ^ ^ ^ ^ operandr MemberReference qualifier Token_ter ^ ^ member IN_ter ^ ^ ^ ^ ^ ^ 
if((n.getType() == Token.IN)){
condition BinaryOperation operator ==_ter ^ ^ operandl MethodInvocation qualifier n_ter ^ ^ member getType_ter ^ ^ ^ ^ operandr MemberReference qualifier Token_ter ^ ^ member INSTANCEOF_ter ^ ^ ^ ^ ^ ^ 
if((n.getType() == Token.INSTANCEOF)){
condition BinaryOperation operator ==_ter ^ ^ operandl MethodInvocation qualifier n_ter ^ ^ member getType_ter ^ ^ ^ ^ operandr MemberReference qualifier Token_ter ^ ^ member LOCAL_LOAD_ter ^ ^ ^ ^ ^ ^ 
if((n.getType() == Token.LOCAL_LOAD)){
condition BinaryOperation operator ==_ter ^ ^ operandl MethodInvocation qualifier n_ter ^ ^ member getType_ter ^ ^ ^ ^ operandr MemberReference qualifier Token_ter ^ ^ member GETVAR_ter ^ ^ ^ ^ ^ ^ 
if((n.getType() == Token.GETVAR)){
condition BinaryOperation operator ==_ter ^ ^ operandl MethodInvocation qualifier n_ter ^ ^ member getType_ter ^ ^ ^ ^ operandr MemberReference qualifier Token_ter ^ ^ member SETVAR_ter ^ ^ ^ ^ ^ ^ 
if((n.getType() == Token.SETVAR)){
condition BinaryOperation operator ==_ter ^ ^ operandl MethodInvocation qualifier n_ter ^ ^ member getType_ter ^ ^ ^ ^ operandr MemberReference qualifier Token_ter ^ ^ member CATCH_SCOPE_ter ^ ^ ^ ^ ^ ^ 
if((n.getType() == Token.CATCH_SCOPE)){
condition BinaryOperation operator ==_ter ^ ^ operandl MethodInvocation qualifier n_ter ^ ^ member getType_ter ^ ^ ^ ^ operandr MemberReference qualifier Token_ter ^ ^ member ENUM_INIT_KEYS_ter ^ ^ ^ ^ ^ ^ 
if((n.getType() == Token.ENUM_INIT_KEYS)){
condition BinaryOperation operator ==_ter ^ ^ operandl MethodInvocation qualifier n_ter ^ ^ member getType_ter ^ ^ ^ ^ operandr MemberReference qualifier Token_ter ^ ^ member ENUM_INIT_VALUES_ter ^ ^ ^ ^ ^ ^ 
if((n.getType() == Token.ENUM_INIT_VALUES)){
condition BinaryOperation operator ==_ter ^ ^ operandl MethodInvocation qualifier n_ter ^ ^ member getType_ter ^ ^ ^ ^ operandr MemberReference qualifier Token_ter ^ ^ member ENUM_NEXT_ter ^ ^ ^ ^ ^ ^ 
if((n.getType() == Token.ENUM_NEXT)){
condition BinaryOperation operator ==_ter ^ ^ operandl MethodInvocation qualifier n_ter ^ ^ member getType_ter ^ ^ ^ ^ operandr MemberReference qualifier Token_ter ^ ^ member ENUM_ID_ter ^ ^ ^ ^ ^ ^ 
if((n.getType() == Token.ENUM_ID)){
condition BinaryOperation operator ==_ter ^ ^ operandl MethodInvocation qualifier n_ter ^ ^ member getType_ter ^ ^ ^ ^ operandr MemberReference qualifier Token_ter ^ ^ member THISFN_ter ^ ^ ^ ^ ^ ^ 
if((n.getType() == Token.THISFN)){
condition BinaryOperation operator ==_ter ^ ^ operandl MethodInvocation qualifier n_ter ^ ^ member getType_ter ^ ^ ^ ^ operandr MemberReference qualifier Token_ter ^ ^ member RETURN_RESULT_ter ^ ^ ^ ^ ^ ^ 
if((n.getType() == Token.RETURN_RESULT)){
condition BinaryOperation operator ==_ter ^ ^ operandl MethodInvocation qualifier n_ter ^ ^ member getType_ter ^ ^ ^ ^ operandr MemberReference qualifier Token_ter ^ ^ member ARRAYLIT_ter ^ ^ ^ ^ ^ ^ 
if((n.getType() == Token.ARRAYLIT)){
condition BinaryOperation operator ==_ter ^ ^ operandl MethodInvocation qualifier n_ter ^ ^ member getType_ter ^ ^ ^ ^ operandr MemberReference qualifier Token_ter ^ ^ member OBJECTLIT_ter ^ ^ ^ ^ ^ ^ 
if((n.getType() == Token.OBJECTLIT)){
condition BinaryOperation operator ==_ter ^ ^ operandl MethodInvocation qualifier n_ter ^ ^ member getType_ter ^ ^ ^ ^ operandr MemberReference qualifier Token_ter ^ ^ member GET_REF_ter ^ ^ ^ ^ ^ ^ 
if((n.getType() == Token.GET_REF)){
condition BinaryOperation operator ==_ter ^ ^ operandl MethodInvocation qualifier n_ter ^ ^ member getType_ter ^ ^ ^ ^ operandr MemberReference qualifier Token_ter ^ ^ member SET_REF_ter ^ ^ ^ ^ ^ ^ 
if((n.getType() == Token.SET_REF)){
condition BinaryOperation operator ==_ter ^ ^ operandl MethodInvocation qualifier n_ter ^ ^ member getType_ter ^ ^ ^ ^ operandr MemberReference qualifier Token_ter ^ ^ member DEL_REF_ter ^ ^ ^ ^ ^ ^ 
if((n.getType() == Token.DEL_REF)){
condition BinaryOperation operator ==_ter ^ ^ operandl MethodInvocation qualifier n_ter ^ ^ member getType_ter ^ ^ ^ ^ operandr MemberReference qualifier Token_ter ^ ^ member REF_CALL_ter ^ ^ ^ ^ ^ ^ 
if((n.getType() == Token.REF_CALL)){
condition BinaryOperation operator ==_ter ^ ^ operandl MethodInvocation qualifier n_ter ^ ^ member getType_ter ^ ^ ^ ^ operandr MemberReference qualifier Token_ter ^ ^ member REF_SPECIAL_ter ^ ^ ^ ^ ^ ^ 
if((n.getType() == Token.REF_SPECIAL)){
condition BinaryOperation operator ==_ter ^ ^ operandl MethodInvocation qualifier n_ter ^ ^ member getType_ter ^ ^ ^ ^ operandr MemberReference qualifier Token_ter ^ ^ member DEFAULTNAMESPACE_ter ^ ^ ^ ^ ^ ^ 
if((n.getType() == Token.DEFAULTNAMESPACE)){
condition BinaryOperation operator ==_ter ^ ^ operandl MethodInvocation qualifier n_ter ^ ^ member getType_ter ^ ^ ^ ^ operandr MemberReference qualifier Token_ter ^ ^ member ESCXMLATTR_ter ^ ^ ^ ^ ^ ^ 
if((n.getType() == Token.ESCXMLATTR)){
condition BinaryOperation operator ==_ter ^ ^ operandl MethodInvocation qualifier n_ter ^ ^ member getType_ter ^ ^ ^ ^ operandr MemberReference qualifier Token_ter ^ ^ member ESCXMLTEXT_ter ^ ^ ^ ^ ^ ^ 
if((n.getType() == Token.ESCXMLTEXT)){
condition BinaryOperation operator ==_ter ^ ^ operandl MethodInvocation qualifier n_ter ^ ^ member getType_ter ^ ^ ^ ^ operandr MemberReference qualifier Token_ter ^ ^ member REF_MEMBER_ter ^ ^ ^ ^ ^ ^ 
if((n.getType() == Token.REF_MEMBER)){
condition BinaryOperation operator ==_ter ^ ^ operandl MethodInvocation qualifier n_ter ^ ^ member getType_ter ^ ^ ^ ^ operandr MemberReference qualifier Token_ter ^ ^ member REF_NS_MEMBER_ter ^ ^ ^ ^ ^ ^ 
if((n.getType() == Token.REF_NS_MEMBER)){
condition BinaryOperation operator ==_ter ^ ^ operandl MethodInvocation qualifier n_ter ^ ^ member getType_ter ^ ^ ^ ^ operandr MemberReference qualifier Token_ter ^ ^ member REF_NAME_ter ^ ^ ^ ^ ^ ^ 
if((n.getType() == Token.REF_NAME)){
condition BinaryOperation operator ==_ter ^ ^ operandl MethodInvocation qualifier n_ter ^ ^ member getType_ter ^ ^ ^ ^ operandr MemberReference qualifier Token_ter ^ ^ member REF_NS_NAME_ter ^ ^ ^ ^ ^ ^ 
if((n.getType() == Token.REF_NS_NAME)){
condition BinaryOperation operator ==_ter ^ ^ operandl MethodInvocation qualifier n_ter ^ ^ member getType_ter ^ ^ ^ ^ operandr MemberReference qualifier Token_ter ^ ^ member LAST_BYTECODE_TOKEN_ter ^ ^ ^ ^ ^ ^ 
if((n.getType() == Token.LAST_BYTECODE_TOKEN)){
condition BinaryOperation operator ==_ter ^ ^ operandl MethodInvocation qualifier n_ter ^ ^ member getType_ter ^ ^ ^ ^ operandr MemberReference qualifier Token_ter ^ ^ member TRY_ter ^ ^ ^ ^ ^ ^ 
if((n.getType() == Token.TRY)){
condition BinaryOperation operator ==_ter ^ ^ operandl MethodInvocation qualifier n_ter ^ ^ member getType_ter ^ ^ ^ ^ operandr MemberReference qualifier Token_ter ^ ^ member SEMI_ter ^ ^ ^ ^ ^ ^ 
if((n.getType() == Token.SEMI)){
condition BinaryOperation operator ==_ter ^ ^ operandl MethodInvocation qualifier n_ter ^ ^ member getType_ter ^ ^ ^ ^ operandr MemberReference qualifier Token_ter ^ ^ member LB_ter ^ ^ ^ ^ ^ ^ 
if((n.getType() == Token.LB)){
condition BinaryOperation operator ==_ter ^ ^ operandl MethodInvocation qualifier n_ter ^ ^ member getType_ter ^ ^ ^ ^ operandr MemberReference qualifier Token_ter ^ ^ member RB_ter ^ ^ ^ ^ ^ ^ 
if((n.getType() == Token.RB)){
condition BinaryOperation operator ==_ter ^ ^ operandl MethodInvocation qualifier n_ter ^ ^ member getType_ter ^ ^ ^ ^ operandr MemberReference qualifier Token_ter ^ ^ member LC_ter ^ ^ ^ ^ ^ ^ 
if((n.getType() == Token.LC)){
condition BinaryOperation operator ==_ter ^ ^ operandl MethodInvocation qualifier n_ter ^ ^ member getType_ter ^ ^ ^ ^ operandr MemberReference qualifier Token_ter ^ ^ member RC_ter ^ ^ ^ ^ ^ ^ 
if((n.getType() == Token.RC)){
condition BinaryOperation operator ==_ter ^ ^ operandl MethodInvocation qualifier n_ter ^ ^ member getType_ter ^ ^ ^ ^ operandr MemberReference qualifier Token_ter ^ ^ member LP_ter ^ ^ ^ ^ ^ ^ 
if((n.getType() == Token.LP)){
condition BinaryOperation operator ==_ter ^ ^ operandl MethodInvocation qualifier n_ter ^ ^ member getType_ter ^ ^ ^ ^ operandr MemberReference qualifier Token_ter ^ ^ member RP_ter ^ ^ ^ ^ ^ ^ 
if((n.getType() == Token.RP)){
condition BinaryOperation operator ==_ter ^ ^ operandl MethodInvocation qualifier n_ter ^ ^ member getType_ter ^ ^ ^ ^ operandr MemberReference qualifier Token_ter ^ ^ member COMMA_ter ^ ^ ^ ^ ^ ^ 
if((n.getType() == Token.COMMA)){
condition BinaryOperation operator ==_ter ^ ^ operandl MethodInvocation qualifier n_ter ^ ^ member getType_ter ^ ^ ^ ^ operandr MemberReference qualifier Token_ter ^ ^ member ASSIGN_ter ^ ^ ^ ^ ^ ^ 
if((n.getType() == Token.ASSIGN)){
condition BinaryOperation operator ==_ter ^ ^ operandl MethodInvocation qualifier n_ter ^ ^ member getType_ter ^ ^ ^ ^ operandr MemberReference qualifier Token_ter ^ ^ member ASSIGN_BITOR_ter ^ ^ ^ ^ ^ ^ 
if((n.getType() == Token.ASSIGN_BITOR)){
condition BinaryOperation operator ==_ter ^ ^ operandl MethodInvocation qualifier n_ter ^ ^ member getType_ter ^ ^ ^ ^ operandr MemberReference qualifier Token_ter ^ ^ member ASSIGN_BITXOR_ter ^ ^ ^ ^ ^ ^ 
if((n.getType() == Token.ASSIGN_BITXOR)){
condition BinaryOperation operator ==_ter ^ ^ operandl MethodInvocation qualifier n_ter ^ ^ member getType_ter ^ ^ ^ ^ operandr MemberReference qualifier Token_ter ^ ^ member ASSIGN_BITAND_ter ^ ^ ^ ^ ^ ^ 
if((n.getType() == Token.ASSIGN_BITAND)){
condition BinaryOperation operator ==_ter ^ ^ operandl MethodInvocation qualifier n_ter ^ ^ member getType_ter ^ ^ ^ ^ operandr MemberReference qualifier Token_ter ^ ^ member ASSIGN_LSH_ter ^ ^ ^ ^ ^ ^ 
if((n.getType() == Token.ASSIGN_LSH)){
condition BinaryOperation operator ==_ter ^ ^ operandl MethodInvocation qualifier n_ter ^ ^ member getType_ter ^ ^ ^ ^ operandr MemberReference qualifier Token_ter ^ ^ member ASSIGN_RSH_ter ^ ^ ^ ^ ^ ^ 
if((n.getType() == Token.ASSIGN_RSH)){
condition BinaryOperation operator ==_ter ^ ^ operandl MethodInvocation qualifier n_ter ^ ^ member getType_ter ^ ^ ^ ^ operandr MemberReference qualifier Token_ter ^ ^ member ASSIGN_URSH_ter ^ ^ ^ ^ ^ ^ 
if((n.getType() == Token.ASSIGN_URSH)){
condition BinaryOperation operator ==_ter ^ ^ operandl MethodInvocation qualifier n_ter ^ ^ member getType_ter ^ ^ ^ ^ operandr MemberReference qualifier Token_ter ^ ^ member ASSIGN_ADD_ter ^ ^ ^ ^ ^ ^ 
if((n.getType() == Token.ASSIGN_ADD)){
condition BinaryOperation operator ==_ter ^ ^ operandl MethodInvocation qualifier n_ter ^ ^ member getType_ter ^ ^ ^ ^ operandr MemberReference qualifier Token_ter ^ ^ member ASSIGN_SUB_ter ^ ^ ^ ^ ^ ^ 
if((n.getType() == Token.ASSIGN_SUB)){
condition BinaryOperation operator ==_ter ^ ^ operandl MethodInvocation qualifier n_ter ^ ^ member getType_ter ^ ^ ^ ^ operandr MemberReference qualifier Token_ter ^ ^ member ASSIGN_MUL_ter ^ ^ ^ ^ ^ ^ 
if((n.getType() == Token.ASSIGN_MUL)){
condition BinaryOperation operator ==_ter ^ ^ operandl MethodInvocation qualifier n_ter ^ ^ member getType_ter ^ ^ ^ ^ operandr MemberReference qualifier Token_ter ^ ^ member ASSIGN_DIV_ter ^ ^ ^ ^ ^ ^ 
if((n.getType() == Token.ASSIGN_DIV)){
condition BinaryOperation operator ==_ter ^ ^ operandl MethodInvocation qualifier n_ter ^ ^ member getType_ter ^ ^ ^ ^ operandr MemberReference qualifier Token_ter ^ ^ member ASSIGN_MOD_ter ^ ^ ^ ^ ^ ^ 
if((n.getType() == Token.ASSIGN_MOD)){
condition BinaryOperation operator ==_ter ^ ^ operandl MethodInvocation qualifier n_ter ^ ^ member getType_ter ^ ^ ^ ^ operandr MemberReference qualifier Token_ter ^ ^ member FIRST_ASSIGN_ter ^ ^ ^ ^ ^ ^ 
if((n.getType() == Token.FIRST_ASSIGN)){
condition BinaryOperation operator ==_ter ^ ^ operandl MethodInvocation qualifier n_ter ^ ^ member getType_ter ^ ^ ^ ^ operandr MemberReference qualifier Token_ter ^ ^ member LAST_ASSIGN_ter ^ ^ ^ ^ ^ ^ 
if((n.getType() == Token.LAST_ASSIGN)){
condition BinaryOperation operator ==_ter ^ ^ operandl MethodInvocation qualifier n_ter ^ ^ member getType_ter ^ ^ ^ ^ operandr MemberReference qualifier Token_ter ^ ^ member HOOK_ter ^ ^ ^ ^ ^ ^ 
if((n.getType() == Token.HOOK)){
condition BinaryOperation operator ==_ter ^ ^ operandl MethodInvocation qualifier n_ter ^ ^ member getType_ter ^ ^ ^ ^ operandr MemberReference qualifier Token_ter ^ ^ member COLON_ter ^ ^ ^ ^ ^ ^ 
if((n.getType() == Token.COLON)){
condition BinaryOperation operator ==_ter ^ ^ operandl MethodInvocation qualifier n_ter ^ ^ member getType_ter ^ ^ ^ ^ operandr MemberReference qualifier Token_ter ^ ^ member OR_ter ^ ^ ^ ^ ^ ^ 
if((n.getType() == Token.OR)){
condition BinaryOperation operator ==_ter ^ ^ operandl MethodInvocation qualifier n_ter ^ ^ member getType_ter ^ ^ ^ ^ operandr MemberReference qualifier Token_ter ^ ^ member AND_ter ^ ^ ^ ^ ^ ^ 
if((n.getType() == Token.AND)){
condition BinaryOperation operator ==_ter ^ ^ operandl MethodInvocation qualifier n_ter ^ ^ member getType_ter ^ ^ ^ ^ operandr MemberReference qualifier Token_ter ^ ^ member INC_ter ^ ^ ^ ^ ^ ^ 
if((n.getType() == Token.INC)){
condition BinaryOperation operator ==_ter ^ ^ operandl MethodInvocation qualifier n_ter ^ ^ member getType_ter ^ ^ ^ ^ operandr MemberReference qualifier Token_ter ^ ^ member DEC_ter ^ ^ ^ ^ ^ ^ 
if((n.getType() == Token.DEC)){
condition BinaryOperation operator ==_ter ^ ^ operandl MethodInvocation qualifier n_ter ^ ^ member getType_ter ^ ^ ^ ^ operandr MemberReference qualifier Token_ter ^ ^ member DOT_ter ^ ^ ^ ^ ^ ^ 
if((n.getType() == Token.DOT)){
condition BinaryOperation operator ==_ter ^ ^ operandl MethodInvocation qualifier n_ter ^ ^ member getType_ter ^ ^ ^ ^ operandr MemberReference qualifier Token_ter ^ ^ member FUNCTION_ter ^ ^ ^ ^ ^ ^ 
if((n.getType() == Token.FUNCTION)){
condition BinaryOperation operator ==_ter ^ ^ operandl MethodInvocation qualifier n_ter ^ ^ member getType_ter ^ ^ ^ ^ operandr MemberReference qualifier Token_ter ^ ^ member EXPORT_ter ^ ^ ^ ^ ^ ^ 
if((n.getType() == Token.EXPORT)){
condition BinaryOperation operator ==_ter ^ ^ operandl MethodInvocation qualifier n_ter ^ ^ member getType_ter ^ ^ ^ ^ operandr MemberReference qualifier Token_ter ^ ^ member IMPORT_ter ^ ^ ^ ^ ^ ^ 
if((n.getType() == Token.IMPORT)){
condition BinaryOperation operator ==_ter ^ ^ operandl MethodInvocation qualifier n_ter ^ ^ member getType_ter ^ ^ ^ ^ operandr MemberReference qualifier Token_ter ^ ^ member IF_ter ^ ^ ^ ^ ^ ^ 
if((n.getType() == Token.IF)){
condition BinaryOperation operator ==_ter ^ ^ operandl MethodInvocation qualifier n_ter ^ ^ member getType_ter ^ ^ ^ ^ operandr MemberReference qualifier Token_ter ^ ^ member ELSE_ter ^ ^ ^ ^ ^ ^ 
if((n.getType() == Token.ELSE)){
condition BinaryOperation operator ==_ter ^ ^ operandl MethodInvocation qualifier n_ter ^ ^ member getType_ter ^ ^ ^ ^ operandr MemberReference qualifier Token_ter ^ ^ member SWITCH_ter ^ ^ ^ ^ ^ ^ 
if((n.getType() == Token.SWITCH)){
condition BinaryOperation operator ==_ter ^ ^ operandl MethodInvocation qualifier n_ter ^ ^ member getType_ter ^ ^ ^ ^ operandr MemberReference qualifier Token_ter ^ ^ member CASE_ter ^ ^ ^ ^ ^ ^ 
if((n.getType() == Token.CASE)){
condition BinaryOperation operator ==_ter ^ ^ operandl MethodInvocation qualifier n_ter ^ ^ member getType_ter ^ ^ ^ ^ operandr MemberReference qualifier Token_ter ^ ^ member DEFAULT_ter ^ ^ ^ ^ ^ ^ 
if((n.getType() == Token.DEFAULT)){
condition BinaryOperation operator ==_ter ^ ^ operandl MethodInvocation qualifier n_ter ^ ^ member getType_ter ^ ^ ^ ^ operandr MemberReference qualifier Token_ter ^ ^ member WHILE_ter ^ ^ ^ ^ ^ ^ 
if((n.getType() == Token.WHILE)){
condition BinaryOperation operator ==_ter ^ ^ operandl MethodInvocation qualifier n_ter ^ ^ member getType_ter ^ ^ ^ ^ operandr MemberReference qualifier Token_ter ^ ^ member DO_ter ^ ^ ^ ^ ^ ^ 
if((n.getType() == Token.DO)){
condition BinaryOperation operator ==_ter ^ ^ operandl MethodInvocation qualifier n_ter ^ ^ member getType_ter ^ ^ ^ ^ operandr MemberReference qualifier Token_ter ^ ^ member FOR_ter ^ ^ ^ ^ ^ ^ 
if((n.getType() == Token.FOR)){
condition BinaryOperation operator ==_ter ^ ^ operandl MethodInvocation qualifier n_ter ^ ^ member getType_ter ^ ^ ^ ^ operandr MemberReference qualifier Token_ter ^ ^ member BREAK_ter ^ ^ ^ ^ ^ ^ 
if((n.getType() == Token.BREAK)){
condition BinaryOperation operator ==_ter ^ ^ operandl MethodInvocation qualifier n_ter ^ ^ member getType_ter ^ ^ ^ ^ operandr MemberReference qualifier Token_ter ^ ^ member CONTINUE_ter ^ ^ ^ ^ ^ ^ 
if((n.getType() == Token.CONTINUE)){
condition BinaryOperation operator ==_ter ^ ^ operandl MethodInvocation qualifier n_ter ^ ^ member getType_ter ^ ^ ^ ^ operandr MemberReference qualifier Token_ter ^ ^ member VAR_ter ^ ^ ^ ^ ^ ^ 
if((n.getType() == Token.VAR)){
condition BinaryOperation operator ==_ter ^ ^ operandl MethodInvocation qualifier n_ter ^ ^ member getType_ter ^ ^ ^ ^ operandr MemberReference qualifier Token_ter ^ ^ member WITH_ter ^ ^ ^ ^ ^ ^ 
if((n.getType() == Token.WITH)){
condition BinaryOperation operator ==_ter ^ ^ operandl MethodInvocation qualifier n_ter ^ ^ member getType_ter ^ ^ ^ ^ operandr MemberReference qualifier Token_ter ^ ^ member CATCH_ter ^ ^ ^ ^ ^ ^ 
if((n.getType() == Token.CATCH)){
condition BinaryOperation operator ==_ter ^ ^ operandl MethodInvocation qualifier n_ter ^ ^ member getType_ter ^ ^ ^ ^ operandr MemberReference qualifier Token_ter ^ ^ member FINALLY_ter ^ ^ ^ ^ ^ ^ 
if((n.getType() == Token.FINALLY)){
condition BinaryOperation operator ==_ter ^ ^ operandl MethodInvocation qualifier n_ter ^ ^ member getType_ter ^ ^ ^ ^ operandr MemberReference qualifier Token_ter ^ ^ member VOID_ter ^ ^ ^ ^ ^ ^ 
if((n.getType() == Token.VOID)){
condition BinaryOperation operator ==_ter ^ ^ operandl MethodInvocation qualifier n_ter ^ ^ member getType_ter ^ ^ ^ ^ operandr MemberReference qualifier Token_ter ^ ^ member RESERVED_ter ^ ^ ^ ^ ^ ^ 
if((n.getType() == Token.RESERVED)){
condition BinaryOperation operator ==_ter ^ ^ operandl MethodInvocation qualifier n_ter ^ ^ member getType_ter ^ ^ ^ ^ operandr MemberReference qualifier Token_ter ^ ^ member EMPTY_ter ^ ^ ^ ^ ^ ^ 
if((n.getType() == Token.EMPTY)){
condition BinaryOperation operator ==_ter ^ ^ operandl MethodInvocation qualifier n_ter ^ ^ member getType_ter ^ ^ ^ ^ operandr MemberReference qualifier Token_ter ^ ^ member BLOCK_ter ^ ^ ^ ^ ^ ^ 
if((n.getType() == Token.BLOCK)){
condition BinaryOperation operator ==_ter ^ ^ operandl MethodInvocation qualifier n_ter ^ ^ member getType_ter ^ ^ ^ ^ operandr MemberReference qualifier Token_ter ^ ^ member LABEL_ter ^ ^ ^ ^ ^ ^ 
if((n.getType() == Token.LABEL)){
condition BinaryOperation operator ==_ter ^ ^ operandl MethodInvocation qualifier n_ter ^ ^ member getType_ter ^ ^ ^ ^ operandr MemberReference qualifier Token_ter ^ ^ member TARGET_ter ^ ^ ^ ^ ^ ^ 
if((n.getType() == Token.TARGET)){
condition BinaryOperation operator ==_ter ^ ^ operandl MethodInvocation qualifier n_ter ^ ^ member getType_ter ^ ^ ^ ^ operandr MemberReference qualifier Token_ter ^ ^ member LOOP_ter ^ ^ ^ ^ ^ ^ 
if((n.getType() == Token.LOOP)){
condition BinaryOperation operator ==_ter ^ ^ operandl MethodInvocation qualifier n_ter ^ ^ member getType_ter ^ ^ ^ ^ operandr MemberReference qualifier Token_ter ^ ^ member EXPR_VOID_ter ^ ^ ^ ^ ^ ^ 
if((n.getType() == Token.EXPR_VOID)){
condition BinaryOperation operator ==_ter ^ ^ operandl MethodInvocation qualifier n_ter ^ ^ member getType_ter ^ ^ ^ ^ operandr MemberReference qualifier Token_ter ^ ^ member EXPR_RESULT_ter ^ ^ ^ ^ ^ ^ 
if((n.getType() == Token.EXPR_RESULT)){
condition BinaryOperation operator ==_ter ^ ^ operandl MethodInvocation qualifier n_ter ^ ^ member getType_ter ^ ^ ^ ^ operandr MemberReference qualifier Token_ter ^ ^ member JSR_ter ^ ^ ^ ^ ^ ^ 
if((n.getType() == Token.JSR)){
condition BinaryOperation operator ==_ter ^ ^ operandl MethodInvocation qualifier n_ter ^ ^ member getType_ter ^ ^ ^ ^ operandr MemberReference qualifier Token_ter ^ ^ member SCRIPT_ter ^ ^ ^ ^ ^ ^ 
if((n.getType() == Token.SCRIPT)){
condition BinaryOperation operator ==_ter ^ ^ operandl MethodInvocation qualifier n_ter ^ ^ member getType_ter ^ ^ ^ ^ operandr MemberReference qualifier Token_ter ^ ^ member TYPEOFNAME_ter ^ ^ ^ ^ ^ ^ 
if((n.getType() == Token.TYPEOFNAME)){
condition BinaryOperation operator ==_ter ^ ^ operandl MethodInvocation qualifier n_ter ^ ^ member getType_ter ^ ^ ^ ^ operandr MemberReference qualifier Token_ter ^ ^ member USE_STACK_ter ^ ^ ^ ^ ^ ^ 
if((n.getType() == Token.USE_STACK)){
condition BinaryOperation operator ==_ter ^ ^ operandl MethodInvocation qualifier n_ter ^ ^ member getType_ter ^ ^ ^ ^ operandr MemberReference qualifier Token_ter ^ ^ member SETPROP_OP_ter ^ ^ ^ ^ ^ ^ 
if((n.getType() == Token.SETPROP_OP)){
condition BinaryOperation operator ==_ter ^ ^ operandl MethodInvocation qualifier n_ter ^ ^ member getType_ter ^ ^ ^ ^ operandr MemberReference qualifier Token_ter ^ ^ member SETELEM_OP_ter ^ ^ ^ ^ ^ ^ 
if((n.getType() == Token.SETELEM_OP)){
condition BinaryOperation operator ==_ter ^ ^ operandl MethodInvocation qualifier n_ter ^ ^ member getType_ter ^ ^ ^ ^ operandr MemberReference qualifier Token_ter ^ ^ member LOCAL_BLOCK_ter ^ ^ ^ ^ ^ ^ 
if((n.getType() == Token.LOCAL_BLOCK)){
condition BinaryOperation operator ==_ter ^ ^ operandl MethodInvocation qualifier n_ter ^ ^ member getType_ter ^ ^ ^ ^ operandr MemberReference qualifier Token_ter ^ ^ member SET_REF_OP_ter ^ ^ ^ ^ ^ ^ 
if((n.getType() == Token.SET_REF_OP)){
condition BinaryOperation operator ==_ter ^ ^ operandl MethodInvocation qualifier n_ter ^ ^ member getType_ter ^ ^ ^ ^ operandr MemberReference qualifier Token_ter ^ ^ member DOTDOT_ter ^ ^ ^ ^ ^ ^ 
if((n.getType() == Token.DOTDOT)){
condition BinaryOperation operator ==_ter ^ ^ operandl MethodInvocation qualifier n_ter ^ ^ member getType_ter ^ ^ ^ ^ operandr MemberReference qualifier Token_ter ^ ^ member COLONCOLON_ter ^ ^ ^ ^ ^ ^ 
if((n.getType() == Token.COLONCOLON)){
condition BinaryOperation operator ==_ter ^ ^ operandl MethodInvocation qualifier n_ter ^ ^ member getType_ter ^ ^ ^ ^ operandr MemberReference qualifier Token_ter ^ ^ member XML_ter ^ ^ ^ ^ ^ ^ 
if((n.getType() == Token.XML)){
condition BinaryOperation operator ==_ter ^ ^ operandl MethodInvocation qualifier n_ter ^ ^ member getType_ter ^ ^ ^ ^ operandr MemberReference qualifier Token_ter ^ ^ member DOTQUERY_ter ^ ^ ^ ^ ^ ^ 
if((n.getType() == Token.DOTQUERY)){
condition BinaryOperation operator ==_ter ^ ^ operandl MethodInvocation qualifier n_ter ^ ^ member getType_ter ^ ^ ^ ^ operandr MemberReference qualifier Token_ter ^ ^ member XMLATTR_ter ^ ^ ^ ^ ^ ^ 
if((n.getType() == Token.XMLATTR)){
condition BinaryOperation operator ==_ter ^ ^ operandl MethodInvocation qualifier n_ter ^ ^ member getType_ter ^ ^ ^ ^ operandr MemberReference qualifier Token_ter ^ ^ member XMLEND_ter ^ ^ ^ ^ ^ ^ 
if((n.getType() == Token.XMLEND)){
condition BinaryOperation operator ==_ter ^ ^ operandl MethodInvocation qualifier n_ter ^ ^ member getType_ter ^ ^ ^ ^ operandr MemberReference qualifier Token_ter ^ ^ member TO_OBJECT_ter ^ ^ ^ ^ ^ ^ 
if((n.getType() == Token.TO_OBJECT)){
condition BinaryOperation operator ==_ter ^ ^ operandl MethodInvocation qualifier n_ter ^ ^ member getType_ter ^ ^ ^ ^ operandr MemberReference qualifier Token_ter ^ ^ member TO_DOUBLE_ter ^ ^ ^ ^ ^ ^ 
if((n.getType() == Token.TO_DOUBLE)){
condition BinaryOperation operator ==_ter ^ ^ operandl MethodInvocation qualifier n_ter ^ ^ member getType_ter ^ ^ ^ ^ operandr MemberReference qualifier Token_ter ^ ^ member GET_ter ^ ^ ^ ^ ^ ^ 
if((n.getType() == Token.GET)){
condition BinaryOperation operator ==_ter ^ ^ operandl MethodInvocation qualifier n_ter ^ ^ member getType_ter ^ ^ ^ ^ operandr MemberReference qualifier Token_ter ^ ^ member SET_ter ^ ^ ^ ^ ^ ^ 
if((n.getType() == Token.SET)){
condition BinaryOperation operator ==_ter ^ ^ operandl MethodInvocation qualifier n_ter ^ ^ member getType_ter ^ ^ ^ ^ operandr MemberReference qualifier Token_ter ^ ^ member CONST_ter ^ ^ ^ ^ ^ ^ 
if((n.getType() == Token.CONST)){
condition BinaryOperation operator ==_ter ^ ^ operandl MethodInvocation qualifier n_ter ^ ^ member getType_ter ^ ^ ^ ^ operandr MemberReference qualifier Token_ter ^ ^ member SETCONST_ter ^ ^ ^ ^ ^ ^ 
if((n.getType() == Token.SETCONST)){
condition BinaryOperation operator ==_ter ^ ^ operandl MethodInvocation qualifier n_ter ^ ^ member getType_ter ^ ^ ^ ^ operandr MemberReference qualifier Token_ter ^ ^ member SETCONSTVAR_ter ^ ^ ^ ^ ^ ^ 
if((n.getType() == Token.SETCONSTVAR)){
condition BinaryOperation operator ==_ter ^ ^ operandl MethodInvocation qualifier n_ter ^ ^ member getType_ter ^ ^ ^ ^ operandr MemberReference qualifier Token_ter ^ ^ member DEBUGGER_ter ^ ^ ^ ^ ^ ^ 
if((n.getType() == Token.DEBUGGER)){
condition BinaryOperation operator ==_ter ^ ^ operandl MethodInvocation qualifier n_ter ^ ^ member getType_ter ^ ^ ^ ^ operandr MemberReference qualifier Token_ter ^ ^ member LABEL_NAME_ter ^ ^ ^ ^ ^ ^ 
if((n.getType() == Token.LABEL_NAME)){
condition BinaryOperation operator ==_ter ^ ^ operandl MethodInvocation qualifier n_ter ^ ^ member getType_ter ^ ^ ^ ^ operandr MemberReference qualifier Token_ter ^ ^ member LAST_TOKEN_ter ^ ^ ^ ^ ^ ^ 
if((n.getType() == Token.LAST_TOKEN)){
condition BinaryOperation operator ==_ter ^ ^ operandl MethodInvocation qualifier n_ter ^ ^ member getType_ter ^ ^ ^ ^ operandr MemberReference qualifier Token_ter ^ ^ member ANNOTATION_ter ^ ^ ^ ^ ^ ^ 
if((n.getType() == Token.ANNOTATION)){
condition BinaryOperation operator ==_ter ^ ^ operandl MethodInvocation qualifier n_ter ^ ^ member getType_ter ^ ^ ^ ^ operandr MemberReference qualifier Token_ter ^ ^ member PIPE_ter ^ ^ ^ ^ ^ ^ 
if((n.getType() == Token.PIPE)){
condition BinaryOperation operator ==_ter ^ ^ operandl MethodInvocation qualifier n_ter ^ ^ member getType_ter ^ ^ ^ ^ operandr MemberReference qualifier Token_ter ^ ^ member STAR_ter ^ ^ ^ ^ ^ ^ 
if((n.getType() == Token.STAR)){
condition BinaryOperation operator ==_ter ^ ^ operandl MethodInvocation qualifier n_ter ^ ^ member getType_ter ^ ^ ^ ^ operandr MemberReference qualifier Token_ter ^ ^ member EOC_ter ^ ^ ^ ^ ^ ^ 
if((n.getType() == Token.EOC)){
condition BinaryOperation operator ==_ter ^ ^ operandl MethodInvocation qualifier n_ter ^ ^ member getType_ter ^ ^ ^ ^ operandr MemberReference qualifier Token_ter ^ ^ member QMARK_ter ^ ^ ^ ^ ^ ^ 
if((n.getType() == Token.QMARK)){
condition BinaryOperation operator ==_ter ^ ^ operandl MethodInvocation qualifier n_ter ^ ^ member getType_ter ^ ^ ^ ^ operandr MemberReference qualifier Token_ter ^ ^ member ELLIPSIS_ter ^ ^ ^ ^ ^ ^ 
if((n.getType() == Token.ELLIPSIS)){
condition BinaryOperation operator ==_ter ^ ^ operandl MethodInvocation qualifier n_ter ^ ^ member getType_ter ^ ^ ^ ^ operandr MemberReference qualifier Token_ter ^ ^ member BANG_ter ^ ^ ^ ^ ^ ^ 
if((n.getType() == Token.BANG)){
condition BinaryOperation operator ==_ter ^ ^ operandl MethodInvocation qualifier n_ter ^ ^ member getType_ter ^ ^ ^ ^ operandr MemberReference qualifier Token_ter ^ ^ member EQUALS_ter ^ ^ ^ ^ ^ ^ 
if((n.getType() == Token.EQUALS)){
IfStatement condition MethodInvocation qualifier n_ter ^ ^ member getType_ter ^ ^ ^ ^ ^ 
if(n.getType()){

condition BinaryOperation operator !=_ter ^ ^ operandl MethodInvocation qualifier n_ter ^ ^ member getType_ter ^ ^ ^ ^ operandr MemberReference qualifier Token_ter ^ ^ member FUNCTION_ter ^ ^ ^ ^ ^ ^ 
if((n.getType() != Token.FUNCTION)){
IfStatement condition MethodInvocation qualifier n_ter ^ ^ member hasChildren_ter ^ ^ ^ ^ ^ 
if(n.hasChildren()){

IfStatement condition MethodInvocation qualifier n_ter ^ ^ member hasOneChild_ter ^ ^ ^ ^ ^ 
if(n.hasOneChild()){

IfStatement condition MethodInvocation qualifier n_ter ^ ^ member hasMoreThanOneChild_ter ^ ^ ^ ^ ^ 
if(n.hasMoreThanOneChild()){

IfStatement condition MethodInvocation qualifier n_ter ^ ^ member hasSideEffects_ter ^ ^ ^ ^ ^ 
if(n.hasSideEffects()){

IfStatement condition MethodInvocation qualifier n_ter ^ ^ member isQualifiedName_ter ^ ^ ^ ^ ^ 
if(n.isQualifiedName()){

IfStatement condition MethodInvocation qualifier n_ter ^ ^ member isUnscopedQualifiedName_ter ^ ^ ^ ^ ^ 
if(n.isUnscopedQualifiedName()){

IfStatement condition MethodInvocation qualifier n_ter ^ ^ member isVarArgs_ter ^ ^ ^ ^ ^ 
if(n.isVarArgs()){

IfStatement condition MethodInvocation qualifier n_ter ^ ^ member isOptionalArg_ter ^ ^ ^ ^ ^ 
if(n.isOptionalArg()){

IfStatement condition MethodInvocation qualifier n_ter ^ ^ member isSyntheticBlock_ter ^ ^ ^ ^ ^ 
if(n.isSyntheticBlock()){

IfStatement condition MethodInvocation qualifier n_ter ^ ^ member wasEmptyNode_ter ^ ^ ^ ^ ^ 
if(n.wasEmptyNode()){

IfStatement condition MethodInvocation qualifier n_ter ^ ^ member isOnlyModifiesThisCall_ter ^ ^ ^ ^ ^ 
if(n.isOnlyModifiesThisCall()){

IfStatement condition MethodInvocation qualifier n_ter ^ ^ member isNoSideEffectsCall_ter ^ ^ ^ ^ ^ 
if(n.isNoSideEffectsCall()){

IfStatement condition MethodInvocation qualifier n_ter ^ ^ member isLocalResultCall_ter ^ ^ ^ ^ ^ 
if(n.isLocalResultCall()){

IfStatement condition MethodInvocation qualifier n_ter ^ ^ member isQuotedString_ter ^ ^ ^ ^ ^ 
if(n.isQuotedString()){

IfStatement condition MethodInvocation prefix_operators !_ter ^ ^ qualifier n_ter ^ ^ member hasChildren_ter ^ ^ ^ ^ ^ 
if(!n.hasChildren()){

IfStatement condition MethodInvocation prefix_operators !_ter ^ ^ qualifier n_ter ^ ^ member hasOneChild_ter ^ ^ ^ ^ ^ 
if(!n.hasOneChild()){

IfStatement condition MethodInvocation prefix_operators !_ter ^ ^ qualifier n_ter ^ ^ member hasMoreThanOneChild_ter ^ ^ ^ ^ ^ 
if(!n.hasMoreThanOneChild()){

IfStatement condition MethodInvocation prefix_operators !_ter ^ ^ qualifier n_ter ^ ^ member hasSideEffects_ter ^ ^ ^ ^ ^ 
if(!n.hasSideEffects()){

IfStatement condition MethodInvocation prefix_operators !_ter ^ ^ qualifier n_ter ^ ^ member isQualifiedName_ter ^ ^ ^ ^ ^ 
if(!n.isQualifiedName()){

IfStatement condition MethodInvocation prefix_operators !_ter ^ ^ qualifier n_ter ^ ^ member isUnscopedQualifiedName_ter ^ ^ ^ ^ ^ 
if(!n.isUnscopedQualifiedName()){

IfStatement condition MethodInvocation prefix_operators !_ter ^ ^ qualifier n_ter ^ ^ member isVarArgs_ter ^ ^ ^ ^ ^ 
if(!n.isVarArgs()){

IfStatement condition MethodInvocation prefix_operators !_ter ^ ^ qualifier n_ter ^ ^ member isOptionalArg_ter ^ ^ ^ ^ ^ 
if(!n.isOptionalArg()){

IfStatement condition MethodInvocation prefix_operators !_ter ^ ^ qualifier n_ter ^ ^ member isSyntheticBlock_ter ^ ^ ^ ^ ^ 
if(!n.isSyntheticBlock()){

IfStatement condition MethodInvocation prefix_operators !_ter ^ ^ qualifier n_ter ^ ^ member wasEmptyNode_ter ^ ^ ^ ^ ^ 
if(!n.wasEmptyNode()){

IfStatement condition MethodInvocation prefix_operators !_ter ^ ^ qualifier n_ter ^ ^ member isOnlyModifiesThisCall_ter ^ ^ ^ ^ ^ 
if(!n.isOnlyModifiesThisCall()){

IfStatement condition MethodInvocation prefix_operators !_ter ^ ^ qualifier n_ter ^ ^ member isNoSideEffectsCall_ter ^ ^ ^ ^ ^ 
if(!n.isNoSideEffectsCall()){

IfStatement condition MethodInvocation prefix_operators !_ter ^ ^ qualifier n_ter ^ ^ member isLocalResultCall_ter ^ ^ ^ ^ ^ 
if(!n.isLocalResultCall()){

IfStatement condition MethodInvocation prefix_operators !_ter ^ ^ qualifier n_ter ^ ^ member isQuotedString_ter ^ ^ ^ ^ ^ 
if(!n.isQuotedString()){

condition BinaryOperation operator ==_ter ^ ^ operandl MethodInvocation qualifier n_ter ^ ^ member getSortedPropTypes_ter ^ ^ ^ ^ operandr MemberReference qualifier Token_ter ^ ^ member FUNCTION_ter ^ ^ ^ ^ ^ ^ 
if((n.getSortedPropTypes() == Token.FUNCTION)){
condition BinaryOperation operator ==_ter ^ ^ operandl MethodInvocation qualifier n_ter ^ ^ member getLineno_ter ^ ^ ^ ^ operandr MemberReference qualifier Token_ter ^ ^ member FUNCTION_ter ^ ^ ^ ^ ^ ^ 
if((n.getLineno() == Token.FUNCTION)){
condition BinaryOperation operator ==_ter ^ ^ operandl MethodInvocation qualifier n_ter ^ ^ member getCharno_ter ^ ^ ^ ^ operandr MemberReference qualifier Token_ter ^ ^ member FUNCTION_ter ^ ^ ^ ^ ^ ^ 
if((n.getCharno() == Token.FUNCTION)){
condition BinaryOperation operator ==_ter ^ ^ operandl MethodInvocation qualifier n_ter ^ ^ member getChildCount_ter ^ ^ ^ ^ operandr MemberReference qualifier Token_ter ^ ^ member FUNCTION_ter ^ ^ ^ ^ ^ ^ 
if((n.getChildCount() == Token.FUNCTION)){
condition BinaryOperation operator ==_ter ^ ^ operandl MethodInvocation qualifier n_ter ^ ^ member getSideEffectFlags_ter ^ ^ ^ ^ operandr MemberReference qualifier Token_ter ^ ^ member FUNCTION_ter ^ ^ ^ ^ ^ ^ 
if((n.getSideEffectFlags() == Token.FUNCTION)){
IfStatement condition BinaryOperation operator ||_ter ^ ^ operandl BinaryOperation operator ||_ter ^ ^ operandl BinaryOperation operator ||_ter ^ ^ operandl MethodInvocation qualifier jsDoc_ter ^ ^ member isConstructor_ter ^ ^ ^ ^ operandr MethodInvocation qualifier jsDoc_ter ^ ^ member isInterface_ter ^ ^ ^ ^ ^ ^ operandr MethodInvocation qualifier jsDoc_ter ^ ^ member hasThisType_ter ^ ^ ^ ^ ^ ^ operandr MethodInvocation qualifier jsDoc_ter ^ ^ member isOverride_ter ^ ^ ^ ^ ^ ^ ^ 
if((((jsDoc.isConstructor() || jsDoc.isInterface()) || jsDoc.hasThisType()) || jsDoc.isOverride())){

condition BinaryOperation operator >_ter ^ ^ operandl MethodInvocation qualifier n_ter ^ ^ member getType_ter ^ ^ ^ ^ operandr MemberReference qualifier Token_ter ^ ^ member FUNCTION_ter ^ ^ ^ ^ ^ ^ 
if((n.getType() > Token.FUNCTION)){
IfStatement condition MethodInvocation prefix_operators !_ter ^ ^ qualifier n_ter ^ ^ member getType_ter ^ ^ ^ ^ ^ 
if(!n.getType()){

IfStatement condition BinaryOperation operator ||_ter ^ ^ operandl BinaryOperation operator ==_ter ^ ^ operandl MethodInvocation qualifier n_ter ^ ^ member getType_ter ^ ^ ^ ^ operandr MemberReference qualifier Token_ter ^ ^ member FUNCTION_ter ^ ^ ^ ^ ^ ^ operandr MethodInvocation qualifier n_ter ^ ^ member hasChildren_ter ^ ^ ^ ^ ^ ^ ^ 
if(((n.getType() == Token.FUNCTION) || n.hasChildren())){

IfStatement condition BinaryOperation operator ||_ter ^ ^ operandl BinaryOperation operator ==_ter ^ ^ operandl MethodInvocation qualifier n_ter ^ ^ member getType_ter ^ ^ ^ ^ operandr MemberReference qualifier Token_ter ^ ^ member FUNCTION_ter ^ ^ ^ ^ ^ ^ operandr MethodInvocation qualifier n_ter ^ ^ member hasOneChild_ter ^ ^ ^ ^ ^ ^ ^ 
if(((n.getType() == Token.FUNCTION) || n.hasOneChild())){

IfStatement condition BinaryOperation operator ||_ter ^ ^ operandl BinaryOperation operator ==_ter ^ ^ operandl MethodInvocation qualifier n_ter ^ ^ member getType_ter ^ ^ ^ ^ operandr MemberReference qualifier Token_ter ^ ^ member FUNCTION_ter ^ ^ ^ ^ ^ ^ operandr MethodInvocation qualifier n_ter ^ ^ member hasMoreThanOneChild_ter ^ ^ ^ ^ ^ ^ ^ 
if(((n.getType() == Token.FUNCTION) || n.hasMoreThanOneChild())){

IfStatement condition BinaryOperation operator ||_ter ^ ^ operandl BinaryOperation operator ==_ter ^ ^ operandl MethodInvocation qualifier n_ter ^ ^ member getType_ter ^ ^ ^ ^ operandr MemberReference qualifier Token_ter ^ ^ member FUNCTION_ter ^ ^ ^ ^ ^ ^ operandr MethodInvocation qualifier n_ter ^ ^ member hasSideEffects_ter ^ ^ ^ ^ ^ ^ ^ 
if(((n.getType() == Token.FUNCTION) || n.hasSideEffects())){

IfStatement condition BinaryOperation operator ||_ter ^ ^ operandl BinaryOperation operator ==_ter ^ ^ operandl MethodInvocation qualifier n_ter ^ ^ member getType_ter ^ ^ ^ ^ operandr MemberReference qualifier Token_ter ^ ^ member FUNCTION_ter ^ ^ ^ ^ ^ ^ operandr MethodInvocation qualifier n_ter ^ ^ member isQualifiedName_ter ^ ^ ^ ^ ^ ^ ^ 
if(((n.getType() == Token.FUNCTION) || n.isQualifiedName())){

IfStatement condition BinaryOperation operator ||_ter ^ ^ operandl BinaryOperation operator ==_ter ^ ^ operandl MethodInvocation qualifier n_ter ^ ^ member getType_ter ^ ^ ^ ^ operandr MemberReference qualifier Token_ter ^ ^ member FUNCTION_ter ^ ^ ^ ^ ^ ^ operandr MethodInvocation qualifier n_ter ^ ^ member isUnscopedQualifiedName_ter ^ ^ ^ ^ ^ ^ ^ 
if(((n.getType() == Token.FUNCTION) || n.isUnscopedQualifiedName())){

IfStatement condition BinaryOperation operator ||_ter ^ ^ operandl BinaryOperation operator ==_ter ^ ^ operandl MethodInvocation qualifier n_ter ^ ^ member getType_ter ^ ^ ^ ^ operandr MemberReference qualifier Token_ter ^ ^ member FUNCTION_ter ^ ^ ^ ^ ^ ^ operandr MethodInvocation qualifier n_ter ^ ^ member isVarArgs_ter ^ ^ ^ ^ ^ ^ ^ 
if(((n.getType() == Token.FUNCTION) || n.isVarArgs())){

IfStatement condition BinaryOperation operator ||_ter ^ ^ operandl BinaryOperation operator ==_ter ^ ^ operandl MethodInvocation qualifier n_ter ^ ^ member getType_ter ^ ^ ^ ^ operandr MemberReference qualifier Token_ter ^ ^ member FUNCTION_ter ^ ^ ^ ^ ^ ^ operandr MethodInvocation qualifier n_ter ^ ^ member isOptionalArg_ter ^ ^ ^ ^ ^ ^ ^ 
if(((n.getType() == Token.FUNCTION) || n.isOptionalArg())){

IfStatement condition BinaryOperation operator ||_ter ^ ^ operandl BinaryOperation operator ==_ter ^ ^ operandl MethodInvocation qualifier n_ter ^ ^ member getType_ter ^ ^ ^ ^ operandr MemberReference qualifier Token_ter ^ ^ member FUNCTION_ter ^ ^ ^ ^ ^ ^ operandr MethodInvocation qualifier n_ter ^ ^ member isSyntheticBlock_ter ^ ^ ^ ^ ^ ^ ^ 
if(((n.getType() == Token.FUNCTION) || n.isSyntheticBlock())){

IfStatement condition BinaryOperation operator ||_ter ^ ^ operandl BinaryOperation operator ==_ter ^ ^ operandl MethodInvocation qualifier n_ter ^ ^ member getType_ter ^ ^ ^ ^ operandr MemberReference qualifier Token_ter ^ ^ member FUNCTION_ter ^ ^ ^ ^ ^ ^ operandr MethodInvocation qualifier n_ter ^ ^ member wasEmptyNode_ter ^ ^ ^ ^ ^ ^ ^ 
if(((n.getType() == Token.FUNCTION) || n.wasEmptyNode())){

IfStatement condition BinaryOperation operator ||_ter ^ ^ operandl BinaryOperation operator ==_ter ^ ^ operandl MethodInvocation qualifier n_ter ^ ^ member getType_ter ^ ^ ^ ^ operandr MemberReference qualifier Token_ter ^ ^ member FUNCTION_ter ^ ^ ^ ^ ^ ^ operandr MethodInvocation qualifier n_ter ^ ^ member isOnlyModifiesThisCall_ter ^ ^ ^ ^ ^ ^ ^ 
if(((n.getType() == Token.FUNCTION) || n.isOnlyModifiesThisCall())){

IfStatement condition BinaryOperation operator ||_ter ^ ^ operandl BinaryOperation operator ==_ter ^ ^ operandl MethodInvocation qualifier n_ter ^ ^ member getType_ter ^ ^ ^ ^ operandr MemberReference qualifier Token_ter ^ ^ member FUNCTION_ter ^ ^ ^ ^ ^ ^ operandr MethodInvocation qualifier n_ter ^ ^ member isNoSideEffectsCall_ter ^ ^ ^ ^ ^ ^ ^ 
if(((n.getType() == Token.FUNCTION) || n.isNoSideEffectsCall())){

IfStatement condition BinaryOperation operator ||_ter ^ ^ operandl BinaryOperation operator ==_ter ^ ^ operandl MethodInvocation qualifier n_ter ^ ^ member getType_ter ^ ^ ^ ^ operandr MemberReference qualifier Token_ter ^ ^ member FUNCTION_ter ^ ^ ^ ^ ^ ^ operandr MethodInvocation qualifier n_ter ^ ^ member isLocalResultCall_ter ^ ^ ^ ^ ^ ^ ^ 
if(((n.getType() == Token.FUNCTION) || n.isLocalResultCall())){

IfStatement condition BinaryOperation operator ||_ter ^ ^ operandl BinaryOperation operator ==_ter ^ ^ operandl MethodInvocation qualifier n_ter ^ ^ member getType_ter ^ ^ ^ ^ operandr MemberReference qualifier Token_ter ^ ^ member FUNCTION_ter ^ ^ ^ ^ ^ ^ operandr MethodInvocation qualifier n_ter ^ ^ member isQuotedString_ter ^ ^ ^ ^ ^ ^ ^ 
if(((n.getType() == Token.FUNCTION) || n.isQuotedString())){

IfStatement condition BinaryOperation operator ||_ter ^ ^ operandl MethodInvocation qualifier jsDoc_ter ^ ^ member isConstructor_ter ^ ^ ^ ^ operandr MethodInvocation qualifier jsDoc_ter ^ ^ member isInterface_ter ^ ^ ^ ^ ^ ^ ^ 
if((jsDoc.isConstructor() || jsDoc.isInterface())){

StatementExpression expression Assignment expressionl MemberReference member assignLhsChild_ter ^ ^ ^ ^ value MemberReference member lhs_ter ^ ^ ^ ^ type =_ter ^ ^ ^ ^ ^ 
assignLhsChild = lhs;

IfStatement condition BinaryOperation operator ||_ter ^ ^ operandl BinaryOperation operator ||_ter ^ ^ operandl BinaryOperation operator ||_ter ^ ^ operandl BinaryOperation operator ||_ter ^ ^ operandl BinaryOperation operator ==_ter ^ ^ operandl MemberReference member pType_ter ^ ^ ^ ^ operandr MemberReference qualifier Token_ter ^ ^ member BLOCK_ter ^ ^ ^ ^ ^ ^ operandr BinaryOperation operator ==_ter ^ ^ operandl MemberReference member pType_ter ^ ^ ^ ^ operandr MemberReference qualifier Token_ter ^ ^ member SCRIPT_ter ^ ^ ^ ^ ^ ^ ^ ^ operandr BinaryOperation operator ==_ter ^ ^ operandl MemberReference member pType_ter ^ ^ ^ ^ operandr MemberReference qualifier Token_ter ^ ^ member NAME_ter ^ ^ ^ ^ ^ ^ ^ ^ operandr BinaryOperation operator ==_ter ^ ^ operandl MemberReference member pType_ter ^ ^ ^ ^ operandr MemberReference qualifier Token_ter ^ ^ member ASSIGN_ter ^ ^ ^ ^ ^ ^ ^ ^ operandr BinaryOperation operator ==_ter ^ ^ operandl MemberReference member pType_ter ^ ^ ^ ^ operandr MemberReference qualifier Token_ter ^ ^ member STRING_ter ^ ^ ^ ^ ^ ^ ^ ^ ^ 
if((((((pType == Token.BLOCK) || (pType == Token.SCRIPT)) || (pType == Token.NAME)) || (pType == Token.ASSIGN)) || (pType == Token.STRING))){

IfStatement condition BinaryOperation operator ||_ter ^ ^ operandl BinaryOperation operator ||_ter ^ ^ operandl MethodInvocation qualifier jsDoc_ter ^ ^ member isConstructor_ter ^ ^ ^ ^ operandr MethodInvocation qualifier jsDoc_ter ^ ^ member isInterface_ter ^ ^ ^ ^ ^ ^ operandr MethodInvocation qualifier jsDoc_ter ^ ^ member hasThisType_ter ^ ^ ^ ^ ^ ^ ^ 
if(((jsDoc.isConstructor() || jsDoc.isInterface()) || jsDoc.hasThisType())){

IfStatement condition BinaryOperation operator ||_ter ^ ^ operandl BinaryOperation operator ||_ter ^ ^ operandl BinaryOperation operator ||_ter ^ ^ operandl BinaryOperation operator ==_ter ^ ^ operandl MemberReference member pType_ter ^ ^ ^ ^ operandr MemberReference qualifier Token_ter ^ ^ member BLOCK_ter ^ ^ ^ ^ ^ ^ operandr BinaryOperation operator ==_ter ^ ^ operandl MemberReference member pType_ter ^ ^ ^ ^ operandr MemberReference qualifier Token_ter ^ ^ member SCRIPT_ter ^ ^ ^ ^ ^ ^ ^ ^ operandr BinaryOperation operator ==_ter ^ ^ operandl MemberReference member pType_ter ^ ^ ^ ^ operandr MemberReference qualifier Token_ter ^ ^ member NAME_ter ^ ^ ^ ^ ^ ^ ^ ^ operandr BinaryOperation operator ==_ter ^ ^ operandl MemberReference member pType_ter ^ ^ ^ ^ operandr MemberReference qualifier Token_ter ^ ^ member ASSIGN_ter ^ ^ ^ ^ ^ ^ ^ ^ ^ 
if(((((pType == Token.BLOCK) || (pType == Token.SCRIPT)) || (pType == Token.NAME)) || (pType == Token.ASSIGN))){

condition BinaryOperation operator >=_ter ^ ^ operandl MethodInvocation qualifier n_ter ^ ^ member getType_ter ^ ^ ^ ^ operandr MemberReference qualifier Token_ter ^ ^ member FUNCTION_ter ^ ^ ^ ^ ^ ^ 
if((n.getType() >= Token.FUNCTION)){
IfStatement condition MethodInvocation qualifier n_ter ^ ^ member hasChildren_ter ^ ^ ^ ^ ^ 
ReturnStatement expression Literal value false_ter ^ ^ ^ ^ ^ 
if(n.hasChildren()){
return false;}
IfStatement condition MethodInvocation qualifier n_ter ^ ^ member hasOneChild_ter ^ ^ ^ ^ ^ 
ReturnStatement expression Literal value false_ter ^ ^ ^ ^ ^ 
if(n.hasOneChild()){
return false;}
IfStatement condition MethodInvocation qualifier n_ter ^ ^ member hasMoreThanOneChild_ter ^ ^ ^ ^ ^ 
ReturnStatement expression Literal value false_ter ^ ^ ^ ^ ^ 
if(n.hasMoreThanOneChild()){
return false;}
IfStatement condition MethodInvocation qualifier n_ter ^ ^ member hasSideEffects_ter ^ ^ ^ ^ ^ 
ReturnStatement expression Literal value false_ter ^ ^ ^ ^ ^ 
if(n.hasSideEffects()){
return false;}
IfStatement condition MethodInvocation qualifier n_ter ^ ^ member isQualifiedName_ter ^ ^ ^ ^ ^ 
ReturnStatement expression Literal value false_ter ^ ^ ^ ^ ^ 
if(n.isQualifiedName()){
return false;}
IfStatement condition MethodInvocation qualifier n_ter ^ ^ member isUnscopedQualifiedName_ter ^ ^ ^ ^ ^ 
ReturnStatement expression Literal value false_ter ^ ^ ^ ^ ^ 
if(n.isUnscopedQualifiedName()){
return false;}
IfStatement condition MethodInvocation qualifier n_ter ^ ^ member isVarArgs_ter ^ ^ ^ ^ ^ 
ReturnStatement expression Literal value false_ter ^ ^ ^ ^ ^ 
if(n.isVarArgs()){
return false;}
IfStatement condition MethodInvocation qualifier n_ter ^ ^ member isOptionalArg_ter ^ ^ ^ ^ ^ 
ReturnStatement expression Literal value false_ter ^ ^ ^ ^ ^ 
if(n.isOptionalArg()){
return false;}
IfStatement condition MethodInvocation qualifier n_ter ^ ^ member isSyntheticBlock_ter ^ ^ ^ ^ ^ 
ReturnStatement expression Literal value false_ter ^ ^ ^ ^ ^ 
if(n.isSyntheticBlock()){
return false;}
IfStatement condition MethodInvocation qualifier n_ter ^ ^ member wasEmptyNode_ter ^ ^ ^ ^ ^ 
ReturnStatement expression Literal value false_ter ^ ^ ^ ^ ^ 
if(n.wasEmptyNode()){
return false;}
IfStatement condition MethodInvocation qualifier n_ter ^ ^ member isOnlyModifiesThisCall_ter ^ ^ ^ ^ ^ 
ReturnStatement expression Literal value false_ter ^ ^ ^ ^ ^ 
if(n.isOnlyModifiesThisCall()){
return false;}
IfStatement condition MethodInvocation qualifier n_ter ^ ^ member isNoSideEffectsCall_ter ^ ^ ^ ^ ^ 
ReturnStatement expression Literal value false_ter ^ ^ ^ ^ ^ 
if(n.isNoSideEffectsCall()){
return false;}
IfStatement condition MethodInvocation qualifier n_ter ^ ^ member isLocalResultCall_ter ^ ^ ^ ^ ^ 
ReturnStatement expression Literal value false_ter ^ ^ ^ ^ ^ 
if(n.isLocalResultCall()){
return false;}
IfStatement condition MethodInvocation qualifier n_ter ^ ^ member isQuotedString_ter ^ ^ ^ ^ ^ 
ReturnStatement expression Literal value false_ter ^ ^ ^ ^ ^ 
if(n.isQuotedString()){
return false;}
IfStatement condition BinaryOperation operator ||_ter ^ ^ operandl BinaryOperation operator ||_ter ^ ^ operandl BinaryOperation operator ==_ter ^ ^ operandl MemberReference member pType_ter ^ ^ ^ ^ operandr MemberReference qualifier Token_ter ^ ^ member BLOCK_ter ^ ^ ^ ^ ^ ^ operandr BinaryOperation operator ==_ter ^ ^ operandl MemberReference member pType_ter ^ ^ ^ ^ operandr MemberReference qualifier Token_ter ^ ^ member SCRIPT_ter ^ ^ ^ ^ ^ ^ ^ ^ operandr BinaryOperation operator ==_ter ^ ^ operandl MemberReference member pType_ter ^ ^ ^ ^ operandr MemberReference qualifier Token_ter ^ ^ member NAME_ter ^ ^ ^ ^ ^ ^ ^ ^ ^ 
if((((pType == Token.BLOCK) || (pType == Token.SCRIPT)) || (pType == Token.NAME))){

StatementExpression expression MethodInvocation qualifier n_ter ^ ^ member getType_ter ^ ^ ^ ^ ^ 
n.getType();


IfStatement condition BinaryOperation operator !=_ter ^ ^ operandl MemberReference member jsDoc_ter ^ ^ ^ ^ operandr Literal value null_ter ^ ^ ^ ^ ^ ^ ^ 
if((jsDoc != null)){

IfStatement condition BinaryOperation operator &&_ter ^ ^ operandl BinaryOperation operator ==_ter ^ ^ operandl MethodInvocation qualifier n_ter ^ ^ member getType_ter ^ ^ ^ ^ operandr MemberReference qualifier Token_ter ^ ^ member FUNCTION_ter ^ ^ ^ ^ ^ ^ operandr MethodInvocation qualifier n_ter ^ ^ member hasChildren_ter ^ ^ ^ ^ ^ ^ ^ 
if(((n.getType() == Token.FUNCTION) && n.hasChildren())){

IfStatement condition BinaryOperation operator &&_ter ^ ^ operandl BinaryOperation operator ==_ter ^ ^ operandl MethodInvocation qualifier n_ter ^ ^ member getType_ter ^ ^ ^ ^ operandr MemberReference qualifier Token_ter ^ ^ member FUNCTION_ter ^ ^ ^ ^ ^ ^ operandr MethodInvocation qualifier n_ter ^ ^ member hasOneChild_ter ^ ^ ^ ^ ^ ^ ^ 
if(((n.getType() == Token.FUNCTION) && n.hasOneChild())){

IfStatement condition BinaryOperation operator &&_ter ^ ^ operandl BinaryOperation operator ==_ter ^ ^ operandl MethodInvocation qualifier n_ter ^ ^ member getType_ter ^ ^ ^ ^ operandr MemberReference qualifier Token_ter ^ ^ member FUNCTION_ter ^ ^ ^ ^ ^ ^ operandr MethodInvocation qualifier n_ter ^ ^ member hasMoreThanOneChild_ter ^ ^ ^ ^ ^ ^ ^ 
if(((n.getType() == Token.FUNCTION) && n.hasMoreThanOneChild())){

IfStatement condition BinaryOperation operator &&_ter ^ ^ operandl BinaryOperation operator ==_ter ^ ^ operandl MethodInvocation qualifier n_ter ^ ^ member getType_ter ^ ^ ^ ^ operandr MemberReference qualifier Token_ter ^ ^ member FUNCTION_ter ^ ^ ^ ^ ^ ^ operandr MethodInvocation qualifier n_ter ^ ^ member hasSideEffects_ter ^ ^ ^ ^ ^ ^ ^ 
if(((n.getType() == Token.FUNCTION) && n.hasSideEffects())){

IfStatement condition BinaryOperation operator &&_ter ^ ^ operandl BinaryOperation operator ==_ter ^ ^ operandl MethodInvocation qualifier n_ter ^ ^ member getType_ter ^ ^ ^ ^ operandr MemberReference qualifier Token_ter ^ ^ member FUNCTION_ter ^ ^ ^ ^ ^ ^ operandr MethodInvocation qualifier n_ter ^ ^ member isQualifiedName_ter ^ ^ ^ ^ ^ ^ ^ 
if(((n.getType() == Token.FUNCTION) && n.isQualifiedName())){

IfStatement condition BinaryOperation operator &&_ter ^ ^ operandl BinaryOperation operator ==_ter ^ ^ operandl MethodInvocation qualifier n_ter ^ ^ member getType_ter ^ ^ ^ ^ operandr MemberReference qualifier Token_ter ^ ^ member FUNCTION_ter ^ ^ ^ ^ ^ ^ operandr MethodInvocation qualifier n_ter ^ ^ member isUnscopedQualifiedName_ter ^ ^ ^ ^ ^ ^ ^ 
if(((n.getType() == Token.FUNCTION) && n.isUnscopedQualifiedName())){

IfStatement condition BinaryOperation operator &&_ter ^ ^ operandl BinaryOperation operator ==_ter ^ ^ operandl MethodInvocation qualifier n_ter ^ ^ member getType_ter ^ ^ ^ ^ operandr MemberReference qualifier Token_ter ^ ^ member FUNCTION_ter ^ ^ ^ ^ ^ ^ operandr MethodInvocation qualifier n_ter ^ ^ member isVarArgs_ter ^ ^ ^ ^ ^ ^ ^ 
if(((n.getType() == Token.FUNCTION) && n.isVarArgs())){

IfStatement condition BinaryOperation operator &&_ter ^ ^ operandl BinaryOperation operator ==_ter ^ ^ operandl MethodInvocation qualifier n_ter ^ ^ member getType_ter ^ ^ ^ ^ operandr MemberReference qualifier Token_ter ^ ^ member FUNCTION_ter ^ ^ ^ ^ ^ ^ operandr MethodInvocation qualifier n_ter ^ ^ member isOptionalArg_ter ^ ^ ^ ^ ^ ^ ^ 
if(((n.getType() == Token.FUNCTION) && n.isOptionalArg())){

IfStatement condition BinaryOperation operator &&_ter ^ ^ operandl BinaryOperation operator ==_ter ^ ^ operandl MethodInvocation qualifier n_ter ^ ^ member getType_ter ^ ^ ^ ^ operandr MemberReference qualifier Token_ter ^ ^ member FUNCTION_ter ^ ^ ^ ^ ^ ^ operandr MethodInvocation qualifier n_ter ^ ^ member isSyntheticBlock_ter ^ ^ ^ ^ ^ ^ ^ 
if(((n.getType() == Token.FUNCTION) && n.isSyntheticBlock())){

IfStatement condition BinaryOperation operator &&_ter ^ ^ operandl BinaryOperation operator ==_ter ^ ^ operandl MethodInvocation qualifier n_ter ^ ^ member getType_ter ^ ^ ^ ^ operandr MemberReference qualifier Token_ter ^ ^ member FUNCTION_ter ^ ^ ^ ^ ^ ^ operandr MethodInvocation qualifier n_ter ^ ^ member wasEmptyNode_ter ^ ^ ^ ^ ^ ^ ^ 
if(((n.getType() == Token.FUNCTION) && n.wasEmptyNode())){

IfStatement condition BinaryOperation operator &&_ter ^ ^ operandl BinaryOperation operator ==_ter ^ ^ operandl MethodInvocation qualifier n_ter ^ ^ member getType_ter ^ ^ ^ ^ operandr MemberReference qualifier Token_ter ^ ^ member FUNCTION_ter ^ ^ ^ ^ ^ ^ operandr MethodInvocation qualifier n_ter ^ ^ member isOnlyModifiesThisCall_ter ^ ^ ^ ^ ^ ^ ^ 
if(((n.getType() == Token.FUNCTION) && n.isOnlyModifiesThisCall())){

IfStatement condition BinaryOperation operator &&_ter ^ ^ operandl BinaryOperation operator ==_ter ^ ^ operandl MethodInvocation qualifier n_ter ^ ^ member getType_ter ^ ^ ^ ^ operandr MemberReference qualifier Token_ter ^ ^ member FUNCTION_ter ^ ^ ^ ^ ^ ^ operandr MethodInvocation qualifier n_ter ^ ^ member isNoSideEffectsCall_ter ^ ^ ^ ^ ^ ^ ^ 
if(((n.getType() == Token.FUNCTION) && n.isNoSideEffectsCall())){

IfStatement condition BinaryOperation operator &&_ter ^ ^ operandl BinaryOperation operator ==_ter ^ ^ operandl MethodInvocation qualifier n_ter ^ ^ member getType_ter ^ ^ ^ ^ operandr MemberReference qualifier Token_ter ^ ^ member FUNCTION_ter ^ ^ ^ ^ ^ ^ operandr MethodInvocation qualifier n_ter ^ ^ member isLocalResultCall_ter ^ ^ ^ ^ ^ ^ ^ 
if(((n.getType() == Token.FUNCTION) && n.isLocalResultCall())){

IfStatement condition BinaryOperation operator &&_ter ^ ^ operandl BinaryOperation operator ==_ter ^ ^ operandl MethodInvocation qualifier n_ter ^ ^ member getType_ter ^ ^ ^ ^ operandr MemberReference qualifier Token_ter ^ ^ member FUNCTION_ter ^ ^ ^ ^ ^ ^ operandr MethodInvocation qualifier n_ter ^ ^ member isQuotedString_ter ^ ^ ^ ^ ^ ^ ^ 
if(((n.getType() == Token.FUNCTION) && n.isQuotedString())){

IfStatement condition BinaryOperation operator !=_ter ^ ^ operandl MemberReference member n_ter ^ ^ ^ ^ operandr MemberReference qualifier Token_ter ^ ^ member FUNCTION_ter ^ ^ ^ ^ ^ ^ ^ 
if((n != Token.FUNCTION)){

IfStatement condition BinaryOperation operator ||_ter ^ ^ operandl BinaryOperation operator ==_ter ^ ^ operandl MemberReference member pType_ter ^ ^ ^ ^ operandr MemberReference qualifier Token_ter ^ ^ member BLOCK_ter ^ ^ ^ ^ ^ ^ operandr BinaryOperation operator ==_ter ^ ^ operandl MemberReference member pType_ter ^ ^ ^ ^ operandr MemberReference qualifier Token_ter ^ ^ member SCRIPT_ter ^ ^ ^ ^ ^ ^ ^ ^ ^ 
if(((pType == Token.BLOCK) || (pType == Token.SCRIPT))){

IfStatement condition BinaryOperation operator ||_ter ^ ^ operandl BinaryOperation operator ==_ter ^ ^ operandl MethodInvocation qualifier n_ter ^ ^ member getType_ter ^ ^ ^ ^ operandr MemberReference qualifier Token_ter ^ ^ member FUNCTION_ter ^ ^ ^ ^ ^ ^ operandr MethodInvocation prefix_operators !_ter ^ ^ qualifier n_ter ^ ^ member hasChildren_ter ^ ^ ^ ^ ^ ^ ^ 
if(((n.getType() == Token.FUNCTION) || !n.hasChildren())){

IfStatement condition BinaryOperation operator ||_ter ^ ^ operandl BinaryOperation operator ==_ter ^ ^ operandl MethodInvocation qualifier n_ter ^ ^ member getType_ter ^ ^ ^ ^ operandr MemberReference qualifier Token_ter ^ ^ member FUNCTION_ter ^ ^ ^ ^ ^ ^ operandr MethodInvocation prefix_operators !_ter ^ ^ qualifier n_ter ^ ^ member hasOneChild_ter ^ ^ ^ ^ ^ ^ ^ 
if(((n.getType() == Token.FUNCTION) || !n.hasOneChild())){

IfStatement condition BinaryOperation operator ||_ter ^ ^ operandl BinaryOperation operator ==_ter ^ ^ operandl MethodInvocation qualifier n_ter ^ ^ member getType_ter ^ ^ ^ ^ operandr MemberReference qualifier Token_ter ^ ^ member FUNCTION_ter ^ ^ ^ ^ ^ ^ operandr MethodInvocation prefix_operators !_ter ^ ^ qualifier n_ter ^ ^ member hasMoreThanOneChild_ter ^ ^ ^ ^ ^ ^ ^ 
if(((n.getType() == Token.FUNCTION) || !n.hasMoreThanOneChild())){

IfStatement condition BinaryOperation operator ||_ter ^ ^ operandl BinaryOperation operator ==_ter ^ ^ operandl MethodInvocation qualifier n_ter ^ ^ member getType_ter ^ ^ ^ ^ operandr MemberReference qualifier Token_ter ^ ^ member FUNCTION_ter ^ ^ ^ ^ ^ ^ operandr MethodInvocation prefix_operators !_ter ^ ^ qualifier n_ter ^ ^ member hasSideEffects_ter ^ ^ ^ ^ ^ ^ ^ 
if(((n.getType() == Token.FUNCTION) || !n.hasSideEffects())){

IfStatement condition BinaryOperation operator ||_ter ^ ^ operandl BinaryOperation operator ==_ter ^ ^ operandl MethodInvocation qualifier n_ter ^ ^ member getType_ter ^ ^ ^ ^ operandr MemberReference qualifier Token_ter ^ ^ member FUNCTION_ter ^ ^ ^ ^ ^ ^ operandr MethodInvocation prefix_operators !_ter ^ ^ qualifier n_ter ^ ^ member isQualifiedName_ter ^ ^ ^ ^ ^ ^ ^ 
if(((n.getType() == Token.FUNCTION) || !n.isQualifiedName())){

IfStatement condition BinaryOperation operator ||_ter ^ ^ operandl BinaryOperation operator ==_ter ^ ^ operandl MethodInvocation qualifier n_ter ^ ^ member getType_ter ^ ^ ^ ^ operandr MemberReference qualifier Token_ter ^ ^ member FUNCTION_ter ^ ^ ^ ^ ^ ^ operandr MethodInvocation prefix_operators !_ter ^ ^ qualifier n_ter ^ ^ member isUnscopedQualifiedName_ter ^ ^ ^ ^ ^ ^ ^ 
if(((n.getType() == Token.FUNCTION) || !n.isUnscopedQualifiedName())){

IfStatement condition BinaryOperation operator ||_ter ^ ^ operandl BinaryOperation operator ==_ter ^ ^ operandl MethodInvocation qualifier n_ter ^ ^ member getType_ter ^ ^ ^ ^ operandr MemberReference qualifier Token_ter ^ ^ member FUNCTION_ter ^ ^ ^ ^ ^ ^ operandr MethodInvocation prefix_operators !_ter ^ ^ qualifier n_ter ^ ^ member isVarArgs_ter ^ ^ ^ ^ ^ ^ ^ 
if(((n.getType() == Token.FUNCTION) || !n.isVarArgs())){

IfStatement condition BinaryOperation operator ||_ter ^ ^ operandl BinaryOperation operator ==_ter ^ ^ operandl MethodInvocation qualifier n_ter ^ ^ member getType_ter ^ ^ ^ ^ operandr MemberReference qualifier Token_ter ^ ^ member FUNCTION_ter ^ ^ ^ ^ ^ ^ operandr MethodInvocation prefix_operators !_ter ^ ^ qualifier n_ter ^ ^ member isOptionalArg_ter ^ ^ ^ ^ ^ ^ ^ 
if(((n.getType() == Token.FUNCTION) || !n.isOptionalArg())){

IfStatement condition BinaryOperation operator ||_ter ^ ^ operandl BinaryOperation operator ==_ter ^ ^ operandl MethodInvocation qualifier n_ter ^ ^ member getType_ter ^ ^ ^ ^ operandr MemberReference qualifier Token_ter ^ ^ member FUNCTION_ter ^ ^ ^ ^ ^ ^ operandr MethodInvocation prefix_operators !_ter ^ ^ qualifier n_ter ^ ^ member isSyntheticBlock_ter ^ ^ ^ ^ ^ ^ ^ 
if(((n.getType() == Token.FUNCTION) || !n.isSyntheticBlock())){

IfStatement condition BinaryOperation operator ||_ter ^ ^ operandl BinaryOperation operator ==_ter ^ ^ operandl MethodInvocation qualifier n_ter ^ ^ member getType_ter ^ ^ ^ ^ operandr MemberReference qualifier Token_ter ^ ^ member FUNCTION_ter ^ ^ ^ ^ ^ ^ operandr MethodInvocation prefix_operators !_ter ^ ^ qualifier n_ter ^ ^ member wasEmptyNode_ter ^ ^ ^ ^ ^ ^ ^ 
if(((n.getType() == Token.FUNCTION) || !n.wasEmptyNode())){

IfStatement condition BinaryOperation operator ||_ter ^ ^ operandl BinaryOperation operator ==_ter ^ ^ operandl MethodInvocation qualifier n_ter ^ ^ member getType_ter ^ ^ ^ ^ operandr MemberReference qualifier Token_ter ^ ^ member FUNCTION_ter ^ ^ ^ ^ ^ ^ operandr MethodInvocation prefix_operators !_ter ^ ^ qualifier n_ter ^ ^ member isOnlyModifiesThisCall_ter ^ ^ ^ ^ ^ ^ ^ 
if(((n.getType() == Token.FUNCTION) || !n.isOnlyModifiesThisCall())){

IfStatement condition BinaryOperation operator ||_ter ^ ^ operandl BinaryOperation operator ==_ter ^ ^ operandl MethodInvocation qualifier n_ter ^ ^ member getType_ter ^ ^ ^ ^ operandr MemberReference qualifier Token_ter ^ ^ member FUNCTION_ter ^ ^ ^ ^ ^ ^ operandr MethodInvocation prefix_operators !_ter ^ ^ qualifier n_ter ^ ^ member isNoSideEffectsCall_ter ^ ^ ^ ^ ^ ^ ^ 
if(((n.getType() == Token.FUNCTION) || !n.isNoSideEffectsCall())){

IfStatement condition BinaryOperation operator ||_ter ^ ^ operandl BinaryOperation operator ==_ter ^ ^ operandl MethodInvocation qualifier n_ter ^ ^ member getType_ter ^ ^ ^ ^ operandr MemberReference qualifier Token_ter ^ ^ member FUNCTION_ter ^ ^ ^ ^ ^ ^ operandr MethodInvocation prefix_operators !_ter ^ ^ qualifier n_ter ^ ^ member isLocalResultCall_ter ^ ^ ^ ^ ^ ^ ^ 
if(((n.getType() == Token.FUNCTION) || !n.isLocalResultCall())){

IfStatement condition BinaryOperation operator ||_ter ^ ^ operandl BinaryOperation operator ==_ter ^ ^ operandl MethodInvocation qualifier n_ter ^ ^ member getType_ter ^ ^ ^ ^ operandr MemberReference qualifier Token_ter ^ ^ member FUNCTION_ter ^ ^ ^ ^ ^ ^ operandr MethodInvocation prefix_operators !_ter ^ ^ qualifier n_ter ^ ^ member isQuotedString_ter ^ ^ ^ ^ ^ ^ ^ 
if(((n.getType() == Token.FUNCTION) || !n.isQuotedString())){

condition BinaryOperation operator <=_ter ^ ^ operandl MethodInvocation qualifier n_ter ^ ^ member getType_ter ^ ^ ^ ^ operandr MemberReference qualifier Token_ter ^ ^ member FUNCTION_ter ^ ^ ^ ^ ^ ^ 
if((n.getType() <= Token.FUNCTION)){
ReturnStatement expression Literal value false_ter ^ ^ ^ ^ ^ 
if (true) { return false; }

IfStatement condition MemberReference member n_ter ^ ^ ^ ^ ^ 
if(n){

IfStatement condition BinaryOperation operator &&_ter ^ ^ operandl BinaryOperation operator ==_ter ^ ^ operandl MethodInvocation qualifier n_ter ^ ^ member getType_ter ^ ^ ^ ^ operandr MemberReference qualifier Token_ter ^ ^ member FUNCTION_ter ^ ^ ^ ^ ^ ^ operandr MethodInvocation prefix_operators !_ter ^ ^ qualifier n_ter ^ ^ member hasChildren_ter ^ ^ ^ ^ ^ ^ ^ 
if(((n.getType() == Token.FUNCTION) && !n.hasChildren())){

IfStatement condition BinaryOperation operator &&_ter ^ ^ operandl BinaryOperation operator ==_ter ^ ^ operandl MethodInvocation qualifier n_ter ^ ^ member getType_ter ^ ^ ^ ^ operandr MemberReference qualifier Token_ter ^ ^ member FUNCTION_ter ^ ^ ^ ^ ^ ^ operandr MethodInvocation prefix_operators !_ter ^ ^ qualifier n_ter ^ ^ member hasOneChild_ter ^ ^ ^ ^ ^ ^ ^ 
if(((n.getType() == Token.FUNCTION) && !n.hasOneChild())){

IfStatement condition BinaryOperation operator &&_ter ^ ^ operandl BinaryOperation operator ==_ter ^ ^ operandl MethodInvocation qualifier n_ter ^ ^ member getType_ter ^ ^ ^ ^ operandr MemberReference qualifier Token_ter ^ ^ member FUNCTION_ter ^ ^ ^ ^ ^ ^ operandr MethodInvocation prefix_operators !_ter ^ ^ qualifier n_ter ^ ^ member hasMoreThanOneChild_ter ^ ^ ^ ^ ^ ^ ^ 
if(((n.getType() == Token.FUNCTION) && !n.hasMoreThanOneChild())){

IfStatement condition BinaryOperation operator &&_ter ^ ^ operandl BinaryOperation operator ==_ter ^ ^ operandl MethodInvocation qualifier n_ter ^ ^ member getType_ter ^ ^ ^ ^ operandr MemberReference qualifier Token_ter ^ ^ member FUNCTION_ter ^ ^ ^ ^ ^ ^ operandr MethodInvocation prefix_operators !_ter ^ ^ qualifier n_ter ^ ^ member hasSideEffects_ter ^ ^ ^ ^ ^ ^ ^ 
if(((n.getType() == Token.FUNCTION) && !n.hasSideEffects())){

IfStatement condition BinaryOperation operator &&_ter ^ ^ operandl BinaryOperation operator ==_ter ^ ^ operandl MethodInvocation qualifier n_ter ^ ^ member getType_ter ^ ^ ^ ^ operandr MemberReference qualifier Token_ter ^ ^ member FUNCTION_ter ^ ^ ^ ^ ^ ^ operandr MethodInvocation prefix_operators !_ter ^ ^ qualifier n_ter ^ ^ member isQualifiedName_ter ^ ^ ^ ^ ^ ^ ^ 
if(((n.getType() == Token.FUNCTION) && !n.isQualifiedName())){

IfStatement condition BinaryOperation operator &&_ter ^ ^ operandl BinaryOperation operator ==_ter ^ ^ operandl MethodInvocation qualifier n_ter ^ ^ member getType_ter ^ ^ ^ ^ operandr MemberReference qualifier Token_ter ^ ^ member FUNCTION_ter ^ ^ ^ ^ ^ ^ operandr MethodInvocation prefix_operators !_ter ^ ^ qualifier n_ter ^ ^ member isUnscopedQualifiedName_ter ^ ^ ^ ^ ^ ^ ^ 
if(((n.getType() == Token.FUNCTION) && !n.isUnscopedQualifiedName())){

IfStatement condition BinaryOperation operator &&_ter ^ ^ operandl BinaryOperation operator ==_ter ^ ^ operandl MethodInvocation qualifier n_ter ^ ^ member getType_ter ^ ^ ^ ^ operandr MemberReference qualifier Token_ter ^ ^ member FUNCTION_ter ^ ^ ^ ^ ^ ^ operandr MethodInvocation prefix_operators !_ter ^ ^ qualifier n_ter ^ ^ member isVarArgs_ter ^ ^ ^ ^ ^ ^ ^ 
if(((n.getType() == Token.FUNCTION) && !n.isVarArgs())){

IfStatement condition BinaryOperation operator &&_ter ^ ^ operandl BinaryOperation operator ==_ter ^ ^ operandl MethodInvocation qualifier n_ter ^ ^ member getType_ter ^ ^ ^ ^ operandr MemberReference qualifier Token_ter ^ ^ member FUNCTION_ter ^ ^ ^ ^ ^ ^ operandr MethodInvocation prefix_operators !_ter ^ ^ qualifier n_ter ^ ^ member isOptionalArg_ter ^ ^ ^ ^ ^ ^ ^ 
if(((n.getType() == Token.FUNCTION) && !n.isOptionalArg())){

IfStatement condition BinaryOperation operator &&_ter ^ ^ operandl BinaryOperation operator ==_ter ^ ^ operandl MethodInvocation qualifier n_ter ^ ^ member getType_ter ^ ^ ^ ^ operandr MemberReference qualifier Token_ter ^ ^ member FUNCTION_ter ^ ^ ^ ^ ^ ^ operandr MethodInvocation prefix_operators !_ter ^ ^ qualifier n_ter ^ ^ member isSyntheticBlock_ter ^ ^ ^ ^ ^ ^ ^ 
if(((n.getType() == Token.FUNCTION) && !n.isSyntheticBlock())){

IfStatement condition BinaryOperation operator &&_ter ^ ^ operandl BinaryOperation operator ==_ter ^ ^ operandl MethodInvocation qualifier n_ter ^ ^ member getType_ter ^ ^ ^ ^ operandr MemberReference qualifier Token_ter ^ ^ member FUNCTION_ter ^ ^ ^ ^ ^ ^ operandr MethodInvocation prefix_operators !_ter ^ ^ qualifier n_ter ^ ^ member wasEmptyNode_ter ^ ^ ^ ^ ^ ^ ^ 
if(((n.getType() == Token.FUNCTION) && !n.wasEmptyNode())){

IfStatement condition BinaryOperation operator &&_ter ^ ^ operandl BinaryOperation operator ==_ter ^ ^ operandl MethodInvocation qualifier n_ter ^ ^ member getType_ter ^ ^ ^ ^ operandr MemberReference qualifier Token_ter ^ ^ member FUNCTION_ter ^ ^ ^ ^ ^ ^ operandr MethodInvocation prefix_operators !_ter ^ ^ qualifier n_ter ^ ^ member isOnlyModifiesThisCall_ter ^ ^ ^ ^ ^ ^ ^ 
if(((n.getType() == Token.FUNCTION) && !n.isOnlyModifiesThisCall())){

IfStatement condition BinaryOperation operator &&_ter ^ ^ operandl BinaryOperation operator ==_ter ^ ^ operandl MethodInvocation qualifier n_ter ^ ^ member getType_ter ^ ^ ^ ^ operandr MemberReference qualifier Token_ter ^ ^ member FUNCTION_ter ^ ^ ^ ^ ^ ^ operandr MethodInvocation prefix_operators !_ter ^ ^ qualifier n_ter ^ ^ member isNoSideEffectsCall_ter ^ ^ ^ ^ ^ ^ ^ 
if(((n.getType() == Token.FUNCTION) && !n.isNoSideEffectsCall())){

IfStatement condition BinaryOperation operator &&_ter ^ ^ operandl BinaryOperation operator ==_ter ^ ^ operandl MethodInvocation qualifier n_ter ^ ^ member getType_ter ^ ^ ^ ^ operandr MemberReference qualifier Token_ter ^ ^ member FUNCTION_ter ^ ^ ^ ^ ^ ^ operandr MethodInvocation prefix_operators !_ter ^ ^ qualifier n_ter ^ ^ member isLocalResultCall_ter ^ ^ ^ ^ ^ ^ ^ 
if(((n.getType() == Token.FUNCTION) && !n.isLocalResultCall())){

IfStatement condition BinaryOperation operator &&_ter ^ ^ operandl BinaryOperation operator ==_ter ^ ^ operandl MethodInvocation qualifier n_ter ^ ^ member getType_ter ^ ^ ^ ^ operandr MemberReference qualifier Token_ter ^ ^ member FUNCTION_ter ^ ^ ^ ^ ^ ^ operandr MethodInvocation prefix_operators !_ter ^ ^ qualifier n_ter ^ ^ member isQuotedString_ter ^ ^ ^ ^ ^ ^ ^ 
if(((n.getType() == Token.FUNCTION) && !n.isQuotedString())){

condition BinaryOperation operator ==_ter ^ ^ operandl MethodInvocation qualifier jsDoc_ter ^ ^ member getType_ter ^ ^ ^ ^ operandr MemberReference qualifier Token_ter ^ ^ member FUNCTION_ter ^ ^ ^ ^ ^ ^ 
if((jsDoc.getType() == Token.FUNCTION)){
IfStatement condition BinaryOperation operator ==_ter ^ ^ operandl MemberReference member n_ter ^ ^ ^ ^ operandr MemberReference qualifier Token_ter ^ ^ member FUNCTION_ter ^ ^ ^ ^ ^ ^ ^ 
if((n == Token.FUNCTION)){

IfStatement condition BinaryOperation operator ==_ter ^ ^ operandl MethodInvocation qualifier n_ter ^ ^ member hasChildren_ter ^ ^ ^ ^ operandr MemberReference qualifier Token_ter ^ ^ member FUNCTION_ter ^ ^ ^ ^ ^ ^ ^ 
if((n.hasChildren() == Token.FUNCTION)){

IfStatement condition BinaryOperation operator ==_ter ^ ^ operandl MethodInvocation qualifier n_ter ^ ^ member hasOneChild_ter ^ ^ ^ ^ operandr MemberReference qualifier Token_ter ^ ^ member FUNCTION_ter ^ ^ ^ ^ ^ ^ ^ 
if((n.hasOneChild() == Token.FUNCTION)){

IfStatement condition BinaryOperation operator ==_ter ^ ^ operandl MethodInvocation qualifier n_ter ^ ^ member hasMoreThanOneChild_ter ^ ^ ^ ^ operandr MemberReference qualifier Token_ter ^ ^ member FUNCTION_ter ^ ^ ^ ^ ^ ^ ^ 
if((n.hasMoreThanOneChild() == Token.FUNCTION)){

IfStatement condition BinaryOperation operator ==_ter ^ ^ operandl MethodInvocation qualifier n_ter ^ ^ member hasSideEffects_ter ^ ^ ^ ^ operandr MemberReference qualifier Token_ter ^ ^ member FUNCTION_ter ^ ^ ^ ^ ^ ^ ^ 
if((n.hasSideEffects() == Token.FUNCTION)){

IfStatement condition BinaryOperation operator ==_ter ^ ^ operandl MethodInvocation qualifier n_ter ^ ^ member isQualifiedName_ter ^ ^ ^ ^ operandr MemberReference qualifier Token_ter ^ ^ member FUNCTION_ter ^ ^ ^ ^ ^ ^ ^ 
if((n.isQualifiedName() == Token.FUNCTION)){

IfStatement condition BinaryOperation operator ==_ter ^ ^ operandl MethodInvocation qualifier n_ter ^ ^ member isUnscopedQualifiedName_ter ^ ^ ^ ^ operandr MemberReference qualifier Token_ter ^ ^ member FUNCTION_ter ^ ^ ^ ^ ^ ^ ^ 
if((n.isUnscopedQualifiedName() == Token.FUNCTION)){

IfStatement condition BinaryOperation operator ==_ter ^ ^ operandl MethodInvocation qualifier n_ter ^ ^ member isVarArgs_ter ^ ^ ^ ^ operandr MemberReference qualifier Token_ter ^ ^ member FUNCTION_ter ^ ^ ^ ^ ^ ^ ^ 
if((n.isVarArgs() == Token.FUNCTION)){

IfStatement condition BinaryOperation operator ==_ter ^ ^ operandl MethodInvocation qualifier n_ter ^ ^ member isOptionalArg_ter ^ ^ ^ ^ operandr MemberReference qualifier Token_ter ^ ^ member FUNCTION_ter ^ ^ ^ ^ ^ ^ ^ 
if((n.isOptionalArg() == Token.FUNCTION)){

IfStatement condition BinaryOperation operator ==_ter ^ ^ operandl MethodInvocation qualifier n_ter ^ ^ member isSyntheticBlock_ter ^ ^ ^ ^ operandr MemberReference qualifier Token_ter ^ ^ member FUNCTION_ter ^ ^ ^ ^ ^ ^ ^ 
if((n.isSyntheticBlock() == Token.FUNCTION)){

IfStatement condition BinaryOperation operator ==_ter ^ ^ operandl MethodInvocation qualifier n_ter ^ ^ member wasEmptyNode_ter ^ ^ ^ ^ operandr MemberReference qualifier Token_ter ^ ^ member FUNCTION_ter ^ ^ ^ ^ ^ ^ ^ 
if((n.wasEmptyNode() == Token.FUNCTION)){

IfStatement condition BinaryOperation operator ==_ter ^ ^ operandl MethodInvocation qualifier n_ter ^ ^ member isOnlyModifiesThisCall_ter ^ ^ ^ ^ operandr MemberReference qualifier Token_ter ^ ^ member FUNCTION_ter ^ ^ ^ ^ ^ ^ ^ 
if((n.isOnlyModifiesThisCall() == Token.FUNCTION)){

IfStatement condition BinaryOperation operator ==_ter ^ ^ operandl MethodInvocation qualifier n_ter ^ ^ member isNoSideEffectsCall_ter ^ ^ ^ ^ operandr MemberReference qualifier Token_ter ^ ^ member FUNCTION_ter ^ ^ ^ ^ ^ ^ ^ 
if((n.isNoSideEffectsCall() == Token.FUNCTION)){

IfStatement condition BinaryOperation operator ==_ter ^ ^ operandl MethodInvocation qualifier n_ter ^ ^ member isLocalResultCall_ter ^ ^ ^ ^ operandr MemberReference qualifier Token_ter ^ ^ member FUNCTION_ter ^ ^ ^ ^ ^ ^ ^ 
if((n.isLocalResultCall() == Token.FUNCTION)){

IfStatement condition BinaryOperation operator ==_ter ^ ^ operandl MethodInvocation qualifier n_ter ^ ^ member isQuotedString_ter ^ ^ ^ ^ operandr MemberReference qualifier Token_ter ^ ^ member FUNCTION_ter ^ ^ ^ ^ ^ ^ ^ 
if((n.isQuotedString() == Token.FUNCTION)){

condition BinaryOperation operator <_ter ^ ^ operandl MethodInvocation qualifier n_ter ^ ^ member getType_ter ^ ^ ^ ^ operandr MemberReference qualifier Token_ter ^ ^ member FUNCTION_ter ^ ^ ^ ^ ^ ^ 
if((n.getType() < Token.FUNCTION)){
condition BinaryOperation operator ==_ter ^ ^ operandl MethodInvocation qualifier t_ter ^ ^ member getType_ter ^ ^ ^ ^ operandr MemberReference qualifier Token_ter ^ ^ member FUNCTION_ter ^ ^ ^ ^ ^ ^ 
if((t.getType() == Token.FUNCTION)){
IfStatement condition MethodInvocation qualifier parent_ter ^ ^ member hasChildren_ter ^ ^ ^ ^ ^ 
if(parent.hasChildren()){

IfStatement condition MethodInvocation qualifier parent_ter ^ ^ member hasOneChild_ter ^ ^ ^ ^ ^ 
if(parent.hasOneChild()){

IfStatement condition MethodInvocation qualifier parent_ter ^ ^ member hasMoreThanOneChild_ter ^ ^ ^ ^ ^ 
if(parent.hasMoreThanOneChild()){

IfStatement condition MethodInvocation qualifier parent_ter ^ ^ member hasSideEffects_ter ^ ^ ^ ^ ^ 
if(parent.hasSideEffects()){

IfStatement condition MethodInvocation qualifier parent_ter ^ ^ member isQualifiedName_ter ^ ^ ^ ^ ^ 
if(parent.isQualifiedName()){

IfStatement condition MethodInvocation qualifier parent_ter ^ ^ member isUnscopedQualifiedName_ter ^ ^ ^ ^ ^ 
if(parent.isUnscopedQualifiedName()){

IfStatement condition MethodInvocation qualifier parent_ter ^ ^ member isVarArgs_ter ^ ^ ^ ^ ^ 
if(parent.isVarArgs()){

IfStatement condition MethodInvocation qualifier parent_ter ^ ^ member isOptionalArg_ter ^ ^ ^ ^ ^ 
if(parent.isOptionalArg()){

IfStatement condition MethodInvocation qualifier parent_ter ^ ^ member isSyntheticBlock_ter ^ ^ ^ ^ ^ 
if(parent.isSyntheticBlock()){

IfStatement condition MethodInvocation qualifier parent_ter ^ ^ member wasEmptyNode_ter ^ ^ ^ ^ ^ 
if(parent.wasEmptyNode()){

IfStatement condition MethodInvocation qualifier parent_ter ^ ^ member isOnlyModifiesThisCall_ter ^ ^ ^ ^ ^ 
if(parent.isOnlyModifiesThisCall()){

IfStatement condition MethodInvocation qualifier parent_ter ^ ^ member isNoSideEffectsCall_ter ^ ^ ^ ^ ^ 
if(parent.isNoSideEffectsCall()){

IfStatement condition MethodInvocation qualifier parent_ter ^ ^ member isLocalResultCall_ter ^ ^ ^ ^ ^ 
if(parent.isLocalResultCall()){

IfStatement condition MethodInvocation qualifier parent_ter ^ ^ member isQuotedString_ter ^ ^ ^ ^ ^ 
if(parent.isQuotedString()){

IfStatement condition BinaryOperation operator ==_ter ^ ^ operandl MethodInvocation qualifier n_ter ^ ^ member getType_ter ^ ^ ^ ^ operandr MemberReference qualifier Token_ter ^ ^ member FUNCTION_ter ^ ^ ^ ^ ^ ^ ^ 
if((n.getType() == Token.FUNCTION)){

IfStatement condition BinaryOperation operator ||_ter ^ ^ operandl BinaryOperation operator !=_ter ^ ^ operandl MemberReference member n_ter ^ ^ ^ ^ operandr Literal value null_ter ^ ^ ^ ^ ^ ^ operandr BinaryOperation operator ==_ter ^ ^ operandl MethodInvocation qualifier n_ter ^ ^ member getType_ter ^ ^ ^ ^ operandr MemberReference qualifier Token_ter ^ ^ member FUNCTION_ter ^ ^ ^ ^ ^ ^ ^ ^ ^ 
if(((n != null) || (n.getType() == Token.FUNCTION))){

condition BinaryOperation operator ==_ter ^ ^ operandl MethodInvocation qualifier n_ter ^ ^ member isInterface_ter ^ ^ ^ ^ operandr MemberReference qualifier Token_ter ^ ^ member FUNCTION_ter ^ ^ ^ ^ ^ ^ 
if((n.isInterface() == Token.FUNCTION)){
IfStatement condition BinaryOperation operator ==_ter ^ ^ operandl MemberReference member pType_ter ^ ^ ^ ^ operandr MemberReference qualifier Token_ter ^ ^ member BLOCK_ter ^ ^ ^ ^ ^ ^ ^ 
if((pType == Token.BLOCK)){

condition BinaryOperation operator ==_ter ^ ^ operandl MethodInvocation qualifier n_ter ^ ^ member hasThisType_ter ^ ^ ^ ^ operandr MemberReference qualifier Token_ter ^ ^ member FUNCTION_ter ^ ^ ^ ^ ^ ^ 
if((n.hasThisType() == Token.FUNCTION)){
stderr: 