stdout: else_statement -> BlockStatement
using GPU
p
path org.mockito.internal.invocation.InvocationMatcher
captureArgumentsFrom
Position(line=120, column=12)
FOUND IT!
[]
stderr: Check out 4e9d7607 to /root/projects/Recoder/buggy/Mockito-1............... OK
Init local repository...................................................... OK
Tag post-fix revision...................................................... OK
Run post-checkout hook..................................................... OK
Initialize fixed program version........................................... OK
Apply patch................................................................ OK
Initialize buggy program version........................................... OK
Diff 4e9d7607:837fd054..................................................... OK
Apply patch................................................................ OK
Tag pre-fix revision....................................................... OK
Check out program version: Mockito-1b...................................... OK
OpenJDK 64-Bit Server VM warning: ignoring option MaxPermSize=1G; support was removed in 8.0
Running ant (export.dir.src.classes)....................................... OK

0it [00:00, ?it/s]0it [00:00, ?it/s]
