stdout: condition BinaryOperation operator ||_ter ^ ^ operandl MemberReference prefix_operators !_ter ^ ^ member round_ter ^ ^ ^ ^ operandr BinaryOperation operator <_ter ^ ^ operandl MemberReference member millisecs_ter ^ ^ ^ ^ operandr Literal value 500_ter ^ ^ ^ ^ ^ ^ ^ ^ 
if((!round || (millisecs < 500))){
condition BinaryOperation operator ||_ter ^ ^ operandl MemberReference prefix_operators !_ter ^ ^ member round_ter ^ ^ ^ ^ operandr BinaryOperation operator <_ter ^ ^ operandl MemberReference member millisecs_ter ^ ^ ^ ^ operandr Literal value 0_ter ^ ^ ^ ^ ^ ^ ^ ^ 
if((!round || (millisecs < 0))){
condition BinaryOperation operator ||_ter ^ ^ operandl MemberReference prefix_operators !_ter ^ ^ member round_ter ^ ^ ^ ^ operandr BinaryOperation operator >=_ter ^ ^ operandl MemberReference member millisecs_ter ^ ^ ^ ^ operandr Literal value 500_ter ^ ^ ^ ^ ^ ^ ^ ^ 
if((!round || (millisecs >= 500))){
condition BinaryOperation operator ||_ter ^ ^ operandl MemberReference prefix_operators !_ter ^ ^ member round_ter ^ ^ ^ ^ operandr BinaryOperation operator <=_ter ^ ^ operandl MemberReference member millisecs_ter ^ ^ ^ ^ operandr Literal value 500_ter ^ ^ ^ ^ ^ ^ ^ ^ 
if((!round || (millisecs <= 500))){
condition BinaryOperation operator &&_ter ^ ^ operandl MemberReference prefix_operators !_ter ^ ^ member round_ter ^ ^ ^ ^ operandr BinaryOperation operator <_ter ^ ^ operandl MemberReference member millisecs_ter ^ ^ ^ ^ operandr Literal value 500_ter ^ ^ ^ ^ ^ ^ ^ ^ 
if((!round && (millisecs < 500))){
condition BinaryOperation operator ||_ter ^ ^ operandl MemberReference prefix_operators !_ter ^ ^ member round_ter ^ ^ ^ ^ operandr BinaryOperation operator <_ter ^ ^ operandl MemberReference member millisecs_ter ^ ^ ^ ^ operandr Literal value 1_ter ^ ^ ^ ^ ^ ^ ^ ^ 
if((!round || (millisecs < 1))){
condition BinaryOperation operator ||_ter ^ ^ operandl MemberReference prefix_operators !_ter ^ ^ member round_ter ^ ^ ^ ^ operandr BinaryOperation operator >_ter ^ ^ operandl MemberReference member millisecs_ter ^ ^ ^ ^ operandr Literal value 500_ter ^ ^ ^ ^ ^ ^ ^ ^ 
if((!round || (millisecs > 500))){
IfStatement condition BinaryOperation operator <_ter ^ ^ operandl MemberReference member millisecs_ter ^ ^ ^ ^ operandr Literal value 500_ter ^ ^ ^ ^ ^ ^ ^ 
if((millisecs < 500)){

condition BinaryOperation operator ||_ter ^ ^ operandl MemberReference prefix_operators !_ter ^ ^ member round_ter ^ ^ ^ ^ operandr BinaryOperation operator <_ter ^ ^ operandl MemberReference member millisecs_ter ^ ^ ^ ^ operandr Literal prefix_operators -_ter ^ ^ value 1_ter ^ ^ ^ ^ ^ ^ ^ ^ 
if((!round || (millisecs < -1))){
condition BinaryOperation operator ||_ter ^ ^ operandl MemberReference member millisecs_ter ^ ^ ^ ^ operandr BinaryOperation operator <_ter ^ ^ operandl MemberReference member millisecs_ter ^ ^ ^ ^ operandr Literal value 500_ter ^ ^ ^ ^ ^ ^ ^ ^ 
if((millisecs || (millisecs < 500))){
condition BinaryOperation operator ||_ter ^ ^ operandl MemberReference prefix_operators !_ter ^ ^ member round_ter ^ ^ ^ ^ operandr BinaryOperation operator <_ter ^ ^ operandl MemberReference member millisecs_ter ^ ^ ^ ^ operandr Literal value 2_ter ^ ^ ^ ^ ^ ^ ^ ^ 
if((!round || (millisecs < 2))){
condition BinaryOperation operator ||_ter ^ ^ operandl MemberReference prefix_operators !_ter ^ ^ member round_ter ^ ^ ^ ^ operandr BinaryOperation operator <_ter ^ ^ operandl MemberReference member millisecs_ter ^ ^ ^ ^ operandr Literal value false_ter ^ ^ ^ ^ ^ ^ ^ ^ 
if((!round || (millisecs < false))){
condition BinaryOperation operator ||_ter ^ ^ operandl MemberReference prefix_operators !_ter ^ ^ member round_ter ^ ^ ^ ^ operandr BinaryOperation operator ==_ter ^ ^ operandl MemberReference member millisecs_ter ^ ^ ^ ^ operandr Literal value 500_ter ^ ^ ^ ^ ^ ^ ^ ^ 
if((!round || (millisecs == 500))){
IfStatement condition MemberReference member millisecs_ter ^ ^ ^ ^ ^ 
if(millisecs){

condition BinaryOperation operator ||_ter ^ ^ operandl MemberReference prefix_operators !_ter ^ ^ member round_ter ^ ^ ^ ^ operandr BinaryOperation operator <_ter ^ ^ operandl MemberReference member millisecs_ter ^ ^ ^ ^ operandr Literal value true_ter ^ ^ ^ ^ ^ ^ ^ ^ 
if((!round || (millisecs < true))){
IfStatement condition MemberReference prefix_operators !_ter ^ ^ member millisecs_ter ^ ^ ^ ^ ^ 
if(!millisecs){

condition BinaryOperation operator ||_ter ^ ^ operandl MemberReference prefix_operators !_ter ^ ^ member round_ter ^ ^ ^ ^ operandr BinaryOperation operator <_ter ^ ^ operandl MemberReference member millisecs_ter ^ ^ ^ ^ operandr Literal value null_ter ^ ^ ^ ^ ^ ^ ^ ^ 
if((!round || (millisecs < null))){
condition BinaryOperation operator ||_ter ^ ^ operandl MemberReference member round_ter ^ ^ ^ ^ operandr BinaryOperation operator <_ter ^ ^ operandl MemberReference member millisecs_ter ^ ^ ^ ^ operandr Literal value 500_ter ^ ^ ^ ^ ^ ^ ^ ^ 
if((round || (millisecs < 500))){
condition BinaryOperation operator ||_ter ^ ^ operandl MemberReference member done_ter ^ ^ ^ ^ operandr BinaryOperation operator <_ter ^ ^ operandl MemberReference member millisecs_ter ^ ^ ^ ^ operandr Literal value 500_ter ^ ^ ^ ^ ^ ^ ^ ^ 
if((done || (millisecs < 500))){
IfStatement condition MemberReference member round_ter ^ ^ ^ ^ ^ 
if(round){

condition BinaryOperation operator ||_ter ^ ^ operandl MemberReference prefix_operators !_ter ^ ^ member round_ter ^ ^ ^ ^ operandr BinaryOperation operator !=_ter ^ ^ operandl MemberReference member millisecs_ter ^ ^ ^ ^ operandr Literal value 500_ter ^ ^ ^ ^ ^ ^ ^ ^ 
if((!round || (millisecs != 500))){
IfStatement condition MemberReference prefix_operators !_ter ^ ^ member round_ter ^ ^ ^ ^ ^ 
if(!round){

condition BinaryOperation operator ||_ter ^ ^ operandl MemberReference prefix_operators !_ter ^ ^ member round_ter ^ ^ ^ ^ operandr BinaryOperation operator <_ter ^ ^ operandl MemberReference member millisecs_ter ^ ^ ^ ^ operandr Literal value <string>_ter ^ ^ ^ ^ ^ ^ ^ ^ 
if((!round || (millisecs < "null"))){
condition BinaryOperation operator ||_ter ^ ^ operandl MemberReference member time_ter ^ ^ ^ ^ operandr BinaryOperation operator <_ter ^ ^ operandl MemberReference member millisecs_ter ^ ^ ^ ^ operandr Literal value 500_ter ^ ^ ^ ^ ^ ^ ^ ^ 
if((time || (millisecs < 500))){
condition BinaryOperation operator ||_ter ^ ^ operandl MemberReference prefix_operators !_ter ^ ^ member millisecs_ter ^ ^ ^ ^ operandr BinaryOperation operator <_ter ^ ^ operandl MemberReference member millisecs_ter ^ ^ ^ ^ operandr Literal value 500_ter ^ ^ ^ ^ ^ ^ ^ ^ 
if((!millisecs || (millisecs < 500))){
condition BinaryOperation operator ||_ter ^ ^ operandl MemberReference prefix_operators -_ter ^ ^ member millisecs_ter ^ ^ ^ ^ operandr BinaryOperation operator <_ter ^ ^ operandl MemberReference member millisecs_ter ^ ^ ^ ^ operandr Literal value 500_ter ^ ^ ^ ^ ^ ^ ^ ^ 
if((-millisecs || (millisecs < 500))){
condition BinaryOperation operator ||_ter ^ ^ operandl MemberReference member field_ter ^ ^ ^ ^ operandr BinaryOperation operator <_ter ^ ^ operandl MemberReference member millisecs_ter ^ ^ ^ ^ operandr Literal value 500_ter ^ ^ ^ ^ ^ ^ ^ ^ 
if((field || (millisecs < 500))){
IfStatement condition BinaryOperation operator ||_ter ^ ^ operandl MemberReference prefix_operators !_ter ^ ^ member round_ter ^ ^ ^ ^ operandr BinaryOperation operator <_ter ^ ^ operandl MemberReference member millisecs_ter ^ ^ ^ ^ operandr Literal value 500_ter ^ ^ ^ ^ ^ ^ ^ ^ ^ 
if((!round || (millisecs < 500))){

IfStatement condition MethodInvocation qualifier val_ter ^ ^ arguments MemberReference qualifier Calendar_ter ^ ^ member SECOND_ter ^ ^ ^ ^ member get_ter ^ ^ ^ ^ ^ 
if(val.get(Calendar.SECOND)){

condition BinaryOperation operator ||_ter ^ ^ operandl MemberReference prefix_operators !_ter ^ ^ member round_ter ^ ^ ^ ^ operandr BinaryOperation operator ||_ter ^ ^ operandl MemberReference member millisecs_ter ^ ^ ^ ^ operandr Literal value 500_ter ^ ^ ^ ^ ^ ^ ^ ^ 
if((!round || (millisecs || 500))){
IfStatement condition MethodInvocation qualifier val_ter ^ ^ arguments MemberReference qualifier Calendar_ter ^ ^ member MILLISECOND_ter ^ ^ ^ ^ member get_ter ^ ^ ^ ^ ^ 
if(val.get(Calendar.MILLISECOND)){

IfStatement condition BinaryOperation operator ||_ter ^ ^ operandl BinaryOperation operator ||_ter ^ ^ operandl MemberReference prefix_operators !_ter ^ ^ member round_ter ^ ^ ^ ^ operandr BinaryOperation operator <_ter ^ ^ operandl MemberReference member millisecs_ter ^ ^ ^ ^ operandr Literal value 500_ter ^ ^ ^ ^ ^ ^ ^ ^ operandr MemberReference member millisecs_ter ^ ^ ^ ^ ^ ^ ^ 
if(((!round || (millisecs < 500)) || millisecs)){

IfStatement condition BinaryOperation operator ||_ter ^ ^ operandl MemberReference member millisecs_ter ^ ^ ^ ^ operandr BinaryOperation operator ||_ter ^ ^ operandl MemberReference prefix_operators !_ter ^ ^ member round_ter ^ ^ ^ ^ operandr BinaryOperation operator <_ter ^ ^ operandl MemberReference member millisecs_ter ^ ^ ^ ^ operandr Literal value 500_ter ^ ^ ^ ^ ^ ^ ^ ^ ^ ^ ^ 
if((millisecs || (!round || (millisecs < 500)))){

condition BinaryOperation operator ==_ter ^ ^ operandl MemberReference prefix_operators !_ter ^ ^ member round_ter ^ ^ ^ ^ operandr BinaryOperation operator <_ter ^ ^ operandl MemberReference member millisecs_ter ^ ^ ^ ^ operandr Literal value 500_ter ^ ^ ^ ^ ^ ^ ^ ^ 
if((!round == (millisecs < 500))){
IfStatement condition BinaryOperation operator ||_ter ^ ^ operandl MemberReference member millisecs_ter ^ ^ ^ ^ operandr BinaryOperation operator <_ter ^ ^ operandl MemberReference member millisecs_ter ^ ^ ^ ^ operandr Literal value 500_ter ^ ^ ^ ^ ^ ^ ^ ^ ^ 
if((millisecs || (millisecs < 500))){

condition BinaryOperation operator ||_ter ^ ^ operandl MemberReference prefix_operators -_ter ^ ^ member round_ter ^ ^ ^ ^ operandr BinaryOperation operator <_ter ^ ^ operandl MemberReference member millisecs_ter ^ ^ ^ ^ operandr Literal value 500_ter ^ ^ ^ ^ ^ ^ ^ ^ 
if((-round || (millisecs < 500))){
condition BinaryOperation operator !=_ter ^ ^ operandl MemberReference prefix_operators !_ter ^ ^ member round_ter ^ ^ ^ ^ operandr BinaryOperation operator <_ter ^ ^ operandl MemberReference member millisecs_ter ^ ^ ^ ^ operandr Literal value 500_ter ^ ^ ^ ^ ^ ^ ^ ^ 
if((!round != (millisecs < 500))){
condition BinaryOperation operator <_ter ^ ^ operandl MemberReference prefix_operators !_ter ^ ^ member round_ter ^ ^ ^ ^ operandr BinaryOperation operator <_ter ^ ^ operandl MemberReference member millisecs_ter ^ ^ ^ ^ operandr Literal value 500_ter ^ ^ ^ ^ ^ ^ ^ ^ 
if((!round < (millisecs < 500))){
condition BinaryOperation operator ||_ter ^ ^ operandl MemberReference prefix_operators !_ter ^ ^ member round_ter ^ ^ ^ ^ operandr BinaryOperation operator &&_ter ^ ^ operandl MemberReference member millisecs_ter ^ ^ ^ ^ operandr Literal value 500_ter ^ ^ ^ ^ ^ ^ ^ ^ 
if((!round || (millisecs && 500))){
condition BinaryOperation operator ||_ter ^ ^ operandl MemberReference prefix_operators !_ter ^ ^ member round_ter ^ ^ ^ ^ operandr BinaryOperation operator <_ter ^ ^ operandl MemberReference member millisecs_ter ^ ^ ^ ^ operandr Literal prefix_operators -_ter ^ ^ value 2_ter ^ ^ ^ ^ ^ ^ ^ ^ 
if((!round || (millisecs < -2))){
IfStatement condition MemberReference member done_ter ^ ^ ^ ^ ^ 
if(done){

condition BinaryOperation operator ||_ter ^ ^ operandl MemberReference prefix_operators !_ter ^ ^ member round_ter ^ ^ ^ ^ operandr BinaryOperation operator <_ter ^ ^ operandl MemberReference member millisecs_ter ^ ^ ^ ^ operandr Literal prefix_operators -_ter ^ ^ value <string>_ter ^ ^ ^ ^ ^ ^ ^ ^ 
if((!round || (millisecs < -"null"))){
condition BinaryOperation operator >_ter ^ ^ operandl MemberReference prefix_operators !_ter ^ ^ member round_ter ^ ^ ^ ^ operandr BinaryOperation operator <_ter ^ ^ operandl MemberReference member millisecs_ter ^ ^ ^ ^ operandr Literal value 500_ter ^ ^ ^ ^ ^ ^ ^ ^ 
if((!round > (millisecs < 500))){
condition BinaryOperation operator ||_ter ^ ^ operandl MemberReference prefix_operators !_ter ^ ^ member round_ter ^ ^ ^ ^ operandr BinaryOperation operator -_ter ^ ^ operandl MemberReference member millisecs_ter ^ ^ ^ ^ operandr Literal value 500_ter ^ ^ ^ ^ ^ ^ ^ ^ 
if((!round || (millisecs - 500))){
condition BinaryOperation operator ||_ter ^ ^ operandl MemberReference prefix_operators !_ter ^ ^ member round_ter ^ ^ ^ ^ operandr BinaryOperation operator <_ter ^ ^ operandl MemberReference member round_ter ^ ^ ^ ^ operandr Literal value 500_ter ^ ^ ^ ^ ^ ^ ^ ^ 
if((!round || (round < 500))){
condition BinaryOperation operator ||_ter ^ ^ operandl MemberReference prefix_operators !_ter ^ ^ member round_ter ^ ^ ^ ^ operandr BinaryOperation operator <_ter ^ ^ operandl MemberReference member millisecs_ter ^ ^ ^ ^ operandr Literal prefix_operators -_ter ^ ^ value false_ter ^ ^ ^ ^ ^ ^ ^ ^ 
if((!round || (millisecs < -false))){
condition BinaryOperation operator ||_ter ^ ^ operandl MemberReference prefix_operators !_ter ^ ^ member round_ter ^ ^ ^ ^ operandr BinaryOperation operator <_ter ^ ^ operandl MemberReference member done_ter ^ ^ ^ ^ operandr Literal value 500_ter ^ ^ ^ ^ ^ ^ ^ ^ 
if((!round || (done < 500))){
condition BinaryOperation operator &&_ter ^ ^ operandl MemberReference prefix_operators !_ter ^ ^ member done_ter ^ ^ ^ ^ operandr BinaryOperation operator ||_ter ^ ^ operandl MemberReference prefix_operators !_ter ^ ^ member round_ter ^ ^ ^ ^ operandr BinaryOperation operator <_ter ^ ^ operandl MemberReference member seconds_ter ^ ^ ^ ^ operandr Literal value 0_ter ^ ^ ^ ^ ^ ^ ^ ^ ^ ^ 
if((!done && (!round || (seconds < 0)))){
condition BinaryOperation operator &&_ter ^ ^ operandl MemberReference prefix_operators !_ter ^ ^ member done_ter ^ ^ ^ ^ operandr BinaryOperation operator ||_ter ^ ^ operandl MemberReference prefix_operators !_ter ^ ^ member round_ter ^ ^ ^ ^ operandr BinaryOperation operator <_ter ^ ^ operandl MemberReference member seconds_ter ^ ^ ^ ^ operandr Literal value 1_ter ^ ^ ^ ^ ^ ^ ^ ^ ^ ^ 
if((!done && (!round || (seconds < 1)))){
condition BinaryOperation operator &&_ter ^ ^ operandl MemberReference prefix_operators !_ter ^ ^ member done_ter ^ ^ ^ ^ operandr BinaryOperation operator ||_ter ^ ^ operandl MemberReference prefix_operators !_ter ^ ^ member round_ter ^ ^ ^ ^ operandr BinaryOperation operator <_ter ^ ^ operandl MemberReference member seconds_ter ^ ^ ^ ^ operandr Literal value 2_ter ^ ^ ^ ^ ^ ^ ^ ^ ^ ^ 
if((!done && (!round || (seconds < 2)))){
condition BinaryOperation operator &&_ter ^ ^ operandl MemberReference prefix_operators !_ter ^ ^ member done_ter ^ ^ ^ ^ operandr BinaryOperation operator ||_ter ^ ^ operandl MemberReference prefix_operators !_ter ^ ^ member round_ter ^ ^ ^ ^ operandr BinaryOperation operator <_ter ^ ^ operandl MemberReference member seconds_ter ^ ^ ^ ^ operandr Literal prefix_operators -_ter ^ ^ value 1_ter ^ ^ ^ ^ ^ ^ ^ ^ ^ ^ 
if((!done && (!round || (seconds < -1)))){
condition BinaryOperation operator &&_ter ^ ^ operandl MemberReference prefix_operators !_ter ^ ^ member done_ter ^ ^ ^ ^ operandr BinaryOperation operator ||_ter ^ ^ operandl MemberReference prefix_operators !_ter ^ ^ member round_ter ^ ^ ^ ^ operandr BinaryOperation operator <_ter ^ ^ operandl MemberReference member seconds_ter ^ ^ ^ ^ operandr Literal value 1000L_ter ^ ^ ^ ^ ^ ^ ^ ^ ^ ^ 
if((!done && (!round || (seconds < 1000L)))){
condition BinaryOperation operator &&_ter ^ ^ operandl MemberReference prefix_operators !_ter ^ ^ member done_ter ^ ^ ^ ^ operandr BinaryOperation operator ||_ter ^ ^ operandl MemberReference prefix_operators !_ter ^ ^ member round_ter ^ ^ ^ ^ operandr BinaryOperation operator <_ter ^ ^ operandl MemberReference member seconds_ter ^ ^ ^ ^ operandr Literal value false_ter ^ ^ ^ ^ ^ ^ ^ ^ ^ ^ 
if((!done && (!round || (seconds < false)))){
IfStatement condition BinaryOperation operator ||_ter ^ ^ operandl MemberReference prefix_operators !_ter ^ ^ member round_ter ^ ^ ^ ^ operandr BinaryOperation operator <_ter ^ ^ operandl MemberReference member seconds_ter ^ ^ ^ ^ operandr Literal value 30_ter ^ ^ ^ ^ ^ ^ ^ ^ ^ 
if((!round || (seconds < 30))){

condition BinaryOperation operator &&_ter ^ ^ operandl MemberReference prefix_operators !_ter ^ ^ member done_ter ^ ^ ^ ^ operandr BinaryOperation operator ||_ter ^ ^ operandl MemberReference prefix_operators !_ter ^ ^ member round_ter ^ ^ ^ ^ operandr BinaryOperation operator <_ter ^ ^ operandl MemberReference member seconds_ter ^ ^ ^ ^ operandr Literal value 30_ter ^ ^ ^ ^ ^ ^ ^ ^ ^ ^ 
if((!done && (!round || (seconds < 30)))){
condition BinaryOperation operator &&_ter ^ ^ operandl MemberReference prefix_operators !_ter ^ ^ member done_ter ^ ^ ^ ^ operandr BinaryOperation operator ||_ter ^ ^ operandl MemberReference prefix_operators !_ter ^ ^ member round_ter ^ ^ ^ ^ operandr BinaryOperation operator <_ter ^ ^ operandl MemberReference member seconds_ter ^ ^ ^ ^ operandr Literal value <string>_ter ^ ^ ^ ^ ^ ^ ^ ^ ^ ^ 
if((!done && (!round || (seconds < "null")))){
condition BinaryOperation operator &&_ter ^ ^ operandl MemberReference prefix_operators !_ter ^ ^ member done_ter ^ ^ ^ ^ operandr BinaryOperation operator ||_ter ^ ^ operandl MemberReference prefix_operators !_ter ^ ^ member round_ter ^ ^ ^ ^ operandr BinaryOperation operator >_ter ^ ^ operandl MemberReference member seconds_ter ^ ^ ^ ^ operandr Literal value 30_ter ^ ^ ^ ^ ^ ^ ^ ^ ^ ^ 
if((!done && (!round || (seconds > 30)))){
condition BinaryOperation operator &&_ter ^ ^ operandl MemberReference prefix_operators !_ter ^ ^ member done_ter ^ ^ ^ ^ operandr BinaryOperation operator ||_ter ^ ^ operandl MemberReference prefix_operators !_ter ^ ^ member round_ter ^ ^ ^ ^ operandr BinaryOperation operator >=_ter ^ ^ operandl MemberReference member seconds_ter ^ ^ ^ ^ operandr Literal value 30_ter ^ ^ ^ ^ ^ ^ ^ ^ ^ ^ 
if((!done && (!round || (seconds >= 30)))){
condition BinaryOperation operator &&_ter ^ ^ operandl MemberReference prefix_operators !_ter ^ ^ member done_ter ^ ^ ^ ^ operandr BinaryOperation operator ||_ter ^ ^ operandl MemberReference prefix_operators !_ter ^ ^ member round_ter ^ ^ ^ ^ operandr BinaryOperation operator <_ter ^ ^ operandl MemberReference member seconds_ter ^ ^ ^ ^ operandr Literal prefix_operators -_ter ^ ^ value <string>_ter ^ ^ ^ ^ ^ ^ ^ ^ ^ ^ 
if((!done && (!round || (seconds < -"null")))){
condition BinaryOperation operator &&_ter ^ ^ operandl MemberReference prefix_operators !_ter ^ ^ member done_ter ^ ^ ^ ^ operandr BinaryOperation operator ||_ter ^ ^ operandl MemberReference prefix_operators !_ter ^ ^ member round_ter ^ ^ ^ ^ operandr BinaryOperation operator <_ter ^ ^ operandl MemberReference member seconds_ter ^ ^ ^ ^ operandr Literal value true_ter ^ ^ ^ ^ ^ ^ ^ ^ ^ ^ 
if((!done && (!round || (seconds < true)))){
condition BinaryOperation operator &&_ter ^ ^ operandl MemberReference prefix_operators !_ter ^ ^ member done_ter ^ ^ ^ ^ operandr BinaryOperation operator ||_ter ^ ^ operandl MemberReference prefix_operators !_ter ^ ^ member round_ter ^ ^ ^ ^ operandr BinaryOperation operator <_ter ^ ^ operandl MemberReference member seconds_ter ^ ^ ^ ^ operandr Literal value null_ter ^ ^ ^ ^ ^ ^ ^ ^ ^ ^ 
if((!done && (!round || (seconds < null)))){
condition BinaryOperation operator &&_ter ^ ^ operandl MemberReference prefix_operators !_ter ^ ^ member done_ter ^ ^ ^ ^ operandr BinaryOperation operator ||_ter ^ ^ operandl MemberReference prefix_operators !_ter ^ ^ member round_ter ^ ^ ^ ^ operandr BinaryOperation operator <=_ter ^ ^ operandl MemberReference member seconds_ter ^ ^ ^ ^ operandr Literal value 30_ter ^ ^ ^ ^ ^ ^ ^ ^ ^ ^ 
if((!done && (!round || (seconds <= 30)))){
condition BinaryOperation operator &&_ter ^ ^ operandl MemberReference prefix_operators !_ter ^ ^ member done_ter ^ ^ ^ ^ operandr BinaryOperation operator ||_ter ^ ^ operandl MemberReference prefix_operators !_ter ^ ^ member round_ter ^ ^ ^ ^ operandr BinaryOperation operator ==_ter ^ ^ operandl MemberReference member seconds_ter ^ ^ ^ ^ operandr Literal value 30_ter ^ ^ ^ ^ ^ ^ ^ ^ ^ ^ 
if((!done && (!round || (seconds == 30)))){
condition BinaryOperation operator &&_ter ^ ^ operandl MemberReference prefix_operators !_ter ^ ^ member done_ter ^ ^ ^ ^ operandr BinaryOperation operator ||_ter ^ ^ operandl MemberReference prefix_operators !_ter ^ ^ member round_ter ^ ^ ^ ^ operandr BinaryOperation operator <_ter ^ ^ operandl MemberReference member seconds_ter ^ ^ ^ ^ operandr Literal prefix_operators -_ter ^ ^ value 2_ter ^ ^ ^ ^ ^ ^ ^ ^ ^ ^ 
if((!done && (!round || (seconds < -2)))){
condition BinaryOperation operator &&_ter ^ ^ operandl MemberReference prefix_operators !_ter ^ ^ member done_ter ^ ^ ^ ^ operandr BinaryOperation operator ||_ter ^ ^ operandl MemberReference prefix_operators !_ter ^ ^ member round_ter ^ ^ ^ ^ operandr BinaryOperation operator <_ter ^ ^ operandl MemberReference member seconds_ter ^ ^ ^ ^ operandr Literal prefix_operators -_ter ^ ^ value true_ter ^ ^ ^ ^ ^ ^ ^ ^ ^ ^ 
if((!done && (!round || (seconds < -true)))){
IfStatement condition BinaryOperation operator <_ter ^ ^ operandl MemberReference member seconds_ter ^ ^ ^ ^ operandr Literal value 30_ter ^ ^ ^ ^ ^ ^ ^ 
if((seconds < 30)){

IfStatement condition MemberReference member seconds_ter ^ ^ ^ ^ ^ 
if(seconds){

condition BinaryOperation operator &&_ter ^ ^ operandl MemberReference prefix_operators !_ter ^ ^ member done_ter ^ ^ ^ ^ operandr BinaryOperation operator ||_ter ^ ^ operandl MemberReference prefix_operators !_ter ^ ^ member round_ter ^ ^ ^ ^ operandr BinaryOperation operator <_ter ^ ^ operandl MemberReference member seconds_ter ^ ^ ^ ^ operandr Literal prefix_operators -_ter ^ ^ value false_ter ^ ^ ^ ^ ^ ^ ^ ^ ^ ^ 
if((!done && (!round || (seconds < -false)))){
IfStatement condition MemberReference prefix_operators !_ter ^ ^ member seconds_ter ^ ^ ^ ^ ^ 
if(!seconds){

condition BinaryOperation operator &&_ter ^ ^ operandl MemberReference prefix_operators !_ter ^ ^ member done_ter ^ ^ ^ ^ operandr BinaryOperation operator ||_ter ^ ^ operandl MemberReference prefix_operators !_ter ^ ^ member round_ter ^ ^ ^ ^ operandr BinaryOperation operator !=_ter ^ ^ operandl MemberReference member seconds_ter ^ ^ ^ ^ operandr Literal value 30_ter ^ ^ ^ ^ ^ ^ ^ ^ ^ ^ 
if((!done && (!round || (seconds != 30)))){
IfStatement condition MemberReference member round_ter ^ ^ ^ ^ ^ 
if(round){

IfStatement condition MemberReference member done_ter ^ ^ ^ ^ ^ 
if(done){

IfStatement condition BinaryOperation operator &&_ter ^ ^ operandl BinaryOperation operator &&_ter ^ ^ operandl MemberReference prefix_operators !_ter ^ ^ member done_ter ^ ^ ^ ^ operandr BinaryOperation operator ||_ter ^ ^ operandl MemberReference prefix_operators !_ter ^ ^ member round_ter ^ ^ ^ ^ operandr BinaryOperation operator <_ter ^ ^ operandl MemberReference member seconds_ter ^ ^ ^ ^ operandr Literal value 30_ter ^ ^ ^ ^ ^ ^ ^ ^ ^ ^ operandr BinaryOperation operator ||_ter ^ ^ operandl MemberReference prefix_operators !_ter ^ ^ member round_ter ^ ^ ^ ^ operandr BinaryOperation operator <_ter ^ ^ operandl MemberReference member seconds_ter ^ ^ ^ ^ operandr Literal value 30_ter ^ ^ ^ ^ ^ ^ ^ ^ ^ ^ ^ 
if(((!done && (!round || (seconds < 30))) && (!round || (seconds < 30)))){

IfStatement condition MemberReference prefix_operators !_ter ^ ^ member round_ter ^ ^ ^ ^ ^ 
if(!round){

IfStatement condition MemberReference prefix_operators !_ter ^ ^ member done_ter ^ ^ ^ ^ ^ 
if(!done){

condition BinaryOperation operator &&_ter ^ ^ operandl MemberReference prefix_operators !_ter ^ ^ member done_ter ^ ^ ^ ^ operandr BinaryOperation operator ||_ter ^ ^ operandl MemberReference prefix_operators !_ter ^ ^ member round_ter ^ ^ ^ ^ operandr BinaryOperation operator ||_ter ^ ^ operandl MemberReference member seconds_ter ^ ^ ^ ^ operandr Literal value 30_ter ^ ^ ^ ^ ^ ^ ^ ^ ^ ^ 
if((!done && (!round || (seconds || 30)))){
condition BinaryOperation operator &&_ter ^ ^ operandl MemberReference prefix_operators !_ter ^ ^ member done_ter ^ ^ ^ ^ operandr BinaryOperation operator ||_ter ^ ^ operandl MemberReference prefix_operators !_ter ^ ^ member round_ter ^ ^ ^ ^ operandr BinaryOperation operator &&_ter ^ ^ operandl MemberReference member seconds_ter ^ ^ ^ ^ operandr Literal value 30_ter ^ ^ ^ ^ ^ ^ ^ ^ ^ ^ 
if((!done && (!round || (seconds && 30)))){
IfStatement condition MethodInvocation qualifier val_ter ^ ^ arguments MemberReference qualifier Calendar_ter ^ ^ member SECOND_ter ^ ^ ^ ^ member get_ter ^ ^ ^ ^ ^ 
if(val.get(Calendar.SECOND)){

condition BinaryOperation operator &&_ter ^ ^ operandl MemberReference member seconds_ter ^ ^ ^ ^ operandr BinaryOperation operator ||_ter ^ ^ operandl MemberReference prefix_operators !_ter ^ ^ member round_ter ^ ^ ^ ^ operandr BinaryOperation operator <_ter ^ ^ operandl MemberReference member seconds_ter ^ ^ ^ ^ operandr Literal value 30_ter ^ ^ ^ ^ ^ ^ ^ ^ ^ ^ 
if((seconds && (!round || (seconds < 30)))){
IfStatement condition BinaryOperation operator &&_ter ^ ^ operandl BinaryOperation operator &&_ter ^ ^ operandl MemberReference prefix_operators !_ter ^ ^ member done_ter ^ ^ ^ ^ operandr BinaryOperation operator ||_ter ^ ^ operandl MemberReference prefix_operators !_ter ^ ^ member round_ter ^ ^ ^ ^ operandr BinaryOperation operator <_ter ^ ^ operandl MemberReference member seconds_ter ^ ^ ^ ^ operandr Literal value 30_ter ^ ^ ^ ^ ^ ^ ^ ^ ^ ^ operandr MemberReference member seconds_ter ^ ^ ^ ^ ^ ^ ^ 
if(((!done && (!round || (seconds < 30))) && seconds)){

condition BinaryOperation operator &&_ter ^ ^ operandl MemberReference prefix_operators !_ter ^ ^ member done_ter ^ ^ ^ ^ operandr BinaryOperation operator ||_ter ^ ^ operandl MemberReference prefix_operators !_ter ^ ^ member round_ter ^ ^ ^ ^ operandr BinaryOperation operator <_ter ^ ^ operandl MemberReference member seconds_ter ^ ^ ^ ^ operandr Literal prefix_operators !_ter ^ ^ value 1_ter ^ ^ ^ ^ ^ ^ ^ ^ ^ ^ 
if((!done && (!round || (seconds < !1)))){
condition BinaryOperation operator ||_ter ^ ^ operandl MemberReference prefix_operators !_ter ^ ^ member done_ter ^ ^ ^ ^ operandr BinaryOperation operator ||_ter ^ ^ operandl MemberReference prefix_operators !_ter ^ ^ member round_ter ^ ^ ^ ^ operandr BinaryOperation operator <_ter ^ ^ operandl MemberReference member seconds_ter ^ ^ ^ ^ operandr Literal value 30_ter ^ ^ ^ ^ ^ ^ ^ ^ ^ ^ 
if((!done || (!round || (seconds < 30)))){
IfStatement condition MethodInvocation qualifier val_ter ^ ^ arguments MemberReference qualifier Calendar_ter ^ ^ member MINUTE_ter ^ ^ ^ ^ member get_ter ^ ^ ^ ^ ^ 
if(val.get(Calendar.MINUTE)){

IfStatement condition MemberReference member time_ter ^ ^ ^ ^ ^ 
if(time){

IfStatement condition BinaryOperation operator &&_ter ^ ^ operandl MemberReference prefix_operators !_ter ^ ^ member done_ter ^ ^ ^ ^ operandr BinaryOperation operator ||_ter ^ ^ operandl MemberReference prefix_operators !_ter ^ ^ member round_ter ^ ^ ^ ^ operandr BinaryOperation operator <_ter ^ ^ operandl MemberReference member seconds_ter ^ ^ ^ ^ operandr Literal value 30_ter ^ ^ ^ ^ ^ ^ ^ ^ ^ ^ ^ 
if((!done && (!round || (seconds < 30)))){

condition BinaryOperation operator &&_ter ^ ^ operandl MemberReference prefix_operators !_ter ^ ^ member done_ter ^ ^ ^ ^ operandr BinaryOperation operator ||_ter ^ ^ operandl MemberReference prefix_operators !_ter ^ ^ member round_ter ^ ^ ^ ^ operandr BinaryOperation operator <_ter ^ ^ operandl MemberReference member seconds_ter ^ ^ ^ ^ operandr Literal prefix_operators !_ter ^ ^ value <string>_ter ^ ^ ^ ^ ^ ^ ^ ^ ^ ^ 
if((!done && (!round || (seconds < !"null")))){
IfStatement condition MemberReference member field_ter ^ ^ ^ ^ ^ 
if(field){

condition BinaryOperation operator &&_ter ^ ^ operandl MemberReference prefix_operators !_ter ^ ^ member done_ter ^ ^ ^ ^ operandr BinaryOperation operator ||_ter ^ ^ operandl MemberReference member seconds_ter ^ ^ ^ ^ operandr BinaryOperation operator <_ter ^ ^ operandl MemberReference member seconds_ter ^ ^ ^ ^ operandr Literal value 30_ter ^ ^ ^ ^ ^ ^ ^ ^ ^ ^ 
if((!done && (seconds || (seconds < 30)))){
condition BinaryOperation operator &&_ter ^ ^ operandl MemberReference prefix_operators !_ter ^ ^ member done_ter ^ ^ ^ ^ operandr BinaryOperation operator ||_ter ^ ^ operandl MemberReference prefix_operators !_ter ^ ^ member round_ter ^ ^ ^ ^ operandr BinaryOperation operator <_ter ^ ^ operandl MemberReference member seconds_ter ^ ^ ^ ^ operandr Literal prefix_operators -_ter ^ ^ value 0_ter ^ ^ ^ ^ ^ ^ ^ ^ ^ ^ 
if((!done && (!round || (seconds < -0)))){
condition BinaryOperation operator &&_ter ^ ^ operandl MemberReference prefix_operators !_ter ^ ^ member done_ter ^ ^ ^ ^ operandr BinaryOperation operator ||_ter ^ ^ operandl MemberReference prefix_operators !_ter ^ ^ member round_ter ^ ^ ^ ^ operandr BinaryOperation operator <_ter ^ ^ operandl MemberReference member seconds_ter ^ ^ ^ ^ operandr Literal prefix_operators -_ter ^ ^ value null_ter ^ ^ ^ ^ ^ ^ ^ ^ ^ ^ 
if((!done && (!round || (seconds < -null)))){
condition BinaryOperation operator &&_ter ^ ^ operandl MemberReference prefix_operators !_ter ^ ^ member done_ter ^ ^ ^ ^ operandr BinaryOperation operator ||_ter ^ ^ operandl MemberReference prefix_operators !_ter ^ ^ member round_ter ^ ^ ^ ^ operandr BinaryOperation operator -_ter ^ ^ operandl MemberReference member seconds_ter ^ ^ ^ ^ operandr Literal value 30_ter ^ ^ ^ ^ ^ ^ ^ ^ ^ ^ 
if((!done && (!round || (seconds - 30)))){
StatementExpression expression Assignment expressionl MemberReference member time_ter ^ ^ ^ ^ value BinaryOperation operator -_ter ^ ^ operandl MemberReference member time_ter ^ ^ ^ ^ operandr BinaryOperation operator *_ter ^ ^ operandl MemberReference member seconds_ter ^ ^ ^ ^ operandr Literal value 1000L_ter ^ ^ ^ ^ ^ ^ ^ ^ type =_ter ^ ^ ^ ^ ^ 
time = (time - (seconds * 1000L));

StatementExpression expression Assignment expressionl MemberReference member done_ter ^ ^ ^ ^ value Literal value true_ter ^ ^ ^ ^ type =_ter ^ ^ ^ ^ ^ 
done = true;

condition BinaryOperation operator &&_ter ^ ^ operandl MemberReference prefix_operators !_ter ^ ^ member done_ter ^ ^ ^ ^ operandr BinaryOperation operator ||_ter ^ ^ operandl MemberReference prefix_operators !_ter ^ ^ member round_ter ^ ^ ^ ^ operandr BinaryOperation operator &_ter ^ ^ operandl MemberReference member seconds_ter ^ ^ ^ ^ operandr Literal value 30_ter ^ ^ ^ ^ ^ ^ ^ ^ ^ ^ 
if((!done && (!round || (seconds & 30)))){
condition BinaryOperation operator &&_ter ^ ^ operandl MemberReference member round_ter ^ ^ ^ ^ operandr BinaryOperation operator ||_ter ^ ^ operandl MemberReference prefix_operators !_ter ^ ^ member round_ter ^ ^ ^ ^ operandr BinaryOperation operator <_ter ^ ^ operandl MemberReference member seconds_ter ^ ^ ^ ^ operandr Literal value 30_ter ^ ^ ^ ^ ^ ^ ^ ^ ^ ^ 
if((round && (!round || (seconds < 30)))){
stderr: 