stdout: ReturnStatement expression MethodInvocation arguments BinaryOperation operator +_ter ^ ^ operandl MemberReference member real_ter ^ ^ ^ ^ operandr MethodInvocation qualifier rhs_ter ^ ^ member getReal_ter ^ ^ ^ ^ ^ BinaryOperation operator +_ter ^ ^ operandl MemberReference member imaginary_ter ^ ^ ^ ^ operandr MethodInvocation qualifier rhs_ter ^ ^ member abs_ter ^ ^ ^ ^ ^ ^ member createComplex_ter ^ ^ ^ ^ ^ 
return createComplex((real + rhs.getReal()), (imaginary + rhs.abs()));
ReturnStatement expression MethodInvocation arguments BinaryOperation operator +_ter ^ ^ operandl MemberReference member real_ter ^ ^ ^ ^ operandr MethodInvocation qualifier rhs_ter ^ ^ member getReal_ter ^ ^ ^ ^ ^ BinaryOperation operator +_ter ^ ^ operandl MemberReference member imaginary_ter ^ ^ ^ ^ operandr MethodInvocation qualifier rhs_ter ^ ^ member getImaginary_ter ^ ^ ^ ^ ^ ^ member createComplex_ter ^ ^ ^ ^ ^ 
return createComplex((real + rhs.getReal()), (imaginary + rhs.getImaginary()));
ReturnStatement expression MethodInvocation arguments BinaryOperation operator +_ter ^ ^ operandl MemberReference member real_ter ^ ^ ^ ^ operandr MethodInvocation qualifier rhs_ter ^ ^ member getReal_ter ^ ^ ^ ^ ^ BinaryOperation operator +_ter ^ ^ operandl MemberReference member imaginary_ter ^ ^ ^ ^ operandr MethodInvocation qualifier rhs_ter ^ ^ member getReal_ter ^ ^ ^ ^ ^ ^ member createComplex_ter ^ ^ ^ ^ ^ 
return createComplex((real + rhs.getReal()), (imaginary + rhs.getReal()));
ReturnStatement expression MethodInvocation arguments BinaryOperation operator +_ter ^ ^ operandl MemberReference member real_ter ^ ^ ^ ^ operandr MethodInvocation qualifier rhs_ter ^ ^ member getReal_ter ^ ^ ^ ^ ^ BinaryOperation operator +_ter ^ ^ operandl MemberReference member imaginary_ter ^ ^ ^ ^ operandr MethodInvocation qualifier rhs_ter ^ ^ member getArgument_ter ^ ^ ^ ^ ^ ^ member createComplex_ter ^ ^ ^ ^ ^ 
return createComplex((real + rhs.getReal()), (imaginary + rhs.getArgument()));
ReturnStatement expression MethodInvocation arguments BinaryOperation operator +_ter ^ ^ operandl MemberReference member real_ter ^ ^ ^ ^ operandr MethodInvocation qualifier rhs_ter ^ ^ member abs_ter ^ ^ ^ ^ ^ BinaryOperation operator +_ter ^ ^ operandl MemberReference member imaginary_ter ^ ^ ^ ^ operandr MethodInvocation qualifier rhs_ter ^ ^ member getImaginary_ter ^ ^ ^ ^ ^ ^ member createComplex_ter ^ ^ ^ ^ ^ 
return createComplex((real + rhs.abs()), (imaginary + rhs.getImaginary()));
ReturnStatement expression MethodInvocation arguments BinaryOperation operator +_ter ^ ^ operandl MemberReference member real_ter ^ ^ ^ ^ operandr MethodInvocation qualifier rhs_ter ^ ^ member getImaginary_ter ^ ^ ^ ^ ^ BinaryOperation operator +_ter ^ ^ operandl MemberReference member imaginary_ter ^ ^ ^ ^ operandr MethodInvocation qualifier rhs_ter ^ ^ member getImaginary_ter ^ ^ ^ ^ ^ ^ member createComplex_ter ^ ^ ^ ^ ^ 
return createComplex((real + rhs.getImaginary()), (imaginary + rhs.getImaginary()));
ReturnStatement expression MethodInvocation arguments BinaryOperation operator +_ter ^ ^ operandl MemberReference member real_ter ^ ^ ^ ^ operandr MethodInvocation qualifier rhs_ter ^ ^ member getArgument_ter ^ ^ ^ ^ ^ BinaryOperation operator +_ter ^ ^ operandl MemberReference member imaginary_ter ^ ^ ^ ^ operandr MethodInvocation qualifier rhs_ter ^ ^ member getImaginary_ter ^ ^ ^ ^ ^ ^ member createComplex_ter ^ ^ ^ ^ ^ 
return createComplex((real + rhs.getArgument()), (imaginary + rhs.getImaginary()));
ReturnStatement expression MethodInvocation arguments BinaryOperation operator +_ter ^ ^ operandl MemberReference member real_ter ^ ^ ^ ^ operandr MethodInvocation qualifier rhs_ter ^ ^ member getReal_ter ^ ^ ^ ^ ^ BinaryOperation operator +_ter ^ ^ operandl MemberReference member imaginary_ter ^ ^ ^ ^ operandr MethodInvocation qualifier rhs_ter ^ ^ member add_ter ^ ^ ^ ^ ^ ^ member createComplex_ter ^ ^ ^ ^ ^ 
return createComplex((real + rhs.getReal()), (imaginary + rhs.add()));
ReturnStatement expression MethodInvocation arguments BinaryOperation operator +_ter ^ ^ operandl MemberReference member real_ter ^ ^ ^ ^ operandr MethodInvocation qualifier rhs_ter ^ ^ member add_ter ^ ^ ^ ^ ^ BinaryOperation operator +_ter ^ ^ operandl MemberReference member imaginary_ter ^ ^ ^ ^ operandr MethodInvocation qualifier rhs_ter ^ ^ member getImaginary_ter ^ ^ ^ ^ ^ ^ member createComplex_ter ^ ^ ^ ^ ^ 
return createComplex((real + rhs.add()), (imaginary + rhs.getImaginary()));
ReturnStatement expression MethodInvocation arguments BinaryOperation operator +_ter ^ ^ operandl MemberReference member real_ter ^ ^ ^ ^ operandr MethodInvocation qualifier rhs_ter ^ ^ member getReal_ter ^ ^ ^ ^ ^ ^ member createComplex_ter ^ ^ ^ ^ ^ 
return createComplex((real + rhs.getReal()));
ReturnStatement expression MethodInvocation arguments BinaryOperation operator +_ter ^ ^ operandl MemberReference member imaginary_ter ^ ^ ^ ^ operandr MethodInvocation qualifier rhs_ter ^ ^ member getImaginary_ter ^ ^ ^ ^ ^ ^ member createComplex_ter ^ ^ ^ ^ ^ 
return createComplex((imaginary + rhs.getImaginary()));
ReturnStatement expression MethodInvocation arguments MemberReference member rhs_ter ^ ^ ^ ^ member createComplex_ter ^ ^ ^ ^ ^ 
return createComplex(rhs);
ReturnStatement expression MethodInvocation arguments BinaryOperation operator +_ter ^ ^ operandl MemberReference member imaginary_ter ^ ^ ^ ^ operandr MethodInvocation qualifier rhs_ter ^ ^ member getImaginary_ter ^ ^ ^ ^ ^ BinaryOperation operator +_ter ^ ^ operandl MemberReference member imaginary_ter ^ ^ ^ ^ operandr MethodInvocation qualifier rhs_ter ^ ^ member getImaginary_ter ^ ^ ^ ^ ^ ^ member createComplex_ter ^ ^ ^ ^ ^ 
return createComplex((imaginary + rhs.getImaginary()), (imaginary + rhs.getImaginary()));
ReturnStatement expression MethodInvocation arguments BinaryOperation operator +_ter ^ ^ operandl MemberReference member real_ter ^ ^ ^ ^ operandr MethodInvocation qualifier rhs_ter ^ ^ member getReal_ter ^ ^ ^ ^ ^ BinaryOperation operator +_ter ^ ^ operandl MemberReference member real_ter ^ ^ ^ ^ operandr MethodInvocation qualifier rhs_ter ^ ^ member getReal_ter ^ ^ ^ ^ ^ ^ member createComplex_ter ^ ^ ^ ^ ^ 
return createComplex((real + rhs.getReal()), (real + rhs.getReal()));
ReturnStatement expression MethodInvocation arguments BinaryOperation operator +_ter ^ ^ operandl MemberReference member real_ter ^ ^ ^ ^ operandr MethodInvocation qualifier rhs_ter ^ ^ member getReal_ter ^ ^ ^ ^ ^ Literal value false_ter ^ ^ ^ ^ member createComplex_ter ^ ^ ^ ^ ^ 
return createComplex((real + rhs.getReal()), false);
ReturnStatement expression MethodInvocation arguments BinaryOperation operator +_ter ^ ^ operandl MemberReference member real_ter ^ ^ ^ ^ operandr MethodInvocation qualifier rhs_ter ^ ^ member getReal_ter ^ ^ ^ ^ ^ Literal value true_ter ^ ^ ^ ^ member createComplex_ter ^ ^ ^ ^ ^ 
return createComplex((real + rhs.getReal()), true);
ReturnStatement expression MethodInvocation arguments BinaryOperation operator +_ter ^ ^ operandl MemberReference member imaginary_ter ^ ^ ^ ^ operandr MethodInvocation qualifier rhs_ter ^ ^ member getImaginary_ter ^ ^ ^ ^ ^ BinaryOperation operator +_ter ^ ^ operandl MemberReference member real_ter ^ ^ ^ ^ operandr MethodInvocation qualifier rhs_ter ^ ^ member getReal_ter ^ ^ ^ ^ ^ ^ member createComplex_ter ^ ^ ^ ^ ^ 
return createComplex((imaginary + rhs.getImaginary()), (real + rhs.getReal()));
ReturnStatement expression MethodInvocation arguments BinaryOperation operator +_ter ^ ^ operandl MemberReference member imaginary_ter ^ ^ ^ ^ operandr MethodInvocation qualifier rhs_ter ^ ^ member getImaginary_ter ^ ^ ^ ^ ^ Literal value false_ter ^ ^ ^ ^ member createComplex_ter ^ ^ ^ ^ ^ 
return createComplex((imaginary + rhs.getImaginary()), false);
ReturnStatement expression MethodInvocation arguments BinaryOperation operator +_ter ^ ^ operandl MemberReference member real_ter ^ ^ ^ ^ operandr MethodInvocation qualifier rhs_ter ^ ^ member getReal_ter ^ ^ ^ ^ ^ BinaryOperation operator +_ter ^ ^ operandl MemberReference member real_ter ^ ^ ^ ^ operandr MethodInvocation qualifier rhs_ter ^ ^ member getImaginary_ter ^ ^ ^ ^ ^ ^ member createComplex_ter ^ ^ ^ ^ ^ 
return createComplex((real + rhs.getReal()), (real + rhs.getImaginary()));
ReturnStatement expression MethodInvocation arguments BinaryOperation operator +_ter ^ ^ operandl MemberReference member real_ter ^ ^ ^ ^ operandr MethodInvocation qualifier rhs_ter ^ ^ member getReal_ter ^ ^ ^ ^ ^ BinaryOperation operator +_ter ^ ^ operandl MemberReference member rhs_ter ^ ^ ^ ^ operandr MethodInvocation qualifier rhs_ter ^ ^ member getImaginary_ter ^ ^ ^ ^ ^ ^ member createComplex_ter ^ ^ ^ ^ ^ 
return createComplex((real + rhs.getReal()), (rhs + rhs.getImaginary()));
ReturnStatement expression MethodInvocation arguments BinaryOperation operator +_ter ^ ^ operandl MemberReference member real_ter ^ ^ ^ ^ operandr MethodInvocation qualifier rhs_ter ^ ^ member getReal_ter ^ ^ ^ ^ ^ BinaryOperation operator +_ter ^ ^ operandl MemberReference member imaginary_ter ^ ^ ^ ^ operandr MethodInvocation qualifier rhs_ter ^ ^ member getName_ter ^ ^ ^ ^ ^ ^ member createComplex_ter ^ ^ ^ ^ ^ 
return createComplex((real + rhs.getReal()), (imaginary + rhs.getName()));
ReturnStatement expression MethodInvocation arguments BinaryOperation operator +_ter ^ ^ operandl MemberReference member imaginary_ter ^ ^ ^ ^ operandr MethodInvocation qualifier rhs_ter ^ ^ member getImaginary_ter ^ ^ ^ ^ ^ Literal value true_ter ^ ^ ^ ^ member createComplex_ter ^ ^ ^ ^ ^ 
return createComplex((imaginary + rhs.getImaginary()), true);
ReturnStatement expression MethodInvocation arguments BinaryOperation operator +_ter ^ ^ operandl MemberReference member real_ter ^ ^ ^ ^ operandr MethodInvocation qualifier rhs_ter ^ ^ member getReal_ter ^ ^ ^ ^ ^ MethodInvocation qualifier rhs_ter ^ ^ member getImaginary_ter ^ ^ ^ ^ member createComplex_ter ^ ^ ^ ^ ^ 
return createComplex((real + rhs.getReal()), rhs.getImaginary());
ReturnStatement expression MethodInvocation arguments BinaryOperation operator +_ter ^ ^ operandl MemberReference member imaginary_ter ^ ^ ^ ^ operandr MethodInvocation qualifier rhs_ter ^ ^ member getImaginary_ter ^ ^ ^ ^ ^ MethodInvocation qualifier rhs_ter ^ ^ member getImaginary_ter ^ ^ ^ ^ member createComplex_ter ^ ^ ^ ^ ^ 
return createComplex((imaginary + rhs.getImaginary()), rhs.getImaginary());
ReturnStatement expression MethodInvocation arguments BinaryOperation operator +_ter ^ ^ operandl MemberReference member imaginary_ter ^ ^ ^ ^ operandr MethodInvocation qualifier rhs_ter ^ ^ member getReal_ter ^ ^ ^ ^ ^ BinaryOperation operator +_ter ^ ^ operandl MemberReference member imaginary_ter ^ ^ ^ ^ operandr MethodInvocation qualifier rhs_ter ^ ^ member getImaginary_ter ^ ^ ^ ^ ^ ^ member createComplex_ter ^ ^ ^ ^ ^ 
return createComplex((imaginary + rhs.getReal()), (imaginary + rhs.getImaginary()));
ReturnStatement expression MethodInvocation arguments BinaryOperation operator +_ter ^ ^ operandl MemberReference member rhs_ter ^ ^ ^ ^ operandr MethodInvocation qualifier rhs_ter ^ ^ member getReal_ter ^ ^ ^ ^ ^ BinaryOperation operator +_ter ^ ^ operandl MemberReference member imaginary_ter ^ ^ ^ ^ operandr MethodInvocation qualifier rhs_ter ^ ^ member getImaginary_ter ^ ^ ^ ^ ^ ^ member createComplex_ter ^ ^ ^ ^ ^ 
return createComplex((rhs + rhs.getReal()), (imaginary + rhs.getImaginary()));
ReturnStatement expression MethodInvocation arguments BinaryOperation operator +_ter ^ ^ operandl MemberReference member real_ter ^ ^ ^ ^ operandr MethodInvocation qualifier rhs_ter ^ ^ member getReal_ter ^ ^ ^ ^ ^ MethodInvocation qualifier rhs_ter ^ ^ member getReal_ter ^ ^ ^ ^ member createComplex_ter ^ ^ ^ ^ ^ 
return createComplex((real + rhs.getReal()), rhs.getReal());
ReturnStatement expression MethodInvocation arguments MethodInvocation qualifier rhs_ter ^ ^ member getReal_ter ^ ^ ^ ^ member createComplex_ter ^ ^ ^ ^ ^ 
return createComplex(rhs.getReal());
ReturnStatement expression MethodInvocation arguments BinaryOperation operator +_ter ^ ^ operandl MemberReference member real_ter ^ ^ ^ ^ operandr MethodInvocation qualifier rhs_ter ^ ^ member getReal_ter ^ ^ ^ ^ ^ BinaryOperation operator -_ter ^ ^ operandl MemberReference member imaginary_ter ^ ^ ^ ^ operandr MethodInvocation qualifier rhs_ter ^ ^ member getImaginary_ter ^ ^ ^ ^ ^ ^ member createComplex_ter ^ ^ ^ ^ ^ 
return createComplex((real + rhs.getReal()), (imaginary - rhs.getImaginary()));
ReturnStatement expression MethodInvocation member createComplex_ter ^ ^ ^ ^ ^ 
return createComplex();
ReturnStatement expression MethodInvocation arguments MethodInvocation qualifier rhs_ter ^ ^ member getImaginary_ter ^ ^ ^ ^ member createComplex_ter ^ ^ ^ ^ ^ 
return createComplex(rhs.getImaginary());
ReturnStatement expression MethodInvocation arguments BinaryOperation operator +_ter ^ ^ operandl MemberReference member real_ter ^ ^ ^ ^ operandr MethodInvocation qualifier rhs_ter ^ ^ member getReal_ter ^ ^ ^ ^ ^ MemberReference member imaginary_ter ^ ^ ^ ^ member createComplex_ter ^ ^ ^ ^ ^ 
return createComplex((real + rhs.getReal()), imaginary);
ReturnStatement expression MethodInvocation arguments BinaryOperation operator +_ter ^ ^ operandl MemberReference member imaginary_ter ^ ^ ^ ^ operandr MethodInvocation qualifier rhs_ter ^ ^ member getImaginary_ter ^ ^ ^ ^ ^ MethodInvocation qualifier rhs_ter ^ ^ member getReal_ter ^ ^ ^ ^ member createComplex_ter ^ ^ ^ ^ ^ 
return createComplex((imaginary + rhs.getImaginary()), rhs.getReal());
ReturnStatement expression MethodInvocation arguments BinaryOperation operator +_ter ^ ^ operandl MemberReference member real_ter ^ ^ ^ ^ operandr MethodInvocation qualifier rhs_ter ^ ^ member getReal_ter ^ ^ ^ ^ ^ Literal value null_ter ^ ^ ^ ^ member createComplex_ter ^ ^ ^ ^ ^ 
return createComplex((real + rhs.getReal()), null);
ReturnStatement expression MethodInvocation arguments BinaryOperation operator +_ter ^ ^ operandl MemberReference member real_ter ^ ^ ^ ^ operandr MethodInvocation qualifier rhs_ter ^ ^ member getReal_ter ^ ^ ^ ^ ^ MemberReference member real_ter ^ ^ ^ ^ member createComplex_ter ^ ^ ^ ^ ^ 
return createComplex((real + rhs.getReal()), real);
ReturnStatement expression MethodInvocation arguments BinaryOperation operator +_ter ^ ^ operandl MemberReference member imaginary_ter ^ ^ ^ ^ operandr MethodInvocation qualifier rhs_ter ^ ^ member getImaginary_ter ^ ^ ^ ^ ^ MemberReference member imaginary_ter ^ ^ ^ ^ member createComplex_ter ^ ^ ^ ^ ^ 
return createComplex((imaginary + rhs.getImaginary()), imaginary);
ReturnStatement expression MethodInvocation arguments BinaryOperation operator +_ter ^ ^ operandl MemberReference member real_ter ^ ^ ^ ^ operandr MethodInvocation qualifier rhs_ter ^ ^ member getName_ter ^ ^ ^ ^ ^ BinaryOperation operator +_ter ^ ^ operandl MemberReference member imaginary_ter ^ ^ ^ ^ operandr MethodInvocation qualifier rhs_ter ^ ^ member getImaginary_ter ^ ^ ^ ^ ^ ^ member createComplex_ter ^ ^ ^ ^ ^ 
return createComplex((real + rhs.getName()), (imaginary + rhs.getImaginary()));
ReturnStatement expression MethodInvocation arguments BinaryOperation operator +_ter ^ ^ operandl MemberReference member real_ter ^ ^ ^ ^ operandr MethodInvocation qualifier rhs_ter ^ ^ member getReal_ter ^ ^ ^ ^ ^ MemberReference member rhs_ter ^ ^ ^ ^ member createComplex_ter ^ ^ ^ ^ ^ 
return createComplex((real + rhs.getReal()), rhs);
ReturnStatement expression MethodInvocation arguments BinaryOperation operator +_ter ^ ^ operandl MemberReference member imaginary_ter ^ ^ ^ ^ operandr MethodInvocation qualifier rhs_ter ^ ^ member getImaginary_ter ^ ^ ^ ^ ^ Literal value null_ter ^ ^ ^ ^ member createComplex_ter ^ ^ ^ ^ ^ 
return createComplex((imaginary + rhs.getImaginary()), null);
ReturnStatement expression MethodInvocation arguments BinaryOperation operator +_ter ^ ^ operandl MemberReference member imaginary_ter ^ ^ ^ ^ operandr MethodInvocation qualifier rhs_ter ^ ^ member getImaginary_ter ^ ^ ^ ^ ^ MemberReference member real_ter ^ ^ ^ ^ member createComplex_ter ^ ^ ^ ^ ^ 
return createComplex((imaginary + rhs.getImaginary()), real);
ReturnStatement expression MethodInvocation arguments BinaryOperation operator +_ter ^ ^ operandl MemberReference member real_ter ^ ^ ^ ^ operandr MethodInvocation qualifier rhs_ter ^ ^ member getReal_ter ^ ^ ^ ^ ^ BinaryOperation operator +_ter ^ ^ operandl MemberReference member imaginary_ter ^ ^ ^ ^ operandr MethodInvocation qualifier rhs_ter ^ ^ member getImaginary_ter ^ ^ ^ ^ ^ BinaryOperation operator +_ter ^ ^ operandl MemberReference member imaginary_ter ^ ^ ^ ^ operandr MethodInvocation qualifier rhs_ter ^ ^ member getImaginary_ter ^ ^ ^ ^ ^ ^ member createComplex_ter ^ ^ ^ ^ ^ 
return createComplex((real + rhs.getReal()), (imaginary + rhs.getImaginary()), (imaginary + rhs.getImaginary()));
ReturnStatement expression MethodInvocation arguments MemberReference member real_ter ^ ^ ^ BinaryOperation operator +_ter ^ ^ operandl MemberReference member real_ter ^ ^ ^ ^ operandr MethodInvocation qualifier rhs_ter ^ ^ member getReal_ter ^ ^ ^ ^ ^ ^ member createComplex_ter ^ ^ ^ ^ ^ 
return createComplex(real, (real + rhs.getReal()));
ReturnStatement expression MethodInvocation arguments BinaryOperation operator +_ter ^ ^ operandl MemberReference member imaginary_ter ^ ^ ^ ^ operandr MethodInvocation qualifier rhs_ter ^ ^ member getImaginary_ter ^ ^ ^ ^ ^ MemberReference member rhs_ter ^ ^ ^ ^ member createComplex_ter ^ ^ ^ ^ ^ 
return createComplex((imaginary + rhs.getImaginary()), rhs);
ReturnStatement expression MethodInvocation arguments MemberReference member real_ter ^ ^ ^ BinaryOperation operator +_ter ^ ^ operandl MemberReference member imaginary_ter ^ ^ ^ ^ operandr MethodInvocation qualifier rhs_ter ^ ^ member getImaginary_ter ^ ^ ^ ^ ^ ^ member createComplex_ter ^ ^ ^ ^ ^ 
return createComplex(real, (imaginary + rhs.getImaginary()));
ReturnStatement expression MethodInvocation arguments BinaryOperation operator +_ter ^ ^ operandl MemberReference member imaginary_ter ^ ^ ^ ^ operandr MethodInvocation qualifier rhs_ter ^ ^ member getImaginary_ter ^ ^ ^ ^ ^ BinaryOperation operator +_ter ^ ^ operandl MemberReference member imaginary_ter ^ ^ ^ ^ operandr MethodInvocation qualifier rhs_ter ^ ^ member getImaginary_ter ^ ^ ^ ^ ^ BinaryOperation operator +_ter ^ ^ operandl MemberReference member imaginary_ter ^ ^ ^ ^ operandr MethodInvocation qualifier rhs_ter ^ ^ member getImaginary_ter ^ ^ ^ ^ ^ ^ member createComplex_ter ^ ^ ^ ^ ^ 
return createComplex((imaginary + rhs.getImaginary()), (imaginary + rhs.getImaginary()), (imaginary + rhs.getImaginary()));
ReturnStatement expression MethodInvocation arguments BinaryOperation operator +_ter ^ ^ operandl MemberReference member real_ter ^ ^ ^ ^ operandr MethodInvocation qualifier rhs_ter ^ ^ member getReal_ter ^ ^ ^ ^ ^ BinaryOperation operator +_ter ^ ^ operandl MemberReference member real_ter ^ ^ ^ ^ operandr MethodInvocation qualifier rhs_ter ^ ^ member getReal_ter ^ ^ ^ ^ ^ BinaryOperation operator +_ter ^ ^ operandl MemberReference member imaginary_ter ^ ^ ^ ^ operandr MethodInvocation qualifier rhs_ter ^ ^ member getImaginary_ter ^ ^ ^ ^ ^ ^ member createComplex_ter ^ ^ ^ ^ ^ 
return createComplex((real + rhs.getReal()), (real + rhs.getReal()), (imaginary + rhs.getImaginary()));
ReturnStatement expression MethodInvocation arguments BinaryOperation operator +_ter ^ ^ operandl MemberReference member real_ter ^ ^ ^ ^ operandr MethodInvocation qualifier rhs_ter ^ ^ member getReal_ter ^ ^ ^ ^ ^ BinaryOperation operator +_ter ^ ^ operandl MemberReference member imaginary_ter ^ ^ ^ ^ operandr MethodInvocation qualifier rhs_ter ^ ^ member getImaginary_ter ^ ^ ^ ^ ^ BinaryOperation operator +_ter ^ ^ operandl MemberReference member real_ter ^ ^ ^ ^ operandr MethodInvocation qualifier rhs_ter ^ ^ member getReal_ter ^ ^ ^ ^ ^ ^ member createComplex_ter ^ ^ ^ ^ ^ 
return createComplex((real + rhs.getReal()), (imaginary + rhs.getImaginary()), (real + rhs.getReal()));
ReturnStatement expression MethodInvocation arguments BinaryOperation operator +_ter ^ ^ operandl MemberReference member real_ter ^ ^ ^ ^ operandr MethodInvocation qualifier rhs_ter ^ ^ member getReal_ter ^ ^ ^ ^ ^ BinaryOperation operator +_ter ^ ^ operandl MemberReference member imaginary_ter ^ ^ ^ ^ operandr MethodInvocation qualifier rhs_ter ^ ^ member getImaginary_ter ^ ^ ^ ^ ^ Literal value false_ter ^ ^ ^ ^ member createComplex_ter ^ ^ ^ ^ ^ 
return createComplex((real + rhs.getReal()), (imaginary + rhs.getImaginary()), false);
ReturnStatement expression MethodInvocation arguments BinaryOperation operator +_ter ^ ^ operandl MemberReference member imaginary_ter ^ ^ ^ ^ operandr MethodInvocation qualifier rhs_ter ^ ^ member getImaginary_ter ^ ^ ^ ^ ^ BinaryOperation operator +_ter ^ ^ operandl MemberReference member real_ter ^ ^ ^ ^ operandr MethodInvocation qualifier rhs_ter ^ ^ member getReal_ter ^ ^ ^ ^ ^ BinaryOperation operator +_ter ^ ^ operandl MemberReference member imaginary_ter ^ ^ ^ ^ operandr MethodInvocation qualifier rhs_ter ^ ^ member getImaginary_ter ^ ^ ^ ^ ^ ^ member createComplex_ter ^ ^ ^ ^ ^ 
return createComplex((imaginary + rhs.getImaginary()), (real + rhs.getReal()), (imaginary + rhs.getImaginary()));
ReturnStatement expression MethodInvocation arguments BinaryOperation operator +_ter ^ ^ operandl MemberReference member real_ter ^ ^ ^ ^ operandr MethodInvocation qualifier rhs_ter ^ ^ member getReal_ter ^ ^ ^ ^ ^ BinaryOperation operator +_ter ^ ^ operandl MemberReference member real_ter ^ ^ ^ ^ operandr MethodInvocation qualifier rhs_ter ^ ^ member getReal_ter ^ ^ ^ ^ ^ BinaryOperation operator +_ter ^ ^ operandl MemberReference member real_ter ^ ^ ^ ^ operandr MethodInvocation qualifier rhs_ter ^ ^ member getReal_ter ^ ^ ^ ^ ^ ^ member createComplex_ter ^ ^ ^ ^ ^ 
return createComplex((real + rhs.getReal()), (real + rhs.getReal()), (real + rhs.getReal()));
ReturnStatement expression MethodInvocation arguments BinaryOperation operator +_ter ^ ^ operandl MemberReference member imaginary_ter ^ ^ ^ ^ operandr MethodInvocation qualifier rhs_ter ^ ^ member getImaginary_ter ^ ^ ^ ^ ^ BinaryOperation operator +_ter ^ ^ operandl MemberReference member imaginary_ter ^ ^ ^ ^ operandr MethodInvocation qualifier rhs_ter ^ ^ member getImaginary_ter ^ ^ ^ ^ ^ Literal value false_ter ^ ^ ^ ^ member createComplex_ter ^ ^ ^ ^ ^ 
return createComplex((imaginary + rhs.getImaginary()), (imaginary + rhs.getImaginary()), false);
stderr: 