stdout: StatementExpression expression MethodInvocation member prefetchSectionPaints_ter ^ ^ ^ ^ ^ 
prefetchSectionPaints();

StatementExpression expression Assignment expressionl This selectors MemberReference member dataset_ter ^ ^ ^ ^ ^ ^ value MemberReference member dataset_ter ^ ^ ^ ^ type =_ter ^ ^ ^ ^ ^ 
this.dataset = dataset;

StatementExpression expression Assignment expressionl This selectors MemberReference member dataset_ter ^ ^ ^ ^ ^ ^ value MemberReference member dataset_ter ^ ^ ^ ^ type =_ter ^ ^ ^ ^ ^ 
this.dataset = dataset;

StatementExpression expression This selectors MethodInvocation member prefetchSectionPaints_ter ^ ^ ^ ^ ^ ^ ^ 
this.prefetchSectionPaints();

StatementExpression expression SuperMethodInvocation member MultiplePiePlot_ter ^ ^ ^ ^ ^ 
super.MultiplePiePlot();

StatementExpression expression SuperMethodInvocation arguments MemberReference member dataset_ter ^ ^ ^ ^ member MultiplePiePlot_ter ^ ^ ^ ^ ^ 
super.MultiplePiePlot(dataset);

StatementExpression expression SuperConstructorInvocation arguments MemberReference member dataset_ter ^ ^ ^ ^ ^ ^ ^ 
super(dataset);

StatementExpression expression Assignment expressionl This selectors MemberReference member dataset_ter ^ ^ ^ ^ ^ ^ value MethodInvocation member dataset_ter ^ ^ ^ ^ type =_ter ^ ^ ^ ^ ^ 
this.dataset = dataset();

StatementExpression expression ExplicitConstructorInvocation_ter ^ ^ ^ 
1 ExplicitConstructorInvocation_ter
StatementExpression expression This selectors MemberReference member dataset_ter ^ ^ ^ MethodInvocation member prefetchSectionPaints_ter ^ ^ ^ ^ ^ ^ ^ 
this.dataset.prefetchSectionPaints();

StatementExpression expression MethodInvocation arguments MemberReference member dataset_ter ^ ^ ^ ^ member setDataset_ter ^ ^ ^ ^ ^ 
setDataset(dataset);

StatementExpression expression Assignment expressionl This selectors MemberReference member par1 ^ ^ ^ ^ ^ ^ value MemberReference member dataset_ter ^ ^ ^ ^ type =_ter ^ ^ ^ ^ ^ 
this. = dataset;


ReturnStatement_ter ^ 
if (true) { return;
 }

StatementExpression expression Assignment expressionl This selectors MemberReference member dataset_ter ^ ^ ^ ^ ^ ^ value Literal value false_ter ^ ^ ^ ^ type =_ter ^ ^ ^ ^ ^ 
this.dataset = false;

StatementExpression expression Assignment expressionl This selectors MemberReference member dataset_ter ^ ^ ^ ^ ^ ^ value MethodInvocation arguments MemberReference member dataset_ter ^ ^ ^ ^ member setDataset_ter ^ ^ ^ ^ type =_ter ^ ^ ^ ^ ^ 
this.dataset = setDataset(dataset);

StatementExpression expression Assignment expressionl This selectors MemberReference member dataset_ter ^ ^ ^ ^ ^ ^ value Literal value true_ter ^ ^ ^ ^ type =_ter ^ ^ ^ ^ ^ 
this.dataset = true;

StatementExpression expression Assignment expressionl This selectors MemberReference member dataset_ter ^ ^ ^ ^ ^ ^ value Literal value null_ter ^ ^ ^ ^ type =_ter ^ ^ ^ ^ ^ 
this.dataset = null;

StatementExpression expression Assignment expressionl This selectors MemberReference member dataset_ter ^ ^ ^ ^ ^ ^ value MemberReference member par1 ^ ^ ^ ^ type =_ter ^ ^ ^ ^ ^ 
this.dataset = ;


StatementExpression expression Assignment expressionl This selectors MemberReference member dataset_ter ^ ^ ^ ^ ^ ^ value This selectors MemberReference member dataset_ter ^ ^ ^ ^ ^ ^ type =_ter ^ ^ ^ ^ ^ 
this.dataset = this.dataset;

StatementExpression expression This selectors MemberReference member dataset_ter ^ ^ ^ MethodInvocation arguments MemberReference member dataset_ter ^ ^ ^ ^ member setDataset_ter ^ ^ ^ ^ ^ ^ ^ 
this.dataset.setDataset(dataset);

StatementExpression expression Assignment expressionl This selectors MemberReference member dataset_ter ^ ^ ^ ^ ^ ^ value MemberReference member par1 ^ ^ ^ ^ type =_ter ^ ^ ^ ^ ^ 
this.dataset = ;


StatementExpression expression Assignment expressionl This selectors MemberReference member dataset_ter ^ ^ ^ ^ ^ ^ value MemberReference member piePlot_ter ^ ^ ^ ^ type =_ter ^ ^ ^ ^ ^ 
this.dataset = piePlot;

StatementExpression expression Assignment expressionl This selectors MemberReference member dataset_ter ^ ^ ^ ^ ^ ^ value MethodInvocation qualifier dataset_ter ^ ^ member MultiplePiePlot_ter ^ ^ ^ ^ type =_ter ^ ^ ^ ^ ^ 
this.dataset = dataset.MultiplePiePlot();

stderr: 