stdout: LocalVariableDeclaration type ReferenceType name String_ter ^ ^ ^ ^ declarators VariableDeclarator name result_ter ^ ^ initializer MethodInvocation qualifier stream_ter ^ ^ member getRemainingJSDocLine_ter ^ ^ ^ ^ ^ ^ ^ 
arg 
arg 
String result = stream.getRemainingJSDocLine();

LocalVariableDeclaration type ReferenceType name String_ter ^ ^ ^ ^ declarators VariableDeclarator name result_ter ^ ^ initializer MethodInvocation qualifier stream_ter ^ ^ member getString_ter ^ ^ ^ ^ ^ ^ ^ 
arg 
arg 
String result = stream.getString();

LocalVariableDeclaration type ReferenceType name String_ter ^ ^ ^ ^ declarators VariableDeclarator name result_ter ^ ^ initializer MethodInvocation qualifier stream_ter ^ ^ member getStringFromBuffer_ter ^ ^ ^ ^ ^ ^ ^ 
arg 
arg 
String result = stream.getStringFromBuffer();

StatementExpression expression MethodInvocation qualifier stream_ter ^ ^ member getRemainingJSDocLine_ter ^ ^ ^ ^ ^ 
stream.getRemainingJSDocLine();

LocalVariableDeclaration type ReferenceType name String_ter ^ ^ ^ ^ declarators VariableDeclarator name result_ter ^ ^ initializer MethodInvocation member getRemainingJSDocLine_ter ^ ^ ^ ^ ^ ^ ^ 
arg 
arg 
String result = getRemainingJSDocLine();

StatementExpression expression MethodInvocation member skipEOLs_ter ^ ^ ^ ^ ^ 
skipEOLs();

StatementExpression expression Assignment expressionl MemberReference member result_ter ^ ^ ^ ^ value MethodInvocation qualifier stream_ter ^ ^ member getRemainingJSDocLine_ter ^ ^ ^ ^ type =_ter ^ ^ ^ ^ ^ 
result = stream.getRemainingJSDocLine();

LocalVariableDeclaration modifiers final_ter ^ ^ type ReferenceType name String_ter ^ ^ ^ ^ declarators VariableDeclarator name result_ter ^ ^ initializer MethodInvocation qualifier stream_ter ^ ^ member getRemainingJSDocLine_ter ^ ^ ^ ^ ^ ^ ^ 
arg 
arg 
final String result = stream.getRemainingJSDocLine();

LocalVariableDeclaration type ReferenceType name String_ter ^ ^ ^ ^ declarators VariableDeclarator name result_ter ^ ^ initializer MethodInvocation qualifier stream_ter ^ ^ arguments MethodInvocation qualifier stream_ter ^ ^ member getRemainingJSDocLine_ter ^ ^ ^ ^ member getRemainingJSDocLine_ter ^ ^ ^ ^ ^ ^ ^ 
arg 
arg 
String result = stream.getRemainingJSDocLine(stream.getRemainingJSDocLine());

LocalVariableDeclaration type ReferenceType name String_ter ^ ^ ^ ^ declarators VariableDeclarator name result_ter ^ ^ initializer MethodInvocation qualifier stream_ter ^ ^ arguments Literal value <string>_ter ^ ^ ^ ^ member getRemainingJSDocLine_ter ^ ^ ^ ^ ^ ^ ^ 
arg 
arg 
String result = stream.getRemainingJSDocLine("null");

LocalVariableDeclaration type ReferenceType name String_ter ^ ^ arguments TypeArgument pattern_type ?_ter ^ ^ ^ ^ ^ ^ declarators VariableDeclarator name result_ter ^ ^ initializer MethodInvocation qualifier stream_ter ^ ^ member getRemainingJSDocLine_ter ^ ^ ^ ^ ^ ^ ^ 
arg ?
arg ?
String<?> result = stream.getRemainingJSDocLine();

LocalVariableDeclaration type ReferenceType name String_ter ^ ^ ^ ^ declarators VariableDeclarator name result_ter ^ ^ initializer MethodInvocation qualifier stream_ter ^ ^ arguments This_ter ^ ^ member getRemainingJSDocLine_ter ^ ^ ^ ^ ^ ^ ^ 
arg 
arg 
String result = stream.getRemainingJSDocLine(this);

LocalVariableDeclaration type ReferenceType name String_ter ^ ^ ^ ^ declarators VariableDeclarator name result_ter ^ ^ initializer MethodInvocation qualifier stream_ter ^ ^ arguments Literal value 0_ter ^ ^ ^ ^ member getRemainingJSDocLine_ter ^ ^ ^ ^ ^ ^ ^ 
arg 
arg 
String result = stream.getRemainingJSDocLine(0);

StatementExpression expression MethodInvocation qualifier stream_ter ^ ^ member update_ter ^ ^ ^ ^ ^ 
stream.update();

LocalVariableDeclaration type ReferenceType name String_ter ^ ^ ^ ^ declarators VariableDeclarator name result_ter ^ ^ initializer MethodInvocation qualifier LOG_ter ^ ^ member getRemainingJSDocLine_ter ^ ^ ^ ^ ^ ^ ^ 
arg 
arg 
String result = LOG.getRemainingJSDocLine();

LocalVariableDeclaration type ReferenceType name String_ter ^ ^ ^ ^ declarators VariableDeclarator name result_ter ^ ^ initializer MethodInvocation qualifier stream_ter ^ ^ arguments Literal value true_ter ^ ^ ^ ^ member getRemainingJSDocLine_ter ^ ^ ^ ^ ^ ^ ^ 
arg 
arg 
String result = stream.getRemainingJSDocLine(true);

LocalVariableDeclaration type ReferenceType name String_ter ^ ^ ^ ^ declarators VariableDeclarator name result_ter ^ ^ initializer MethodInvocation qualifier stream_ter ^ ^ arguments Literal value null_ter ^ ^ ^ ^ member getRemainingJSDocLine_ter ^ ^ ^ ^ ^ ^ ^ 
arg 
arg 
String result = stream.getRemainingJSDocLine(null);

LocalVariableDeclaration type ReferenceType name String_ter ^ ^ ^ ^ declarators VariableDeclarator name result_ter ^ ^ initializer MethodInvocation qualifier stream_ter ^ ^ arguments Literal value false_ter ^ ^ ^ ^ member getRemainingJSDocLine_ter ^ ^ ^ ^ ^ ^ ^ 
arg 
arg 
String result = stream.getRemainingJSDocLine(false);

LocalVariableDeclaration type ReferenceType name String_ter ^ ^ ^ ^ declarators VariableDeclarator name result_ter ^ ^ initializer Cast type ReferenceType name String_ter ^ ^ ^ ^ expression MethodInvocation qualifier stream_ter ^ ^ member getRemainingJSDocLine_ter ^ ^ ^ ^ ^ ^ ^ ^ ^ 
arg 
arg 
arg 
arg 
String result = (String)stream.getRemainingJSDocLine();

LocalVariableDeclaration type ReferenceType name String_ter ^ ^ ^ ^ declarators VariableDeclarator name result_ter ^ ^ initializer MethodInvocation qualifier stream_ter ^ ^ member par0 ^ ^ ^ ^ ^ ^ ^ 
arg 
arg 
String result = stream.();


LocalVariableDeclaration type ReferenceType name String_ter ^ ^ ^ ^ declarators VariableDeclarator name result_ter ^ ^ initializer MethodInvocation qualifier result_ter ^ ^ member getRemainingJSDocLine_ter ^ ^ ^ ^ ^ ^ ^ 
arg 
arg 
String result = result.getRemainingJSDocLine();

LocalVariableDeclaration type ReferenceType name String_ter ^ ^ ^ ^ declarators VariableDeclarator name result_ter ^ ^ initializer MethodInvocation qualifier par0 ^ ^ member getRemainingJSDocLine_ter ^ ^ ^ ^ ^ ^ ^ 
arg 
arg 
String result = .getRemainingJSDocLine();


StatementExpression expression SuperMethodInvocation member getRemainingJSDocLine_ter ^ ^ ^ ^ ^ 
super.getRemainingJSDocLine();

StatementExpression expression MemberReference postfix_operators ++_ter ^ ^ member result_ter ^ ^ ^ ^ ^ 
result++;

LocalVariableDeclaration type ReferenceType name String_ter ^ ^ ^ ^ declarators VariableDeclarator name result_ter ^ ^ initializer This selectors MethodInvocation member getRemainingJSDocLine_ter ^ ^ ^ ^ ^ ^ ^ ^ ^ 
arg 
arg 
String result = this.getRemainingJSDocLine();

IfStatement condition MethodInvocation member parse_ter ^ ^ ^ ^ ^ 
ReturnStatement expression Literal value null_ter ^ ^ ^ ^ ^ 
if(parse()){
return null;}
IfStatement condition MethodInvocation member hasParsedFileOverviewDocInfo_ter ^ ^ ^ ^ ^ 
ReturnStatement expression Literal value null_ter ^ ^ ^ ^ ^ 
if(hasParsedFileOverviewDocInfo()){
return null;}
IfStatement condition MethodInvocation member hasParsedJSDocInfo_ter ^ ^ ^ ^ ^ 
ReturnStatement expression Literal value null_ter ^ ^ ^ ^ ^ 
if(hasParsedJSDocInfo()){
return null;}
IfStatement condition MethodInvocation member lookAheadForTypeAnnotation_ter ^ ^ ^ ^ ^ 
ReturnStatement expression Literal value null_ter ^ ^ ^ ^ ^ 
if(lookAheadForTypeAnnotation()){
return null;}
LocalVariableDeclaration type ReferenceType name String_ter ^ ^ ^ ^ declarators VariableDeclarator name result_ter ^ ^ initializer Literal value null_ter ^ ^ ^ ^ ^ ^ ^ 
arg 
arg 
String result = null;

LocalVariableDeclaration type ReferenceType name String_ter ^ ^ ^ ^ declarators VariableDeclarator name result_ter ^ ^ ^ ^ ^ 
arg 
arg 
String result = ;


ReturnStatement expression Literal value null_ter ^ ^ ^ ^ ^ 
if (true) { return null; }

LocalVariableDeclaration type ReferenceType name String_ter ^ ^ arguments TypeArgument type ReferenceType name String_ter ^ ^ ^ ^ ^ ^ ^ ^ declarators VariableDeclarator name result_ter ^ ^ initializer MethodInvocation qualifier stream_ter ^ ^ member getRemainingJSDocLine_ter ^ ^ ^ ^ ^ ^ ^ 
arg 
arg String
arg 
arg String
String<String> result = stream.getRemainingJSDocLine();

IfStatement condition BinaryOperation operator ==_ter ^ ^ operandl MethodInvocation qualifier stream_ter ^ ^ member getRemainingJSDocLine_ter ^ ^ ^ ^ operandr Literal value null_ter ^ ^ ^ ^ ^ ^ ^ 
ReturnStatement expression Literal value null_ter ^ ^ ^ ^ ^ 
if((stream.getRemainingJSDocLine() == null)){
return null;}
stderr: 