stdout: StatementExpression expression MethodInvocation arguments MemberReference member yMin_ter ^ ^ ^ ^ member setResult_ter ^ ^ ^ ^ ^ 
setResult(yMin);

StatementExpression expression MethodInvocation arguments MemberReference member yMin_ter ^ ^ ^ Literal value 0_ter ^ ^ ^ ^ member setResult_ter ^ ^ ^ ^ ^ 
setResult(yMin, 0);

StatementExpression expression MethodInvocation arguments MemberReference member yInitial_ter ^ ^ ^ Literal value 0_ter ^ ^ ^ ^ member setResult_ter ^ ^ ^ ^ ^ 
setResult(yInitial, 0);

StatementExpression expression MethodInvocation arguments MemberReference member yMin_ter ^ ^ ^ Literal value 1_ter ^ ^ ^ ^ member setResult_ter ^ ^ ^ ^ ^ 
setResult(yMin, 1);

StatementExpression expression MethodInvocation arguments MemberReference member yMin_ter ^ ^ ^ MemberReference member max_ter ^ ^ ^ ^ member setResult_ter ^ ^ ^ ^ ^ 
setResult(yMin, max);

StatementExpression expression MethodInvocation arguments MemberReference member yMin_ter ^ ^ ^ MemberReference member min_ter ^ ^ ^ ^ member setResult_ter ^ ^ ^ ^ ^ 
setResult(yMin, min);

StatementExpression expression MethodInvocation arguments MemberReference member yMin_ter ^ ^ ^ MemberReference member yMax_ter ^ ^ ^ ^ member setResult_ter ^ ^ ^ ^ ^ 
setResult(yMin, yMax);

ReturnStatement expression MethodInvocation arguments MemberReference member yMin_ter ^ ^ ^ Literal value 0_ter ^ ^ ^ ^ member setResult_ter ^ ^ ^ ^ ^ 
return setResult(yMin, 0);
StatementExpression expression MethodInvocation arguments MemberReference member yMax_ter ^ ^ ^ ^ member setResult_ter ^ ^ ^ ^ ^ 
setResult(yMax);

StatementExpression expression MethodInvocation arguments MemberReference member yInitial_ter ^ ^ ^ ^ member setResult_ter ^ ^ ^ ^ ^ 
setResult(yInitial);

StatementExpression expression Assignment expressionl MemberReference member yMin_ter ^ ^ ^ ^ value MethodInvocation arguments MemberReference member yMin_ter ^ ^ ^ Literal value 0_ter ^ ^ ^ ^ member setResult_ter ^ ^ ^ ^ type =_ter ^ ^ ^ ^ ^ 
yMin = setResult(yMin, 0);

StatementExpression expression MethodInvocation arguments MemberReference member max_ter ^ ^ ^ Literal value 0_ter ^ ^ ^ ^ member setResult_ter ^ ^ ^ ^ ^ 
setResult(max, 0);

StatementExpression expression MethodInvocation arguments MemberReference member f_ter ^ ^ ^ Literal value 0_ter ^ ^ ^ ^ member setResult_ter ^ ^ ^ ^ ^ 
setResult(f, 0);

StatementExpression expression MethodInvocation arguments MemberReference member yMax_ter ^ ^ ^ Literal value 0_ter ^ ^ ^ ^ member setResult_ter ^ ^ ^ ^ ^ 
setResult(yMax, 0);

StatementExpression expression MethodInvocation member setResult_ter ^ ^ ^ ^ ^ 
setResult();

StatementExpression expression MethodInvocation arguments MemberReference member yMin_ter ^ ^ ^ Literal value 0_ter ^ ^ ^ ^ member verifySequence_ter ^ ^ ^ ^ ^ 
verifySequence(yMin, 0);

StatementExpression expression MethodInvocation arguments MemberReference member yMin_ter ^ ^ ^ Literal value 0_ter ^ ^ ^ ^ member solve_ter ^ ^ ^ ^ ^ 
solve(yMin, 0);

StatementExpression expression MethodInvocation arguments MemberReference member min_ter ^ ^ ^ Literal value 0_ter ^ ^ ^ ^ member setResult_ter ^ ^ ^ ^ ^ 
setResult(min, 0);

StatementExpression expression MethodInvocation arguments MemberReference member yMin_ter ^ ^ ^ MemberReference member yMin_ter ^ ^ ^ ^ member setResult_ter ^ ^ ^ ^ ^ 
setResult(yMin, yMin);

StatementExpression expression MethodInvocation arguments MemberReference member yMin_ter ^ ^ ^ Literal value 2_ter ^ ^ ^ ^ member setResult_ter ^ ^ ^ ^ ^ 
setResult(yMin, 2);

StatementExpression expression MethodInvocation arguments MemberReference member yMin_ter ^ ^ ^ MemberReference member loc3 ^ ^ ^ ^ member setResult_ter ^ ^ ^ ^ ^ 
setResult(yMin, );


StatementExpression expression MethodInvocation arguments MemberReference member yMin_ter ^ ^ ^ MemberReference member yInitial_ter ^ ^ ^ ^ member setResult_ter ^ ^ ^ ^ ^ 
setResult(yMin, yInitial);

StatementExpression expression MethodInvocation arguments MemberReference member yMin_ter ^ ^ ^ MemberReference member f_ter ^ ^ ^ ^ member setResult_ter ^ ^ ^ ^ ^ 
setResult(yMin, f);

StatementExpression expression MethodInvocation arguments MemberReference member initial_ter ^ ^ ^ Literal value 0_ter ^ ^ ^ ^ member setResult_ter ^ ^ ^ ^ ^ 
setResult(initial, 0);

StatementExpression expression MethodInvocation arguments MemberReference member yMax_ter ^ ^ ^ Literal value 0_ter ^ ^ ^ ^ member setResult_ter ^ ^ ^ ^ ^ 
setResult(yMax, 0);

StatementExpression expression MethodInvocation arguments MemberReference member yMin_ter ^ ^ ^ Literal value 0_ter ^ ^ ^ Literal value 0_ter ^ ^ ^ ^ member setResult_ter ^ ^ ^ ^ ^ 
setResult(yMin, 0, 0);

StatementExpression expression MethodInvocation arguments MemberReference member max_ter ^ ^ ^ ^ member setResult_ter ^ ^ ^ ^ ^ 
setResult(max);

StatementExpression expression MethodInvocation arguments MemberReference member initial_ter ^ ^ ^ Literal value 0_ter ^ ^ ^ ^ member setResult_ter ^ ^ ^ ^ ^ 
setResult(initial, 0);

StatementExpression expression MethodInvocation arguments MemberReference member yMin_ter ^ ^ ^ MemberReference member initial_ter ^ ^ ^ ^ member setResult_ter ^ ^ ^ ^ ^ 
setResult(yMin, initial);

StatementExpression expression MethodInvocation arguments MemberReference member loc3 ^ ^ ^ Literal value 0_ter ^ ^ ^ ^ member setResult_ter ^ ^ ^ ^ ^ 
setResult(, 0);


StatementExpression expression MethodInvocation arguments MemberReference member initial_ter ^ ^ ^ ^ member setResult_ter ^ ^ ^ ^ ^ 
setResult(initial);

StatementExpression expression MethodInvocation arguments MemberReference member min_ter ^ ^ ^ ^ member setResult_ter ^ ^ ^ ^ ^ 
setResult(min);

IfStatement condition MethodInvocation arguments MemberReference member yMin_ter ^ ^ ^ Literal value 0_ter ^ ^ ^ ^ member setResult_ter ^ ^ ^ ^ ^ 
if(setResult(yMin, 0)){


StatementExpression expression MethodInvocation arguments MemberReference member yMin_ter ^ ^ ^ Literal value 1_ter ^ ^ ^ Literal value 0_ter ^ ^ ^ ^ member setResult_ter ^ ^ ^ ^ ^ 
setResult(yMin, 1, 0);

StatementExpression expression MethodInvocation qualifier Math_ter ^ ^ arguments MemberReference member yMin_ter ^ ^ ^ Literal value 0_ter ^ ^ ^ ^ member setResult_ter ^ ^ ^ ^ ^ 
Math.setResult(yMin, 0);

StatementExpression expression MethodInvocation arguments MemberReference member yMin_ter ^ ^ ^ Literal value 0_ter ^ ^ ^ ^ member clearResult_ter ^ ^ ^ ^ ^ 
clearResult(yMin, 0);


StatementExpression expression MethodInvocation arguments MemberReference member yMax_ter ^ ^ ^ Literal value 1_ter ^ ^ ^ ^ member setResult_ter ^ ^ ^ ^ ^ 
setResult(yMax, 1);

StatementExpression expression MethodInvocation arguments MemberReference member yMax_ter ^ ^ ^ ^ member setResult_ter ^ ^ ^ ^ ^ 
setResult(yMax);

StatementExpression expression MethodInvocation arguments MemberReference member yMax_ter ^ ^ ^ Literal value 0_ter ^ ^ ^ ^ member setResult_ter ^ ^ ^ ^ ^ 
setResult(yMax, 0);

StatementExpression expression MethodInvocation arguments MemberReference member yMin_ter ^ ^ ^ Literal value 0_ter ^ ^ ^ ^ member setResult_ter ^ ^ ^ ^ ^ 
setResult(yMin, 0);

StatementExpression expression MethodInvocation arguments MemberReference member yMax_ter ^ ^ ^ MemberReference member yMax_ter ^ ^ ^ ^ member setResult_ter ^ ^ ^ ^ ^ 
setResult(yMax, yMax);

StatementExpression expression MethodInvocation arguments MemberReference member yMax_ter ^ ^ ^ MemberReference member min_ter ^ ^ ^ ^ member setResult_ter ^ ^ ^ ^ ^ 
setResult(yMax, min);

StatementExpression expression MethodInvocation arguments MemberReference member yMax_ter ^ ^ ^ MemberReference member loc3 ^ ^ ^ ^ member setResult_ter ^ ^ ^ ^ ^ 
setResult(yMax, );


StatementExpression expression MethodInvocation arguments MemberReference member loc3 ^ ^ ^ Literal value 0_ter ^ ^ ^ ^ member setResult_ter ^ ^ ^ ^ ^ 
setResult(, 0);


StatementExpression expression MethodInvocation arguments MemberReference member max_ter ^ ^ ^ Literal value 0_ter ^ ^ ^ ^ member setResult_ter ^ ^ ^ ^ ^ 
setResult(max, 0);

StatementExpression expression MethodInvocation arguments MemberReference member yInitial_ter ^ ^ ^ Literal value 0_ter ^ ^ ^ ^ member setResult_ter ^ ^ ^ ^ ^ 
setResult(yInitial, 0);

StatementExpression expression MethodInvocation arguments MemberReference member yMax_ter ^ ^ ^ MemberReference member max_ter ^ ^ ^ ^ member setResult_ter ^ ^ ^ ^ ^ 
setResult(yMax, max);

StatementExpression expression MethodInvocation arguments MemberReference member min_ter ^ ^ ^ Literal value 0_ter ^ ^ ^ ^ member setResult_ter ^ ^ ^ ^ ^ 
setResult(min, 0);

StatementExpression expression MethodInvocation arguments MemberReference member yMax_ter ^ ^ ^ MemberReference member f_ter ^ ^ ^ ^ member setResult_ter ^ ^ ^ ^ ^ 
setResult(yMax, f);

StatementExpression expression MethodInvocation arguments MemberReference member f_ter ^ ^ ^ Literal value 0_ter ^ ^ ^ ^ member setResult_ter ^ ^ ^ ^ ^ 
setResult(f, 0);

StatementExpression expression Assignment expressionl MemberReference member yMax_ter ^ ^ ^ ^ value MethodInvocation arguments MemberReference member yMax_ter ^ ^ ^ Literal value 0_ter ^ ^ ^ ^ member setResult_ter ^ ^ ^ ^ type =_ter ^ ^ ^ ^ ^ 
yMax = setResult(yMax, 0);

StatementExpression expression MethodInvocation member setResult_ter ^ ^ ^ ^ ^ 
setResult();

StatementExpression expression MethodInvocation arguments MemberReference member yMax_ter ^ ^ ^ Literal value 0_ter ^ ^ ^ Literal value 0_ter ^ ^ ^ ^ member setResult_ter ^ ^ ^ ^ ^ 
setResult(yMax, 0, 0);

StatementExpression expression MethodInvocation arguments MemberReference member yMax_ter ^ ^ ^ Literal value 0_ter ^ ^ ^ ^ member verifySequence_ter ^ ^ ^ ^ ^ 
verifySequence(yMax, 0);

ReturnStatement expression MethodInvocation arguments MemberReference member yMax_ter ^ ^ ^ Literal value 0_ter ^ ^ ^ ^ member setResult_ter ^ ^ ^ ^ ^ 
return setResult(yMax, 0);
StatementExpression expression MethodInvocation arguments MemberReference member initial_ter ^ ^ ^ Literal value 0_ter ^ ^ ^ ^ member setResult_ter ^ ^ ^ ^ ^ 
setResult(initial, 0);

StatementExpression expression MethodInvocation arguments MemberReference member yMin_ter ^ ^ ^ Literal value 0_ter ^ ^ ^ ^ member setResult_ter ^ ^ ^ ^ ^ 
setResult(yMin, 0);

StatementExpression expression MethodInvocation arguments MemberReference member yMax_ter ^ ^ ^ Literal value 2_ter ^ ^ ^ ^ member setResult_ter ^ ^ ^ ^ ^ 
setResult(yMax, 2);


StatementExpression expression MethodInvocation arguments MemberReference member yMin_ter ^ ^ ^ ^ member setResult_ter ^ ^ ^ ^ ^ 
setResult(yMin);

StatementExpression expression MethodInvocation arguments MemberReference member yMax_ter ^ ^ ^ MemberReference member yMax_ter ^ ^ ^ Literal value 0_ter ^ ^ ^ ^ member setResult_ter ^ ^ ^ ^ ^ 
setResult(yMax, yMax, 0);

StatementExpression expression MethodInvocation arguments MemberReference member initial_ter ^ ^ ^ Literal value 0_ter ^ ^ ^ ^ member setResult_ter ^ ^ ^ ^ ^ 
setResult(initial, 0);

StatementExpression expression MethodInvocation arguments MemberReference member yMax_ter ^ ^ ^ MemberReference member loc3 ^ ^ ^ Literal value 0_ter ^ ^ ^ ^ member setResult_ter ^ ^ ^ ^ ^ 
setResult(yMax, , 0);


StatementExpression expression MethodInvocation arguments MemberReference member yMax_ter ^ ^ ^ MemberReference member yMin_ter ^ ^ ^ ^ member setResult_ter ^ ^ ^ ^ ^ 
setResult(yMax, yMin);

StatementExpression expression MethodInvocation arguments MemberReference member yMax_ter ^ ^ ^ Literal value 0_ter ^ ^ ^ ^ member solve_ter ^ ^ ^ ^ ^ 
solve(yMax, 0);

StatementExpression expression MethodInvocation arguments MemberReference member yMax_ter ^ ^ ^ Literal value 1_ter ^ ^ ^ Literal value 0_ter ^ ^ ^ ^ member setResult_ter ^ ^ ^ ^ ^ 
setResult(yMax, 1, 0);

StatementExpression expression MethodInvocation arguments MemberReference member max_ter ^ ^ ^ ^ member setResult_ter ^ ^ ^ ^ ^ 
setResult(max);

StatementExpression expression MethodInvocation arguments MemberReference member yMax_ter ^ ^ ^ Literal value 0_ter ^ ^ ^ ^ member createIllegalArgumentException_ter ^ ^ ^ ^ ^ 
createIllegalArgumentException(yMax, 0);

StatementExpression expression MethodInvocation qualifier MathRuntimeException_ter ^ ^ arguments MemberReference member yMax_ter ^ ^ ^ Literal value 0_ter ^ ^ ^ ^ member setResult_ter ^ ^ ^ ^ ^ 
MathRuntimeException.setResult(yMax, 0);

StatementExpression expression MethodInvocation arguments MemberReference member yInitial_ter ^ ^ ^ ^ member setResult_ter ^ ^ ^ ^ ^ 
setResult(yInitial);

StatementExpression expression MethodInvocation arguments MemberReference member result_ter ^ ^ ^ Literal value 0_ter ^ ^ ^ ^ member setResult_ter ^ ^ ^ ^ ^ 
setResult(result, 0);

StatementExpression expression MethodInvocation arguments MemberReference member yMax_ter ^ ^ ^ MemberReference member yMax_ter ^ ^ ^ Literal value 1_ter ^ ^ ^ ^ member setResult_ter ^ ^ ^ ^ ^ 
setResult(yMax, yMax, 1);

ReturnStatement expression MemberReference member result_ter ^ ^ ^ ^ ^ 
if (true) { return result; }

StatementExpression expression MethodInvocation arguments MemberReference member yMax_ter ^ ^ ^ MemberReference member yMax_ter ^ ^ ^ Literal value false_ter ^ ^ ^ ^ member setResult_ter ^ ^ ^ ^ ^ 
setResult(yMax, yMax, false);

StatementExpression expression MethodInvocation arguments MemberReference member NON_BRACKETING_MESSAGE_ter ^ ^ ^ MemberReference member min_ter ^ ^ ^ MemberReference member max_ter ^ ^ ^ MemberReference member yMin_ter ^ ^ ^ MemberReference member yMax_ter ^ ^ ^ ^ member setResult_ter ^ ^ ^ ^ ^ 
setResult(NON_BRACKETING_MESSAGE, min, max, yMin, yMax);

StatementExpression expression MethodInvocation arguments MemberReference member yMax_ter ^ ^ ^ MemberReference member yInitial_ter ^ ^ ^ ^ member setResult_ter ^ ^ ^ ^ ^ 
setResult(yMax, yInitial);

StatementExpression expression MethodInvocation arguments MemberReference member yMax_ter ^ ^ ^ MemberReference member loc3 ^ ^ ^ Literal value 1_ter ^ ^ ^ ^ member setResult_ter ^ ^ ^ ^ ^ 
setResult(yMax, , 1);


StatementExpression expression MethodInvocation arguments MemberReference member yMax_ter ^ ^ ^ Literal value 0_ter ^ ^ ^ Literal value 1_ter ^ ^ ^ ^ member setResult_ter ^ ^ ^ ^ ^ 
setResult(yMax, 0, 1);

StatementExpression expression MethodInvocation arguments MemberReference member yMax_ter ^ ^ ^ Literal value 0_ter ^ ^ ^ MemberReference member max_ter ^ ^ ^ ^ member setResult_ter ^ ^ ^ ^ ^ 
setResult(yMax, 0, max);

StatementExpression expression MethodInvocation arguments MemberReference member yMax_ter ^ ^ ^ MemberReference member min_ter ^ ^ ^ Literal value 0_ter ^ ^ ^ ^ member setResult_ter ^ ^ ^ ^ ^ 
setResult(yMax, min, 0);

stderr: 