stdout: ReturnStatement expression BinaryOperation operator *_ter ^ ^ operandl Literal value 100_ter ^ ^ ^ ^ operandr MethodInvocation member doubleValue_ter ^ ^ ^ ^ ^ ^ ^ 
return (100 * doubleValue());
ReturnStatement expression MethodInvocation selectors MethodInvocation member doubleValue_ter ^ ^ ^ ^ arguments Literal value 2_ter ^ ^ ^ ^ member multiply_ter ^ ^ ^ ^ ^ 
return multiply(2).doubleValue();
ReturnStatement expression BinaryOperation operator /_ter ^ ^ operandl Literal value 100_ter ^ ^ ^ ^ operandr MethodInvocation member doubleValue_ter ^ ^ ^ ^ ^ ^ ^ 
return (100 / doubleValue());
ReturnStatement expression MethodInvocation selectors MethodInvocation member doubleValue_ter ^ ^ ^ ^ arguments Literal value 1_ter ^ ^ ^ ^ member multiply_ter ^ ^ ^ ^ ^ 
return multiply(1).doubleValue();
ReturnStatement expression MethodInvocation selectors MethodInvocation member doubleValue_ter ^ ^ ^ ^ arguments Literal value 0_ter ^ ^ ^ ^ member multiply_ter ^ ^ ^ ^ ^ 
return multiply(0).doubleValue();
ReturnStatement expression MethodInvocation selectors MethodInvocation member doubleValue_ter ^ ^ ^ ^ arguments Literal value 100_ter ^ ^ ^ ^ member multiply_ter ^ ^ ^ ^ ^ 
return multiply(100).doubleValue();
ReturnStatement expression MethodInvocation selectors MethodInvocation member percentageValue_ter ^ ^ ^ ^ arguments Literal value 100_ter ^ ^ ^ ^ member multiply_ter ^ ^ ^ ^ ^ 
return multiply(100).percentageValue();
ReturnStatement expression BinaryOperation operator -_ter ^ ^ operandl Literal value 100_ter ^ ^ ^ ^ operandr MethodInvocation member doubleValue_ter ^ ^ ^ ^ ^ ^ ^ 
return (100 - doubleValue());
ReturnStatement expression BinaryOperation operator +_ter ^ ^ operandl Literal value 100_ter ^ ^ ^ ^ operandr MethodInvocation member doubleValue_ter ^ ^ ^ ^ ^ ^ ^ 
return (100 + doubleValue());
ReturnStatement expression BinaryOperation operator *_ter ^ ^ operandl Literal value 100_ter ^ ^ ^ ^ operandr MethodInvocation selectors MethodInvocation member doubleValue_ter ^ ^ ^ ^ arguments Literal value 100_ter ^ ^ ^ ^ member multiply_ter ^ ^ ^ ^ ^ ^ ^ 
return (100 * multiply(100).doubleValue());
ReturnStatement expression MethodInvocation selectors MethodInvocation member doubleValue_ter ^ ^ ^ ^ arguments Literal value 100_ter ^ ^ ^ ^ member add_ter ^ ^ ^ ^ ^ 
return add(100).doubleValue();
ReturnStatement expression MethodInvocation selectors MethodInvocation member doubleValue_ter ^ ^ ^ ^ arguments Literal value 100_ter ^ ^ ^ ^ member subtract_ter ^ ^ ^ ^ ^ 
return subtract(100).doubleValue();
ReturnStatement expression MethodInvocation selectors MethodInvocation member doubleValue_ter ^ ^ ^ ^ arguments Literal value 100_ter ^ ^ ^ ^ member divide_ter ^ ^ ^ ^ ^ 
return divide(100).doubleValue();
ReturnStatement expression BinaryOperation operator <<_ter ^ ^ operandl Literal value 100_ter ^ ^ ^ ^ operandr MethodInvocation member doubleValue_ter ^ ^ ^ ^ ^ ^ ^ 
return (100 << doubleValue());
ReturnStatement expression BinaryOperation operator *_ter ^ ^ operandl Literal value 100_ter ^ ^ ^ ^ operandr Literal value 100_ter ^ ^ ^ ^ ^ ^ ^ 
return (100 * 100);
ReturnStatement expression MethodInvocation member doubleValue_ter ^ ^ ^ ^ ^ 
return doubleValue();
ReturnStatement expression BinaryOperation operator %_ter ^ ^ operandl Literal value 100_ter ^ ^ ^ ^ operandr MethodInvocation member doubleValue_ter ^ ^ ^ ^ ^ ^ ^ 
return (100 % doubleValue());
ReturnStatement expression BinaryOperation operator /_ter ^ ^ operandl Literal value 100_ter ^ ^ ^ ^ operandr MethodInvocation selectors MethodInvocation member doubleValue_ter ^ ^ ^ ^ arguments Literal value 100_ter ^ ^ ^ ^ member multiply_ter ^ ^ ^ ^ ^ ^ ^ 
return (100 / multiply(100).doubleValue());
ReturnStatement expression BinaryOperation operator /_ter ^ ^ operandl Literal value 100_ter ^ ^ ^ ^ operandr Literal value 100_ter ^ ^ ^ ^ ^ ^ ^ 
return (100 / 100);
ReturnStatement expression MethodInvocation selectors MethodInvocation member doubleValue_ter ^ ^ ^ ^ member multiply_ter ^ ^ ^ ^ ^ 
return multiply().doubleValue();
ReturnStatement expression MemberReference member multiply_ter ^ ^ ^ ^ ^ 
return multiply;
ReturnStatement expression BinaryOperation operator |_ter ^ ^ operandl Literal value 100_ter ^ ^ ^ ^ operandr MethodInvocation member doubleValue_ter ^ ^ ^ ^ ^ ^ ^ 
return (100 | doubleValue());
ReturnStatement expression MemberReference member percentageValue_ter ^ ^ ^ ^ ^ 
return percentageValue;
ReturnStatement expression BinaryOperation operator *_ter ^ ^ operandl MethodInvocation member doubleValue_ter ^ ^ ^ ^ operandr MethodInvocation member doubleValue_ter ^ ^ ^ ^ ^ ^ ^ 
return (doubleValue() * doubleValue());
ReturnStatement expression BinaryOperation operator /_ter ^ ^ operandl MethodInvocation member doubleValue_ter ^ ^ ^ ^ operandr MethodInvocation member doubleValue_ter ^ ^ ^ ^ ^ ^ ^ 
return (doubleValue() / doubleValue());
ReturnStatement expression MethodInvocation arguments Literal value 100_ter ^ ^ ^ Literal value 100_ter ^ ^ ^ ^ member multiply_ter ^ ^ ^ ^ ^ 
return multiply(100, 100);
ReturnStatement expression BinaryOperation operator -_ter ^ ^ operandl Literal value 100_ter ^ ^ ^ ^ operandr Literal value 100_ter ^ ^ ^ ^ ^ ^ ^ 
return (100 - 100);
ReturnStatement expression BinaryOperation operator -_ter ^ ^ operandl Literal value 100_ter ^ ^ ^ ^ operandr MethodInvocation selectors MethodInvocation member doubleValue_ter ^ ^ ^ ^ arguments Literal value 100_ter ^ ^ ^ ^ member multiply_ter ^ ^ ^ ^ ^ ^ ^ 
return (100 - multiply(100).doubleValue());
ReturnStatement expression MemberReference member doubleValue_ter ^ ^ ^ ^ ^ 
return doubleValue;
ReturnStatement expression BinaryOperation operator &_ter ^ ^ operandl Literal value 100_ter ^ ^ ^ ^ operandr MethodInvocation member doubleValue_ter ^ ^ ^ ^ ^ ^ ^ 
return (100 & doubleValue());
ReturnStatement expression BinaryOperation operator +_ter ^ ^ operandl Literal value 100_ter ^ ^ ^ ^ operandr MethodInvocation selectors MethodInvocation member doubleValue_ter ^ ^ ^ ^ arguments Literal value 100_ter ^ ^ ^ ^ member multiply_ter ^ ^ ^ ^ ^ ^ ^ 
return (100 + multiply(100).doubleValue());
ReturnStatement expression BinaryOperation operator -_ter ^ ^ operandl MethodInvocation member doubleValue_ter ^ ^ ^ ^ operandr MethodInvocation member doubleValue_ter ^ ^ ^ ^ ^ ^ ^ 
return (doubleValue() - doubleValue());
ReturnStatement expression Literal value 0_ter ^ ^ ^ ^ ^ 
return 0;
ReturnStatement expression BinaryOperation operator %_ter ^ ^ operandl Literal value 100_ter ^ ^ ^ ^ operandr Literal value 100_ter ^ ^ ^ ^ ^ ^ ^ 
return (100 % 100);
ReturnStatement expression BinaryOperation operator <<_ter ^ ^ operandl Literal value 100_ter ^ ^ ^ ^ operandr Literal value 100_ter ^ ^ ^ ^ ^ ^ ^ 
return (100 << 100);
ReturnStatement expression MemberReference member add_ter ^ ^ ^ ^ ^ 
return add;
ReturnStatement expression Literal value 2_ter ^ ^ ^ ^ ^ 
return 2;
ReturnStatement expression BinaryOperation operator <<_ter ^ ^ operandl Literal value 100_ter ^ ^ ^ ^ operandr MethodInvocation selectors MethodInvocation member doubleValue_ter ^ ^ ^ ^ arguments Literal value 100_ter ^ ^ ^ ^ member multiply_ter ^ ^ ^ ^ ^ ^ ^ 
return (100 << multiply(100).doubleValue());
ReturnStatement expression BinaryOperation operator *_ter ^ ^ operandl MethodInvocation selectors MethodInvocation member doubleValue_ter ^ ^ ^ ^ arguments Literal value 100_ter ^ ^ ^ ^ member multiply_ter ^ ^ ^ ^ operandr MethodInvocation member doubleValue_ter ^ ^ ^ ^ ^ ^ ^ 
return (multiply(100).doubleValue() * doubleValue());
ReturnStatement expression BinaryOperation operator *_ter ^ ^ operandl Literal value 100_ter ^ ^ ^ ^ operandr MethodInvocation arguments Literal value 100_ter ^ ^ ^ ^ member multiply_ter ^ ^ ^ ^ ^ ^ ^ 
return (100 * multiply(100));
ReturnStatement expression MethodInvocation selectors MethodInvocation member doubleValue_ter ^ ^ ^ ^ member doubleValue_ter ^ ^ ^ ^ ^ 
return doubleValue().doubleValue();
ReturnStatement expression BinaryOperation operator *_ter ^ ^ operandl Literal value 100_ter ^ ^ ^ ^ operandr MethodInvocation arguments MemberReference member TWO_ter ^ ^ ^ ^ member multiply_ter ^ ^ ^ ^ ^ ^ ^ 
return (100 * multiply(TWO));
ReturnStatement expression BinaryOperation operator *_ter ^ ^ operandl Literal value 100_ter ^ ^ ^ ^ operandr MethodInvocation arguments MemberReference member ONE_ter ^ ^ ^ ^ member multiply_ter ^ ^ ^ ^ ^ ^ ^ 
return (100 * multiply(ONE));
ReturnStatement expression BinaryOperation operator *_ter ^ ^ operandl Literal value 100_ter ^ ^ ^ ^ operandr MethodInvocation arguments MemberReference member ZERO_ter ^ ^ ^ ^ member multiply_ter ^ ^ ^ ^ ^ ^ ^ 
return (100 * multiply(ZERO));
ReturnStatement expression BinaryOperation operator *_ter ^ ^ operandl Literal value 100_ter ^ ^ ^ ^ operandr MethodInvocation arguments MemberReference member FOUR_FIFTHS_ter ^ ^ ^ ^ member multiply_ter ^ ^ ^ ^ ^ ^ ^ 
return (100 * multiply(FOUR_FIFTHS));
ReturnStatement expression BinaryOperation operator *_ter ^ ^ operandl Literal value 100_ter ^ ^ ^ ^ operandr MethodInvocation arguments MemberReference member ONE_FIFTH_ter ^ ^ ^ ^ member multiply_ter ^ ^ ^ ^ ^ ^ ^ 
return (100 * multiply(ONE_FIFTH));
ReturnStatement expression BinaryOperation operator *_ter ^ ^ operandl Literal value 100_ter ^ ^ ^ ^ operandr MethodInvocation arguments MemberReference member ONE_HALF_ter ^ ^ ^ ^ member multiply_ter ^ ^ ^ ^ ^ ^ ^ 
return (100 * multiply(ONE_HALF));
ReturnStatement expression BinaryOperation operator *_ter ^ ^ operandl Literal value 100_ter ^ ^ ^ ^ operandr MethodInvocation arguments MemberReference member ONE_QUARTER_ter ^ ^ ^ ^ member multiply_ter ^ ^ ^ ^ ^ ^ ^ 
return (100 * multiply(ONE_QUARTER));
ReturnStatement expression BinaryOperation operator *_ter ^ ^ operandl Literal value 100_ter ^ ^ ^ ^ operandr MethodInvocation arguments MemberReference member ONE_THIRD_ter ^ ^ ^ ^ member multiply_ter ^ ^ ^ ^ ^ ^ ^ 
return (100 * multiply(ONE_THIRD));
ReturnStatement expression BinaryOperation operator *_ter ^ ^ operandl Literal value 100_ter ^ ^ ^ ^ operandr MethodInvocation arguments MemberReference member THREE_FIFTHS_ter ^ ^ ^ ^ member multiply_ter ^ ^ ^ ^ ^ ^ ^ 
return (100 * multiply(THREE_FIFTHS));
ReturnStatement expression BinaryOperation operator *_ter ^ ^ operandl Literal value 100_ter ^ ^ ^ ^ operandr MethodInvocation arguments MemberReference member THREE_QUARTERS_ter ^ ^ ^ ^ member multiply_ter ^ ^ ^ ^ ^ ^ ^ 
return (100 * multiply(THREE_QUARTERS));
ReturnStatement expression BinaryOperation operator *_ter ^ ^ operandl Literal value 100_ter ^ ^ ^ ^ operandr MethodInvocation arguments MemberReference member TWO_FIFTHS_ter ^ ^ ^ ^ member multiply_ter ^ ^ ^ ^ ^ ^ ^ 
return (100 * multiply(TWO_FIFTHS));
ReturnStatement expression BinaryOperation operator *_ter ^ ^ operandl Literal value 100_ter ^ ^ ^ ^ operandr MethodInvocation arguments MemberReference member TWO_QUARTERS_ter ^ ^ ^ ^ member multiply_ter ^ ^ ^ ^ ^ ^ ^ 
return (100 * multiply(TWO_QUARTERS));
ReturnStatement expression BinaryOperation operator *_ter ^ ^ operandl Literal value 100_ter ^ ^ ^ ^ operandr MethodInvocation arguments MemberReference member TWO_THIRDS_ter ^ ^ ^ ^ member multiply_ter ^ ^ ^ ^ ^ ^ ^ 
return (100 * multiply(TWO_THIRDS));
ReturnStatement expression BinaryOperation operator *_ter ^ ^ operandl Literal value 100_ter ^ ^ ^ ^ operandr MethodInvocation arguments MemberReference member MINUS_ONE_ter ^ ^ ^ ^ member multiply_ter ^ ^ ^ ^ ^ ^ ^ 
return (100 * multiply(MINUS_ONE));
stderr: 