stdout: LocalVariableDeclaration type BasicType name boolean_ter ^ ^ ^ ^ declarators VariableDeclarator name roundUp_ter ^ ^ initializer Literal value true_ter ^ ^ ^ ^ ^ ^ ^ 
boolean roundUp = true;

LocalVariableDeclaration type BasicType name int_ter ^ ^ ^ ^ declarators VariableDeclarator name roundUp_ter ^ ^ initializer Literal value false_ter ^ ^ ^ ^ ^ ^ ^ 
int roundUp = false;

LocalVariableDeclaration type BasicType name long_ter ^ ^ ^ ^ declarators VariableDeclarator name roundUp_ter ^ ^ initializer Literal value false_ter ^ ^ ^ ^ ^ ^ ^ 
long roundUp = false;

LocalVariableDeclaration type BasicType name boolean_ter ^ ^ ^ ^ declarators VariableDeclarator name loc0 ^ ^ ^ ^ ^ 
boolean  = ;


LocalVariableDeclaration type BasicType name boolean_ter ^ ^ ^ ^ declarators VariableDeclarator name roundUp_ter ^ ^ initializer Literal value null_ter ^ ^ ^ ^ ^ ^ ^ 
boolean roundUp = null;

LocalVariableDeclaration type BasicType name boolean_ter ^ ^ ^ ^ declarators VariableDeclarator name roundUp_ter ^ ^ initializer Literal prefix_operators -_ter ^ ^ value false_ter ^ ^ ^ ^ ^ ^ ^ 
boolean roundUp = -false;

LocalVariableDeclaration type BasicType name boolean_ter ^ ^ ^ ^ declarators VariableDeclarator name roundUp_ter ^ ^ initializer Literal prefix_operators -_ter ^ ^ value true_ter ^ ^ ^ ^ ^ ^ ^ 
boolean roundUp = -true;

LocalVariableDeclaration type BasicType name boolean_ter ^ ^ ^ ^ declarators VariableDeclarator name roundUp_ter ^ ^ initializer Literal value 0_ter ^ ^ ^ ^ ^ ^ ^ 
boolean roundUp = 0;

LocalVariableDeclaration type BasicType name boolean_ter ^ ^ ^ ^ declarators VariableDeclarator name loc0 ^ ^ initializer Literal value false_ter ^ ^ ^ ^ ^ ^ ^ 
boolean  = false;


LocalVariableDeclaration type BasicType name boolean_ter ^ ^ ^ ^ declarators VariableDeclarator name roundUp_ter ^ ^ initializer Literal value 1_ter ^ ^ ^ ^ ^ ^ ^ 
boolean roundUp = 1;

LocalVariableDeclaration type BasicType name boolean_ter ^ ^ ^ ^ declarators VariableDeclarator name loc0 ^ ^ initializer Literal value true_ter ^ ^ ^ ^ ^ ^ ^ 
boolean  = true;



LocalVariableDeclaration type BasicType name boolean_ter ^ ^ ^ ^ declarators VariableDeclarator name roundUp_ter ^ ^ initializer Literal value 280000000_ter ^ ^ ^ ^ ^ ^ ^ 
boolean roundUp = 280000000;

LocalVariableDeclaration type BasicType name boolean_ter ^ ^ ^ ^ declarators VariableDeclarator name roundUp_ter ^ ^ initializer Literal value <string>_ter ^ ^ ^ ^ ^ ^ ^ 
boolean roundUp = "null";

LocalVariableDeclaration modifiers final_ter ^ ^ type BasicType name boolean_ter ^ ^ ^ ^ declarators VariableDeclarator name roundUp_ter ^ ^ initializer Literal value false_ter ^ ^ ^ ^ ^ ^ ^ 
final boolean roundUp = false;

LocalVariableDeclaration type BasicType name boolean_ter ^ ^ ^ ^ declarators VariableDeclarator name roundUp_ter ^ ^ initializer Literal value false_ter ^ ^ ^ ^ ^ ^ ^ 
boolean roundUp = false;

LocalVariableDeclaration type BasicType name boolean_ter ^ ^ ^ ^ declarators VariableDeclarator name roundUp_ter ^ ^ initializer Literal prefix_operators -_ter ^ ^ value 1_ter ^ ^ ^ ^ ^ ^ ^ 
boolean roundUp = -1;

LocalVariableDeclaration type BasicType name boolean_ter ^ ^ ^ ^ declarators VariableDeclarator name roundUp_ter ^ ^ initializer Literal prefix_operators !_ter ^ ^ value true_ter ^ ^ ^ ^ ^ ^ ^ 
boolean roundUp = !true;

LocalVariableDeclaration type ReferenceType name ArithmeticException_ter ^ ^ ^ ^ declarators VariableDeclarator name loc0 ^ ^ ^ ^ ^ 
arg 
arg 
ArithmeticException  = ;


LocalVariableDeclaration type BasicType name boolean_ter ^ ^ ^ ^ declarators VariableDeclarator name roundUp_ter ^ ^ initializer Literal prefix_operators !_ter ^ ^ value false_ter ^ ^ ^ ^ ^ ^ ^ 
boolean roundUp = !false;

LocalVariableDeclaration type BasicType name boolean_ter ^ ^ ^ ^ declarators VariableDeclarator name roundUp_ter ^ ^ initializer Literal value 2_ter ^ ^ ^ ^ ^ ^ ^ 
boolean roundUp = 2;

ReturnStatement_ter ^ 
if (true) { return;
 }

StatementExpression expression Assignment expressionl MemberReference member loc0 ^ ^ ^ ^ value Literal value false_ter ^ ^ ^ ^ type =_ter ^ ^ ^ ^ ^ 
 = false;


StatementExpression expression MethodInvocation qualifier val_ter ^ ^ arguments MemberReference qualifier Calendar_ter ^ ^ member YEAR_ter ^ ^ ^ ^ member get_ter ^ ^ ^ ^ ^ 
val.get(Calendar.YEAR);

StatementExpression expression Assignment expressionl MemberReference member loc0 ^ ^ ^ ^ value Literal value true_ter ^ ^ ^ ^ type =_ter ^ ^ ^ ^ ^ 
 = true;


LocalVariableDeclaration type BasicType name boolean_ter ^ ^ ^ ^ declarators VariableDeclarator name roundUp_ter ^ ^ initializer Literal prefix_operators -_ter ^ ^ value <string>_ter ^ ^ ^ ^ ^ ^ ^ 
boolean roundUp = -"null";

LocalVariableDeclaration type BasicType name int_ter ^ ^ dimensions None_ter ^ ^ ^ ^ declarators VariableDeclarator name roundUp_ter ^ ^ initializer Literal value false_ter ^ ^ ^ ^ ^ ^ ^ 
int[] roundUp = false;

LocalVariableDeclaration type BasicType name long_ter ^ ^ dimensions None_ter ^ ^ ^ ^ declarators VariableDeclarator name roundUp_ter ^ ^ initializer Literal value false_ter ^ ^ ^ ^ ^ ^ ^ 
long[] roundUp = false;

parameters ^ 

BreakStatement_ter ^ 
break;

ContinueStatement_ter ^ 
continue;


StatementExpression expression MethodInvocation qualifier val_ter ^ ^ arguments MemberReference selectors ArraySelector index MemberReference member i_ter ^ ^ ^ ^ ^ ArraySelector index Literal value 0_ter ^ ^ ^ ^ ^ ^ member fields_ter ^ ^ ^ BinaryOperation operator -_ter ^ ^ operandl MethodInvocation qualifier val_ter ^ ^ arguments MemberReference selectors ArraySelector index MemberReference member i_ter ^ ^ ^ ^ ^ ArraySelector index Literal value 0_ter ^ ^ ^ ^ ^ ^ member fields_ter ^ ^ ^ ^ member get_ter ^ ^ ^ ^ operandr MemberReference member offset_ter ^ ^ ^ ^ ^ ^ member set_ter ^ ^ ^ ^ ^ 
val.set(fields[i].[0], (val.get(fields[i].[0]) - offset));


StatementExpression expression MethodInvocation qualifier val_ter ^ ^ arguments MemberReference member fields_ter ^ ^ ^ BinaryOperation operator -_ter ^ ^ operandl MethodInvocation qualifier val_ter ^ ^ arguments MemberReference selectors ArraySelector index MemberReference member i_ter ^ ^ ^ ^ ^ ArraySelector index Literal value 0_ter ^ ^ ^ ^ ^ ^ member fields_ter ^ ^ ^ ^ member get_ter ^ ^ ^ ^ operandr MemberReference member offset_ter ^ ^ ^ ^ ^ ^ member set_ter ^ ^ ^ ^ ^ 
val.set(fields, (val.get(fields[i].[0]) - offset));


StatementExpression expression MethodInvocation qualifier val_ter ^ ^ arguments BinaryOperation operator -_ter ^ ^ operandl MethodInvocation qualifier val_ter ^ ^ arguments MemberReference selectors ArraySelector index MemberReference member i_ter ^ ^ ^ ^ ^ ArraySelector index Literal value 0_ter ^ ^ ^ ^ ^ ^ member fields_ter ^ ^ ^ ^ member get_ter ^ ^ ^ ^ operandr MemberReference member offset_ter ^ ^ ^ ^ ^ ^ member set_ter ^ ^ ^ ^ ^ 
val.set((val.get(fields[i].[0]) - offset));


StatementExpression expression MethodInvocation qualifier val_ter ^ ^ arguments MemberReference member SEMI_MONTH_ter ^ ^ ^ BinaryOperation operator -_ter ^ ^ operandl MethodInvocation qualifier val_ter ^ ^ arguments MemberReference selectors ArraySelector index MemberReference member i_ter ^ ^ ^ ^ ^ ArraySelector index Literal value 0_ter ^ ^ ^ ^ ^ ^ member fields_ter ^ ^ ^ ^ member get_ter ^ ^ ^ ^ operandr MemberReference member offset_ter ^ ^ ^ ^ ^ ^ member set_ter ^ ^ ^ ^ ^ 
val.set(SEMI_MONTH, (val.get(fields[i].[0]) - offset));


StatementExpression expression MethodInvocation qualifier val_ter ^ ^ arguments MemberReference member RANGE_WEEK_SUNDAY_ter ^ ^ ^ BinaryOperation operator -_ter ^ ^ operandl MethodInvocation qualifier val_ter ^ ^ arguments MemberReference selectors ArraySelector index MemberReference member i_ter ^ ^ ^ ^ ^ ArraySelector index Literal value 0_ter ^ ^ ^ ^ ^ ^ member fields_ter ^ ^ ^ ^ member get_ter ^ ^ ^ ^ operandr MemberReference member offset_ter ^ ^ ^ ^ ^ ^ member set_ter ^ ^ ^ ^ ^ 
val.set(RANGE_WEEK_SUNDAY, (val.get(fields[i].[0]) - offset));


StatementExpression expression MethodInvocation qualifier val_ter ^ ^ arguments MemberReference member RANGE_WEEK_MONDAY_ter ^ ^ ^ BinaryOperation operator -_ter ^ ^ operandl MethodInvocation qualifier val_ter ^ ^ arguments MemberReference selectors ArraySelector index MemberReference member i_ter ^ ^ ^ ^ ^ ArraySelector index Literal value 0_ter ^ ^ ^ ^ ^ ^ member fields_ter ^ ^ ^ ^ member get_ter ^ ^ ^ ^ operandr MemberReference member offset_ter ^ ^ ^ ^ ^ ^ member set_ter ^ ^ ^ ^ ^ 
val.set(RANGE_WEEK_MONDAY, (val.get(fields[i].[0]) - offset));


StatementExpression expression MethodInvocation qualifier val_ter ^ ^ arguments MemberReference member RANGE_WEEK_RELATIVE_ter ^ ^ ^ BinaryOperation operator -_ter ^ ^ operandl MethodInvocation qualifier val_ter ^ ^ arguments MemberReference selectors ArraySelector index MemberReference member i_ter ^ ^ ^ ^ ^ ArraySelector index Literal value 0_ter ^ ^ ^ ^ ^ ^ member fields_ter ^ ^ ^ ^ member get_ter ^ ^ ^ ^ operandr MemberReference member offset_ter ^ ^ ^ ^ ^ ^ member set_ter ^ ^ ^ ^ ^ 
val.set(RANGE_WEEK_RELATIVE, (val.get(fields[i].[0]) - offset));


StatementExpression expression MethodInvocation qualifier val_ter ^ ^ arguments MemberReference member RANGE_WEEK_CENTER_ter ^ ^ ^ BinaryOperation operator -_ter ^ ^ operandl MethodInvocation qualifier val_ter ^ ^ arguments MemberReference selectors ArraySelector index MemberReference member i_ter ^ ^ ^ ^ ^ ArraySelector index Literal value 0_ter ^ ^ ^ ^ ^ ^ member fields_ter ^ ^ ^ ^ member get_ter ^ ^ ^ ^ operandr MemberReference member offset_ter ^ ^ ^ ^ ^ ^ member set_ter ^ ^ ^ ^ ^ 
val.set(RANGE_WEEK_CENTER, (val.get(fields[i].[0]) - offset));


StatementExpression expression MethodInvocation qualifier val_ter ^ ^ arguments MemberReference member RANGE_MONTH_SUNDAY_ter ^ ^ ^ BinaryOperation operator -_ter ^ ^ operandl MethodInvocation qualifier val_ter ^ ^ arguments MemberReference selectors ArraySelector index MemberReference member i_ter ^ ^ ^ ^ ^ ArraySelector index Literal value 0_ter ^ ^ ^ ^ ^ ^ member fields_ter ^ ^ ^ ^ member get_ter ^ ^ ^ ^ operandr MemberReference member offset_ter ^ ^ ^ ^ ^ ^ member set_ter ^ ^ ^ ^ ^ 
val.set(RANGE_MONTH_SUNDAY, (val.get(fields[i].[0]) - offset));


StatementExpression expression MethodInvocation qualifier val_ter ^ ^ arguments MemberReference member RANGE_MONTH_MONDAY_ter ^ ^ ^ BinaryOperation operator -_ter ^ ^ operandl MethodInvocation qualifier val_ter ^ ^ arguments MemberReference selectors ArraySelector index MemberReference member i_ter ^ ^ ^ ^ ^ ArraySelector index Literal value 0_ter ^ ^ ^ ^ ^ ^ member fields_ter ^ ^ ^ ^ member get_ter ^ ^ ^ ^ operandr MemberReference member offset_ter ^ ^ ^ ^ ^ ^ member set_ter ^ ^ ^ ^ ^ 
val.set(RANGE_MONTH_MONDAY, (val.get(fields[i].[0]) - offset));


StatementExpression expression MethodInvocation qualifier val_ter ^ ^ arguments MemberReference member MILLIS_IN_SECOND_ter ^ ^ ^ BinaryOperation operator -_ter ^ ^ operandl MethodInvocation qualifier val_ter ^ ^ arguments MemberReference selectors ArraySelector index MemberReference member i_ter ^ ^ ^ ^ ^ ArraySelector index Literal value 0_ter ^ ^ ^ ^ ^ ^ member fields_ter ^ ^ ^ ^ member get_ter ^ ^ ^ ^ operandr MemberReference member offset_ter ^ ^ ^ ^ ^ ^ member set_ter ^ ^ ^ ^ ^ 
val.set(MILLIS_IN_SECOND, (val.get(fields[i].[0]) - offset));


StatementExpression expression MethodInvocation qualifier val_ter ^ ^ arguments MemberReference member MILLIS_IN_MINUTE_ter ^ ^ ^ BinaryOperation operator -_ter ^ ^ operandl MethodInvocation qualifier val_ter ^ ^ arguments MemberReference selectors ArraySelector index MemberReference member i_ter ^ ^ ^ ^ ^ ArraySelector index Literal value 0_ter ^ ^ ^ ^ ^ ^ member fields_ter ^ ^ ^ ^ member get_ter ^ ^ ^ ^ operandr MemberReference member offset_ter ^ ^ ^ ^ ^ ^ member set_ter ^ ^ ^ ^ ^ 
val.set(MILLIS_IN_MINUTE, (val.get(fields[i].[0]) - offset));


StatementExpression expression MethodInvocation qualifier val_ter ^ ^ arguments MemberReference member MILLIS_IN_HOUR_ter ^ ^ ^ BinaryOperation operator -_ter ^ ^ operandl MethodInvocation qualifier val_ter ^ ^ arguments MemberReference selectors ArraySelector index MemberReference member i_ter ^ ^ ^ ^ ^ ArraySelector index Literal value 0_ter ^ ^ ^ ^ ^ ^ member fields_ter ^ ^ ^ ^ member get_ter ^ ^ ^ ^ operandr MemberReference member offset_ter ^ ^ ^ ^ ^ ^ member set_ter ^ ^ ^ ^ ^ 
val.set(MILLIS_IN_HOUR, (val.get(fields[i].[0]) - offset));


StatementExpression expression MethodInvocation qualifier val_ter ^ ^ arguments MemberReference member MILLIS_IN_DAY_ter ^ ^ ^ BinaryOperation operator -_ter ^ ^ operandl MethodInvocation qualifier val_ter ^ ^ arguments MemberReference selectors ArraySelector index MemberReference member i_ter ^ ^ ^ ^ ^ ArraySelector index Literal value 0_ter ^ ^ ^ ^ ^ ^ member fields_ter ^ ^ ^ ^ member get_ter ^ ^ ^ ^ operandr MemberReference member offset_ter ^ ^ ^ ^ ^ ^ member set_ter ^ ^ ^ ^ ^ 
val.set(MILLIS_IN_DAY, (val.get(fields[i].[0]) - offset));


StatementExpression expression MethodInvocation qualifier val_ter ^ ^ arguments BinaryOperation operator -_ter ^ ^ operandl MethodInvocation qualifier val_ter ^ ^ arguments MemberReference selectors ArraySelector index MemberReference member i_ter ^ ^ ^ ^ ^ ArraySelector index Literal value 0_ter ^ ^ ^ ^ ^ ^ member fields_ter ^ ^ ^ ^ member get_ter ^ ^ ^ ^ operandr MemberReference member offset_ter ^ ^ ^ ^ ^ BinaryOperation operator -_ter ^ ^ operandl MethodInvocation qualifier val_ter ^ ^ arguments MemberReference selectors ArraySelector index MemberReference member i_ter ^ ^ ^ ^ ^ ArraySelector index Literal value 0_ter ^ ^ ^ ^ ^ ^ member fields_ter ^ ^ ^ ^ member get_ter ^ ^ ^ ^ operandr MemberReference member offset_ter ^ ^ ^ ^ ^ ^ member set_ter ^ ^ ^ ^ ^ 
val.set((val.get(fields[i].[0]) - offset), (val.get(fields[i].[0]) - offset));


StatementExpression expression MethodInvocation qualifier val_ter ^ ^ arguments MemberReference member fields_ter ^ ^ ^ BinaryOperation operator -_ter ^ ^ operandl MethodInvocation qualifier val_ter ^ ^ arguments MemberReference selectors ArraySelector index MemberReference member i_ter ^ ^ ^ ^ ^ ArraySelector index Literal value 0_ter ^ ^ ^ ^ ^ ^ member fields_ter ^ ^ ^ ^ member get_ter ^ ^ ^ ^ operandr MemberReference member offset_ter ^ ^ ^ ^ ^ BinaryOperation operator -_ter ^ ^ operandl MethodInvocation qualifier val_ter ^ ^ arguments MemberReference selectors ArraySelector index MemberReference member i_ter ^ ^ ^ ^ ^ ArraySelector index Literal value 0_ter ^ ^ ^ ^ ^ ^ member fields_ter ^ ^ ^ ^ member get_ter ^ ^ ^ ^ operandr MemberReference member offset_ter ^ ^ ^ ^ ^ ^ member set_ter ^ ^ ^ ^ ^ 
val.set(fields, (val.get(fields[i].[0]) - offset), (val.get(fields[i].[0]) - offset));


StatementExpression expression MethodInvocation qualifier val_ter ^ ^ arguments MemberReference selectors ArraySelector index MemberReference member i_ter ^ ^ ^ ^ ^ ArraySelector index Literal value 0_ter ^ ^ ^ ^ ^ ^ member SEMI_MONTH_ter ^ ^ ^ BinaryOperation operator -_ter ^ ^ operandl MethodInvocation qualifier val_ter ^ ^ arguments MemberReference selectors ArraySelector index MemberReference member i_ter ^ ^ ^ ^ ^ ArraySelector index Literal value 0_ter ^ ^ ^ ^ ^ ^ member fields_ter ^ ^ ^ ^ member get_ter ^ ^ ^ ^ operandr MemberReference member offset_ter ^ ^ ^ ^ ^ ^ member set_ter ^ ^ ^ ^ ^ 
val.set(SEMI_MONTH[i].[0], (val.get(fields[i].[0]) - offset));


StatementExpression expression MethodInvocation qualifier val_ter ^ ^ arguments MemberReference selectors ArraySelector index MemberReference member i_ter ^ ^ ^ ^ ^ ArraySelector index Literal value 0_ter ^ ^ ^ ^ ^ ^ member RANGE_WEEK_SUNDAY_ter ^ ^ ^ BinaryOperation operator -_ter ^ ^ operandl MethodInvocation qualifier val_ter ^ ^ arguments MemberReference selectors ArraySelector index MemberReference member i_ter ^ ^ ^ ^ ^ ArraySelector index Literal value 0_ter ^ ^ ^ ^ ^ ^ member fields_ter ^ ^ ^ ^ member get_ter ^ ^ ^ ^ operandr MemberReference member offset_ter ^ ^ ^ ^ ^ ^ member set_ter ^ ^ ^ ^ ^ 
val.set(RANGE_WEEK_SUNDAY[i].[0], (val.get(fields[i].[0]) - offset));


StatementExpression expression MethodInvocation qualifier val_ter ^ ^ arguments MemberReference selectors ArraySelector index MemberReference member i_ter ^ ^ ^ ^ ^ ArraySelector index Literal value 0_ter ^ ^ ^ ^ ^ ^ member RANGE_WEEK_MONDAY_ter ^ ^ ^ BinaryOperation operator -_ter ^ ^ operandl MethodInvocation qualifier val_ter ^ ^ arguments MemberReference selectors ArraySelector index MemberReference member i_ter ^ ^ ^ ^ ^ ArraySelector index Literal value 0_ter ^ ^ ^ ^ ^ ^ member fields_ter ^ ^ ^ ^ member get_ter ^ ^ ^ ^ operandr MemberReference member offset_ter ^ ^ ^ ^ ^ ^ member set_ter ^ ^ ^ ^ ^ 
val.set(RANGE_WEEK_MONDAY[i].[0], (val.get(fields[i].[0]) - offset));


StatementExpression expression MethodInvocation qualifier val_ter ^ ^ arguments MemberReference selectors ArraySelector index MemberReference member i_ter ^ ^ ^ ^ ^ ArraySelector index Literal value 0_ter ^ ^ ^ ^ ^ ^ member RANGE_WEEK_RELATIVE_ter ^ ^ ^ BinaryOperation operator -_ter ^ ^ operandl MethodInvocation qualifier val_ter ^ ^ arguments MemberReference selectors ArraySelector index MemberReference member i_ter ^ ^ ^ ^ ^ ArraySelector index Literal value 0_ter ^ ^ ^ ^ ^ ^ member fields_ter ^ ^ ^ ^ member get_ter ^ ^ ^ ^ operandr MemberReference member offset_ter ^ ^ ^ ^ ^ ^ member set_ter ^ ^ ^ ^ ^ 
val.set(RANGE_WEEK_RELATIVE[i].[0], (val.get(fields[i].[0]) - offset));


StatementExpression expression MethodInvocation qualifier val_ter ^ ^ arguments MemberReference selectors ArraySelector index MemberReference member i_ter ^ ^ ^ ^ ^ ArraySelector index Literal value 0_ter ^ ^ ^ ^ ^ ^ member RANGE_WEEK_CENTER_ter ^ ^ ^ BinaryOperation operator -_ter ^ ^ operandl MethodInvocation qualifier val_ter ^ ^ arguments MemberReference selectors ArraySelector index MemberReference member i_ter ^ ^ ^ ^ ^ ArraySelector index Literal value 0_ter ^ ^ ^ ^ ^ ^ member fields_ter ^ ^ ^ ^ member get_ter ^ ^ ^ ^ operandr MemberReference member offset_ter ^ ^ ^ ^ ^ ^ member set_ter ^ ^ ^ ^ ^ 
val.set(RANGE_WEEK_CENTER[i].[0], (val.get(fields[i].[0]) - offset));


StatementExpression expression MethodInvocation qualifier val_ter ^ ^ arguments MemberReference selectors ArraySelector index MemberReference member i_ter ^ ^ ^ ^ ^ ArraySelector index Literal value 0_ter ^ ^ ^ ^ ^ ^ member RANGE_MONTH_SUNDAY_ter ^ ^ ^ BinaryOperation operator -_ter ^ ^ operandl MethodInvocation qualifier val_ter ^ ^ arguments MemberReference selectors ArraySelector index MemberReference member i_ter ^ ^ ^ ^ ^ ArraySelector index Literal value 0_ter ^ ^ ^ ^ ^ ^ member fields_ter ^ ^ ^ ^ member get_ter ^ ^ ^ ^ operandr MemberReference member offset_ter ^ ^ ^ ^ ^ ^ member set_ter ^ ^ ^ ^ ^ 
val.set(RANGE_MONTH_SUNDAY[i].[0], (val.get(fields[i].[0]) - offset));


StatementExpression expression MethodInvocation qualifier val_ter ^ ^ arguments MemberReference selectors ArraySelector index MemberReference member i_ter ^ ^ ^ ^ ^ ArraySelector index Literal value 0_ter ^ ^ ^ ^ ^ ^ member RANGE_MONTH_MONDAY_ter ^ ^ ^ BinaryOperation operator -_ter ^ ^ operandl MethodInvocation qualifier val_ter ^ ^ arguments MemberReference selectors ArraySelector index MemberReference member i_ter ^ ^ ^ ^ ^ ArraySelector index Literal value 0_ter ^ ^ ^ ^ ^ ^ member fields_ter ^ ^ ^ ^ member get_ter ^ ^ ^ ^ operandr MemberReference member offset_ter ^ ^ ^ ^ ^ ^ member set_ter ^ ^ ^ ^ ^ 
val.set(RANGE_MONTH_MONDAY[i].[0], (val.get(fields[i].[0]) - offset));


StatementExpression expression MethodInvocation qualifier val_ter ^ ^ arguments MemberReference selectors ArraySelector index MemberReference member i_ter ^ ^ ^ ^ ^ ArraySelector index Literal value 0_ter ^ ^ ^ ^ ^ ^ member MILLIS_IN_SECOND_ter ^ ^ ^ BinaryOperation operator -_ter ^ ^ operandl MethodInvocation qualifier val_ter ^ ^ arguments MemberReference selectors ArraySelector index MemberReference member i_ter ^ ^ ^ ^ ^ ArraySelector index Literal value 0_ter ^ ^ ^ ^ ^ ^ member fields_ter ^ ^ ^ ^ member get_ter ^ ^ ^ ^ operandr MemberReference member offset_ter ^ ^ ^ ^ ^ ^ member set_ter ^ ^ ^ ^ ^ 
val.set(MILLIS_IN_SECOND[i].[0], (val.get(fields[i].[0]) - offset));


StatementExpression expression MethodInvocation qualifier val_ter ^ ^ arguments MemberReference selectors ArraySelector index MemberReference member i_ter ^ ^ ^ ^ ^ ArraySelector index Literal value 0_ter ^ ^ ^ ^ ^ ^ member MILLIS_IN_MINUTE_ter ^ ^ ^ BinaryOperation operator -_ter ^ ^ operandl MethodInvocation qualifier val_ter ^ ^ arguments MemberReference selectors ArraySelector index MemberReference member i_ter ^ ^ ^ ^ ^ ArraySelector index Literal value 0_ter ^ ^ ^ ^ ^ ^ member fields_ter ^ ^ ^ ^ member get_ter ^ ^ ^ ^ operandr MemberReference member offset_ter ^ ^ ^ ^ ^ ^ member set_ter ^ ^ ^ ^ ^ 
val.set(MILLIS_IN_MINUTE[i].[0], (val.get(fields[i].[0]) - offset));


StatementExpression expression MethodInvocation qualifier val_ter ^ ^ arguments MemberReference selectors ArraySelector index MemberReference member i_ter ^ ^ ^ ^ ^ ArraySelector index Literal value 0_ter ^ ^ ^ ^ ^ ^ member MILLIS_IN_HOUR_ter ^ ^ ^ BinaryOperation operator -_ter ^ ^ operandl MethodInvocation qualifier val_ter ^ ^ arguments MemberReference selectors ArraySelector index MemberReference member i_ter ^ ^ ^ ^ ^ ArraySelector index Literal value 0_ter ^ ^ ^ ^ ^ ^ member fields_ter ^ ^ ^ ^ member get_ter ^ ^ ^ ^ operandr MemberReference member offset_ter ^ ^ ^ ^ ^ ^ member set_ter ^ ^ ^ ^ ^ 
val.set(MILLIS_IN_HOUR[i].[0], (val.get(fields[i].[0]) - offset));


StatementExpression expression MethodInvocation qualifier val_ter ^ ^ arguments MemberReference selectors ArraySelector index MemberReference member i_ter ^ ^ ^ ^ ^ ArraySelector index Literal value 0_ter ^ ^ ^ ^ ^ ^ member MILLIS_IN_DAY_ter ^ ^ ^ BinaryOperation operator -_ter ^ ^ operandl MethodInvocation qualifier val_ter ^ ^ arguments MemberReference selectors ArraySelector index MemberReference member i_ter ^ ^ ^ ^ ^ ArraySelector index Literal value 0_ter ^ ^ ^ ^ ^ ^ member fields_ter ^ ^ ^ ^ member get_ter ^ ^ ^ ^ operandr MemberReference member offset_ter ^ ^ ^ ^ ^ ^ member set_ter ^ ^ ^ ^ ^ 
val.set(MILLIS_IN_DAY[i].[0], (val.get(fields[i].[0]) - offset));


StatementExpression expression MethodInvocation qualifier val_ter ^ ^ arguments MemberReference member offset_ter ^ ^ ^ BinaryOperation operator -_ter ^ ^ operandl MethodInvocation qualifier val_ter ^ ^ arguments MemberReference selectors ArraySelector index MemberReference member i_ter ^ ^ ^ ^ ^ ArraySelector index Literal value 0_ter ^ ^ ^ ^ ^ ^ member fields_ter ^ ^ ^ ^ member get_ter ^ ^ ^ ^ operandr MemberReference member offset_ter ^ ^ ^ ^ ^ ^ member set_ter ^ ^ ^ ^ ^ 
val.set(offset, (val.get(fields[i].[0]) - offset));


StatementExpression expression MethodInvocation qualifier val_ter ^ ^ arguments MemberReference member min_ter ^ ^ ^ BinaryOperation operator -_ter ^ ^ operandl MethodInvocation qualifier val_ter ^ ^ arguments MemberReference selectors ArraySelector index MemberReference member i_ter ^ ^ ^ ^ ^ ArraySelector index Literal value 0_ter ^ ^ ^ ^ ^ ^ member fields_ter ^ ^ ^ ^ member get_ter ^ ^ ^ ^ operandr MemberReference member offset_ter ^ ^ ^ ^ ^ ^ member set_ter ^ ^ ^ ^ ^ 
val.set(min, (val.get(fields[i].[0]) - offset));


StatementExpression expression Assignment expressionl MemberReference member offset_ter ^ ^ ^ ^ value BinaryOperation operator -_ter ^ ^ operandl MethodInvocation qualifier val_ter ^ ^ arguments MemberReference selectors ArraySelector index MemberReference member i_ter ^ ^ ^ ^ ^ ArraySelector index Literal value 0_ter ^ ^ ^ ^ ^ ^ member fields_ter ^ ^ ^ ^ member get_ter ^ ^ ^ ^ operandr MemberReference member min_ter ^ ^ ^ ^ ^ ^ type =_ter ^ ^ ^ ^ ^ 
offset = (val.get(fields[i].[0]) - min);


StatementExpression expression MethodInvocation qualifier val_ter ^ ^ arguments MemberReference selectors ArraySelector index MemberReference member i_ter ^ ^ ^ ^ ^ ArraySelector index Literal value 0_ter ^ ^ ^ ^ ^ ^ member fields_ter ^ ^ ^ BinaryOperation operator -_ter ^ ^ operandl MethodInvocation qualifier val_ter ^ ^ arguments MemberReference selectors ArraySelector index MemberReference member i_ter ^ ^ ^ ^ ^ ArraySelector index Literal value 0_ter ^ ^ ^ ^ ^ ^ member fields_ter ^ ^ ^ ^ member get_ter ^ ^ ^ ^ operandr MemberReference member min_ter ^ ^ ^ ^ ^ ^ member set_ter ^ ^ ^ ^ ^ 
val.set(fields[i].[0], (val.get(fields[i].[0]) - min));


StatementExpression expression MethodInvocation qualifier val_ter ^ ^ arguments BinaryOperation operator -_ter ^ ^ operandl MethodInvocation qualifier val_ter ^ ^ arguments MemberReference selectors ArraySelector index MemberReference member i_ter ^ ^ ^ ^ ^ ArraySelector index Literal value 0_ter ^ ^ ^ ^ ^ ^ member fields_ter ^ ^ ^ ^ member get_ter ^ ^ ^ ^ operandr MemberReference member offset_ter ^ ^ ^ ^ ^ Literal value 0_ter ^ ^ ^ ^ member set_ter ^ ^ ^ ^ ^ 
val.set((val.get(fields[i].[0]) - offset), 0);


StatementExpression expression MethodInvocation qualifier val_ter ^ ^ arguments BinaryOperation operator -_ter ^ ^ operandl MethodInvocation qualifier val_ter ^ ^ arguments MemberReference selectors ArraySelector index MemberReference member i_ter ^ ^ ^ ^ ^ ArraySelector index Literal value 0_ter ^ ^ ^ ^ ^ ^ member fields_ter ^ ^ ^ ^ member get_ter ^ ^ ^ ^ operandr MemberReference member offset_ter ^ ^ ^ ^ ^ MemberReference member fields_ter ^ ^ ^ ^ member set_ter ^ ^ ^ ^ ^ 
val.set((val.get(fields[i].[0]) - offset), fields);


StatementExpression expression MethodInvocation qualifier val_ter ^ ^ arguments MemberReference member max_ter ^ ^ ^ BinaryOperation operator -_ter ^ ^ operandl MethodInvocation qualifier val_ter ^ ^ arguments MemberReference selectors ArraySelector index MemberReference member i_ter ^ ^ ^ ^ ^ ArraySelector index Literal value 0_ter ^ ^ ^ ^ ^ ^ member fields_ter ^ ^ ^ ^ member get_ter ^ ^ ^ ^ operandr MemberReference member offset_ter ^ ^ ^ ^ ^ ^ member set_ter ^ ^ ^ ^ ^ 
val.set(max, (val.get(fields[i].[0]) - offset));


StatementExpression expression MethodInvocation qualifier val_ter ^ ^ arguments MemberReference selectors ArraySelector index MemberReference member i_ter ^ ^ ^ ^ ^ ArraySelector index Literal value 0_ter ^ ^ ^ ^ ^ ^ member fields_ter ^ ^ ^ ^ member set_ter ^ ^ ^ ^ ^ 
val.set(fields[i].[0]);



StatementExpression expression MethodInvocation qualifier val_ter ^ ^ arguments MemberReference selectors ArraySelector index MemberReference member i_ter ^ ^ ^ ^ ^ ArraySelector index Literal value 0_ter ^ ^ ^ ^ ^ ^ member offset_ter ^ ^ ^ BinaryOperation operator -_ter ^ ^ operandl MethodInvocation qualifier val_ter ^ ^ arguments MemberReference selectors ArraySelector index MemberReference member i_ter ^ ^ ^ ^ ^ ArraySelector index Literal value 0_ter ^ ^ ^ ^ ^ ^ member fields_ter ^ ^ ^ ^ member get_ter ^ ^ ^ ^ operandr MemberReference member offset_ter ^ ^ ^ ^ ^ ^ member set_ter ^ ^ ^ ^ ^ 
val.set(offset[i].[0], (val.get(fields[i].[0]) - offset));


StatementExpression expression MethodInvocation qualifier val_ter ^ ^ arguments MemberReference selectors ArraySelector index MemberReference member i_ter ^ ^ ^ ^ ^ ArraySelector index Literal value 0_ter ^ ^ ^ ^ ^ ^ member fields_ter ^ ^ ^ BinaryOperation operator -_ter ^ ^ operandl MethodInvocation qualifier val_ter ^ ^ arguments MemberReference selectors ArraySelector index MemberReference member i_ter ^ ^ ^ ^ ^ ArraySelector index Literal value 0_ter ^ ^ ^ ^ ^ ^ member fields_ter ^ ^ ^ ^ member get_ter ^ ^ ^ ^ operandr MemberReference member offset_ter ^ ^ ^ ^ ^ ^ member debug_ter ^ ^ ^ ^ ^ 
val.debug(fields[i].[0], (val.get(fields[i].[0]) - offset));


StatementExpression expression MethodInvocation qualifier val_ter ^ ^ arguments MemberReference selectors ArraySelector index MemberReference member i_ter ^ ^ ^ ^ ^ ArraySelector index Literal value 0_ter ^ ^ ^ ^ ^ ^ member fields_ter ^ ^ ^ BinaryOperation operator -_ter ^ ^ operandl MethodInvocation qualifier val_ter ^ ^ arguments MemberReference selectors ArraySelector index MemberReference member i_ter ^ ^ ^ ^ ^ ArraySelector index Literal value 0_ter ^ ^ ^ ^ ^ ^ member fields_ter ^ ^ ^ ^ member get_ter ^ ^ ^ ^ operandr MemberReference member offset_ter ^ ^ ^ ^ ^ BinaryOperation operator -_ter ^ ^ operandl MethodInvocation qualifier val_ter ^ ^ arguments MemberReference selectors ArraySelector index MemberReference member i_ter ^ ^ ^ ^ ^ ArraySelector index Literal value 0_ter ^ ^ ^ ^ ^ ^ member fields_ter ^ ^ ^ ^ member get_ter ^ ^ ^ ^ operandr MemberReference member offset_ter ^ ^ ^ ^ ^ ^ member set_ter ^ ^ ^ ^ ^ 
val.set(fields[i].[0], (val.get(fields[i].[0]) - offset), (val.get(fields[i].[0]) - offset));


StatementExpression expression MethodInvocation qualifier val_ter ^ ^ arguments MemberReference selectors ArraySelector index MemberReference member i_ter ^ ^ ^ ^ ^ ArraySelector index Literal value 0_ter ^ ^ ^ ^ ^ ^ member fields_ter ^ ^ ^ BinaryOperation operator -_ter ^ ^ operandl MethodInvocation qualifier val_ter ^ ^ arguments MemberReference selectors ArraySelector index MemberReference member i_ter ^ ^ ^ ^ ^ ArraySelector index Literal value 0_ter ^ ^ ^ ^ ^ ^ member fields_ter ^ ^ ^ ^ member get_ter ^ ^ ^ ^ operandr MemberReference selectors ArraySelector index MemberReference member i_ter ^ ^ ^ ^ ^ ArraySelector index Literal value 0_ter ^ ^ ^ ^ ^ ^ member fields_ter ^ ^ ^ ^ ^ ^ member set_ter ^ ^ ^ ^ ^ 
val.set(fields[i].[0], (val.get(fields[i].[0]) - fields[i].[0]));


StatementExpression expression MethodInvocation qualifier val_ter ^ ^ arguments MemberReference selectors ArraySelector index MemberReference member i_ter ^ ^ ^ ^ ^ ArraySelector index Literal value 0_ter ^ ^ ^ ^ ^ ^ member fields_ter ^ ^ ^ BinaryOperation operator +_ter ^ ^ operandl MethodInvocation qualifier val_ter ^ ^ arguments MemberReference selectors ArraySelector index MemberReference member i_ter ^ ^ ^ ^ ^ ArraySelector index Literal value 0_ter ^ ^ ^ ^ ^ ^ member fields_ter ^ ^ ^ ^ member get_ter ^ ^ ^ ^ operandr MemberReference member offset_ter ^ ^ ^ ^ ^ ^ member set_ter ^ ^ ^ ^ ^ 
val.set(fields[i].[0], (val.get(fields[i].[0]) + offset));


StatementExpression expression MethodInvocation qualifier val_ter ^ ^ arguments MemberReference member roundUp_ter ^ ^ ^ BinaryOperation operator -_ter ^ ^ operandl MethodInvocation qualifier val_ter ^ ^ arguments MemberReference selectors ArraySelector index MemberReference member i_ter ^ ^ ^ ^ ^ ArraySelector index Literal value 0_ter ^ ^ ^ ^ ^ ^ member fields_ter ^ ^ ^ ^ member get_ter ^ ^ ^ ^ operandr MemberReference member offset_ter ^ ^ ^ ^ ^ ^ member set_ter ^ ^ ^ ^ ^ 
val.set(roundUp, (val.get(fields[i].[0]) - offset));


StatementExpression expression MethodInvocation qualifier val_ter ^ ^ arguments BinaryOperation operator -_ter ^ ^ operandl MethodInvocation qualifier val_ter ^ ^ arguments MemberReference selectors ArraySelector index MemberReference member i_ter ^ ^ ^ ^ ^ ArraySelector index Literal value 0_ter ^ ^ ^ ^ ^ ^ member fields_ter ^ ^ ^ ^ member get_ter ^ ^ ^ ^ operandr MemberReference member offset_ter ^ ^ ^ ^ ^ BinaryOperation operator -_ter ^ ^ operandl MethodInvocation qualifier val_ter ^ ^ arguments MemberReference selectors ArraySelector index MemberReference member i_ter ^ ^ ^ ^ ^ ArraySelector index Literal value 0_ter ^ ^ ^ ^ ^ ^ member fields_ter ^ ^ ^ ^ member get_ter ^ ^ ^ ^ operandr MemberReference member offset_ter ^ ^ ^ ^ ^ BinaryOperation operator -_ter ^ ^ operandl MethodInvocation qualifier val_ter ^ ^ arguments MemberReference selectors ArraySelector index MemberReference member i_ter ^ ^ ^ ^ ^ ArraySelector index Literal value 0_ter ^ ^ ^ ^ ^ ^ member fields_ter ^ ^ ^ ^ member get_ter ^ ^ ^ ^ operandr MemberReference member offset_ter ^ ^ ^ ^ ^ ^ member set_ter ^ ^ ^ ^ ^ 
val.set((val.get(fields[i].[0]) - offset), (val.get(fields[i].[0]) - offset), (val.get(fields[i].[0]) - offset));


StatementExpression expression MethodInvocation qualifier val_ter ^ ^ arguments MethodInvocation qualifier val_ter ^ ^ arguments MemberReference selectors ArraySelector index MemberReference member i_ter ^ ^ ^ ^ ^ ArraySelector index Literal value 0_ter ^ ^ ^ ^ ^ ^ member fields_ter ^ ^ ^ ^ member get_ter ^ ^ ^ ^ member set_ter ^ ^ ^ ^ ^ 
val.set(val.get(fields[i].[0]));


StatementExpression expression MethodInvocation qualifier val_ter ^ ^ arguments BinaryOperation operator -_ter ^ ^ operandl MethodInvocation qualifier val_ter ^ ^ arguments MemberReference selectors ArraySelector index MemberReference member i_ter ^ ^ ^ ^ ^ ArraySelector index Literal value 0_ter ^ ^ ^ ^ ^ ^ member fields_ter ^ ^ ^ ^ member get_ter ^ ^ ^ ^ operandr MemberReference member offset_ter ^ ^ ^ ^ ^ MemberReference member fields_ter ^ ^ ^ BinaryOperation operator -_ter ^ ^ operandl MethodInvocation qualifier val_ter ^ ^ arguments MemberReference selectors ArraySelector index MemberReference member i_ter ^ ^ ^ ^ ^ ArraySelector index Literal value 0_ter ^ ^ ^ ^ ^ ^ member fields_ter ^ ^ ^ ^ member get_ter ^ ^ ^ ^ operandr MemberReference member offset_ter ^ ^ ^ ^ ^ ^ member set_ter ^ ^ ^ ^ ^ 
val.set((val.get(fields[i].[0]) - offset), fields, (val.get(fields[i].[0]) - offset));


StatementExpression expression MethodInvocation qualifier val_ter ^ ^ arguments BinaryOperation operator -_ter ^ ^ operandl MethodInvocation qualifier val_ter ^ ^ arguments MemberReference selectors ArraySelector index MemberReference member i_ter ^ ^ ^ ^ ^ ArraySelector index Literal value 0_ter ^ ^ ^ ^ ^ ^ member fields_ter ^ ^ ^ ^ member get_ter ^ ^ ^ ^ operandr MemberReference member offset_ter ^ ^ ^ ^ ^ Literal value false_ter ^ ^ ^ ^ member set_ter ^ ^ ^ ^ ^ 
val.set((val.get(fields[i].[0]) - offset), false);


StatementExpression expression MethodInvocation qualifier val_ter ^ ^ arguments MemberReference selectors ArraySelector index MemberReference member i_ter ^ ^ ^ ^ ^ ArraySelector index Literal value 0_ter ^ ^ ^ ^ ^ ^ member fields_ter ^ ^ ^ BinaryOperation operator -_ter ^ ^ operandl MethodInvocation qualifier val_ter ^ ^ arguments MemberReference selectors ArraySelector index MemberReference member i_ter ^ ^ ^ ^ ^ ArraySelector index Literal value 0_ter ^ ^ ^ ^ ^ ^ member fields_ter ^ ^ ^ ^ member get_ter ^ ^ ^ ^ operandr MemberReference member max_ter ^ ^ ^ ^ ^ ^ member set_ter ^ ^ ^ ^ ^ 
val.set(fields[i].[0], (val.get(fields[i].[0]) - max));


StatementExpression expression MethodInvocation qualifier val_ter ^ ^ arguments MemberReference member offsetSet_ter ^ ^ ^ BinaryOperation operator -_ter ^ ^ operandl MethodInvocation qualifier val_ter ^ ^ arguments MemberReference selectors ArraySelector index MemberReference member i_ter ^ ^ ^ ^ ^ ArraySelector index Literal value 0_ter ^ ^ ^ ^ ^ ^ member fields_ter ^ ^ ^ ^ member get_ter ^ ^ ^ ^ operandr MemberReference member offset_ter ^ ^ ^ ^ ^ ^ member set_ter ^ ^ ^ ^ ^ 
val.set(offsetSet, (val.get(fields[i].[0]) - offset));


StatementExpression expression MethodInvocation qualifier val_ter ^ ^ arguments MemberReference selectors ArraySelector index MemberReference member i_ter ^ ^ ^ ^ ^ ArraySelector index Literal value 0_ter ^ ^ ^ ^ ^ ^ member fields_ter ^ ^ ^ BinaryOperation operator -_ter ^ ^ operandl MethodInvocation qualifier val_ter ^ ^ arguments MemberReference selectors ArraySelector index MemberReference member i_ter ^ ^ ^ ^ ^ ArraySelector index Literal value 0_ter ^ ^ ^ ^ ^ ^ member fields_ter ^ ^ ^ ^ member get_ter ^ ^ ^ ^ operandr MemberReference member offset_ter ^ ^ ^ ^ ^ ^ member getActualMinimum_ter ^ ^ ^ ^ ^ 
val.getActualMinimum(fields[i].[0], (val.get(fields[i].[0]) - offset));


StatementExpression expression MethodInvocation qualifier val_ter ^ ^ arguments MemberReference selectors ArraySelector index MemberReference member i_ter ^ ^ ^ ^ ^ ArraySelector index Literal value 0_ter ^ ^ ^ ^ ^ ^ member fields_ter ^ ^ ^ BinaryOperation operator -_ter ^ ^ operandl MethodInvocation qualifier val_ter ^ ^ arguments MemberReference selectors ArraySelector index MemberReference member i_ter ^ ^ ^ ^ ^ ArraySelector index Literal value 0_ter ^ ^ ^ ^ ^ ^ member fields_ter ^ ^ ^ ^ member get_ter ^ ^ ^ ^ operandr MemberReference member offset_ter ^ ^ ^ ^ ^ ^ member getActualMaximum_ter ^ ^ ^ ^ ^ 
val.getActualMaximum(fields[i].[0], (val.get(fields[i].[0]) - offset));


StatementExpression expression MethodInvocation qualifier val_ter ^ ^ arguments MemberReference selectors ArraySelector index MemberReference member i_ter ^ ^ ^ ^ ^ ArraySelector index Literal value 0_ter ^ ^ ^ ^ ^ ^ member fields_ter ^ ^ ^ BinaryOperation operator -_ter ^ ^ operandl MethodInvocation qualifier val_ter ^ ^ arguments MemberReference selectors ArraySelector index MemberReference member i_ter ^ ^ ^ ^ ^ ArraySelector index Literal value 0_ter ^ ^ ^ ^ ^ ^ member fields_ter ^ ^ ^ ^ member get_ter ^ ^ ^ ^ operandr MemberReference member roundUp_ter ^ ^ ^ ^ ^ ^ member set_ter ^ ^ ^ ^ ^ 
val.set(fields[i].[0], (val.get(fields[i].[0]) - roundUp));


StatementExpression expression MethodInvocation qualifier val_ter ^ ^ arguments MemberReference selectors ArraySelector index MemberReference member i_ter ^ ^ ^ ^ ^ ArraySelector index Literal value 0_ter ^ ^ ^ ^ ^ ^ member fields_ter ^ ^ ^ BinaryOperation operator -_ter ^ ^ operandl MethodInvocation qualifier val_ter ^ ^ arguments MemberReference selectors ArraySelector index MemberReference member i_ter ^ ^ ^ ^ ^ ArraySelector index Literal value 0_ter ^ ^ ^ ^ ^ ^ member fields_ter ^ ^ ^ ^ member get_ter ^ ^ ^ ^ operandr MemberReference selectors ArraySelector index MemberReference member i_ter ^ ^ ^ ^ ^ ArraySelector index Literal value 0_ter ^ ^ ^ ^ ^ ^ member offset_ter ^ ^ ^ ^ ^ ^ member set_ter ^ ^ ^ ^ ^ 
val.set(fields[i].[0], (val.get(fields[i].[0]) - offset[i].[0]));


StatementExpression expression MethodInvocation qualifier val_ter ^ ^ arguments MemberReference member fields_ter ^ ^ ^ BinaryOperation operator -_ter ^ ^ operandl MethodInvocation qualifier val_ter ^ ^ arguments MemberReference selectors ArraySelector index MemberReference member i_ter ^ ^ ^ ^ ^ ArraySelector index Literal value 0_ter ^ ^ ^ ^ ^ ^ member fields_ter ^ ^ ^ ^ member get_ter ^ ^ ^ ^ operandr MemberReference member offset_ter ^ ^ ^ ^ ^ MemberReference member fields_ter ^ ^ ^ ^ member set_ter ^ ^ ^ ^ ^ 
val.set(fields, (val.get(fields[i].[0]) - offset), fields);


StatementExpression expression MethodInvocation qualifier val_ter ^ ^ arguments MemberReference selectors ArraySelector index MemberReference member i_ter ^ ^ ^ ^ ^ ArraySelector index Literal value 0_ter ^ ^ ^ ^ ^ ^ member fields_ter ^ ^ ^ BinaryOperation operator -_ter ^ ^ operandl MethodInvocation qualifier val_ter ^ ^ arguments MemberReference selectors ArraySelector index MemberReference member i_ter ^ ^ ^ ^ ^ ArraySelector index Literal value 0_ter ^ ^ ^ ^ ^ ^ member fields_ter ^ ^ ^ ^ member get_ter ^ ^ ^ ^ operandr MemberReference member fields_ter ^ ^ ^ ^ ^ ^ member set_ter ^ ^ ^ ^ ^ 
val.set(fields[i].[0], (val.get(fields[i].[0]) - fields));


StatementExpression expression MethodInvocation qualifier val_ter ^ ^ arguments MemberReference member offset_ter ^ ^ ^ BinaryOperation operator -_ter ^ ^ operandl MethodInvocation qualifier val_ter ^ ^ arguments MemberReference selectors ArraySelector index MemberReference member i_ter ^ ^ ^ ^ ^ ArraySelector index Literal value 0_ter ^ ^ ^ ^ ^ ^ member fields_ter ^ ^ ^ ^ member get_ter ^ ^ ^ ^ operandr MemberReference member offset_ter ^ ^ ^ ^ ^ BinaryOperation operator -_ter ^ ^ operandl MethodInvocation qualifier val_ter ^ ^ arguments MemberReference selectors ArraySelector index MemberReference member i_ter ^ ^ ^ ^ ^ ArraySelector index Literal value 0_ter ^ ^ ^ ^ ^ ^ member fields_ter ^ ^ ^ ^ member get_ter ^ ^ ^ ^ operandr MemberReference member offset_ter ^ ^ ^ ^ ^ ^ member set_ter ^ ^ ^ ^ ^ 
val.set(offset, (val.get(fields[i].[0]) - offset), (val.get(fields[i].[0]) - offset));


StatementExpression expression MethodInvocation qualifier val_ter ^ ^ arguments MemberReference selectors ArraySelector index MemberReference member i_ter ^ ^ ^ ^ ^ ArraySelector index Literal value 0_ter ^ ^ ^ ^ ^ ^ member fields_ter ^ ^ ^ BinaryOperation operator -_ter ^ ^ operandl MethodInvocation qualifier val_ter ^ ^ arguments MemberReference selectors ArraySelector index MemberReference member i_ter ^ ^ ^ ^ ^ ArraySelector index Literal value 0_ter ^ ^ ^ ^ ^ ^ member fields_ter ^ ^ ^ ^ member get_ter ^ ^ ^ ^ operandr MemberReference member offset_ter ^ ^ ^ ^ ^ ^ member e_ter ^ ^ ^ ^ ^ 
val.e(fields[i].[0], (val.get(fields[i].[0]) - offset));


StatementExpression expression MethodInvocation qualifier val_ter ^ ^ arguments BinaryOperation operator -_ter ^ ^ operandl MethodInvocation qualifier val_ter ^ ^ arguments MemberReference selectors ArraySelector index MemberReference member i_ter ^ ^ ^ ^ ^ ArraySelector index Literal value 0_ter ^ ^ ^ ^ ^ ^ member fields_ter ^ ^ ^ ^ member get_ter ^ ^ ^ ^ operandr MemberReference member offset_ter ^ ^ ^ ^ ^ BinaryOperation operator -_ter ^ ^ operandl MethodInvocation qualifier val_ter ^ ^ arguments MemberReference selectors ArraySelector index MemberReference member i_ter ^ ^ ^ ^ ^ ArraySelector index Literal value 0_ter ^ ^ ^ ^ ^ ^ member fields_ter ^ ^ ^ ^ member get_ter ^ ^ ^ ^ operandr MemberReference member offset_ter ^ ^ ^ ^ ^ MemberReference member fields_ter ^ ^ ^ ^ member set_ter ^ ^ ^ ^ ^ 
val.set((val.get(fields[i].[0]) - offset), (val.get(fields[i].[0]) - offset), fields);


StatementExpression expression MethodInvocation qualifier val_ter ^ ^ arguments MemberReference member loc1 ^ ^ ^ BinaryOperation operator -_ter ^ ^ operandl MethodInvocation qualifier val_ter ^ ^ arguments MemberReference selectors ArraySelector index MemberReference member i_ter ^ ^ ^ ^ ^ ArraySelector index Literal value 0_ter ^ ^ ^ ^ ^ ^ member fields_ter ^ ^ ^ ^ member get_ter ^ ^ ^ ^ operandr MemberReference member offset_ter ^ ^ ^ ^ ^ ^ member set_ter ^ ^ ^ ^ ^ 
val.set(, (val.get(fields[i].[0]) - offset));


StatementExpression expression MethodInvocation qualifier val_ter ^ ^ arguments MemberReference selectors ArraySelector index MemberReference member i_ter ^ ^ ^ ^ ^ ArraySelector index Literal value 0_ter ^ ^ ^ ^ ^ ^ member fields_ter ^ ^ ^ BinaryOperation operator <=_ter ^ ^ operandl MethodInvocation qualifier val_ter ^ ^ arguments MemberReference selectors ArraySelector index MemberReference member i_ter ^ ^ ^ ^ ^ ArraySelector index Literal value 0_ter ^ ^ ^ ^ ^ ^ member fields_ter ^ ^ ^ ^ member get_ter ^ ^ ^ ^ operandr MemberReference member offset_ter ^ ^ ^ ^ ^ ^ member set_ter ^ ^ ^ ^ ^ 
val.set(fields[i].[0], (val.get(fields[i].[0]) <= offset));


StatementExpression expression MethodInvocation qualifier val_ter ^ ^ arguments MemberReference selectors ArraySelector index MemberReference member i_ter ^ ^ ^ ^ ^ ArraySelector index Literal value 0_ter ^ ^ ^ ^ ^ ^ member fields_ter ^ ^ ^ BinaryOperation operator <_ter ^ ^ operandl MethodInvocation qualifier val_ter ^ ^ arguments MemberReference selectors ArraySelector index MemberReference member i_ter ^ ^ ^ ^ ^ ArraySelector index Literal value 0_ter ^ ^ ^ ^ ^ ^ member fields_ter ^ ^ ^ ^ member get_ter ^ ^ ^ ^ operandr MemberReference member offset_ter ^ ^ ^ ^ ^ ^ member set_ter ^ ^ ^ ^ ^ 
val.set(fields[i].[0], (val.get(fields[i].[0]) < offset));


StatementExpression expression MethodInvocation qualifier val_ter ^ ^ arguments MemberReference selectors ArraySelector index MemberReference member i_ter ^ ^ ^ ^ ^ ArraySelector index Literal value 0_ter ^ ^ ^ ^ ^ ^ member fields_ter ^ ^ ^ BinaryOperation operator >=_ter ^ ^ operandl MethodInvocation qualifier val_ter ^ ^ arguments MemberReference selectors ArraySelector index MemberReference member i_ter ^ ^ ^ ^ ^ ArraySelector index Literal value 0_ter ^ ^ ^ ^ ^ ^ member fields_ter ^ ^ ^ ^ member get_ter ^ ^ ^ ^ operandr MemberReference member offset_ter ^ ^ ^ ^ ^ ^ member set_ter ^ ^ ^ ^ ^ 
val.set(fields[i].[0], (val.get(fields[i].[0]) >= offset));


ReturnStatement_ter ^ 
if (true) { return;
 }

StatementExpression expression Assignment expressionl MemberReference member roundUp_ter ^ ^ ^ ^ value BinaryOperation operator >_ter ^ ^ operandl MemberReference member offset_ter ^ ^ ^ ^ operandr BinaryOperation operator /_ter ^ ^ operandl BinaryOperation operator -_ter ^ ^ operandl MemberReference member max_ter ^ ^ ^ ^ operandr MemberReference member min_ter ^ ^ ^ ^ ^ ^ operandr Literal value 2_ter ^ ^ ^ ^ ^ ^ ^ ^ type =_ter ^ ^ ^ ^ ^ 
roundUp = (offset > ((max - min) / 2));

StatementExpression expression Assignment expressionl MemberReference member offset_ter ^ ^ ^ ^ value BinaryOperation operator -_ter ^ ^ operandl MethodInvocation qualifier val_ter ^ ^ arguments MemberReference selectors ArraySelector index MemberReference member i_ter ^ ^ ^ ^ ^ ArraySelector index Literal value 0_ter ^ ^ ^ ^ ^ ^ member fields_ter ^ ^ ^ ^ member get_ter ^ ^ ^ ^ operandr MemberReference member min_ter ^ ^ ^ ^ ^ ^ type =_ter ^ ^ ^ ^ ^ 
offset = (val.get(fields[i].[0]) - min);


StatementExpression expression MethodInvocation qualifier val_ter ^ ^ arguments MemberReference selectors ArraySelector index MemberReference member i_ter ^ ^ ^ ^ ^ ArraySelector index Literal value 0_ter ^ ^ ^ ^ ^ ^ member fields_ter ^ ^ ^ BinaryOperation operator -_ter ^ ^ operandl MethodInvocation qualifier val_ter ^ ^ arguments MemberReference selectors ArraySelector index MemberReference member i_ter ^ ^ ^ ^ ^ ArraySelector index Literal value 0_ter ^ ^ ^ ^ ^ ^ member fields_ter ^ ^ ^ ^ member get_ter ^ ^ ^ ^ operandr MemberReference member offset_ter ^ ^ ^ ^ ^ Literal value 0_ter ^ ^ ^ ^ member set_ter ^ ^ ^ ^ ^ 
val.set(fields[i].[0], (val.get(fields[i].[0]) - offset), 0);


stderr: 