stdout: ReturnStatement_ter ^ 
if (true) { return;
 }

condition BinaryOperation operator ==_ter ^ ^ operandl MethodInvocation qualifier declarationRoot_ter ^ ^ member getType_ter ^ ^ ^ ^ operandr MemberReference qualifier Token_ter ^ ^ member ERROR_ter ^ ^ ^ ^ ^ ^ 
if((declarationRoot.getType() == Token.ERROR)){
condition BinaryOperation operator ==_ter ^ ^ operandl MethodInvocation qualifier declarationRoot_ter ^ ^ member getType_ter ^ ^ ^ ^ operandr MemberReference qualifier Token_ter ^ ^ member EOF_ter ^ ^ ^ ^ ^ ^ 
if((declarationRoot.getType() == Token.EOF)){
condition BinaryOperation operator ==_ter ^ ^ operandl MethodInvocation qualifier declarationRoot_ter ^ ^ member getType_ter ^ ^ ^ ^ operandr MemberReference qualifier Token_ter ^ ^ member EOL_ter ^ ^ ^ ^ ^ ^ 
if((declarationRoot.getType() == Token.EOL)){
condition BinaryOperation operator ==_ter ^ ^ operandl MethodInvocation qualifier declarationRoot_ter ^ ^ member getType_ter ^ ^ ^ ^ operandr MemberReference qualifier Token_ter ^ ^ member FIRST_BYTECODE_TOKEN_ter ^ ^ ^ ^ ^ ^ 
if((declarationRoot.getType() == Token.FIRST_BYTECODE_TOKEN)){
condition BinaryOperation operator ==_ter ^ ^ operandl MethodInvocation qualifier declarationRoot_ter ^ ^ member getType_ter ^ ^ ^ ^ operandr MemberReference qualifier Token_ter ^ ^ member ENTERWITH_ter ^ ^ ^ ^ ^ ^ 
if((declarationRoot.getType() == Token.ENTERWITH)){
condition BinaryOperation operator ==_ter ^ ^ operandl MethodInvocation qualifier declarationRoot_ter ^ ^ member getType_ter ^ ^ ^ ^ operandr MemberReference qualifier Token_ter ^ ^ member LEAVEWITH_ter ^ ^ ^ ^ ^ ^ 
if((declarationRoot.getType() == Token.LEAVEWITH)){
condition BinaryOperation operator ==_ter ^ ^ operandl MethodInvocation qualifier declarationRoot_ter ^ ^ member getType_ter ^ ^ ^ ^ operandr MemberReference qualifier Token_ter ^ ^ member RETURN_ter ^ ^ ^ ^ ^ ^ 
if((declarationRoot.getType() == Token.RETURN)){
condition BinaryOperation operator ==_ter ^ ^ operandl MethodInvocation qualifier declarationRoot_ter ^ ^ member getType_ter ^ ^ ^ ^ operandr MemberReference qualifier Token_ter ^ ^ member GOTO_ter ^ ^ ^ ^ ^ ^ 
if((declarationRoot.getType() == Token.GOTO)){
condition BinaryOperation operator ==_ter ^ ^ operandl MethodInvocation qualifier declarationRoot_ter ^ ^ member getType_ter ^ ^ ^ ^ operandr MemberReference qualifier Token_ter ^ ^ member IFEQ_ter ^ ^ ^ ^ ^ ^ 
if((declarationRoot.getType() == Token.IFEQ)){
condition BinaryOperation operator ==_ter ^ ^ operandl MethodInvocation qualifier declarationRoot_ter ^ ^ member getType_ter ^ ^ ^ ^ operandr MemberReference qualifier Token_ter ^ ^ member IFNE_ter ^ ^ ^ ^ ^ ^ 
if((declarationRoot.getType() == Token.IFNE)){
condition BinaryOperation operator ==_ter ^ ^ operandl MethodInvocation qualifier declarationRoot_ter ^ ^ member getType_ter ^ ^ ^ ^ operandr MemberReference qualifier Token_ter ^ ^ member SETNAME_ter ^ ^ ^ ^ ^ ^ 
if((declarationRoot.getType() == Token.SETNAME)){
condition BinaryOperation operator ==_ter ^ ^ operandl MethodInvocation qualifier declarationRoot_ter ^ ^ member getType_ter ^ ^ ^ ^ operandr MemberReference qualifier Token_ter ^ ^ member BITOR_ter ^ ^ ^ ^ ^ ^ 
if((declarationRoot.getType() == Token.BITOR)){
condition BinaryOperation operator ==_ter ^ ^ operandl MethodInvocation qualifier declarationRoot_ter ^ ^ member getType_ter ^ ^ ^ ^ operandr MemberReference qualifier Token_ter ^ ^ member BITXOR_ter ^ ^ ^ ^ ^ ^ 
if((declarationRoot.getType() == Token.BITXOR)){
condition BinaryOperation operator ==_ter ^ ^ operandl MethodInvocation qualifier declarationRoot_ter ^ ^ member getType_ter ^ ^ ^ ^ operandr MemberReference qualifier Token_ter ^ ^ member BITAND_ter ^ ^ ^ ^ ^ ^ 
if((declarationRoot.getType() == Token.BITAND)){
condition BinaryOperation operator ==_ter ^ ^ operandl MethodInvocation qualifier declarationRoot_ter ^ ^ member getType_ter ^ ^ ^ ^ operandr MemberReference qualifier Token_ter ^ ^ member EQ_ter ^ ^ ^ ^ ^ ^ 
if((declarationRoot.getType() == Token.EQ)){
condition BinaryOperation operator ==_ter ^ ^ operandl MethodInvocation qualifier declarationRoot_ter ^ ^ member getType_ter ^ ^ ^ ^ operandr MemberReference qualifier Token_ter ^ ^ member NE_ter ^ ^ ^ ^ ^ ^ 
if((declarationRoot.getType() == Token.NE)){
condition BinaryOperation operator ==_ter ^ ^ operandl MethodInvocation qualifier declarationRoot_ter ^ ^ member getType_ter ^ ^ ^ ^ operandr MemberReference qualifier Token_ter ^ ^ member LT_ter ^ ^ ^ ^ ^ ^ 
if((declarationRoot.getType() == Token.LT)){
condition BinaryOperation operator ==_ter ^ ^ operandl MethodInvocation qualifier declarationRoot_ter ^ ^ member getType_ter ^ ^ ^ ^ operandr MemberReference qualifier Token_ter ^ ^ member LE_ter ^ ^ ^ ^ ^ ^ 
if((declarationRoot.getType() == Token.LE)){
condition BinaryOperation operator ==_ter ^ ^ operandl MethodInvocation qualifier declarationRoot_ter ^ ^ member getType_ter ^ ^ ^ ^ operandr MemberReference qualifier Token_ter ^ ^ member GT_ter ^ ^ ^ ^ ^ ^ 
if((declarationRoot.getType() == Token.GT)){
condition BinaryOperation operator ==_ter ^ ^ operandl MethodInvocation qualifier declarationRoot_ter ^ ^ member getType_ter ^ ^ ^ ^ operandr MemberReference qualifier Token_ter ^ ^ member GE_ter ^ ^ ^ ^ ^ ^ 
if((declarationRoot.getType() == Token.GE)){
condition BinaryOperation operator ==_ter ^ ^ operandl MethodInvocation qualifier declarationRoot_ter ^ ^ member getType_ter ^ ^ ^ ^ operandr MemberReference qualifier Token_ter ^ ^ member LSH_ter ^ ^ ^ ^ ^ ^ 
if((declarationRoot.getType() == Token.LSH)){
condition BinaryOperation operator ==_ter ^ ^ operandl MethodInvocation qualifier declarationRoot_ter ^ ^ member getType_ter ^ ^ ^ ^ operandr MemberReference qualifier Token_ter ^ ^ member RSH_ter ^ ^ ^ ^ ^ ^ 
if((declarationRoot.getType() == Token.RSH)){
condition BinaryOperation operator ==_ter ^ ^ operandl MethodInvocation qualifier declarationRoot_ter ^ ^ member getType_ter ^ ^ ^ ^ operandr MemberReference qualifier Token_ter ^ ^ member URSH_ter ^ ^ ^ ^ ^ ^ 
if((declarationRoot.getType() == Token.URSH)){
condition BinaryOperation operator ==_ter ^ ^ operandl MethodInvocation qualifier declarationRoot_ter ^ ^ member getType_ter ^ ^ ^ ^ operandr MemberReference qualifier Token_ter ^ ^ member ADD_ter ^ ^ ^ ^ ^ ^ 
if((declarationRoot.getType() == Token.ADD)){
condition BinaryOperation operator ==_ter ^ ^ operandl MethodInvocation qualifier declarationRoot_ter ^ ^ member getType_ter ^ ^ ^ ^ operandr MemberReference qualifier Token_ter ^ ^ member SUB_ter ^ ^ ^ ^ ^ ^ 
if((declarationRoot.getType() == Token.SUB)){
condition BinaryOperation operator ==_ter ^ ^ operandl MethodInvocation qualifier declarationRoot_ter ^ ^ member getType_ter ^ ^ ^ ^ operandr MemberReference qualifier Token_ter ^ ^ member MUL_ter ^ ^ ^ ^ ^ ^ 
if((declarationRoot.getType() == Token.MUL)){
condition BinaryOperation operator ==_ter ^ ^ operandl MethodInvocation qualifier declarationRoot_ter ^ ^ member getType_ter ^ ^ ^ ^ operandr MemberReference qualifier Token_ter ^ ^ member DIV_ter ^ ^ ^ ^ ^ ^ 
if((declarationRoot.getType() == Token.DIV)){
condition BinaryOperation operator ==_ter ^ ^ operandl MethodInvocation qualifier declarationRoot_ter ^ ^ member getType_ter ^ ^ ^ ^ operandr MemberReference qualifier Token_ter ^ ^ member MOD_ter ^ ^ ^ ^ ^ ^ 
if((declarationRoot.getType() == Token.MOD)){
condition BinaryOperation operator ==_ter ^ ^ operandl MethodInvocation qualifier declarationRoot_ter ^ ^ member getType_ter ^ ^ ^ ^ operandr MemberReference qualifier Token_ter ^ ^ member NOT_ter ^ ^ ^ ^ ^ ^ 
if((declarationRoot.getType() == Token.NOT)){
condition BinaryOperation operator ==_ter ^ ^ operandl MethodInvocation qualifier declarationRoot_ter ^ ^ member getType_ter ^ ^ ^ ^ operandr MemberReference qualifier Token_ter ^ ^ member BITNOT_ter ^ ^ ^ ^ ^ ^ 
if((declarationRoot.getType() == Token.BITNOT)){
condition BinaryOperation operator ==_ter ^ ^ operandl MethodInvocation qualifier declarationRoot_ter ^ ^ member getType_ter ^ ^ ^ ^ operandr MemberReference qualifier Token_ter ^ ^ member POS_ter ^ ^ ^ ^ ^ ^ 
if((declarationRoot.getType() == Token.POS)){
condition BinaryOperation operator ==_ter ^ ^ operandl MethodInvocation qualifier declarationRoot_ter ^ ^ member getType_ter ^ ^ ^ ^ operandr MemberReference qualifier Token_ter ^ ^ member NEG_ter ^ ^ ^ ^ ^ ^ 
if((declarationRoot.getType() == Token.NEG)){
condition BinaryOperation operator ==_ter ^ ^ operandl MethodInvocation qualifier declarationRoot_ter ^ ^ member getType_ter ^ ^ ^ ^ operandr MemberReference qualifier Token_ter ^ ^ member NEW_ter ^ ^ ^ ^ ^ ^ 
if((declarationRoot.getType() == Token.NEW)){
condition BinaryOperation operator ==_ter ^ ^ operandl MethodInvocation qualifier declarationRoot_ter ^ ^ member getType_ter ^ ^ ^ ^ operandr MemberReference qualifier Token_ter ^ ^ member DELPROP_ter ^ ^ ^ ^ ^ ^ 
if((declarationRoot.getType() == Token.DELPROP)){
condition BinaryOperation operator ==_ter ^ ^ operandl MethodInvocation qualifier declarationRoot_ter ^ ^ member getType_ter ^ ^ ^ ^ operandr MemberReference qualifier Token_ter ^ ^ member TYPEOF_ter ^ ^ ^ ^ ^ ^ 
if((declarationRoot.getType() == Token.TYPEOF)){
condition BinaryOperation operator ==_ter ^ ^ operandl MethodInvocation qualifier declarationRoot_ter ^ ^ member getType_ter ^ ^ ^ ^ operandr MemberReference qualifier Token_ter ^ ^ member GETPROP_ter ^ ^ ^ ^ ^ ^ 
if((declarationRoot.getType() == Token.GETPROP)){
condition BinaryOperation operator ==_ter ^ ^ operandl MethodInvocation qualifier declarationRoot_ter ^ ^ member getType_ter ^ ^ ^ ^ operandr MemberReference qualifier Token_ter ^ ^ member SETPROP_ter ^ ^ ^ ^ ^ ^ 
if((declarationRoot.getType() == Token.SETPROP)){
condition BinaryOperation operator ==_ter ^ ^ operandl MethodInvocation qualifier declarationRoot_ter ^ ^ member getType_ter ^ ^ ^ ^ operandr MemberReference qualifier Token_ter ^ ^ member GETELEM_ter ^ ^ ^ ^ ^ ^ 
if((declarationRoot.getType() == Token.GETELEM)){
condition BinaryOperation operator ==_ter ^ ^ operandl MethodInvocation qualifier declarationRoot_ter ^ ^ member getType_ter ^ ^ ^ ^ operandr MemberReference qualifier Token_ter ^ ^ member SETELEM_ter ^ ^ ^ ^ ^ ^ 
if((declarationRoot.getType() == Token.SETELEM)){
condition BinaryOperation operator ==_ter ^ ^ operandl MethodInvocation qualifier declarationRoot_ter ^ ^ member getType_ter ^ ^ ^ ^ operandr MemberReference qualifier Token_ter ^ ^ member CALL_ter ^ ^ ^ ^ ^ ^ 
if((declarationRoot.getType() == Token.CALL)){
condition BinaryOperation operator ==_ter ^ ^ operandl MethodInvocation qualifier declarationRoot_ter ^ ^ member getType_ter ^ ^ ^ ^ operandr MemberReference qualifier Token_ter ^ ^ member NAME_ter ^ ^ ^ ^ ^ ^ 
if((declarationRoot.getType() == Token.NAME)){
condition BinaryOperation operator ==_ter ^ ^ operandl MethodInvocation qualifier declarationRoot_ter ^ ^ member getType_ter ^ ^ ^ ^ operandr MemberReference qualifier Token_ter ^ ^ member NUMBER_ter ^ ^ ^ ^ ^ ^ 
if((declarationRoot.getType() == Token.NUMBER)){
condition BinaryOperation operator ==_ter ^ ^ operandl MethodInvocation qualifier declarationRoot_ter ^ ^ member getType_ter ^ ^ ^ ^ operandr MemberReference qualifier Token_ter ^ ^ member STRING_ter ^ ^ ^ ^ ^ ^ 
if((declarationRoot.getType() == Token.STRING)){
condition BinaryOperation operator ==_ter ^ ^ operandl MethodInvocation qualifier declarationRoot_ter ^ ^ member getType_ter ^ ^ ^ ^ operandr MemberReference qualifier Token_ter ^ ^ member NULL_ter ^ ^ ^ ^ ^ ^ 
if((declarationRoot.getType() == Token.NULL)){
condition BinaryOperation operator ==_ter ^ ^ operandl MethodInvocation qualifier declarationRoot_ter ^ ^ member getType_ter ^ ^ ^ ^ operandr MemberReference qualifier Token_ter ^ ^ member THIS_ter ^ ^ ^ ^ ^ ^ 
if((declarationRoot.getType() == Token.THIS)){
condition BinaryOperation operator ==_ter ^ ^ operandl MethodInvocation qualifier declarationRoot_ter ^ ^ member getType_ter ^ ^ ^ ^ operandr MemberReference qualifier Token_ter ^ ^ member FALSE_ter ^ ^ ^ ^ ^ ^ 
if((declarationRoot.getType() == Token.FALSE)){
condition BinaryOperation operator ==_ter ^ ^ operandl MethodInvocation qualifier declarationRoot_ter ^ ^ member getType_ter ^ ^ ^ ^ operandr MemberReference qualifier Token_ter ^ ^ member TRUE_ter ^ ^ ^ ^ ^ ^ 
if((declarationRoot.getType() == Token.TRUE)){
condition BinaryOperation operator ==_ter ^ ^ operandl MethodInvocation qualifier declarationRoot_ter ^ ^ member getType_ter ^ ^ ^ ^ operandr MemberReference qualifier Token_ter ^ ^ member SHEQ_ter ^ ^ ^ ^ ^ ^ 
if((declarationRoot.getType() == Token.SHEQ)){
condition BinaryOperation operator ==_ter ^ ^ operandl MethodInvocation qualifier declarationRoot_ter ^ ^ member getType_ter ^ ^ ^ ^ operandr MemberReference qualifier Token_ter ^ ^ member SHNE_ter ^ ^ ^ ^ ^ ^ 
if((declarationRoot.getType() == Token.SHNE)){
condition BinaryOperation operator ==_ter ^ ^ operandl MethodInvocation qualifier declarationRoot_ter ^ ^ member getType_ter ^ ^ ^ ^ operandr MemberReference qualifier Token_ter ^ ^ member REGEXP_ter ^ ^ ^ ^ ^ ^ 
if((declarationRoot.getType() == Token.REGEXP)){
condition BinaryOperation operator ==_ter ^ ^ operandl MethodInvocation qualifier declarationRoot_ter ^ ^ member getType_ter ^ ^ ^ ^ operandr MemberReference qualifier Token_ter ^ ^ member BINDNAME_ter ^ ^ ^ ^ ^ ^ 
if((declarationRoot.getType() == Token.BINDNAME)){
condition BinaryOperation operator ==_ter ^ ^ operandl MethodInvocation qualifier declarationRoot_ter ^ ^ member getType_ter ^ ^ ^ ^ operandr MemberReference qualifier Token_ter ^ ^ member THROW_ter ^ ^ ^ ^ ^ ^ 
if((declarationRoot.getType() == Token.THROW)){
condition BinaryOperation operator ==_ter ^ ^ operandl MethodInvocation qualifier declarationRoot_ter ^ ^ member getType_ter ^ ^ ^ ^ operandr MemberReference qualifier Token_ter ^ ^ member RETHROW_ter ^ ^ ^ ^ ^ ^ 
if((declarationRoot.getType() == Token.RETHROW)){
condition BinaryOperation operator ==_ter ^ ^ operandl MethodInvocation qualifier declarationRoot_ter ^ ^ member getType_ter ^ ^ ^ ^ operandr MemberReference qualifier Token_ter ^ ^ member IN_ter ^ ^ ^ ^ ^ ^ 
if((declarationRoot.getType() == Token.IN)){
condition BinaryOperation operator ==_ter ^ ^ operandl MethodInvocation qualifier declarationRoot_ter ^ ^ member getType_ter ^ ^ ^ ^ operandr MemberReference qualifier Token_ter ^ ^ member INSTANCEOF_ter ^ ^ ^ ^ ^ ^ 
if((declarationRoot.getType() == Token.INSTANCEOF)){
condition BinaryOperation operator ==_ter ^ ^ operandl MethodInvocation qualifier declarationRoot_ter ^ ^ member getType_ter ^ ^ ^ ^ operandr MemberReference qualifier Token_ter ^ ^ member LOCAL_LOAD_ter ^ ^ ^ ^ ^ ^ 
if((declarationRoot.getType() == Token.LOCAL_LOAD)){
condition BinaryOperation operator ==_ter ^ ^ operandl MethodInvocation qualifier declarationRoot_ter ^ ^ member getType_ter ^ ^ ^ ^ operandr MemberReference qualifier Token_ter ^ ^ member GETVAR_ter ^ ^ ^ ^ ^ ^ 
if((declarationRoot.getType() == Token.GETVAR)){
condition BinaryOperation operator ==_ter ^ ^ operandl MethodInvocation qualifier declarationRoot_ter ^ ^ member getType_ter ^ ^ ^ ^ operandr MemberReference qualifier Token_ter ^ ^ member SETVAR_ter ^ ^ ^ ^ ^ ^ 
if((declarationRoot.getType() == Token.SETVAR)){
condition BinaryOperation operator ==_ter ^ ^ operandl MethodInvocation qualifier declarationRoot_ter ^ ^ member getType_ter ^ ^ ^ ^ operandr MemberReference qualifier Token_ter ^ ^ member CATCH_SCOPE_ter ^ ^ ^ ^ ^ ^ 
if((declarationRoot.getType() == Token.CATCH_SCOPE)){
condition BinaryOperation operator ==_ter ^ ^ operandl MethodInvocation qualifier declarationRoot_ter ^ ^ member getType_ter ^ ^ ^ ^ operandr MemberReference qualifier Token_ter ^ ^ member ENUM_INIT_KEYS_ter ^ ^ ^ ^ ^ ^ 
if((declarationRoot.getType() == Token.ENUM_INIT_KEYS)){
condition BinaryOperation operator ==_ter ^ ^ operandl MethodInvocation qualifier declarationRoot_ter ^ ^ member getType_ter ^ ^ ^ ^ operandr MemberReference qualifier Token_ter ^ ^ member ENUM_INIT_VALUES_ter ^ ^ ^ ^ ^ ^ 
if((declarationRoot.getType() == Token.ENUM_INIT_VALUES)){
condition BinaryOperation operator ==_ter ^ ^ operandl MethodInvocation qualifier declarationRoot_ter ^ ^ member getType_ter ^ ^ ^ ^ operandr MemberReference qualifier Token_ter ^ ^ member ENUM_NEXT_ter ^ ^ ^ ^ ^ ^ 
if((declarationRoot.getType() == Token.ENUM_NEXT)){
condition BinaryOperation operator ==_ter ^ ^ operandl MethodInvocation qualifier declarationRoot_ter ^ ^ member getType_ter ^ ^ ^ ^ operandr MemberReference qualifier Token_ter ^ ^ member ENUM_ID_ter ^ ^ ^ ^ ^ ^ 
if((declarationRoot.getType() == Token.ENUM_ID)){
condition BinaryOperation operator ==_ter ^ ^ operandl MethodInvocation qualifier declarationRoot_ter ^ ^ member getType_ter ^ ^ ^ ^ operandr MemberReference qualifier Token_ter ^ ^ member THISFN_ter ^ ^ ^ ^ ^ ^ 
if((declarationRoot.getType() == Token.THISFN)){
condition BinaryOperation operator ==_ter ^ ^ operandl MethodInvocation qualifier declarationRoot_ter ^ ^ member getType_ter ^ ^ ^ ^ operandr MemberReference qualifier Token_ter ^ ^ member RETURN_RESULT_ter ^ ^ ^ ^ ^ ^ 
if((declarationRoot.getType() == Token.RETURN_RESULT)){
condition BinaryOperation operator ==_ter ^ ^ operandl MethodInvocation qualifier declarationRoot_ter ^ ^ member getType_ter ^ ^ ^ ^ operandr MemberReference qualifier Token_ter ^ ^ member ARRAYLIT_ter ^ ^ ^ ^ ^ ^ 
if((declarationRoot.getType() == Token.ARRAYLIT)){
condition BinaryOperation operator ==_ter ^ ^ operandl MethodInvocation qualifier declarationRoot_ter ^ ^ member getType_ter ^ ^ ^ ^ operandr MemberReference qualifier Token_ter ^ ^ member OBJECTLIT_ter ^ ^ ^ ^ ^ ^ 
if((declarationRoot.getType() == Token.OBJECTLIT)){
condition BinaryOperation operator ==_ter ^ ^ operandl MethodInvocation qualifier declarationRoot_ter ^ ^ member getType_ter ^ ^ ^ ^ operandr MemberReference qualifier Token_ter ^ ^ member GET_REF_ter ^ ^ ^ ^ ^ ^ 
if((declarationRoot.getType() == Token.GET_REF)){
condition BinaryOperation operator ==_ter ^ ^ operandl MethodInvocation qualifier declarationRoot_ter ^ ^ member getType_ter ^ ^ ^ ^ operandr MemberReference qualifier Token_ter ^ ^ member SET_REF_ter ^ ^ ^ ^ ^ ^ 
if((declarationRoot.getType() == Token.SET_REF)){
condition BinaryOperation operator ==_ter ^ ^ operandl MethodInvocation qualifier declarationRoot_ter ^ ^ member getType_ter ^ ^ ^ ^ operandr MemberReference qualifier Token_ter ^ ^ member DEL_REF_ter ^ ^ ^ ^ ^ ^ 
if((declarationRoot.getType() == Token.DEL_REF)){
condition BinaryOperation operator ==_ter ^ ^ operandl MethodInvocation qualifier declarationRoot_ter ^ ^ member getType_ter ^ ^ ^ ^ operandr MemberReference qualifier Token_ter ^ ^ member REF_CALL_ter ^ ^ ^ ^ ^ ^ 
if((declarationRoot.getType() == Token.REF_CALL)){
condition BinaryOperation operator ==_ter ^ ^ operandl MethodInvocation qualifier declarationRoot_ter ^ ^ member getType_ter ^ ^ ^ ^ operandr MemberReference qualifier Token_ter ^ ^ member REF_SPECIAL_ter ^ ^ ^ ^ ^ ^ 
if((declarationRoot.getType() == Token.REF_SPECIAL)){
condition BinaryOperation operator ==_ter ^ ^ operandl MethodInvocation qualifier declarationRoot_ter ^ ^ member getType_ter ^ ^ ^ ^ operandr MemberReference qualifier Token_ter ^ ^ member DEFAULTNAMESPACE_ter ^ ^ ^ ^ ^ ^ 
if((declarationRoot.getType() == Token.DEFAULTNAMESPACE)){
condition BinaryOperation operator ==_ter ^ ^ operandl MethodInvocation qualifier declarationRoot_ter ^ ^ member getType_ter ^ ^ ^ ^ operandr MemberReference qualifier Token_ter ^ ^ member ESCXMLATTR_ter ^ ^ ^ ^ ^ ^ 
if((declarationRoot.getType() == Token.ESCXMLATTR)){
condition BinaryOperation operator ==_ter ^ ^ operandl MethodInvocation qualifier declarationRoot_ter ^ ^ member getType_ter ^ ^ ^ ^ operandr MemberReference qualifier Token_ter ^ ^ member ESCXMLTEXT_ter ^ ^ ^ ^ ^ ^ 
if((declarationRoot.getType() == Token.ESCXMLTEXT)){
condition BinaryOperation operator ==_ter ^ ^ operandl MethodInvocation qualifier declarationRoot_ter ^ ^ member getType_ter ^ ^ ^ ^ operandr MemberReference qualifier Token_ter ^ ^ member REF_MEMBER_ter ^ ^ ^ ^ ^ ^ 
if((declarationRoot.getType() == Token.REF_MEMBER)){
condition BinaryOperation operator ==_ter ^ ^ operandl MethodInvocation qualifier declarationRoot_ter ^ ^ member getType_ter ^ ^ ^ ^ operandr MemberReference qualifier Token_ter ^ ^ member REF_NS_MEMBER_ter ^ ^ ^ ^ ^ ^ 
if((declarationRoot.getType() == Token.REF_NS_MEMBER)){
condition BinaryOperation operator ==_ter ^ ^ operandl MethodInvocation qualifier declarationRoot_ter ^ ^ member getType_ter ^ ^ ^ ^ operandr MemberReference qualifier Token_ter ^ ^ member REF_NAME_ter ^ ^ ^ ^ ^ ^ 
if((declarationRoot.getType() == Token.REF_NAME)){
condition BinaryOperation operator ==_ter ^ ^ operandl MethodInvocation qualifier declarationRoot_ter ^ ^ member getType_ter ^ ^ ^ ^ operandr MemberReference qualifier Token_ter ^ ^ member REF_NS_NAME_ter ^ ^ ^ ^ ^ ^ 
if((declarationRoot.getType() == Token.REF_NS_NAME)){
condition BinaryOperation operator ==_ter ^ ^ operandl MethodInvocation qualifier declarationRoot_ter ^ ^ member getType_ter ^ ^ ^ ^ operandr MemberReference qualifier Token_ter ^ ^ member LAST_BYTECODE_TOKEN_ter ^ ^ ^ ^ ^ ^ 
if((declarationRoot.getType() == Token.LAST_BYTECODE_TOKEN)){
condition BinaryOperation operator ==_ter ^ ^ operandl MethodInvocation qualifier declarationRoot_ter ^ ^ member getType_ter ^ ^ ^ ^ operandr MemberReference qualifier Token_ter ^ ^ member TRY_ter ^ ^ ^ ^ ^ ^ 
if((declarationRoot.getType() == Token.TRY)){
condition BinaryOperation operator ==_ter ^ ^ operandl MethodInvocation qualifier declarationRoot_ter ^ ^ member getType_ter ^ ^ ^ ^ operandr MemberReference qualifier Token_ter ^ ^ member SEMI_ter ^ ^ ^ ^ ^ ^ 
if((declarationRoot.getType() == Token.SEMI)){
condition BinaryOperation operator ==_ter ^ ^ operandl MethodInvocation qualifier declarationRoot_ter ^ ^ member getType_ter ^ ^ ^ ^ operandr MemberReference qualifier Token_ter ^ ^ member LB_ter ^ ^ ^ ^ ^ ^ 
if((declarationRoot.getType() == Token.LB)){
condition BinaryOperation operator ==_ter ^ ^ operandl MethodInvocation qualifier declarationRoot_ter ^ ^ member getType_ter ^ ^ ^ ^ operandr MemberReference qualifier Token_ter ^ ^ member RB_ter ^ ^ ^ ^ ^ ^ 
if((declarationRoot.getType() == Token.RB)){
condition BinaryOperation operator ==_ter ^ ^ operandl MethodInvocation qualifier declarationRoot_ter ^ ^ member getType_ter ^ ^ ^ ^ operandr MemberReference qualifier Token_ter ^ ^ member LC_ter ^ ^ ^ ^ ^ ^ 
if((declarationRoot.getType() == Token.LC)){
condition BinaryOperation operator ==_ter ^ ^ operandl MethodInvocation qualifier declarationRoot_ter ^ ^ member getType_ter ^ ^ ^ ^ operandr MemberReference qualifier Token_ter ^ ^ member RC_ter ^ ^ ^ ^ ^ ^ 
if((declarationRoot.getType() == Token.RC)){
condition BinaryOperation operator ==_ter ^ ^ operandl MethodInvocation qualifier declarationRoot_ter ^ ^ member getType_ter ^ ^ ^ ^ operandr MemberReference qualifier Token_ter ^ ^ member LP_ter ^ ^ ^ ^ ^ ^ 
if((declarationRoot.getType() == Token.LP)){
condition BinaryOperation operator ==_ter ^ ^ operandl MethodInvocation qualifier declarationRoot_ter ^ ^ member getType_ter ^ ^ ^ ^ operandr MemberReference qualifier Token_ter ^ ^ member RP_ter ^ ^ ^ ^ ^ ^ 
if((declarationRoot.getType() == Token.RP)){
condition BinaryOperation operator ==_ter ^ ^ operandl MethodInvocation qualifier declarationRoot_ter ^ ^ member getType_ter ^ ^ ^ ^ operandr MemberReference qualifier Token_ter ^ ^ member COMMA_ter ^ ^ ^ ^ ^ ^ 
if((declarationRoot.getType() == Token.COMMA)){
condition BinaryOperation operator ==_ter ^ ^ operandl MethodInvocation qualifier declarationRoot_ter ^ ^ member getType_ter ^ ^ ^ ^ operandr MemberReference qualifier Token_ter ^ ^ member ASSIGN_ter ^ ^ ^ ^ ^ ^ 
if((declarationRoot.getType() == Token.ASSIGN)){
condition BinaryOperation operator ==_ter ^ ^ operandl MethodInvocation qualifier declarationRoot_ter ^ ^ member getType_ter ^ ^ ^ ^ operandr MemberReference qualifier Token_ter ^ ^ member ASSIGN_BITOR_ter ^ ^ ^ ^ ^ ^ 
if((declarationRoot.getType() == Token.ASSIGN_BITOR)){
condition BinaryOperation operator ==_ter ^ ^ operandl MethodInvocation qualifier declarationRoot_ter ^ ^ member getType_ter ^ ^ ^ ^ operandr MemberReference qualifier Token_ter ^ ^ member ASSIGN_BITXOR_ter ^ ^ ^ ^ ^ ^ 
if((declarationRoot.getType() == Token.ASSIGN_BITXOR)){
condition BinaryOperation operator ==_ter ^ ^ operandl MethodInvocation qualifier declarationRoot_ter ^ ^ member getType_ter ^ ^ ^ ^ operandr MemberReference qualifier Token_ter ^ ^ member ASSIGN_BITAND_ter ^ ^ ^ ^ ^ ^ 
if((declarationRoot.getType() == Token.ASSIGN_BITAND)){
condition BinaryOperation operator ==_ter ^ ^ operandl MethodInvocation qualifier declarationRoot_ter ^ ^ member getType_ter ^ ^ ^ ^ operandr MemberReference qualifier Token_ter ^ ^ member ASSIGN_LSH_ter ^ ^ ^ ^ ^ ^ 
if((declarationRoot.getType() == Token.ASSIGN_LSH)){
condition BinaryOperation operator ==_ter ^ ^ operandl MethodInvocation qualifier declarationRoot_ter ^ ^ member getType_ter ^ ^ ^ ^ operandr MemberReference qualifier Token_ter ^ ^ member ASSIGN_RSH_ter ^ ^ ^ ^ ^ ^ 
if((declarationRoot.getType() == Token.ASSIGN_RSH)){
condition BinaryOperation operator ==_ter ^ ^ operandl MethodInvocation qualifier declarationRoot_ter ^ ^ member getType_ter ^ ^ ^ ^ operandr MemberReference qualifier Token_ter ^ ^ member ASSIGN_URSH_ter ^ ^ ^ ^ ^ ^ 
if((declarationRoot.getType() == Token.ASSIGN_URSH)){
condition BinaryOperation operator ==_ter ^ ^ operandl MethodInvocation qualifier declarationRoot_ter ^ ^ member getType_ter ^ ^ ^ ^ operandr MemberReference qualifier Token_ter ^ ^ member ASSIGN_ADD_ter ^ ^ ^ ^ ^ ^ 
if((declarationRoot.getType() == Token.ASSIGN_ADD)){
condition BinaryOperation operator ==_ter ^ ^ operandl MethodInvocation qualifier declarationRoot_ter ^ ^ member getType_ter ^ ^ ^ ^ operandr MemberReference qualifier Token_ter ^ ^ member ASSIGN_SUB_ter ^ ^ ^ ^ ^ ^ 
if((declarationRoot.getType() == Token.ASSIGN_SUB)){
condition BinaryOperation operator ==_ter ^ ^ operandl MethodInvocation qualifier declarationRoot_ter ^ ^ member getType_ter ^ ^ ^ ^ operandr MemberReference qualifier Token_ter ^ ^ member ASSIGN_MUL_ter ^ ^ ^ ^ ^ ^ 
if((declarationRoot.getType() == Token.ASSIGN_MUL)){
condition BinaryOperation operator ==_ter ^ ^ operandl MethodInvocation qualifier declarationRoot_ter ^ ^ member getType_ter ^ ^ ^ ^ operandr MemberReference qualifier Token_ter ^ ^ member ASSIGN_DIV_ter ^ ^ ^ ^ ^ ^ 
if((declarationRoot.getType() == Token.ASSIGN_DIV)){
condition BinaryOperation operator ==_ter ^ ^ operandl MethodInvocation qualifier declarationRoot_ter ^ ^ member getType_ter ^ ^ ^ ^ operandr MemberReference qualifier Token_ter ^ ^ member ASSIGN_MOD_ter ^ ^ ^ ^ ^ ^ 
if((declarationRoot.getType() == Token.ASSIGN_MOD)){
condition BinaryOperation operator ==_ter ^ ^ operandl MethodInvocation qualifier declarationRoot_ter ^ ^ member getType_ter ^ ^ ^ ^ operandr MemberReference qualifier Token_ter ^ ^ member FIRST_ASSIGN_ter ^ ^ ^ ^ ^ ^ 
if((declarationRoot.getType() == Token.FIRST_ASSIGN)){
condition BinaryOperation operator ==_ter ^ ^ operandl MethodInvocation qualifier declarationRoot_ter ^ ^ member getType_ter ^ ^ ^ ^ operandr MemberReference qualifier Token_ter ^ ^ member LAST_ASSIGN_ter ^ ^ ^ ^ ^ ^ 
if((declarationRoot.getType() == Token.LAST_ASSIGN)){
condition BinaryOperation operator ==_ter ^ ^ operandl MethodInvocation qualifier declarationRoot_ter ^ ^ member getType_ter ^ ^ ^ ^ operandr MemberReference qualifier Token_ter ^ ^ member HOOK_ter ^ ^ ^ ^ ^ ^ 
if((declarationRoot.getType() == Token.HOOK)){
condition BinaryOperation operator ==_ter ^ ^ operandl MethodInvocation qualifier declarationRoot_ter ^ ^ member getType_ter ^ ^ ^ ^ operandr MemberReference qualifier Token_ter ^ ^ member COLON_ter ^ ^ ^ ^ ^ ^ 
if((declarationRoot.getType() == Token.COLON)){
condition BinaryOperation operator ==_ter ^ ^ operandl MethodInvocation qualifier declarationRoot_ter ^ ^ member getType_ter ^ ^ ^ ^ operandr MemberReference qualifier Token_ter ^ ^ member OR_ter ^ ^ ^ ^ ^ ^ 
if((declarationRoot.getType() == Token.OR)){
condition BinaryOperation operator ==_ter ^ ^ operandl MethodInvocation qualifier declarationRoot_ter ^ ^ member getType_ter ^ ^ ^ ^ operandr MemberReference qualifier Token_ter ^ ^ member AND_ter ^ ^ ^ ^ ^ ^ 
if((declarationRoot.getType() == Token.AND)){
condition BinaryOperation operator ==_ter ^ ^ operandl MethodInvocation qualifier declarationRoot_ter ^ ^ member getType_ter ^ ^ ^ ^ operandr MemberReference qualifier Token_ter ^ ^ member INC_ter ^ ^ ^ ^ ^ ^ 
if((declarationRoot.getType() == Token.INC)){
condition BinaryOperation operator ==_ter ^ ^ operandl MethodInvocation qualifier declarationRoot_ter ^ ^ member getType_ter ^ ^ ^ ^ operandr MemberReference qualifier Token_ter ^ ^ member DEC_ter ^ ^ ^ ^ ^ ^ 
if((declarationRoot.getType() == Token.DEC)){
condition BinaryOperation operator ==_ter ^ ^ operandl MethodInvocation qualifier declarationRoot_ter ^ ^ member getType_ter ^ ^ ^ ^ operandr MemberReference qualifier Token_ter ^ ^ member DOT_ter ^ ^ ^ ^ ^ ^ 
if((declarationRoot.getType() == Token.DOT)){
condition BinaryOperation operator ==_ter ^ ^ operandl MethodInvocation qualifier declarationRoot_ter ^ ^ member getType_ter ^ ^ ^ ^ operandr MemberReference qualifier Token_ter ^ ^ member FUNCTION_ter ^ ^ ^ ^ ^ ^ 
if((declarationRoot.getType() == Token.FUNCTION)){
condition BinaryOperation operator ==_ter ^ ^ operandl MethodInvocation qualifier declarationRoot_ter ^ ^ member getType_ter ^ ^ ^ ^ operandr MemberReference qualifier Token_ter ^ ^ member EXPORT_ter ^ ^ ^ ^ ^ ^ 
if((declarationRoot.getType() == Token.EXPORT)){
condition BinaryOperation operator ==_ter ^ ^ operandl MethodInvocation qualifier declarationRoot_ter ^ ^ member getType_ter ^ ^ ^ ^ operandr MemberReference qualifier Token_ter ^ ^ member IMPORT_ter ^ ^ ^ ^ ^ ^ 
if((declarationRoot.getType() == Token.IMPORT)){
condition BinaryOperation operator ==_ter ^ ^ operandl MethodInvocation qualifier declarationRoot_ter ^ ^ member getType_ter ^ ^ ^ ^ operandr MemberReference qualifier Token_ter ^ ^ member IF_ter ^ ^ ^ ^ ^ ^ 
if((declarationRoot.getType() == Token.IF)){
condition BinaryOperation operator ==_ter ^ ^ operandl MethodInvocation qualifier declarationRoot_ter ^ ^ member getType_ter ^ ^ ^ ^ operandr MemberReference qualifier Token_ter ^ ^ member ELSE_ter ^ ^ ^ ^ ^ ^ 
if((declarationRoot.getType() == Token.ELSE)){
condition BinaryOperation operator ==_ter ^ ^ operandl MethodInvocation qualifier declarationRoot_ter ^ ^ member getType_ter ^ ^ ^ ^ operandr MemberReference qualifier Token_ter ^ ^ member SWITCH_ter ^ ^ ^ ^ ^ ^ 
if((declarationRoot.getType() == Token.SWITCH)){
condition BinaryOperation operator ==_ter ^ ^ operandl MethodInvocation qualifier declarationRoot_ter ^ ^ member getType_ter ^ ^ ^ ^ operandr MemberReference qualifier Token_ter ^ ^ member CASE_ter ^ ^ ^ ^ ^ ^ 
if((declarationRoot.getType() == Token.CASE)){
condition BinaryOperation operator ==_ter ^ ^ operandl MethodInvocation qualifier declarationRoot_ter ^ ^ member getType_ter ^ ^ ^ ^ operandr MemberReference qualifier Token_ter ^ ^ member DEFAULT_ter ^ ^ ^ ^ ^ ^ 
if((declarationRoot.getType() == Token.DEFAULT)){
condition BinaryOperation operator ==_ter ^ ^ operandl MethodInvocation qualifier declarationRoot_ter ^ ^ member getType_ter ^ ^ ^ ^ operandr MemberReference qualifier Token_ter ^ ^ member WHILE_ter ^ ^ ^ ^ ^ ^ 
if((declarationRoot.getType() == Token.WHILE)){
condition BinaryOperation operator ==_ter ^ ^ operandl MethodInvocation qualifier declarationRoot_ter ^ ^ member getType_ter ^ ^ ^ ^ operandr MemberReference qualifier Token_ter ^ ^ member DO_ter ^ ^ ^ ^ ^ ^ 
if((declarationRoot.getType() == Token.DO)){
condition BinaryOperation operator ==_ter ^ ^ operandl MethodInvocation qualifier declarationRoot_ter ^ ^ member getType_ter ^ ^ ^ ^ operandr MemberReference qualifier Token_ter ^ ^ member FOR_ter ^ ^ ^ ^ ^ ^ 
if((declarationRoot.getType() == Token.FOR)){
condition BinaryOperation operator ==_ter ^ ^ operandl MethodInvocation qualifier declarationRoot_ter ^ ^ member getType_ter ^ ^ ^ ^ operandr MemberReference qualifier Token_ter ^ ^ member BREAK_ter ^ ^ ^ ^ ^ ^ 
if((declarationRoot.getType() == Token.BREAK)){
condition BinaryOperation operator ==_ter ^ ^ operandl MethodInvocation qualifier declarationRoot_ter ^ ^ member getType_ter ^ ^ ^ ^ operandr MemberReference qualifier Token_ter ^ ^ member CONTINUE_ter ^ ^ ^ ^ ^ ^ 
if((declarationRoot.getType() == Token.CONTINUE)){
condition BinaryOperation operator ==_ter ^ ^ operandl MethodInvocation qualifier declarationRoot_ter ^ ^ member getType_ter ^ ^ ^ ^ operandr MemberReference qualifier Token_ter ^ ^ member VAR_ter ^ ^ ^ ^ ^ ^ 
if((declarationRoot.getType() == Token.VAR)){
condition BinaryOperation operator ==_ter ^ ^ operandl MethodInvocation qualifier declarationRoot_ter ^ ^ member getType_ter ^ ^ ^ ^ operandr MemberReference qualifier Token_ter ^ ^ member WITH_ter ^ ^ ^ ^ ^ ^ 
if((declarationRoot.getType() == Token.WITH)){
condition BinaryOperation operator ==_ter ^ ^ operandl MethodInvocation qualifier declarationRoot_ter ^ ^ member getType_ter ^ ^ ^ ^ operandr MemberReference qualifier Token_ter ^ ^ member CATCH_ter ^ ^ ^ ^ ^ ^ 
if((declarationRoot.getType() == Token.CATCH)){
condition BinaryOperation operator ==_ter ^ ^ operandl MethodInvocation qualifier declarationRoot_ter ^ ^ member getType_ter ^ ^ ^ ^ operandr MemberReference qualifier Token_ter ^ ^ member FINALLY_ter ^ ^ ^ ^ ^ ^ 
if((declarationRoot.getType() == Token.FINALLY)){
condition BinaryOperation operator ==_ter ^ ^ operandl MethodInvocation qualifier declarationRoot_ter ^ ^ member getType_ter ^ ^ ^ ^ operandr MemberReference qualifier Token_ter ^ ^ member VOID_ter ^ ^ ^ ^ ^ ^ 
if((declarationRoot.getType() == Token.VOID)){
condition BinaryOperation operator ==_ter ^ ^ operandl MethodInvocation qualifier declarationRoot_ter ^ ^ member getType_ter ^ ^ ^ ^ operandr MemberReference qualifier Token_ter ^ ^ member RESERVED_ter ^ ^ ^ ^ ^ ^ 
if((declarationRoot.getType() == Token.RESERVED)){
condition BinaryOperation operator ==_ter ^ ^ operandl MethodInvocation qualifier declarationRoot_ter ^ ^ member getType_ter ^ ^ ^ ^ operandr MemberReference qualifier Token_ter ^ ^ member EMPTY_ter ^ ^ ^ ^ ^ ^ 
if((declarationRoot.getType() == Token.EMPTY)){
condition BinaryOperation operator ==_ter ^ ^ operandl MethodInvocation qualifier declarationRoot_ter ^ ^ member getType_ter ^ ^ ^ ^ operandr MemberReference qualifier Token_ter ^ ^ member BLOCK_ter ^ ^ ^ ^ ^ ^ 
if((declarationRoot.getType() == Token.BLOCK)){
condition BinaryOperation operator ==_ter ^ ^ operandl MethodInvocation qualifier declarationRoot_ter ^ ^ member getType_ter ^ ^ ^ ^ operandr MemberReference qualifier Token_ter ^ ^ member LABEL_ter ^ ^ ^ ^ ^ ^ 
if((declarationRoot.getType() == Token.LABEL)){
condition BinaryOperation operator ==_ter ^ ^ operandl MethodInvocation qualifier declarationRoot_ter ^ ^ member getType_ter ^ ^ ^ ^ operandr MemberReference qualifier Token_ter ^ ^ member TARGET_ter ^ ^ ^ ^ ^ ^ 
if((declarationRoot.getType() == Token.TARGET)){
condition BinaryOperation operator ==_ter ^ ^ operandl MethodInvocation qualifier declarationRoot_ter ^ ^ member getType_ter ^ ^ ^ ^ operandr MemberReference qualifier Token_ter ^ ^ member LOOP_ter ^ ^ ^ ^ ^ ^ 
if((declarationRoot.getType() == Token.LOOP)){
condition BinaryOperation operator ==_ter ^ ^ operandl MethodInvocation qualifier declarationRoot_ter ^ ^ member getType_ter ^ ^ ^ ^ operandr MemberReference qualifier Token_ter ^ ^ member EXPR_VOID_ter ^ ^ ^ ^ ^ ^ 
if((declarationRoot.getType() == Token.EXPR_VOID)){
condition BinaryOperation operator ==_ter ^ ^ operandl MethodInvocation qualifier declarationRoot_ter ^ ^ member getType_ter ^ ^ ^ ^ operandr MemberReference qualifier Token_ter ^ ^ member EXPR_RESULT_ter ^ ^ ^ ^ ^ ^ 
if((declarationRoot.getType() == Token.EXPR_RESULT)){
condition BinaryOperation operator ==_ter ^ ^ operandl MethodInvocation qualifier declarationRoot_ter ^ ^ member getType_ter ^ ^ ^ ^ operandr MemberReference qualifier Token_ter ^ ^ member JSR_ter ^ ^ ^ ^ ^ ^ 
if((declarationRoot.getType() == Token.JSR)){
condition BinaryOperation operator ==_ter ^ ^ operandl MethodInvocation qualifier declarationRoot_ter ^ ^ member getType_ter ^ ^ ^ ^ operandr MemberReference qualifier Token_ter ^ ^ member SCRIPT_ter ^ ^ ^ ^ ^ ^ 
if((declarationRoot.getType() == Token.SCRIPT)){
condition BinaryOperation operator ==_ter ^ ^ operandl MethodInvocation qualifier declarationRoot_ter ^ ^ member getType_ter ^ ^ ^ ^ operandr MemberReference qualifier Token_ter ^ ^ member TYPEOFNAME_ter ^ ^ ^ ^ ^ ^ 
if((declarationRoot.getType() == Token.TYPEOFNAME)){
condition BinaryOperation operator ==_ter ^ ^ operandl MethodInvocation qualifier declarationRoot_ter ^ ^ member getType_ter ^ ^ ^ ^ operandr MemberReference qualifier Token_ter ^ ^ member USE_STACK_ter ^ ^ ^ ^ ^ ^ 
if((declarationRoot.getType() == Token.USE_STACK)){
condition BinaryOperation operator ==_ter ^ ^ operandl MethodInvocation qualifier declarationRoot_ter ^ ^ member getType_ter ^ ^ ^ ^ operandr MemberReference qualifier Token_ter ^ ^ member SETPROP_OP_ter ^ ^ ^ ^ ^ ^ 
if((declarationRoot.getType() == Token.SETPROP_OP)){
condition BinaryOperation operator ==_ter ^ ^ operandl MethodInvocation qualifier declarationRoot_ter ^ ^ member getType_ter ^ ^ ^ ^ operandr MemberReference qualifier Token_ter ^ ^ member SETELEM_OP_ter ^ ^ ^ ^ ^ ^ 
if((declarationRoot.getType() == Token.SETELEM_OP)){
condition BinaryOperation operator ==_ter ^ ^ operandl MethodInvocation qualifier declarationRoot_ter ^ ^ member getType_ter ^ ^ ^ ^ operandr MemberReference qualifier Token_ter ^ ^ member LOCAL_BLOCK_ter ^ ^ ^ ^ ^ ^ 
if((declarationRoot.getType() == Token.LOCAL_BLOCK)){
condition BinaryOperation operator ==_ter ^ ^ operandl MethodInvocation qualifier declarationRoot_ter ^ ^ member getType_ter ^ ^ ^ ^ operandr MemberReference qualifier Token_ter ^ ^ member SET_REF_OP_ter ^ ^ ^ ^ ^ ^ 
if((declarationRoot.getType() == Token.SET_REF_OP)){
condition BinaryOperation operator ==_ter ^ ^ operandl MethodInvocation qualifier declarationRoot_ter ^ ^ member getType_ter ^ ^ ^ ^ operandr MemberReference qualifier Token_ter ^ ^ member DOTDOT_ter ^ ^ ^ ^ ^ ^ 
if((declarationRoot.getType() == Token.DOTDOT)){
condition BinaryOperation operator ==_ter ^ ^ operandl MethodInvocation qualifier declarationRoot_ter ^ ^ member getType_ter ^ ^ ^ ^ operandr MemberReference qualifier Token_ter ^ ^ member COLONCOLON_ter ^ ^ ^ ^ ^ ^ 
if((declarationRoot.getType() == Token.COLONCOLON)){
condition BinaryOperation operator ==_ter ^ ^ operandl MethodInvocation qualifier declarationRoot_ter ^ ^ member getType_ter ^ ^ ^ ^ operandr MemberReference qualifier Token_ter ^ ^ member XML_ter ^ ^ ^ ^ ^ ^ 
if((declarationRoot.getType() == Token.XML)){
condition BinaryOperation operator ==_ter ^ ^ operandl MethodInvocation qualifier declarationRoot_ter ^ ^ member getType_ter ^ ^ ^ ^ operandr MemberReference qualifier Token_ter ^ ^ member DOTQUERY_ter ^ ^ ^ ^ ^ ^ 
if((declarationRoot.getType() == Token.DOTQUERY)){
condition BinaryOperation operator ==_ter ^ ^ operandl MethodInvocation qualifier declarationRoot_ter ^ ^ member getType_ter ^ ^ ^ ^ operandr MemberReference qualifier Token_ter ^ ^ member XMLATTR_ter ^ ^ ^ ^ ^ ^ 
if((declarationRoot.getType() == Token.XMLATTR)){
condition BinaryOperation operator ==_ter ^ ^ operandl MethodInvocation qualifier declarationRoot_ter ^ ^ member getType_ter ^ ^ ^ ^ operandr MemberReference qualifier Token_ter ^ ^ member XMLEND_ter ^ ^ ^ ^ ^ ^ 
if((declarationRoot.getType() == Token.XMLEND)){
condition BinaryOperation operator ==_ter ^ ^ operandl MethodInvocation qualifier declarationRoot_ter ^ ^ member getType_ter ^ ^ ^ ^ operandr MemberReference qualifier Token_ter ^ ^ member TO_OBJECT_ter ^ ^ ^ ^ ^ ^ 
if((declarationRoot.getType() == Token.TO_OBJECT)){
condition BinaryOperation operator ==_ter ^ ^ operandl MethodInvocation qualifier declarationRoot_ter ^ ^ member getType_ter ^ ^ ^ ^ operandr MemberReference qualifier Token_ter ^ ^ member TO_DOUBLE_ter ^ ^ ^ ^ ^ ^ 
if((declarationRoot.getType() == Token.TO_DOUBLE)){
condition BinaryOperation operator ==_ter ^ ^ operandl MethodInvocation qualifier declarationRoot_ter ^ ^ member getType_ter ^ ^ ^ ^ operandr MemberReference qualifier Token_ter ^ ^ member GET_ter ^ ^ ^ ^ ^ ^ 
if((declarationRoot.getType() == Token.GET)){
condition BinaryOperation operator ==_ter ^ ^ operandl MethodInvocation qualifier declarationRoot_ter ^ ^ member getType_ter ^ ^ ^ ^ operandr MemberReference qualifier Token_ter ^ ^ member SET_ter ^ ^ ^ ^ ^ ^ 
if((declarationRoot.getType() == Token.SET)){
condition BinaryOperation operator ==_ter ^ ^ operandl MethodInvocation qualifier declarationRoot_ter ^ ^ member getType_ter ^ ^ ^ ^ operandr MemberReference qualifier Token_ter ^ ^ member CONST_ter ^ ^ ^ ^ ^ ^ 
if((declarationRoot.getType() == Token.CONST)){
condition BinaryOperation operator ==_ter ^ ^ operandl MethodInvocation qualifier declarationRoot_ter ^ ^ member getType_ter ^ ^ ^ ^ operandr MemberReference qualifier Token_ter ^ ^ member SETCONST_ter ^ ^ ^ ^ ^ ^ 
if((declarationRoot.getType() == Token.SETCONST)){
condition BinaryOperation operator ==_ter ^ ^ operandl MethodInvocation qualifier declarationRoot_ter ^ ^ member getType_ter ^ ^ ^ ^ operandr MemberReference qualifier Token_ter ^ ^ member SETCONSTVAR_ter ^ ^ ^ ^ ^ ^ 
if((declarationRoot.getType() == Token.SETCONSTVAR)){
condition BinaryOperation operator ==_ter ^ ^ operandl MethodInvocation qualifier declarationRoot_ter ^ ^ member getType_ter ^ ^ ^ ^ operandr MemberReference qualifier Token_ter ^ ^ member DEBUGGER_ter ^ ^ ^ ^ ^ ^ 
if((declarationRoot.getType() == Token.DEBUGGER)){
condition BinaryOperation operator ==_ter ^ ^ operandl MethodInvocation qualifier declarationRoot_ter ^ ^ member getType_ter ^ ^ ^ ^ operandr MemberReference qualifier Token_ter ^ ^ member LABEL_NAME_ter ^ ^ ^ ^ ^ ^ 
if((declarationRoot.getType() == Token.LABEL_NAME)){
condition BinaryOperation operator ==_ter ^ ^ operandl MethodInvocation qualifier declarationRoot_ter ^ ^ member getType_ter ^ ^ ^ ^ operandr MemberReference qualifier Token_ter ^ ^ member LAST_TOKEN_ter ^ ^ ^ ^ ^ ^ 
if((declarationRoot.getType() == Token.LAST_TOKEN)){
condition BinaryOperation operator ==_ter ^ ^ operandl MethodInvocation qualifier declarationRoot_ter ^ ^ member getType_ter ^ ^ ^ ^ operandr MemberReference qualifier Token_ter ^ ^ member ANNOTATION_ter ^ ^ ^ ^ ^ ^ 
if((declarationRoot.getType() == Token.ANNOTATION)){
condition BinaryOperation operator ==_ter ^ ^ operandl MethodInvocation qualifier declarationRoot_ter ^ ^ member getType_ter ^ ^ ^ ^ operandr MemberReference qualifier Token_ter ^ ^ member PIPE_ter ^ ^ ^ ^ ^ ^ 
if((declarationRoot.getType() == Token.PIPE)){
condition BinaryOperation operator ==_ter ^ ^ operandl MethodInvocation qualifier declarationRoot_ter ^ ^ member getType_ter ^ ^ ^ ^ operandr MemberReference qualifier Token_ter ^ ^ member STAR_ter ^ ^ ^ ^ ^ ^ 
if((declarationRoot.getType() == Token.STAR)){
condition BinaryOperation operator ==_ter ^ ^ operandl MethodInvocation qualifier declarationRoot_ter ^ ^ member getType_ter ^ ^ ^ ^ operandr MemberReference qualifier Token_ter ^ ^ member EOC_ter ^ ^ ^ ^ ^ ^ 
if((declarationRoot.getType() == Token.EOC)){
condition BinaryOperation operator ==_ter ^ ^ operandl MethodInvocation qualifier declarationRoot_ter ^ ^ member getType_ter ^ ^ ^ ^ operandr MemberReference qualifier Token_ter ^ ^ member QMARK_ter ^ ^ ^ ^ ^ ^ 
if((declarationRoot.getType() == Token.QMARK)){
condition BinaryOperation operator ==_ter ^ ^ operandl MethodInvocation qualifier declarationRoot_ter ^ ^ member getType_ter ^ ^ ^ ^ operandr MemberReference qualifier Token_ter ^ ^ member ELLIPSIS_ter ^ ^ ^ ^ ^ ^ 
if((declarationRoot.getType() == Token.ELLIPSIS)){
condition BinaryOperation operator ==_ter ^ ^ operandl MethodInvocation qualifier declarationRoot_ter ^ ^ member getType_ter ^ ^ ^ ^ operandr MemberReference qualifier Token_ter ^ ^ member BANG_ter ^ ^ ^ ^ ^ ^ 
if((declarationRoot.getType() == Token.BANG)){
condition BinaryOperation operator ==_ter ^ ^ operandl MethodInvocation qualifier declarationRoot_ter ^ ^ member getType_ter ^ ^ ^ ^ operandr MemberReference qualifier Token_ter ^ ^ member EQUALS_ter ^ ^ ^ ^ ^ ^ 
if((declarationRoot.getType() == Token.EQUALS)){
condition BinaryOperation operator !=_ter ^ ^ operandl MethodInvocation qualifier declarationRoot_ter ^ ^ member getType_ter ^ ^ ^ ^ operandr MemberReference qualifier Token_ter ^ ^ member FUNCTION_ter ^ ^ ^ ^ ^ ^ 
if((declarationRoot.getType() != Token.FUNCTION)){
IfStatement condition MethodInvocation qualifier declarationRoot_ter ^ ^ member hasChildren_ter ^ ^ ^ ^ ^ 
if(declarationRoot.hasChildren()){

IfStatement condition MethodInvocation qualifier declarationRoot_ter ^ ^ member isFromExterns_ter ^ ^ ^ ^ ^ 
if(declarationRoot.isFromExterns()){

IfStatement condition MethodInvocation qualifier declarationRoot_ter ^ ^ member hasOneChild_ter ^ ^ ^ ^ ^ 
if(declarationRoot.hasOneChild()){

IfStatement condition MethodInvocation qualifier declarationRoot_ter ^ ^ member hasMoreThanOneChild_ter ^ ^ ^ ^ ^ 
if(declarationRoot.hasMoreThanOneChild()){

IfStatement condition MethodInvocation qualifier declarationRoot_ter ^ ^ member hasSideEffects_ter ^ ^ ^ ^ ^ 
if(declarationRoot.hasSideEffects()){

IfStatement condition MethodInvocation qualifier declarationRoot_ter ^ ^ member isQualifiedName_ter ^ ^ ^ ^ ^ 
if(declarationRoot.isQualifiedName()){

IfStatement condition MethodInvocation qualifier declarationRoot_ter ^ ^ member isUnscopedQualifiedName_ter ^ ^ ^ ^ ^ 
if(declarationRoot.isUnscopedQualifiedName()){

IfStatement condition MethodInvocation qualifier declarationRoot_ter ^ ^ member isVarArgs_ter ^ ^ ^ ^ ^ 
if(declarationRoot.isVarArgs()){

IfStatement condition MethodInvocation qualifier declarationRoot_ter ^ ^ member isOptionalArg_ter ^ ^ ^ ^ ^ 
if(declarationRoot.isOptionalArg()){

IfStatement condition MethodInvocation qualifier declarationRoot_ter ^ ^ member isSyntheticBlock_ter ^ ^ ^ ^ ^ 
if(declarationRoot.isSyntheticBlock()){

IfStatement condition MethodInvocation qualifier declarationRoot_ter ^ ^ member wasEmptyNode_ter ^ ^ ^ ^ ^ 
if(declarationRoot.wasEmptyNode()){

IfStatement condition MethodInvocation qualifier declarationRoot_ter ^ ^ member isOnlyModifiesThisCall_ter ^ ^ ^ ^ ^ 
if(declarationRoot.isOnlyModifiesThisCall()){

IfStatement condition MethodInvocation qualifier declarationRoot_ter ^ ^ member isNoSideEffectsCall_ter ^ ^ ^ ^ ^ 
if(declarationRoot.isNoSideEffectsCall()){

IfStatement condition MethodInvocation qualifier declarationRoot_ter ^ ^ member isLocalResultCall_ter ^ ^ ^ ^ ^ 
if(declarationRoot.isLocalResultCall()){

IfStatement condition MethodInvocation qualifier declarationRoot_ter ^ ^ member isQuotedString_ter ^ ^ ^ ^ ^ 
if(declarationRoot.isQuotedString()){

IfStatement condition MethodInvocation qualifier declarationRoot_ter ^ ^ member getType_ter ^ ^ ^ ^ ^ 
if(declarationRoot.getType()){

condition BinaryOperation operator ==_ter ^ ^ operandl MethodInvocation qualifier declarationRoot_ter ^ ^ member getSortedPropTypes_ter ^ ^ ^ ^ operandr MemberReference qualifier Token_ter ^ ^ member FUNCTION_ter ^ ^ ^ ^ ^ ^ 
if((declarationRoot.getSortedPropTypes() == Token.FUNCTION)){
condition BinaryOperation operator ==_ter ^ ^ operandl MethodInvocation qualifier declarationRoot_ter ^ ^ member getLength_ter ^ ^ ^ ^ operandr MemberReference qualifier Token_ter ^ ^ member FUNCTION_ter ^ ^ ^ ^ ^ ^ 
if((declarationRoot.getLength() == Token.FUNCTION)){
condition BinaryOperation operator ==_ter ^ ^ operandl MethodInvocation qualifier declarationRoot_ter ^ ^ member getLineno_ter ^ ^ ^ ^ operandr MemberReference qualifier Token_ter ^ ^ member FUNCTION_ter ^ ^ ^ ^ ^ ^ 
if((declarationRoot.getLineno() == Token.FUNCTION)){
condition BinaryOperation operator ==_ter ^ ^ operandl MethodInvocation qualifier declarationRoot_ter ^ ^ member getCharno_ter ^ ^ ^ ^ operandr MemberReference qualifier Token_ter ^ ^ member FUNCTION_ter ^ ^ ^ ^ ^ ^ 
if((declarationRoot.getCharno() == Token.FUNCTION)){
condition BinaryOperation operator ==_ter ^ ^ operandl MethodInvocation qualifier declarationRoot_ter ^ ^ member getSourceOffset_ter ^ ^ ^ ^ operandr MemberReference qualifier Token_ter ^ ^ member FUNCTION_ter ^ ^ ^ ^ ^ ^ 
if((declarationRoot.getSourceOffset() == Token.FUNCTION)){
condition BinaryOperation operator ==_ter ^ ^ operandl MethodInvocation qualifier declarationRoot_ter ^ ^ member getSourcePosition_ter ^ ^ ^ ^ operandr MemberReference qualifier Token_ter ^ ^ member FUNCTION_ter ^ ^ ^ ^ ^ ^ 
if((declarationRoot.getSourcePosition() == Token.FUNCTION)){
condition BinaryOperation operator ==_ter ^ ^ operandl MethodInvocation qualifier declarationRoot_ter ^ ^ member getChildCount_ter ^ ^ ^ ^ operandr MemberReference qualifier Token_ter ^ ^ member FUNCTION_ter ^ ^ ^ ^ ^ ^ 
if((declarationRoot.getChildCount() == Token.FUNCTION)){
condition BinaryOperation operator ==_ter ^ ^ operandl MethodInvocation qualifier declarationRoot_ter ^ ^ member getSideEffectFlags_ter ^ ^ ^ ^ operandr MemberReference qualifier Token_ter ^ ^ member FUNCTION_ter ^ ^ ^ ^ ^ ^ 
if((declarationRoot.getSideEffectFlags() == Token.FUNCTION)){
BreakStatement_ter ^ 
break;

IfStatement condition MethodInvocation prefix_operators !_ter ^ ^ qualifier declarationRoot_ter ^ ^ member hasChildren_ter ^ ^ ^ ^ ^ 
if(!declarationRoot.hasChildren()){

IfStatement condition MethodInvocation prefix_operators !_ter ^ ^ qualifier declarationRoot_ter ^ ^ member isFromExterns_ter ^ ^ ^ ^ ^ 
if(!declarationRoot.isFromExterns()){

IfStatement condition MethodInvocation prefix_operators !_ter ^ ^ qualifier declarationRoot_ter ^ ^ member hasOneChild_ter ^ ^ ^ ^ ^ 
if(!declarationRoot.hasOneChild()){

IfStatement condition MethodInvocation prefix_operators !_ter ^ ^ qualifier declarationRoot_ter ^ ^ member hasMoreThanOneChild_ter ^ ^ ^ ^ ^ 
if(!declarationRoot.hasMoreThanOneChild()){

IfStatement condition MethodInvocation prefix_operators !_ter ^ ^ qualifier declarationRoot_ter ^ ^ member hasSideEffects_ter ^ ^ ^ ^ ^ 
if(!declarationRoot.hasSideEffects()){

IfStatement condition MethodInvocation prefix_operators !_ter ^ ^ qualifier declarationRoot_ter ^ ^ member isQualifiedName_ter ^ ^ ^ ^ ^ 
if(!declarationRoot.isQualifiedName()){

IfStatement condition MethodInvocation prefix_operators !_ter ^ ^ qualifier declarationRoot_ter ^ ^ member isUnscopedQualifiedName_ter ^ ^ ^ ^ ^ 
if(!declarationRoot.isUnscopedQualifiedName()){

IfStatement condition MethodInvocation prefix_operators !_ter ^ ^ qualifier declarationRoot_ter ^ ^ member isVarArgs_ter ^ ^ ^ ^ ^ 
if(!declarationRoot.isVarArgs()){

IfStatement condition MethodInvocation prefix_operators !_ter ^ ^ qualifier declarationRoot_ter ^ ^ member isOptionalArg_ter ^ ^ ^ ^ ^ 
if(!declarationRoot.isOptionalArg()){

IfStatement condition MethodInvocation prefix_operators !_ter ^ ^ qualifier declarationRoot_ter ^ ^ member isSyntheticBlock_ter ^ ^ ^ ^ ^ 
if(!declarationRoot.isSyntheticBlock()){

IfStatement condition MethodInvocation prefix_operators !_ter ^ ^ qualifier declarationRoot_ter ^ ^ member wasEmptyNode_ter ^ ^ ^ ^ ^ 
if(!declarationRoot.wasEmptyNode()){

IfStatement condition MethodInvocation prefix_operators !_ter ^ ^ qualifier declarationRoot_ter ^ ^ member isOnlyModifiesThisCall_ter ^ ^ ^ ^ ^ 
if(!declarationRoot.isOnlyModifiesThisCall()){

IfStatement condition MethodInvocation prefix_operators !_ter ^ ^ qualifier declarationRoot_ter ^ ^ member isNoSideEffectsCall_ter ^ ^ ^ ^ ^ 
if(!declarationRoot.isNoSideEffectsCall()){

IfStatement condition MethodInvocation prefix_operators !_ter ^ ^ qualifier declarationRoot_ter ^ ^ member isLocalResultCall_ter ^ ^ ^ ^ ^ 
if(!declarationRoot.isLocalResultCall()){

IfStatement condition MethodInvocation prefix_operators !_ter ^ ^ qualifier declarationRoot_ter ^ ^ member isQuotedString_ter ^ ^ ^ ^ ^ 
if(!declarationRoot.isQuotedString()){

condition BinaryOperation operator ==_ter ^ ^ operandl MethodInvocation qualifier declarationRoot_ter ^ ^ member getName_ter ^ ^ ^ ^ operandr MemberReference qualifier Token_ter ^ ^ member FUNCTION_ter ^ ^ ^ ^ ^ ^ 
if((declarationRoot.getName() == Token.FUNCTION)){
condition BinaryOperation operator ==_ter ^ ^ operandl MethodInvocation qualifier nameStack_ter ^ ^ member getType_ter ^ ^ ^ ^ operandr MemberReference qualifier Token_ter ^ ^ member FUNCTION_ter ^ ^ ^ ^ ^ ^ 
if((nameStack.getType() == Token.FUNCTION)){
condition BinaryOperation operator ==_ter ^ ^ operandl MethodInvocation qualifier t_ter ^ ^ member getType_ter ^ ^ ^ ^ operandr MemberReference qualifier Token_ter ^ ^ member FUNCTION_ter ^ ^ ^ ^ ^ ^ 
if((t.getType() == Token.FUNCTION)){
StatementExpression expression MethodInvocation qualifier Preconditions_ter ^ ^ arguments MethodInvocation qualifier t_ter ^ ^ member inGlobalScope_ter ^ ^ ^ ^ member checkState_ter ^ ^ ^ ^ ^ 
Preconditions.checkState(t.inGlobalScope());

StatementExpression expression Assignment expressionl MemberReference member renamer_ter ^ ^ ^ ^ value MemberReference member rootRenamer_ter ^ ^ ^ ^ type =_ter ^ ^ ^ ^ ^ 
renamer = rootRenamer;

IfStatement condition BinaryOperation operator instanceof_ter ^ ^ operandl MemberReference member rootRenamer_ter ^ ^ ^ ^ operandr ReferenceType name ContextualRenamer_ter ^ ^ ^ ^ ^ ^ ^ 
arg 
arg 
if((rootRenamer instanceof ContextualRenamer)){

StatementExpression expression MethodInvocation qualifier Preconditions_ter ^ ^ arguments BinaryOperation operator ||_ter ^ ^ operandl BinaryOperation operator !=_ter ^ ^ operandl MethodInvocation qualifier declarationRoot_ter ^ ^ member getType_ter ^ ^ ^ ^ operandr MemberReference qualifier Token_ter ^ ^ member FUNCTION_ter ^ ^ ^ ^ ^ ^ operandr BinaryOperation operator instanceof_ter ^ ^ operandl MemberReference member rootRenamer_ter ^ ^ ^ ^ operandr ReferenceType name ContextualRenamer_ter ^ ^ ^ ^ ^ ^ ^ ^ member checkState_ter ^ ^ ^ ^ ^ 
arg 
arg 
Preconditions.checkState(((declarationRoot.getType() != Token.FUNCTION) || (rootRenamer instanceof ContextualRenamer)));

condition BinaryOperation operator ==_ter ^ ^ operandl MethodInvocation qualifier declarationRoot_ter ^ ^ member getLastChild_ter ^ ^ ^ ^ operandr MemberReference qualifier Token_ter ^ ^ member FUNCTION_ter ^ ^ ^ ^ ^ ^ 
if((declarationRoot.getLastChild() == Token.FUNCTION)){
StatementExpression expression Assignment expressionl MemberReference member renamer_ter ^ ^ ^ ^ value MethodInvocation qualifier nameStack_ter ^ ^ selectors MethodInvocation member forChildScope_ter ^ ^ ^ ^ member peek_ter ^ ^ ^ ^ type =_ter ^ ^ ^ ^ ^ 
renamer = nameStack.peek().forChildScope();

condition BinaryOperation operator ==_ter ^ ^ operandl MethodInvocation qualifier renamer_ter ^ ^ member getType_ter ^ ^ ^ ^ operandr MemberReference qualifier Token_ter ^ ^ member FUNCTION_ter ^ ^ ^ ^ ^ ^ 
if((renamer.getType() == Token.FUNCTION)){
StatementExpression expression MethodInvocation qualifier renamer_ter ^ ^ arguments MemberReference member name_ter ^ ^ ^ ^ member addDeclaredName_ter ^ ^ ^ ^ ^ 
renamer.addDeclaredName(name);

StatementExpression expression MethodInvocation arguments MemberReference member functionBody_ter ^ ^ ^ Literal value null_ter ^ ^ ^ MemberReference member renamer_ter ^ ^ ^ ^ member findDeclaredNames_ter ^ ^ ^ ^ ^ 
findDeclaredNames(functionBody, null, renamer);

StatementExpression expression MethodInvocation arguments MemberReference member declarationRoot_ter ^ ^ ^ Literal value null_ter ^ ^ ^ MemberReference member renamer_ter ^ ^ ^ ^ member findDeclaredNames_ter ^ ^ ^ ^ ^ 
findDeclaredNames(declarationRoot, null, renamer);

condition BinaryOperation operator ==_ter ^ ^ operandl MethodInvocation qualifier declarationRoot_ter ^ ^ member inGlobalScope_ter ^ ^ ^ ^ operandr MemberReference qualifier Token_ter ^ ^ member FUNCTION_ter ^ ^ ^ ^ ^ ^ 
if((declarationRoot.inGlobalScope() == Token.FUNCTION)){
condition BinaryOperation operator ==_ter ^ ^ operandl MethodInvocation qualifier declarationRoot_ter ^ ^ member getString_ter ^ ^ ^ ^ operandr MemberReference qualifier Token_ter ^ ^ member FUNCTION_ter ^ ^ ^ ^ ^ ^ 
if((declarationRoot.getString() == Token.FUNCTION)){
condition BinaryOperation operator ==_ter ^ ^ operandl MethodInvocation qualifier declarationRoot_ter ^ ^ member getNext_ter ^ ^ ^ ^ operandr MemberReference qualifier Token_ter ^ ^ member FUNCTION_ter ^ ^ ^ ^ ^ ^ 
if((declarationRoot.getNext() == Token.FUNCTION)){
StatementExpression expression MethodInvocation qualifier nameStack_ter ^ ^ arguments MemberReference member renamer_ter ^ ^ ^ ^ member push_ter ^ ^ ^ ^ ^ 
nameStack.push(renamer);

condition BinaryOperation operator ==_ter ^ ^ operandl MethodInvocation qualifier declarationRoot_ter ^ ^ member getFirstChild_ter ^ ^ ^ ^ operandr MemberReference qualifier Token_ter ^ ^ member FUNCTION_ter ^ ^ ^ ^ ^ ^ 
if((declarationRoot.getFirstChild() == Token.FUNCTION)){
ContinueStatement_ter ^ 
continue;

IfStatement condition BinaryOperation operator !=_ter ^ ^ operandl MemberReference member renamer_ter ^ ^ ^ ^ operandr Literal value null_ter ^ ^ ^ ^ ^ ^ ^ 
if((renamer != null)){

condition BinaryOperation operator >=_ter ^ ^ operandl MethodInvocation qualifier declarationRoot_ter ^ ^ member getType_ter ^ ^ ^ ^ operandr MemberReference qualifier Token_ter ^ ^ member FUNCTION_ter ^ ^ ^ ^ ^ ^ 
if((declarationRoot.getType() >= Token.FUNCTION)){
condition BinaryOperation operator ==_ter ^ ^ operandl MethodInvocation qualifier par1 ^ ^ member getType_ter ^ ^ ^ ^ operandr MemberReference qualifier Token_ter ^ ^ member FUNCTION_ter ^ ^ ^ ^ ^ ^ 
if((.getType() == Token.FUNCTION)){

IfStatement condition BinaryOperation operator instanceof_ter ^ ^ operandl MemberReference member rootRenamer_ter ^ ^ ^ ^ operandr ReferenceType name ContextualRenamer_ter ^ ^ ^ ^ ^ ^ ^ 
arg 
arg 
if((rootRenamer instanceof ContextualRenamer)){

condition BinaryOperation operator >_ter ^ ^ operandl MethodInvocation qualifier declarationRoot_ter ^ ^ member getType_ter ^ ^ ^ ^ operandr MemberReference qualifier Token_ter ^ ^ member FUNCTION_ter ^ ^ ^ ^ ^ ^ 
if((declarationRoot.getType() > Token.FUNCTION)){
IfStatement condition BinaryOperation operator ||_ter ^ ^ operandl BinaryOperation operator !=_ter ^ ^ operandl MethodInvocation qualifier declarationRoot_ter ^ ^ member getType_ter ^ ^ ^ ^ operandr MemberReference qualifier Token_ter ^ ^ member FUNCTION_ter ^ ^ ^ ^ ^ ^ operandr BinaryOperation operator instanceof_ter ^ ^ operandl MemberReference member rootRenamer_ter ^ ^ ^ ^ operandr ReferenceType name ContextualRenamer_ter ^ ^ ^ ^ ^ ^ ^ ^ ^ 
arg 
arg 
if(((declarationRoot.getType() != Token.FUNCTION) || (rootRenamer instanceof ContextualRenamer))){

IfStatement condition MethodInvocation prefix_operators !_ter ^ ^ qualifier declarationRoot_ter ^ ^ member getType_ter ^ ^ ^ ^ ^ 
if(!declarationRoot.getType()){

IfStatement condition BinaryOperation operator !=_ter ^ ^ operandl MethodInvocation qualifier declarationRoot_ter ^ ^ member getType_ter ^ ^ ^ ^ operandr MemberReference qualifier Token_ter ^ ^ member FUNCTION_ter ^ ^ ^ ^ ^ ^ ^ 
if((declarationRoot.getType() != Token.FUNCTION)){

IfStatement condition BinaryOperation operator &&_ter ^ ^ operandl BinaryOperation operator ==_ter ^ ^ operandl MethodInvocation qualifier declarationRoot_ter ^ ^ member getType_ter ^ ^ ^ ^ operandr MemberReference qualifier Token_ter ^ ^ member FUNCTION_ter ^ ^ ^ ^ ^ ^ operandr MethodInvocation qualifier declarationRoot_ter ^ ^ member hasChildren_ter ^ ^ ^ ^ ^ ^ ^ 
if(((declarationRoot.getType() == Token.FUNCTION) && declarationRoot.hasChildren())){

IfStatement condition BinaryOperation operator &&_ter ^ ^ operandl BinaryOperation operator ==_ter ^ ^ operandl MethodInvocation qualifier declarationRoot_ter ^ ^ member getType_ter ^ ^ ^ ^ operandr MemberReference qualifier Token_ter ^ ^ member FUNCTION_ter ^ ^ ^ ^ ^ ^ operandr MethodInvocation qualifier declarationRoot_ter ^ ^ member isFromExterns_ter ^ ^ ^ ^ ^ ^ ^ 
if(((declarationRoot.getType() == Token.FUNCTION) && declarationRoot.isFromExterns())){

IfStatement condition BinaryOperation operator &&_ter ^ ^ operandl BinaryOperation operator ==_ter ^ ^ operandl MethodInvocation qualifier declarationRoot_ter ^ ^ member getType_ter ^ ^ ^ ^ operandr MemberReference qualifier Token_ter ^ ^ member FUNCTION_ter ^ ^ ^ ^ ^ ^ operandr MethodInvocation qualifier declarationRoot_ter ^ ^ member hasOneChild_ter ^ ^ ^ ^ ^ ^ ^ 
if(((declarationRoot.getType() == Token.FUNCTION) && declarationRoot.hasOneChild())){

IfStatement condition BinaryOperation operator &&_ter ^ ^ operandl BinaryOperation operator ==_ter ^ ^ operandl MethodInvocation qualifier declarationRoot_ter ^ ^ member getType_ter ^ ^ ^ ^ operandr MemberReference qualifier Token_ter ^ ^ member FUNCTION_ter ^ ^ ^ ^ ^ ^ operandr MethodInvocation qualifier declarationRoot_ter ^ ^ member hasMoreThanOneChild_ter ^ ^ ^ ^ ^ ^ ^ 
if(((declarationRoot.getType() == Token.FUNCTION) && declarationRoot.hasMoreThanOneChild())){

IfStatement condition BinaryOperation operator &&_ter ^ ^ operandl BinaryOperation operator ==_ter ^ ^ operandl MethodInvocation qualifier declarationRoot_ter ^ ^ member getType_ter ^ ^ ^ ^ operandr MemberReference qualifier Token_ter ^ ^ member FUNCTION_ter ^ ^ ^ ^ ^ ^ operandr MethodInvocation qualifier declarationRoot_ter ^ ^ member hasSideEffects_ter ^ ^ ^ ^ ^ ^ ^ 
if(((declarationRoot.getType() == Token.FUNCTION) && declarationRoot.hasSideEffects())){

IfStatement condition BinaryOperation operator &&_ter ^ ^ operandl BinaryOperation operator ==_ter ^ ^ operandl MethodInvocation qualifier declarationRoot_ter ^ ^ member getType_ter ^ ^ ^ ^ operandr MemberReference qualifier Token_ter ^ ^ member FUNCTION_ter ^ ^ ^ ^ ^ ^ operandr MethodInvocation qualifier declarationRoot_ter ^ ^ member isQualifiedName_ter ^ ^ ^ ^ ^ ^ ^ 
if(((declarationRoot.getType() == Token.FUNCTION) && declarationRoot.isQualifiedName())){

IfStatement condition BinaryOperation operator &&_ter ^ ^ operandl BinaryOperation operator ==_ter ^ ^ operandl MethodInvocation qualifier declarationRoot_ter ^ ^ member getType_ter ^ ^ ^ ^ operandr MemberReference qualifier Token_ter ^ ^ member FUNCTION_ter ^ ^ ^ ^ ^ ^ operandr MethodInvocation qualifier declarationRoot_ter ^ ^ member isUnscopedQualifiedName_ter ^ ^ ^ ^ ^ ^ ^ 
if(((declarationRoot.getType() == Token.FUNCTION) && declarationRoot.isUnscopedQualifiedName())){

IfStatement condition BinaryOperation operator &&_ter ^ ^ operandl BinaryOperation operator ==_ter ^ ^ operandl MethodInvocation qualifier declarationRoot_ter ^ ^ member getType_ter ^ ^ ^ ^ operandr MemberReference qualifier Token_ter ^ ^ member FUNCTION_ter ^ ^ ^ ^ ^ ^ operandr MethodInvocation qualifier declarationRoot_ter ^ ^ member isVarArgs_ter ^ ^ ^ ^ ^ ^ ^ 
if(((declarationRoot.getType() == Token.FUNCTION) && declarationRoot.isVarArgs())){

IfStatement condition BinaryOperation operator &&_ter ^ ^ operandl BinaryOperation operator ==_ter ^ ^ operandl MethodInvocation qualifier declarationRoot_ter ^ ^ member getType_ter ^ ^ ^ ^ operandr MemberReference qualifier Token_ter ^ ^ member FUNCTION_ter ^ ^ ^ ^ ^ ^ operandr MethodInvocation qualifier declarationRoot_ter ^ ^ member isOptionalArg_ter ^ ^ ^ ^ ^ ^ ^ 
if(((declarationRoot.getType() == Token.FUNCTION) && declarationRoot.isOptionalArg())){

IfStatement condition BinaryOperation operator &&_ter ^ ^ operandl BinaryOperation operator ==_ter ^ ^ operandl MethodInvocation qualifier declarationRoot_ter ^ ^ member getType_ter ^ ^ ^ ^ operandr MemberReference qualifier Token_ter ^ ^ member FUNCTION_ter ^ ^ ^ ^ ^ ^ operandr MethodInvocation qualifier declarationRoot_ter ^ ^ member isSyntheticBlock_ter ^ ^ ^ ^ ^ ^ ^ 
if(((declarationRoot.getType() == Token.FUNCTION) && declarationRoot.isSyntheticBlock())){

IfStatement condition BinaryOperation operator &&_ter ^ ^ operandl BinaryOperation operator ==_ter ^ ^ operandl MethodInvocation qualifier declarationRoot_ter ^ ^ member getType_ter ^ ^ ^ ^ operandr MemberReference qualifier Token_ter ^ ^ member FUNCTION_ter ^ ^ ^ ^ ^ ^ operandr MethodInvocation qualifier declarationRoot_ter ^ ^ member wasEmptyNode_ter ^ ^ ^ ^ ^ ^ ^ 
if(((declarationRoot.getType() == Token.FUNCTION) && declarationRoot.wasEmptyNode())){

IfStatement condition BinaryOperation operator &&_ter ^ ^ operandl BinaryOperation operator ==_ter ^ ^ operandl MethodInvocation qualifier declarationRoot_ter ^ ^ member getType_ter ^ ^ ^ ^ operandr MemberReference qualifier Token_ter ^ ^ member FUNCTION_ter ^ ^ ^ ^ ^ ^ operandr MethodInvocation qualifier declarationRoot_ter ^ ^ member isOnlyModifiesThisCall_ter ^ ^ ^ ^ ^ ^ ^ 
if(((declarationRoot.getType() == Token.FUNCTION) && declarationRoot.isOnlyModifiesThisCall())){

IfStatement condition BinaryOperation operator &&_ter ^ ^ operandl BinaryOperation operator ==_ter ^ ^ operandl MethodInvocation qualifier declarationRoot_ter ^ ^ member getType_ter ^ ^ ^ ^ operandr MemberReference qualifier Token_ter ^ ^ member FUNCTION_ter ^ ^ ^ ^ ^ ^ operandr MethodInvocation qualifier declarationRoot_ter ^ ^ member isNoSideEffectsCall_ter ^ ^ ^ ^ ^ ^ ^ 
if(((declarationRoot.getType() == Token.FUNCTION) && declarationRoot.isNoSideEffectsCall())){

IfStatement condition BinaryOperation operator &&_ter ^ ^ operandl BinaryOperation operator ==_ter ^ ^ operandl MethodInvocation qualifier declarationRoot_ter ^ ^ member getType_ter ^ ^ ^ ^ operandr MemberReference qualifier Token_ter ^ ^ member FUNCTION_ter ^ ^ ^ ^ ^ ^ operandr MethodInvocation qualifier declarationRoot_ter ^ ^ member isLocalResultCall_ter ^ ^ ^ ^ ^ ^ ^ 
if(((declarationRoot.getType() == Token.FUNCTION) && declarationRoot.isLocalResultCall())){

IfStatement condition BinaryOperation operator &&_ter ^ ^ operandl BinaryOperation operator ==_ter ^ ^ operandl MethodInvocation qualifier declarationRoot_ter ^ ^ member getType_ter ^ ^ ^ ^ operandr MemberReference qualifier Token_ter ^ ^ member FUNCTION_ter ^ ^ ^ ^ ^ ^ operandr MethodInvocation qualifier declarationRoot_ter ^ ^ member isQuotedString_ter ^ ^ ^ ^ ^ ^ ^ 
if(((declarationRoot.getType() == Token.FUNCTION) && declarationRoot.isQuotedString())){

StatementExpression expression MethodInvocation qualifier declarationRoot_ter ^ ^ member detachChildren_ter ^ ^ ^ ^ ^ 
declarationRoot.detachChildren();

StatementExpression expression MethodInvocation qualifier declarationRoot_ter ^ ^ member setQuotedString_ter ^ ^ ^ ^ ^ 
declarationRoot.setQuotedString();

control ForControl init VariableDeclaration type ReferenceType name Node_ter ^ ^ ^ ^ declarators VariableDeclarator name c_ter ^ ^ initializer MethodInvocation qualifier declarationRoot_ter ^ ^ selectors MethodInvocation member getNext_ter ^ ^ ^ MethodInvocation member getFirstChild_ter ^ ^ ^ ^ member getFirstChild_ter ^ ^ ^ ^ ^ ^ ^ ^ condition BinaryOperation operator !=_ter ^ ^ operandl MemberReference member c_ter ^ ^ ^ ^ operandr Literal value null_ter ^ ^ ^ ^ ^ ^ update Assignment expressionl MemberReference member c_ter ^ ^ ^ ^ value MethodInvocation qualifier c_ter ^ ^ member getNext_ter ^ ^ ^ ^ type =_ter ^ ^ ^ ^ ^ ^ 
arg 
arg 
for(Node c = declarationRoot.getFirstChild().getNext().getFirstChild();(c != null);c = c.getNext()) {

IfStatement condition MethodInvocation qualifier nameStack_ter ^ ^ member isEmpty_ter ^ ^ ^ ^ ^ 
if(nameStack.isEmpty()){

IfStatement condition BinaryOperation operator ||_ter ^ ^ operandl BinaryOperation operator ==_ter ^ ^ operandl MethodInvocation qualifier declarationRoot_ter ^ ^ member getType_ter ^ ^ ^ ^ operandr MemberReference qualifier Token_ter ^ ^ member FUNCTION_ter ^ ^ ^ ^ ^ ^ operandr MethodInvocation qualifier declarationRoot_ter ^ ^ member hasChildren_ter ^ ^ ^ ^ ^ ^ ^ 
if(((declarationRoot.getType() == Token.FUNCTION) || declarationRoot.hasChildren())){

IfStatement condition BinaryOperation operator ||_ter ^ ^ operandl BinaryOperation operator ==_ter ^ ^ operandl MethodInvocation qualifier declarationRoot_ter ^ ^ member getType_ter ^ ^ ^ ^ operandr MemberReference qualifier Token_ter ^ ^ member FUNCTION_ter ^ ^ ^ ^ ^ ^ operandr MethodInvocation qualifier declarationRoot_ter ^ ^ member isFromExterns_ter ^ ^ ^ ^ ^ ^ ^ 
if(((declarationRoot.getType() == Token.FUNCTION) || declarationRoot.isFromExterns())){

IfStatement condition BinaryOperation operator ||_ter ^ ^ operandl BinaryOperation operator ==_ter ^ ^ operandl MethodInvocation qualifier declarationRoot_ter ^ ^ member getType_ter ^ ^ ^ ^ operandr MemberReference qualifier Token_ter ^ ^ member FUNCTION_ter ^ ^ ^ ^ ^ ^ operandr MethodInvocation qualifier declarationRoot_ter ^ ^ member hasOneChild_ter ^ ^ ^ ^ ^ ^ ^ 
if(((declarationRoot.getType() == Token.FUNCTION) || declarationRoot.hasOneChild())){

IfStatement condition BinaryOperation operator ||_ter ^ ^ operandl BinaryOperation operator ==_ter ^ ^ operandl MethodInvocation qualifier declarationRoot_ter ^ ^ member getType_ter ^ ^ ^ ^ operandr MemberReference qualifier Token_ter ^ ^ member FUNCTION_ter ^ ^ ^ ^ ^ ^ operandr MethodInvocation qualifier declarationRoot_ter ^ ^ member hasMoreThanOneChild_ter ^ ^ ^ ^ ^ ^ ^ 
if(((declarationRoot.getType() == Token.FUNCTION) || declarationRoot.hasMoreThanOneChild())){

IfStatement condition BinaryOperation operator ||_ter ^ ^ operandl BinaryOperation operator ==_ter ^ ^ operandl MethodInvocation qualifier declarationRoot_ter ^ ^ member getType_ter ^ ^ ^ ^ operandr MemberReference qualifier Token_ter ^ ^ member FUNCTION_ter ^ ^ ^ ^ ^ ^ operandr MethodInvocation qualifier declarationRoot_ter ^ ^ member hasSideEffects_ter ^ ^ ^ ^ ^ ^ ^ 
if(((declarationRoot.getType() == Token.FUNCTION) || declarationRoot.hasSideEffects())){

IfStatement condition BinaryOperation operator ||_ter ^ ^ operandl BinaryOperation operator ==_ter ^ ^ operandl MethodInvocation qualifier declarationRoot_ter ^ ^ member getType_ter ^ ^ ^ ^ operandr MemberReference qualifier Token_ter ^ ^ member FUNCTION_ter ^ ^ ^ ^ ^ ^ operandr MethodInvocation qualifier declarationRoot_ter ^ ^ member isQualifiedName_ter ^ ^ ^ ^ ^ ^ ^ 
if(((declarationRoot.getType() == Token.FUNCTION) || declarationRoot.isQualifiedName())){

IfStatement condition BinaryOperation operator ||_ter ^ ^ operandl BinaryOperation operator ==_ter ^ ^ operandl MethodInvocation qualifier declarationRoot_ter ^ ^ member getType_ter ^ ^ ^ ^ operandr MemberReference qualifier Token_ter ^ ^ member FUNCTION_ter ^ ^ ^ ^ ^ ^ operandr MethodInvocation qualifier declarationRoot_ter ^ ^ member isUnscopedQualifiedName_ter ^ ^ ^ ^ ^ ^ ^ 
if(((declarationRoot.getType() == Token.FUNCTION) || declarationRoot.isUnscopedQualifiedName())){

IfStatement condition BinaryOperation operator ||_ter ^ ^ operandl BinaryOperation operator ==_ter ^ ^ operandl MethodInvocation qualifier declarationRoot_ter ^ ^ member getType_ter ^ ^ ^ ^ operandr MemberReference qualifier Token_ter ^ ^ member FUNCTION_ter ^ ^ ^ ^ ^ ^ operandr MethodInvocation qualifier declarationRoot_ter ^ ^ member isVarArgs_ter ^ ^ ^ ^ ^ ^ ^ 
if(((declarationRoot.getType() == Token.FUNCTION) || declarationRoot.isVarArgs())){

IfStatement condition BinaryOperation operator ||_ter ^ ^ operandl BinaryOperation operator ==_ter ^ ^ operandl MethodInvocation qualifier declarationRoot_ter ^ ^ member getType_ter ^ ^ ^ ^ operandr MemberReference qualifier Token_ter ^ ^ member FUNCTION_ter ^ ^ ^ ^ ^ ^ operandr MethodInvocation qualifier declarationRoot_ter ^ ^ member isOptionalArg_ter ^ ^ ^ ^ ^ ^ ^ 
if(((declarationRoot.getType() == Token.FUNCTION) || declarationRoot.isOptionalArg())){

IfStatement condition BinaryOperation operator ||_ter ^ ^ operandl BinaryOperation operator ==_ter ^ ^ operandl MethodInvocation qualifier declarationRoot_ter ^ ^ member getType_ter ^ ^ ^ ^ operandr MemberReference qualifier Token_ter ^ ^ member FUNCTION_ter ^ ^ ^ ^ ^ ^ operandr MethodInvocation qualifier declarationRoot_ter ^ ^ member isSyntheticBlock_ter ^ ^ ^ ^ ^ ^ ^ 
if(((declarationRoot.getType() == Token.FUNCTION) || declarationRoot.isSyntheticBlock())){

IfStatement condition BinaryOperation operator ||_ter ^ ^ operandl BinaryOperation operator ==_ter ^ ^ operandl MethodInvocation qualifier declarationRoot_ter ^ ^ member getType_ter ^ ^ ^ ^ operandr MemberReference qualifier Token_ter ^ ^ member FUNCTION_ter ^ ^ ^ ^ ^ ^ operandr MethodInvocation qualifier declarationRoot_ter ^ ^ member wasEmptyNode_ter ^ ^ ^ ^ ^ ^ ^ 
if(((declarationRoot.getType() == Token.FUNCTION) || declarationRoot.wasEmptyNode())){

IfStatement condition BinaryOperation operator ||_ter ^ ^ operandl BinaryOperation operator ==_ter ^ ^ operandl MethodInvocation qualifier declarationRoot_ter ^ ^ member getType_ter ^ ^ ^ ^ operandr MemberReference qualifier Token_ter ^ ^ member FUNCTION_ter ^ ^ ^ ^ ^ ^ operandr MethodInvocation qualifier declarationRoot_ter ^ ^ member isOnlyModifiesThisCall_ter ^ ^ ^ ^ ^ ^ ^ 
if(((declarationRoot.getType() == Token.FUNCTION) || declarationRoot.isOnlyModifiesThisCall())){

IfStatement condition BinaryOperation operator ||_ter ^ ^ operandl BinaryOperation operator ==_ter ^ ^ operandl MethodInvocation qualifier declarationRoot_ter ^ ^ member getType_ter ^ ^ ^ ^ operandr MemberReference qualifier Token_ter ^ ^ member FUNCTION_ter ^ ^ ^ ^ ^ ^ operandr MethodInvocation qualifier declarationRoot_ter ^ ^ member isNoSideEffectsCall_ter ^ ^ ^ ^ ^ ^ ^ 
if(((declarationRoot.getType() == Token.FUNCTION) || declarationRoot.isNoSideEffectsCall())){

IfStatement condition BinaryOperation operator ||_ter ^ ^ operandl BinaryOperation operator ==_ter ^ ^ operandl MethodInvocation qualifier declarationRoot_ter ^ ^ member getType_ter ^ ^ ^ ^ operandr MemberReference qualifier Token_ter ^ ^ member FUNCTION_ter ^ ^ ^ ^ ^ ^ operandr MethodInvocation qualifier declarationRoot_ter ^ ^ member isLocalResultCall_ter ^ ^ ^ ^ ^ ^ ^ 
if(((declarationRoot.getType() == Token.FUNCTION) || declarationRoot.isLocalResultCall())){

IfStatement condition BinaryOperation operator ||_ter ^ ^ operandl BinaryOperation operator ==_ter ^ ^ operandl MethodInvocation qualifier declarationRoot_ter ^ ^ member getType_ter ^ ^ ^ ^ operandr MemberReference qualifier Token_ter ^ ^ member FUNCTION_ter ^ ^ ^ ^ ^ ^ operandr MethodInvocation qualifier declarationRoot_ter ^ ^ member isQuotedString_ter ^ ^ ^ ^ ^ ^ ^ 
if(((declarationRoot.getType() == Token.FUNCTION) || declarationRoot.isQuotedString())){

IfStatement condition BinaryOperation operator &&_ter ^ ^ operandl BinaryOperation operator ==_ter ^ ^ operandl MethodInvocation qualifier declarationRoot_ter ^ ^ member getType_ter ^ ^ ^ ^ operandr MemberReference qualifier Token_ter ^ ^ member FUNCTION_ter ^ ^ ^ ^ ^ ^ operandr MethodInvocation prefix_operators !_ter ^ ^ qualifier declarationRoot_ter ^ ^ member hasChildren_ter ^ ^ ^ ^ ^ ^ ^ 
if(((declarationRoot.getType() == Token.FUNCTION) && !declarationRoot.hasChildren())){

IfStatement condition BinaryOperation operator &&_ter ^ ^ operandl BinaryOperation operator ==_ter ^ ^ operandl MethodInvocation qualifier declarationRoot_ter ^ ^ member getType_ter ^ ^ ^ ^ operandr MemberReference qualifier Token_ter ^ ^ member FUNCTION_ter ^ ^ ^ ^ ^ ^ operandr MethodInvocation prefix_operators !_ter ^ ^ qualifier declarationRoot_ter ^ ^ member isFromExterns_ter ^ ^ ^ ^ ^ ^ ^ 
if(((declarationRoot.getType() == Token.FUNCTION) && !declarationRoot.isFromExterns())){

IfStatement condition BinaryOperation operator &&_ter ^ ^ operandl BinaryOperation operator ==_ter ^ ^ operandl MethodInvocation qualifier declarationRoot_ter ^ ^ member getType_ter ^ ^ ^ ^ operandr MemberReference qualifier Token_ter ^ ^ member FUNCTION_ter ^ ^ ^ ^ ^ ^ operandr MethodInvocation prefix_operators !_ter ^ ^ qualifier declarationRoot_ter ^ ^ member hasOneChild_ter ^ ^ ^ ^ ^ ^ ^ 
if(((declarationRoot.getType() == Token.FUNCTION) && !declarationRoot.hasOneChild())){

IfStatement condition BinaryOperation operator &&_ter ^ ^ operandl BinaryOperation operator ==_ter ^ ^ operandl MethodInvocation qualifier declarationRoot_ter ^ ^ member getType_ter ^ ^ ^ ^ operandr MemberReference qualifier Token_ter ^ ^ member FUNCTION_ter ^ ^ ^ ^ ^ ^ operandr MethodInvocation prefix_operators !_ter ^ ^ qualifier declarationRoot_ter ^ ^ member hasMoreThanOneChild_ter ^ ^ ^ ^ ^ ^ ^ 
if(((declarationRoot.getType() == Token.FUNCTION) && !declarationRoot.hasMoreThanOneChild())){

IfStatement condition BinaryOperation operator &&_ter ^ ^ operandl BinaryOperation operator ==_ter ^ ^ operandl MethodInvocation qualifier declarationRoot_ter ^ ^ member getType_ter ^ ^ ^ ^ operandr MemberReference qualifier Token_ter ^ ^ member FUNCTION_ter ^ ^ ^ ^ ^ ^ operandr MethodInvocation prefix_operators !_ter ^ ^ qualifier declarationRoot_ter ^ ^ member hasSideEffects_ter ^ ^ ^ ^ ^ ^ ^ 
if(((declarationRoot.getType() == Token.FUNCTION) && !declarationRoot.hasSideEffects())){

IfStatement condition BinaryOperation operator &&_ter ^ ^ operandl BinaryOperation operator ==_ter ^ ^ operandl MethodInvocation qualifier declarationRoot_ter ^ ^ member getType_ter ^ ^ ^ ^ operandr MemberReference qualifier Token_ter ^ ^ member FUNCTION_ter ^ ^ ^ ^ ^ ^ operandr MethodInvocation prefix_operators !_ter ^ ^ qualifier declarationRoot_ter ^ ^ member isQualifiedName_ter ^ ^ ^ ^ ^ ^ ^ 
if(((declarationRoot.getType() == Token.FUNCTION) && !declarationRoot.isQualifiedName())){

IfStatement condition BinaryOperation operator &&_ter ^ ^ operandl BinaryOperation operator ==_ter ^ ^ operandl MethodInvocation qualifier declarationRoot_ter ^ ^ member getType_ter ^ ^ ^ ^ operandr MemberReference qualifier Token_ter ^ ^ member FUNCTION_ter ^ ^ ^ ^ ^ ^ operandr MethodInvocation prefix_operators !_ter ^ ^ qualifier declarationRoot_ter ^ ^ member isUnscopedQualifiedName_ter ^ ^ ^ ^ ^ ^ ^ 
if(((declarationRoot.getType() == Token.FUNCTION) && !declarationRoot.isUnscopedQualifiedName())){

IfStatement condition BinaryOperation operator &&_ter ^ ^ operandl BinaryOperation operator ==_ter ^ ^ operandl MethodInvocation qualifier declarationRoot_ter ^ ^ member getType_ter ^ ^ ^ ^ operandr MemberReference qualifier Token_ter ^ ^ member FUNCTION_ter ^ ^ ^ ^ ^ ^ operandr MethodInvocation prefix_operators !_ter ^ ^ qualifier declarationRoot_ter ^ ^ member isVarArgs_ter ^ ^ ^ ^ ^ ^ ^ 
if(((declarationRoot.getType() == Token.FUNCTION) && !declarationRoot.isVarArgs())){

IfStatement condition BinaryOperation operator &&_ter ^ ^ operandl BinaryOperation operator ==_ter ^ ^ operandl MethodInvocation qualifier declarationRoot_ter ^ ^ member getType_ter ^ ^ ^ ^ operandr MemberReference qualifier Token_ter ^ ^ member FUNCTION_ter ^ ^ ^ ^ ^ ^ operandr MethodInvocation prefix_operators !_ter ^ ^ qualifier declarationRoot_ter ^ ^ member isOptionalArg_ter ^ ^ ^ ^ ^ ^ ^ 
if(((declarationRoot.getType() == Token.FUNCTION) && !declarationRoot.isOptionalArg())){

IfStatement condition BinaryOperation operator &&_ter ^ ^ operandl BinaryOperation operator ==_ter ^ ^ operandl MethodInvocation qualifier declarationRoot_ter ^ ^ member getType_ter ^ ^ ^ ^ operandr MemberReference qualifier Token_ter ^ ^ member FUNCTION_ter ^ ^ ^ ^ ^ ^ operandr MethodInvocation prefix_operators !_ter ^ ^ qualifier declarationRoot_ter ^ ^ member isSyntheticBlock_ter ^ ^ ^ ^ ^ ^ ^ 
if(((declarationRoot.getType() == Token.FUNCTION) && !declarationRoot.isSyntheticBlock())){

IfStatement condition BinaryOperation operator &&_ter ^ ^ operandl BinaryOperation operator ==_ter ^ ^ operandl MethodInvocation qualifier declarationRoot_ter ^ ^ member getType_ter ^ ^ ^ ^ operandr MemberReference qualifier Token_ter ^ ^ member FUNCTION_ter ^ ^ ^ ^ ^ ^ operandr MethodInvocation prefix_operators !_ter ^ ^ qualifier declarationRoot_ter ^ ^ member wasEmptyNode_ter ^ ^ ^ ^ ^ ^ ^ 
if(((declarationRoot.getType() == Token.FUNCTION) && !declarationRoot.wasEmptyNode())){

IfStatement condition BinaryOperation operator &&_ter ^ ^ operandl BinaryOperation operator ==_ter ^ ^ operandl MethodInvocation qualifier declarationRoot_ter ^ ^ member getType_ter ^ ^ ^ ^ operandr MemberReference qualifier Token_ter ^ ^ member FUNCTION_ter ^ ^ ^ ^ ^ ^ operandr MethodInvocation prefix_operators !_ter ^ ^ qualifier declarationRoot_ter ^ ^ member isOnlyModifiesThisCall_ter ^ ^ ^ ^ ^ ^ ^ 
if(((declarationRoot.getType() == Token.FUNCTION) && !declarationRoot.isOnlyModifiesThisCall())){

IfStatement condition BinaryOperation operator &&_ter ^ ^ operandl BinaryOperation operator ==_ter ^ ^ operandl MethodInvocation qualifier declarationRoot_ter ^ ^ member getType_ter ^ ^ ^ ^ operandr MemberReference qualifier Token_ter ^ ^ member FUNCTION_ter ^ ^ ^ ^ ^ ^ operandr MethodInvocation prefix_operators !_ter ^ ^ qualifier declarationRoot_ter ^ ^ member isNoSideEffectsCall_ter ^ ^ ^ ^ ^ ^ ^ 
if(((declarationRoot.getType() == Token.FUNCTION) && !declarationRoot.isNoSideEffectsCall())){

IfStatement condition BinaryOperation operator &&_ter ^ ^ operandl BinaryOperation operator ==_ter ^ ^ operandl MethodInvocation qualifier declarationRoot_ter ^ ^ member getType_ter ^ ^ ^ ^ operandr MemberReference qualifier Token_ter ^ ^ member FUNCTION_ter ^ ^ ^ ^ ^ ^ operandr MethodInvocation prefix_operators !_ter ^ ^ qualifier declarationRoot_ter ^ ^ member isLocalResultCall_ter ^ ^ ^ ^ ^ ^ ^ 
if(((declarationRoot.getType() == Token.FUNCTION) && !declarationRoot.isLocalResultCall())){

IfStatement condition BinaryOperation operator &&_ter ^ ^ operandl BinaryOperation operator ==_ter ^ ^ operandl MethodInvocation qualifier declarationRoot_ter ^ ^ member getType_ter ^ ^ ^ ^ operandr MemberReference qualifier Token_ter ^ ^ member FUNCTION_ter ^ ^ ^ ^ ^ ^ operandr MethodInvocation prefix_operators !_ter ^ ^ qualifier declarationRoot_ter ^ ^ member isQuotedString_ter ^ ^ ^ ^ ^ ^ ^ 
if(((declarationRoot.getType() == Token.FUNCTION) && !declarationRoot.isQuotedString())){

stderr: 