stdout: LocalVariableDeclaration type ReferenceType name String_ter ^ ^ ^ ^ declarators VariableDeclarator name code_ter ^ ^ initializer MethodInvocation arguments MemberReference member root_ter ^ ^ ^ MemberReference member sourceMap_ter ^ ^ ^ ^ member toSource_ter ^ ^ ^ ^ ^ ^ ^ 
arg 
arg 
String code = toSource(root, sourceMap);

LocalVariableDeclaration type ReferenceType name String_ter ^ ^ ^ ^ declarators VariableDeclarator name code_ter ^ ^ initializer MethodInvocation arguments MemberReference member root_ter ^ ^ ^ MemberReference member sourceMap_ter ^ ^ ^ ^ member toSourceArray_ter ^ ^ ^ ^ ^ ^ ^ 
arg 
arg 
String code = toSourceArray(root, sourceMap);

LocalVariableDeclaration type ReferenceType name String_ter ^ ^ ^ ^ declarators VariableDeclarator name code_ter ^ ^ initializer MethodInvocation arguments MemberReference member root_ter ^ ^ ^ MemberReference member sourceMap_ter ^ ^ ^ ^ member getAstDotGraph_ter ^ ^ ^ ^ ^ ^ ^ 
arg 
arg 
String code = getAstDotGraph(root, sourceMap);

LocalVariableDeclaration type ReferenceType name String_ter ^ ^ ^ ^ declarators VariableDeclarator name code_ter ^ ^ initializer MethodInvocation arguments MemberReference member root_ter ^ ^ ^ MemberReference member root_ter ^ ^ ^ ^ member toSource_ter ^ ^ ^ ^ ^ ^ ^ 
arg 
arg 
String code = toSource(root, root);

LocalVariableDeclaration type ReferenceType name String_ter ^ ^ ^ ^ declarators VariableDeclarator name code_ter ^ ^ initializer MethodInvocation arguments MemberReference member root_ter ^ ^ ^ ^ member toSource_ter ^ ^ ^ ^ ^ ^ ^ 
arg 
arg 
String code = toSource(root);

LocalVariableDeclaration type ReferenceType name String_ter ^ ^ ^ ^ declarators VariableDeclarator name code_ter ^ ^ initializer MethodInvocation arguments MemberReference member root_ter ^ ^ ^ MemberReference member uniqueNameId_ter ^ ^ ^ ^ member toSource_ter ^ ^ ^ ^ ^ ^ ^ 
arg 
arg 
String code = toSource(root, uniqueNameId);

StatementExpression expression MethodInvocation arguments MemberReference member root_ter ^ ^ ^ MemberReference member sourceMap_ter ^ ^ ^ ^ member toSource_ter ^ ^ ^ ^ ^ 
toSource(root, sourceMap);

LocalVariableDeclaration type ReferenceType name String_ter ^ ^ ^ ^ declarators VariableDeclarator name code_ter ^ ^ initializer MethodInvocation arguments MemberReference member sourceMap_ter ^ ^ ^ ^ member toSource_ter ^ ^ ^ ^ ^ ^ ^ 
arg 
arg 
String code = toSource(sourceMap);

LocalVariableDeclaration type ReferenceType name String_ter ^ ^ ^ ^ declarators VariableDeclarator name code_ter ^ ^ initializer MethodInvocation arguments MemberReference member sourceMap_ter ^ ^ ^ MemberReference member uniqueNameId_ter ^ ^ ^ ^ member toSource_ter ^ ^ ^ ^ ^ ^ ^ 
arg 
arg 
String code = toSource(sourceMap, uniqueNameId);

LocalVariableDeclaration type ReferenceType name String_ter ^ ^ ^ ^ declarators VariableDeclarator name code_ter ^ ^ initializer MethodInvocation arguments MemberReference member sourceMap_ter ^ ^ ^ MemberReference member root_ter ^ ^ ^ ^ member toSource_ter ^ ^ ^ ^ ^ ^ ^ 
arg 
arg 
String code = toSource(sourceMap, root);

LocalVariableDeclaration type ReferenceType name String_ter ^ ^ ^ ^ declarators VariableDeclarator name code_ter ^ ^ initializer MethodInvocation arguments MemberReference member root_ter ^ ^ ^ MemberReference member loc0 ^ ^ ^ ^ member toSource_ter ^ ^ ^ ^ ^ ^ ^ 
arg 
arg 
String code = toSource(root, );


LocalVariableDeclaration type ReferenceType name String_ter ^ ^ ^ ^ declarators VariableDeclarator name code_ter ^ ^ initializer MethodInvocation member toSource_ter ^ ^ ^ ^ ^ ^ ^ 
arg 
arg 
String code = toSource();

LocalVariableDeclaration type ReferenceType name String_ter ^ ^ ^ ^ declarators VariableDeclarator name code_ter ^ ^ initializer MethodInvocation arguments MemberReference member sourceMap_ter ^ ^ ^ MemberReference member sourceMap_ter ^ ^ ^ ^ member toSource_ter ^ ^ ^ ^ ^ ^ ^ 
arg 
arg 
String code = toSource(sourceMap, sourceMap);

LocalVariableDeclaration type ReferenceType name String_ter ^ ^ ^ ^ declarators VariableDeclarator name code_ter ^ ^ initializer MethodInvocation arguments MemberReference member loc0 ^ ^ ^ MemberReference member sourceMap_ter ^ ^ ^ ^ member toSource_ter ^ ^ ^ ^ ^ ^ ^ 
arg 
arg 
String code = toSource(, sourceMap);


LocalVariableDeclaration modifiers final_ter ^ ^ type ReferenceType name String_ter ^ ^ ^ ^ declarators VariableDeclarator name code_ter ^ ^ initializer MethodInvocation arguments MemberReference member root_ter ^ ^ ^ MemberReference member sourceMap_ter ^ ^ ^ ^ member toSource_ter ^ ^ ^ ^ ^ ^ ^ 
arg 
arg 
final String code = toSource(root, sourceMap);


LocalVariableDeclaration type ReferenceType name String_ter ^ ^ ^ ^ declarators VariableDeclarator name code_ter ^ ^ initializer MethodInvocation arguments MemberReference member root_ter ^ ^ ^ MemberReference member sourceMap_ter ^ ^ ^ ^ member setStartingPosition_ter ^ ^ ^ ^ ^ ^ ^ 
arg 
arg 
String code = setStartingPosition(root, sourceMap);

LocalVariableDeclaration type ReferenceType name String_ter ^ ^ ^ ^ declarators VariableDeclarator name code_ter ^ ^ initializer MethodInvocation arguments MemberReference member root_ter ^ ^ ^ MemberReference member e_ter ^ ^ ^ ^ member toSource_ter ^ ^ ^ ^ ^ ^ ^ 
arg 
arg 
String code = toSource(root, e);

LocalVariableDeclaration type ReferenceType name String_ter ^ ^ ^ ^ declarators VariableDeclarator name code_ter ^ ^ initializer MethodInvocation arguments MemberReference member root_ter ^ ^ ^ Literal value false_ter ^ ^ ^ ^ member toSource_ter ^ ^ ^ ^ ^ ^ ^ 
arg 
arg 
String code = toSource(root, false);

LocalVariableDeclaration type ReferenceType name String_ter ^ ^ ^ ^ declarators VariableDeclarator name code_ter ^ ^ initializer MethodInvocation arguments MemberReference member root_ter ^ ^ ^ Literal value true_ter ^ ^ ^ ^ member toSource_ter ^ ^ ^ ^ ^ ^ ^ 
arg 
arg 
String code = toSource(root, true);

ReturnStatement_ter ^ 
if (true) { return;
 }

LocalVariableDeclaration type ReferenceType name String_ter ^ ^ ^ ^ declarators VariableDeclarator name code_ter ^ ^ initializer MethodInvocation arguments MemberReference member sourceMap_ter ^ ^ ^ Literal value false_ter ^ ^ ^ ^ member toSource_ter ^ ^ ^ ^ ^ ^ ^ 
arg 
arg 
String code = toSource(sourceMap, false);

LocalVariableDeclaration type ReferenceType name String_ter ^ ^ ^ ^ declarators VariableDeclarator name code_ter ^ ^ initializer MethodInvocation arguments MemberReference member root_ter ^ ^ ^ MemberReference member sourceMap_ter ^ ^ ^ ^ member call_ter ^ ^ ^ ^ ^ ^ ^ 
arg 
arg 
String code = call(root, sourceMap);

LocalVariableDeclaration type ReferenceType name String_ter ^ ^ ^ ^ declarators VariableDeclarator name code_ter ^ ^ initializer MethodInvocation arguments MemberReference member sourceMap_ter ^ ^ ^ Literal value true_ter ^ ^ ^ ^ member toSource_ter ^ ^ ^ ^ ^ ^ ^ 
arg 
arg 
String code = toSource(sourceMap, true);

LocalVariableDeclaration type ReferenceType name String_ter ^ ^ ^ ^ declarators VariableDeclarator name code_ter ^ ^ initializer MethodInvocation arguments MemberReference member e_ter ^ ^ ^ MemberReference member sourceMap_ter ^ ^ ^ ^ member toSource_ter ^ ^ ^ ^ ^ ^ ^ 
arg 
arg 
String code = toSource(e, sourceMap);

LocalVariableDeclaration type ReferenceType name String_ter ^ ^ ^ ^ declarators VariableDeclarator name code_ter ^ ^ initializer MethodInvocation arguments MemberReference member root_ter ^ ^ ^ MemberReference member length_ter ^ ^ ^ ^ member toSource_ter ^ ^ ^ ^ ^ ^ ^ 
arg 
arg 
String code = toSource(root, length);

LocalVariableDeclaration type ReferenceType name String_ter ^ ^ ^ ^ declarators VariableDeclarator name code_ter ^ ^ initializer MethodInvocation arguments MemberReference member root_ter ^ ^ ^ MemberReference member sourceMapOutputPath_ter ^ ^ ^ ^ member toSource_ter ^ ^ ^ ^ ^ ^ ^ 
arg 
arg 
String code = toSource(root, sourceMapOutputPath);

LocalVariableDeclaration type ReferenceType name String_ter ^ ^ ^ ^ declarators VariableDeclarator name code_ter ^ ^ initializer MethodInvocation arguments MemberReference member root_ter ^ ^ ^ MemberReference member lastChar_ter ^ ^ ^ ^ member toSource_ter ^ ^ ^ ^ ^ ^ ^ 
arg 
arg 
String code = toSource(root, lastChar);

LocalVariableDeclaration type ReferenceType name String_ter ^ ^ ^ ^ declarators VariableDeclarator name code_ter ^ ^ initializer MethodInvocation arguments MemberReference member length_ter ^ ^ ^ MemberReference member sourceMap_ter ^ ^ ^ ^ member toSource_ter ^ ^ ^ ^ ^ ^ ^ 
arg 
arg 
String code = toSource(length, sourceMap);

LocalVariableDeclaration type ReferenceType name String_ter ^ ^ ^ ^ declarators VariableDeclarator name code_ter ^ ^ initializer MethodInvocation arguments MemberReference member sourceMapOutputPath_ter ^ ^ ^ MemberReference member sourceMap_ter ^ ^ ^ ^ member toSource_ter ^ ^ ^ ^ ^ ^ ^ 
arg 
arg 
String code = toSource(sourceMapOutputPath, sourceMap);

LocalVariableDeclaration type ReferenceType name String_ter ^ ^ ^ ^ declarators VariableDeclarator name code_ter ^ ^ initializer MethodInvocation arguments MemberReference member root_ter ^ ^ ^ MemberReference member root_ter ^ ^ ^ MemberReference member externsRoot_ter ^ ^ ^ ^ member toSource_ter ^ ^ ^ ^ ^ ^ ^ 
arg 
arg 
String code = toSource(root, root, externsRoot);

LocalVariableDeclaration type ReferenceType name String_ter ^ ^ ^ ^ declarators VariableDeclarator name code_ter ^ ^ initializer MethodInvocation arguments MemberReference member root_ter ^ ^ ^ MemberReference member root_ter ^ ^ ^ MemberReference member jsRoot_ter ^ ^ ^ ^ member toSource_ter ^ ^ ^ ^ ^ ^ ^ 
arg 
arg 
String code = toSource(root, root, jsRoot);

LocalVariableDeclaration type ReferenceType name String_ter ^ ^ ^ ^ declarators VariableDeclarator name code_ter ^ ^ initializer MethodInvocation arguments MemberReference member root_ter ^ ^ ^ MemberReference member root_ter ^ ^ ^ MemberReference member externAndJsRoot_ter ^ ^ ^ ^ member toSource_ter ^ ^ ^ ^ ^ ^ ^ 
arg 
arg 
String code = toSource(root, root, externAndJsRoot);

LocalVariableDeclaration type ReferenceType name String_ter ^ ^ ^ ^ declarators VariableDeclarator name code_ter ^ ^ initializer MethodInvocation arguments MemberReference member root_ter ^ ^ ^ Literal value null_ter ^ ^ ^ ^ member toSource_ter ^ ^ ^ ^ ^ ^ ^ 
arg 
arg 
String code = toSource(root, null);

LocalVariableDeclaration type ReferenceType name String_ter ^ ^ ^ ^ declarators VariableDeclarator name code_ter ^ ^ initializer MethodInvocation arguments MemberReference member lastChar_ter ^ ^ ^ MemberReference member sourceMap_ter ^ ^ ^ ^ member toSource_ter ^ ^ ^ ^ ^ ^ ^ 
arg 
arg 
String code = toSource(lastChar, sourceMap);

LocalVariableDeclaration type ReferenceType name String_ter ^ ^ ^ ^ declarators VariableDeclarator name code_ter ^ ^ initializer MethodInvocation arguments MemberReference member root_ter ^ ^ ^ MemberReference member sourceMap_ter ^ ^ ^ ^ member charAt_ter ^ ^ ^ ^ ^ ^ ^ 
arg 
arg 
String code = charAt(root, sourceMap);

LocalVariableDeclaration type ReferenceType name String_ter ^ ^ ^ ^ declarators VariableDeclarator name code_ter ^ ^ initializer MethodInvocation arguments MemberReference member secondLastChar_ter ^ ^ ^ MemberReference member sourceMap_ter ^ ^ ^ ^ member toSource_ter ^ ^ ^ ^ ^ ^ ^ 
arg 
arg 
String code = toSource(secondLastChar, sourceMap);

LocalVariableDeclaration type ReferenceType name String_ter ^ ^ ^ ^ declarators VariableDeclarator name code_ter ^ ^ initializer MethodInvocation arguments MemberReference member sourceMap_ter ^ ^ ^ Literal value null_ter ^ ^ ^ ^ member toSource_ter ^ ^ ^ ^ ^ ^ ^ 
arg 
arg 
String code = toSource(sourceMap, null);

LocalVariableDeclaration type ReferenceType name String_ter ^ ^ ^ ^ declarators VariableDeclarator name code_ter ^ ^ initializer MethodInvocation arguments MemberReference member sourceMap_ter ^ ^ ^ MemberReference member root_ter ^ ^ ^ MemberReference member externsRoot_ter ^ ^ ^ ^ member toSource_ter ^ ^ ^ ^ ^ ^ ^ 
arg 
arg 
String code = toSource(sourceMap, root, externsRoot);

LocalVariableDeclaration type ReferenceType name String_ter ^ ^ ^ ^ declarators VariableDeclarator name code_ter ^ ^ initializer MethodInvocation arguments MemberReference member sourceMap_ter ^ ^ ^ MemberReference member root_ter ^ ^ ^ MemberReference member jsRoot_ter ^ ^ ^ ^ member toSource_ter ^ ^ ^ ^ ^ ^ ^ 
arg 
arg 
String code = toSource(sourceMap, root, jsRoot);

LocalVariableDeclaration type ReferenceType name String_ter ^ ^ ^ ^ declarators VariableDeclarator name code_ter ^ ^ initializer MethodInvocation arguments MemberReference member sourceMap_ter ^ ^ ^ MemberReference member root_ter ^ ^ ^ MemberReference member externAndJsRoot_ter ^ ^ ^ ^ member toSource_ter ^ ^ ^ ^ ^ ^ ^ 
arg 
arg 
String code = toSource(sourceMap, root, externAndJsRoot);

LocalVariableDeclaration type ReferenceType name String_ter ^ ^ ^ ^ declarators VariableDeclarator name code_ter ^ ^ initializer MethodInvocation arguments MemberReference member root_ter ^ ^ ^ MemberReference member sourceMap_ter ^ ^ ^ MemberReference member externsRoot_ter ^ ^ ^ ^ member toSource_ter ^ ^ ^ ^ ^ ^ ^ 
arg 
arg 
String code = toSource(root, sourceMap, externsRoot);

LocalVariableDeclaration type ReferenceType name String_ter ^ ^ ^ ^ declarators VariableDeclarator name code_ter ^ ^ initializer MethodInvocation arguments MemberReference member root_ter ^ ^ ^ MemberReference member sourceMap_ter ^ ^ ^ MemberReference member jsRoot_ter ^ ^ ^ ^ member toSource_ter ^ ^ ^ ^ ^ ^ ^ 
arg 
arg 
String code = toSource(root, sourceMap, jsRoot);

LocalVariableDeclaration type ReferenceType name String_ter ^ ^ ^ ^ declarators VariableDeclarator name code_ter ^ ^ initializer MethodInvocation arguments MemberReference member root_ter ^ ^ ^ MemberReference member sourceMap_ter ^ ^ ^ MemberReference member externAndJsRoot_ter ^ ^ ^ ^ member toSource_ter ^ ^ ^ ^ ^ ^ ^ 
arg 
arg 
String code = toSource(root, sourceMap, externAndJsRoot);

LocalVariableDeclaration type ReferenceType name String_ter ^ ^ ^ ^ declarators VariableDeclarator name code_ter ^ ^ initializer MethodInvocation arguments MemberReference member root_ter ^ ^ ^ MemberReference member sourceMap_ter ^ ^ ^ ^ member e_ter ^ ^ ^ ^ ^ ^ ^ 
arg 
arg 
String code = e(root, sourceMap);

LocalVariableDeclaration type ReferenceType name String_ter ^ ^ ^ ^ declarators VariableDeclarator name code_ter ^ ^ initializer MethodInvocation arguments MemberReference member sourceMap_ter ^ ^ ^ MemberReference member sourceMap_ter ^ ^ ^ MemberReference member externsRoot_ter ^ ^ ^ ^ member toSource_ter ^ ^ ^ ^ ^ ^ ^ 
arg 
arg 
String code = toSource(sourceMap, sourceMap, externsRoot);

LocalVariableDeclaration type ReferenceType name String_ter ^ ^ ^ ^ declarators VariableDeclarator name code_ter ^ ^ initializer MethodInvocation arguments MemberReference member sourceMap_ter ^ ^ ^ MemberReference member sourceMap_ter ^ ^ ^ MemberReference member jsRoot_ter ^ ^ ^ ^ member toSource_ter ^ ^ ^ ^ ^ ^ ^ 
arg 
arg 
String code = toSource(sourceMap, sourceMap, jsRoot);

LocalVariableDeclaration type ReferenceType name String_ter ^ ^ ^ ^ declarators VariableDeclarator name code_ter ^ ^ initializer MethodInvocation arguments MemberReference member sourceMap_ter ^ ^ ^ MemberReference member sourceMap_ter ^ ^ ^ MemberReference member externAndJsRoot_ter ^ ^ ^ ^ member toSource_ter ^ ^ ^ ^ ^ ^ ^ 
arg 
arg 
String code = toSource(sourceMap, sourceMap, externAndJsRoot);

LocalVariableDeclaration type ReferenceType name String_ter ^ ^ ^ ^ declarators VariableDeclarator name code_ter ^ ^ initializer MethodInvocation arguments MemberReference member root_ter ^ ^ ^ MemberReference member root_ter ^ ^ ^ MemberReference member root_ter ^ ^ ^ ^ member toSource_ter ^ ^ ^ ^ ^ ^ ^ 
arg 
arg 
String code = toSource(root, root, root);

StatementExpression expression MethodInvocation member initBasedOnOptions_ter ^ ^ ^ ^ ^ 
initBasedOnOptions();

StatementExpression expression MethodInvocation member rebuildInputsFromModules_ter ^ ^ ^ ^ ^ 
rebuildInputsFromModules();

StatementExpression expression MethodInvocation member initInputsByNameMap_ter ^ ^ ^ ^ ^ 
initInputsByNameMap();

StatementExpression expression MethodInvocation member disableThreads_ter ^ ^ ^ ^ ^ 
disableThreads();

StatementExpression expression MethodInvocation member compileInternal_ter ^ ^ ^ ^ ^ 
compileInternal();

StatementExpression expression MethodInvocation member parse_ter ^ ^ ^ ^ ^ 
parse();

StatementExpression expression MethodInvocation member check_ter ^ ^ ^ ^ ^ 
check();

StatementExpression expression MethodInvocation member externExports_ter ^ ^ ^ ^ ^ 
externExports();

StatementExpression expression MethodInvocation member maybeSanityCheck_ter ^ ^ ^ ^ ^ 
maybeSanityCheck();

StatementExpression expression MethodInvocation member runSanityCheck_ter ^ ^ ^ ^ ^ 
runSanityCheck();

StatementExpression expression MethodInvocation member removeTryCatchFinally_ter ^ ^ ^ ^ ^ 
removeTryCatchFinally();

StatementExpression expression MethodInvocation member endPass_ter ^ ^ ^ ^ ^ 
endPass();

StatementExpression expression MethodInvocation member resetUniqueNameId_ter ^ ^ ^ ^ ^ 
resetUniqueNameId();

StatementExpression expression MethodInvocation member initCompilerOptionsIfTesting_ter ^ ^ ^ ^ ^ 
initCompilerOptionsIfTesting();

StatementExpression expression MethodInvocation member optimize_ter ^ ^ ^ ^ ^ 
optimize();

StatementExpression expression MethodInvocation member processDefines_ter ^ ^ ^ ^ ^ 
processDefines();

StatementExpression expression MethodInvocation member normalize_ter ^ ^ ^ ^ ^ 
normalize();

StatementExpression expression MethodInvocation member recordFunctionInformation_ter ^ ^ ^ ^ ^ 
recordFunctionInformation();

StatementExpression expression MethodInvocation member reportCodeChange_ter ^ ^ ^ ^ ^ 
reportCodeChange();

LocalVariableDeclaration type ReferenceType name String_ter ^ ^ ^ ^ declarators VariableDeclarator name code_ter ^ ^ ^ ^ ^ 
arg 
arg 
String code = ;


LocalVariableDeclaration type ReferenceType name String_ter ^ ^ ^ ^ declarators ^ ^ 
arg 
arg 
String ;

LocalVariableDeclaration type ReferenceType name String_ter ^ ^ ^ ^ declarators VariableDeclarator name code_ter ^ ^ initializer MethodInvocation arguments MemberReference member root_ter ^ ^ ^ MemberReference member root_ter ^ ^ ^ Literal value false_ter ^ ^ ^ ^ member toSource_ter ^ ^ ^ ^ ^ ^ ^ 
arg 
arg 
String code = toSource(root, root, false);

LocalVariableDeclaration type ReferenceType name String_ter ^ ^ ^ ^ declarators VariableDeclarator name code_ter ^ ^ initializer MethodInvocation arguments MemberReference member root_ter ^ ^ ^ MemberReference member root_ter ^ ^ ^ Literal value true_ter ^ ^ ^ ^ member toSource_ter ^ ^ ^ ^ ^ ^ ^ 
arg 
arg 
String code = toSource(root, root, true);

LocalVariableDeclaration type ReferenceType name String_ter ^ ^ ^ ^ declarators VariableDeclarator name code_ter ^ ^ initializer MethodInvocation arguments MemberReference member sourceMap_ter ^ ^ ^ MemberReference member root_ter ^ ^ ^ MemberReference member root_ter ^ ^ ^ ^ member toSource_ter ^ ^ ^ ^ ^ ^ ^ 
arg 
arg 
String code = toSource(sourceMap, root, root);

LocalVariableDeclaration type ReferenceType name String_ter ^ ^ ^ ^ declarators VariableDeclarator name code_ter ^ ^ initializer MethodInvocation arguments MemberReference member root_ter ^ ^ ^ MemberReference member root_ter ^ ^ ^ MemberReference member sourceMap_ter ^ ^ ^ ^ member toSource_ter ^ ^ ^ ^ ^ ^ ^ 
arg 
arg 
String code = toSource(root, root, sourceMap);

LocalVariableDeclaration type ReferenceType name String_ter ^ ^ ^ ^ declarators VariableDeclarator name code_ter ^ ^ initializer MethodInvocation arguments MemberReference member sourceMap_ter ^ ^ ^ MemberReference member root_ter ^ ^ ^ Literal value false_ter ^ ^ ^ ^ member toSource_ter ^ ^ ^ ^ ^ ^ ^ 
arg 
arg 
String code = toSource(sourceMap, root, false);

LocalVariableDeclaration type ReferenceType name String_ter ^ ^ ^ ^ declarators VariableDeclarator name code_ter ^ ^ initializer MethodInvocation arguments MemberReference member sourceMap_ter ^ ^ ^ MemberReference member root_ter ^ ^ ^ Literal value true_ter ^ ^ ^ ^ member toSource_ter ^ ^ ^ ^ ^ ^ ^ 
arg 
arg 
String code = toSource(sourceMap, root, true);

LocalVariableDeclaration type ReferenceType name String_ter ^ ^ ^ ^ declarators VariableDeclarator name code_ter ^ ^ initializer MethodInvocation arguments MemberReference member root_ter ^ ^ ^ MemberReference member sourceMap_ter ^ ^ ^ MemberReference member root_ter ^ ^ ^ ^ member toSource_ter ^ ^ ^ ^ ^ ^ ^ 
arg 
arg 
String code = toSource(root, sourceMap, root);

ReturnStatement expression MethodInvocation arguments MemberReference member n_ter ^ ^ ^ Literal value null_ter ^ ^ ^ ^ member toSource_ter ^ ^ ^ ^ ^ 
return toSource(n, null);
ReturnStatement expression MethodInvocation arguments MemberReference member n_ter ^ ^ ^ Literal value null_ter ^ ^ ^ ^ member toSourceArray_ter ^ ^ ^ ^ ^ 
return toSourceArray(n, null);
ReturnStatement expression MethodInvocation arguments MemberReference member n_ter ^ ^ ^ Literal value null_ter ^ ^ ^ ^ member getAstDotGraph_ter ^ ^ ^ ^ ^ 
return getAstDotGraph(n, null);
ReturnStatement expression MethodInvocation arguments MemberReference member n_ter ^ ^ ^ Literal value <string>_ter ^ ^ ^ ^ member toSource_ter ^ ^ ^ ^ ^ 
return toSource(n, "null");
ReturnStatement expression MethodInvocation arguments MemberReference member n_ter ^ ^ ^ ^ member toSource_ter ^ ^ ^ ^ ^ 
return toSource(n);
ReturnStatement expression MemberReference member n_ter ^ ^ ^ ^ ^ 
return n;
ReturnStatement expression MethodInvocation arguments MemberReference member n_ter ^ ^ ^ Literal value null_ter ^ ^ ^ Literal value null_ter ^ ^ ^ ^ member toSource_ter ^ ^ ^ ^ ^ 
return toSource(n, null, null);
StatementExpression expression MethodInvocation member initBasedOnOptions_ter ^ ^ ^ ^ ^ 
initBasedOnOptions();

StatementExpression expression MethodInvocation member rebuildInputsFromModules_ter ^ ^ ^ ^ ^ 
rebuildInputsFromModules();

StatementExpression expression MethodInvocation member initInputsByNameMap_ter ^ ^ ^ ^ ^ 
initInputsByNameMap();

StatementExpression expression MethodInvocation member disableThreads_ter ^ ^ ^ ^ ^ 
disableThreads();

StatementExpression expression MethodInvocation member compileInternal_ter ^ ^ ^ ^ ^ 
compileInternal();

StatementExpression expression MethodInvocation member parse_ter ^ ^ ^ ^ ^ 
parse();

StatementExpression expression MethodInvocation member check_ter ^ ^ ^ ^ ^ 
check();

StatementExpression expression MethodInvocation member externExports_ter ^ ^ ^ ^ ^ 
externExports();

StatementExpression expression MethodInvocation member maybeSanityCheck_ter ^ ^ ^ ^ ^ 
maybeSanityCheck();

StatementExpression expression MethodInvocation member runSanityCheck_ter ^ ^ ^ ^ ^ 
runSanityCheck();

StatementExpression expression MethodInvocation member removeTryCatchFinally_ter ^ ^ ^ ^ ^ 
removeTryCatchFinally();

StatementExpression expression MethodInvocation member endPass_ter ^ ^ ^ ^ ^ 
endPass();

StatementExpression expression MethodInvocation member resetUniqueNameId_ter ^ ^ ^ ^ ^ 
resetUniqueNameId();

StatementExpression expression MethodInvocation member initCompilerOptionsIfTesting_ter ^ ^ ^ ^ ^ 
initCompilerOptionsIfTesting();

StatementExpression expression MethodInvocation member optimize_ter ^ ^ ^ ^ ^ 
optimize();

StatementExpression expression MethodInvocation member processDefines_ter ^ ^ ^ ^ ^ 
processDefines();

StatementExpression expression MethodInvocation member normalize_ter ^ ^ ^ ^ ^ 
normalize();

StatementExpression expression MethodInvocation member recordFunctionInformation_ter ^ ^ ^ ^ ^ 
recordFunctionInformation();

StatementExpression expression MethodInvocation member reportCodeChange_ter ^ ^ ^ ^ ^ 
reportCodeChange();

ReturnStatement expression MethodInvocation arguments MemberReference member n_ter ^ ^ ^ MemberReference member uniqueNameId_ter ^ ^ ^ ^ member toSource_ter ^ ^ ^ ^ ^ 
return toSource(n, uniqueNameId);
ReturnStatement expression MethodInvocation arguments Literal value null_ter ^ ^ ^ MemberReference member n_ter ^ ^ ^ ^ member toSource_ter ^ ^ ^ ^ ^ 
return toSource(null, n);
ReturnStatement expression Cast type ReferenceType name String_ter ^ ^ ^ ^ expression MethodInvocation arguments MemberReference member n_ter ^ ^ ^ Literal value null_ter ^ ^ ^ ^ member toSource_ter ^ ^ ^ ^ ^ ^ ^ 
arg 
arg 
return (String)toSource(n, null);
ReturnStatement expression MethodInvocation arguments Literal value null_ter ^ ^ ^ Literal value null_ter ^ ^ ^ Literal value null_ter ^ ^ ^ ^ member toSource_ter ^ ^ ^ ^ ^ 
return toSource(null, null, null);
ReturnStatement expression MethodInvocation arguments Literal value null_ter ^ ^ ^ MemberReference member n_ter ^ ^ ^ Literal value null_ter ^ ^ ^ ^ member toSource_ter ^ ^ ^ ^ ^ 
return toSource(null, n, null);
ReturnStatement expression MethodInvocation arguments MemberReference member n_ter ^ ^ ^ Literal value null_ter ^ ^ ^ MemberReference member externsRoot_ter ^ ^ ^ ^ member toSource_ter ^ ^ ^ ^ ^ 
return toSource(n, null, externsRoot);
ReturnStatement expression MethodInvocation arguments MemberReference member n_ter ^ ^ ^ Literal value null_ter ^ ^ ^ MemberReference member jsRoot_ter ^ ^ ^ ^ member toSource_ter ^ ^ ^ ^ ^ 
return toSource(n, null, jsRoot);
ReturnStatement expression MethodInvocation arguments MemberReference member n_ter ^ ^ ^ Literal value null_ter ^ ^ ^ MemberReference member externAndJsRoot_ter ^ ^ ^ ^ member toSource_ter ^ ^ ^ ^ ^ 
return toSource(n, null, externAndJsRoot);
ReturnStatement expression MethodInvocation member toSource_ter ^ ^ ^ ^ ^ 
return toSource();
ReturnStatement expression MethodInvocation arguments Literal value null_ter ^ ^ ^ ^ member toSource_ter ^ ^ ^ ^ ^ 
return toSource(null);
ReturnStatement expression MethodInvocation arguments Literal value null_ter ^ ^ ^ Literal value null_ter ^ ^ ^ MemberReference member n_ter ^ ^ ^ ^ member toSource_ter ^ ^ ^ ^ ^ 
return toSource(null, null, n);
ReturnStatement expression MethodInvocation arguments MemberReference member n_ter ^ ^ ^ MemberReference member uniqueNameId_ter ^ ^ ^ Literal value null_ter ^ ^ ^ ^ member toSource_ter ^ ^ ^ ^ ^ 
return toSource(n, uniqueNameId, null);
ReturnStatement expression MethodInvocation arguments MemberReference member n_ter ^ ^ ^ ^ member prepareAst_ter ^ ^ ^ ^ ^ 
return prepareAst(n);
ReturnStatement expression Cast type ReferenceType name Node_ter ^ ^ ^ ^ expression MethodInvocation arguments MemberReference member n_ter ^ ^ ^ Literal value null_ter ^ ^ ^ ^ member toSource_ter ^ ^ ^ ^ ^ ^ ^ 
arg 
arg 
return (Node)toSource(n, null);
ReturnStatement expression MethodInvocation arguments Literal value null_ter ^ ^ ^ Literal value null_ter ^ ^ ^ ^ member toSource_ter ^ ^ ^ ^ ^ 
return toSource(null, null);
ReturnStatement expression MethodInvocation qualifier n_ter ^ ^ member toSource_ter ^ ^ ^ ^ ^ 
return n.toSource();
ReturnStatement expression MethodInvocation arguments MemberReference member n_ter ^ ^ ^ Literal value null_ter ^ ^ ^ ^ member initCompilerOptionsIfTesting_ter ^ ^ ^ ^ ^ 
return initCompilerOptionsIfTesting(n, null);
StatementExpression expression MethodInvocation qualifier n_ter ^ ^ member detachChildren_ter ^ ^ ^ ^ ^ 
n.detachChildren();

StatementExpression expression MethodInvocation qualifier n_ter ^ ^ member setQuotedString_ter ^ ^ ^ ^ ^ 
n.setQuotedString();

ReturnStatement expression MethodInvocation arguments MemberReference member n_ter ^ ^ ^ MemberReference member n_ter ^ ^ ^ ^ member toSource_ter ^ ^ ^ ^ ^ 
return toSource(n, n);
ReturnStatement expression MethodInvocation arguments MemberReference member n_ter ^ ^ ^ Literal value null_ter ^ ^ ^ Literal value <string>_ter ^ ^ ^ ^ member toSource_ter ^ ^ ^ ^ ^ 
return toSource(n, null, "null");
ReturnStatement expression MethodInvocation arguments MemberReference member n_ter ^ ^ ^ Literal value true_ter ^ ^ ^ ^ member toSource_ter ^ ^ ^ ^ ^ 
return toSource(n, true);
ReturnStatement expression MethodInvocation arguments MemberReference member n_ter ^ ^ ^ Literal value false_ter ^ ^ ^ ^ member toSource_ter ^ ^ ^ ^ ^ 
return toSource(n, false);
ReturnStatement expression MethodInvocation arguments MemberReference member n_ter ^ ^ ^ Literal value <string>_ter ^ ^ ^ Literal value null_ter ^ ^ ^ ^ member toSource_ter ^ ^ ^ ^ ^ 
return toSource(n, "null", null);
ReturnStatement expression MethodInvocation arguments MemberReference member n_ter ^ ^ ^ Literal value null_ter ^ ^ ^ Literal value null_ter ^ ^ ^ Literal value null_ter ^ ^ ^ ^ member toSource_ter ^ ^ ^ ^ ^ 
return toSource(n, null, null, null);
ReturnStatement expression This selectors MemberReference member n_ter ^ ^ ^ ^ ^ ^ ^ 
return this.n;
ReturnStatement expression MethodInvocation arguments Literal value <string>_ter ^ ^ ^ MemberReference member n_ter ^ ^ ^ ^ member toSource_ter ^ ^ ^ ^ ^ 
return toSource("null", n);
ReturnStatement expression Literal value null_ter ^ ^ ^ ^ ^ 
return null;
ReturnStatement expression MethodInvocation arguments Literal value null_ter ^ ^ ^ MemberReference member n_ter ^ ^ ^ MemberReference member externsRoot_ter ^ ^ ^ ^ member toSource_ter ^ ^ ^ ^ ^ 
return toSource(null, n, externsRoot);
ReturnStatement expression MethodInvocation arguments Literal value null_ter ^ ^ ^ MemberReference member n_ter ^ ^ ^ MemberReference member jsRoot_ter ^ ^ ^ ^ member toSource_ter ^ ^ ^ ^ ^ 
return toSource(null, n, jsRoot);
ReturnStatement expression MethodInvocation arguments Literal value null_ter ^ ^ ^ MemberReference member n_ter ^ ^ ^ MemberReference member externAndJsRoot_ter ^ ^ ^ ^ member toSource_ter ^ ^ ^ ^ ^ 
return toSource(null, n, externAndJsRoot);
ReturnStatement expression MethodInvocation arguments Literal value <string>_ter ^ ^ ^ Literal value null_ter ^ ^ ^ Literal value null_ter ^ ^ ^ ^ member toSource_ter ^ ^ ^ ^ ^ 
return toSource("null", null, null);
ReturnStatement expression MethodInvocation arguments MemberReference member n_ter ^ ^ ^ Literal value null_ter ^ ^ ^ ^ member add_ter ^ ^ ^ ^ ^ 
return add(n, null);
ReturnStatement expression MethodInvocation arguments Literal value null_ter ^ ^ ^ Literal value null_ter ^ ^ ^ Literal value null_ter ^ ^ ^ Literal value null_ter ^ ^ ^ ^ member toSource_ter ^ ^ ^ ^ ^ 
return toSource(null, null, null, null);
ReturnStatement expression MethodInvocation arguments Literal value <string>_ter ^ ^ ^ MemberReference member n_ter ^ ^ ^ Literal value null_ter ^ ^ ^ ^ member toSource_ter ^ ^ ^ ^ ^ 
return toSource("null", n, null);
ReturnStatement expression MethodInvocation arguments MemberReference member n_ter ^ ^ ^ Literal value null_ter ^ ^ ^ ^ member debug_ter ^ ^ ^ ^ ^ 
return debug(n, null);
ReturnStatement expression MethodInvocation qualifier n_ter ^ ^ arguments Literal value null_ter ^ ^ ^ Literal value null_ter ^ ^ ^ ^ member toSource_ter ^ ^ ^ ^ ^ 
return n.toSource(null, null);
ReturnStatement expression MethodInvocation arguments MemberReference member n_ter ^ ^ ^ Literal value null_ter ^ ^ ^ Literal value true_ter ^ ^ ^ ^ member toSource_ter ^ ^ ^ ^ ^ 
return toSource(n, null, true);
ReturnStatement expression SuperMethodInvocation member toSource_ter ^ ^ ^ ^ ^ 
return super.toSource();
ReturnStatement expression MethodInvocation qualifier n_ter ^ ^ arguments MemberReference member n_ter ^ ^ ^ Literal value null_ter ^ ^ ^ ^ member toSource_ter ^ ^ ^ ^ ^ 
return n.toSource(n, null);
ReturnStatement expression Literal value null_ter ^ ^ ^ ^ ^ 
if (true) { return null; }

ReturnStatement expression MethodInvocation arguments Literal value <string>_ter ^ ^ ^ ^ member toSource_ter ^ ^ ^ ^ ^ 
return toSource("null");
stderr: 