stdout: ReturnStatement expression MemberReference member I_ter ^ ^ ^ ^ ^ 
return I;
ReturnStatement expression MemberReference member NaN_ter ^ ^ ^ ^ ^ 
return NaN;
ReturnStatement expression MemberReference member INF_ter ^ ^ ^ ^ ^ 
return INF;
ReturnStatement expression MemberReference member ONE_ter ^ ^ ^ ^ ^ 
return ONE;
ReturnStatement expression MemberReference member ZERO_ter ^ ^ ^ ^ ^ 
return ZERO;
ReturnStatement expression MemberReference member isNaN_ter ^ ^ ^ ^ ^ 
return isNaN;
ReturnStatement expression MemberReference member isInfinite_ter ^ ^ ^ ^ ^ 
return isInfinite;
ReturnStatement expression MemberReference member imaginary_ter ^ ^ ^ ^ ^ 
return imaginary;
ReturnStatement expression MemberReference member scale_ter ^ ^ ^ ^ ^ 
return scale;
ReturnStatement expression MemberReference prefix_operators -_ter ^ ^ member NaN_ter ^ ^ ^ ^ ^ 
return -NaN;
ReturnStatement expression Literal value null_ter ^ ^ ^ ^ ^ 
return null;
ReturnStatement expression MemberReference member ZERO_ter ^ ^ ^ ^ ^ 
if (true) { return ZERO; }


ReturnStatement expression MethodInvocation arguments BinaryOperation operator *_ter ^ ^ operandl MemberReference member scale_ter ^ ^ ^ ^ operandr MemberReference member q_ter ^ ^ ^ ^ ^ MemberReference prefix_operators -_ter ^ ^ member scale_ter ^ ^ ^ ^ member createComplex_ter ^ ^ ^ ^ ^ 
return createComplex((scale * q), -scale);
ReturnStatement expression MemberReference prefix_operators !_ter ^ ^ member NaN_ter ^ ^ ^ ^ ^ 
return !NaN;
ReturnStatement expression MethodInvocation arguments MemberReference member scale_ter ^ ^ ^ BinaryOperation operator *_ter ^ ^ operandl MemberReference prefix_operators -_ter ^ ^ member scale_ter ^ ^ ^ ^ operandr MemberReference member q_ter ^ ^ ^ ^ ^ ^ member createComplex_ter ^ ^ ^ ^ ^ 
return createComplex(scale, (-scale * q));
ReturnStatement expression This selectors MemberReference member NaN_ter ^ ^ ^ ^ ^ ^ ^ 
return this.NaN;
ReturnStatement expression MemberReference member q_ter ^ ^ ^ ^ ^ 
return q;
ReturnStatement expression MemberReference member NaN_ter ^ ^ ^ ^ ^ 
if (true) { return NaN; }

ReturnStatement expression Cast type ReferenceType name Complex_ter ^ ^ ^ ^ expression MemberReference member NaN_ter ^ ^ ^ ^ ^ ^ ^ 
arg 
arg 
return (Complex)NaN;
ReturnStatement expression Literal value null_ter ^ ^ ^ ^ ^ 
if (true) { return null; }

ReturnStatement expression MethodInvocation qualifier FastMath_ter ^ ^ arguments MemberReference member imaginary_ter ^ ^ ^ ^ member abs_ter ^ ^ ^ ^ ^ 
return FastMath.abs(imaginary);
ReturnStatement expression MemberReference postfix_operators ++_ter ^ ^ member NaN_ter ^ ^ ^ ^ ^ 
return NaN++;
ReturnStatement expression MethodInvocation arguments MemberReference member scale_ter ^ ^ ^ BinaryOperation operator *_ter ^ ^ operandl MemberReference prefix_operators -_ter ^ ^ member scale_ter ^ ^ ^ ^ operandr MemberReference member q_ter ^ ^ ^ ^ ^ ^ member createComplex_ter ^ ^ ^ ^ ^ 
if (true) { return createComplex(scale, (-scale * q)); }

ReturnStatement expression MemberReference member real_ter ^ ^ ^ ^ ^ 
return real;
ReturnStatement expression MethodInvocation arguments BinaryOperation operator *_ter ^ ^ operandl MemberReference member scale_ter ^ ^ ^ ^ operandr MemberReference member q_ter ^ ^ ^ ^ ^ MemberReference prefix_operators -_ter ^ ^ member scale_ter ^ ^ ^ ^ member createComplex_ter ^ ^ ^ ^ ^ 
if (true) { return createComplex((scale * q), -scale); }

ReturnStatement expression BinaryOperation operator +_ter ^ ^ operandl MemberReference member NaN_ter ^ ^ ^ ^ operandr MemberReference member NaN_ter ^ ^ ^ ^ ^ ^ ^ 
return (NaN + NaN);
BreakStatement_ter ^ 
break;

ReturnStatement_ter ^ 
if (true) { return;
 }

ContinueStatement_ter ^ 
continue;

stderr: 