stdout: 
StatementExpression expression Assignment expressionl MemberReference member targetY_ter ^ ^ ^ ^ value BinaryOperation operator *_ter ^ ^ operandl MemberReference prefix_operators -_ter ^ ^ member REDUCTION_FACTOR_ter ^ ^ ^ ^ operandr MemberReference member agingA_ter ^ ^ ^ ^ ^ ^ type =_ter ^ ^ ^ ^ ^ 
targetY = (-REDUCTION_FACTOR * agingA);

StatementExpression expression Assignment expressionl MemberReference member targetY_ter ^ ^ ^ ^ value BinaryOperation operator *_ter ^ ^ operandl MemberReference prefix_operators -_ter ^ ^ member REDUCTION_FACTOR_ter ^ ^ ^ ^ operandr MemberReference member agingB_ter ^ ^ ^ ^ ^ ^ type =_ter ^ ^ ^ ^ ^ 
targetY = (-REDUCTION_FACTOR * agingB);

StatementExpression expression Assignment expressionl MemberReference member targetY_ter ^ ^ ^ ^ value BinaryOperation operator *_ter ^ ^ operandl MemberReference prefix_operators -_ter ^ ^ member REDUCTION_FACTOR_ter ^ ^ ^ ^ operandr MemberReference member MAXIMAL_AGING_ter ^ ^ ^ ^ ^ ^ type =_ter ^ ^ ^ ^ ^ 
targetY = (-REDUCTION_FACTOR * MAXIMAL_AGING);

StatementExpression expression Assignment expressionl MemberReference member targetY_ter ^ ^ ^ ^ value BinaryOperation operator *_ter ^ ^ operandl MemberReference prefix_operators -_ter ^ ^ member REDUCTION_FACTOR_ter ^ ^ ^ ^ operandr MemberReference member yA_ter ^ ^ ^ ^ ^ ^ type =_ter ^ ^ ^ ^ ^ 
targetY = (-REDUCTION_FACTOR * yA);

StatementExpression expression Assignment expressionl MemberReference member targetY_ter ^ ^ ^ ^ value BinaryOperation operator *_ter ^ ^ operandl MemberReference member DEFAULT_ABSOLUTE_ACCURACY_ter ^ ^ ^ ^ operandr MemberReference member yB_ter ^ ^ ^ ^ ^ ^ type =_ter ^ ^ ^ ^ ^ 
targetY = (DEFAULT_ABSOLUTE_ACCURACY * yB);

StatementExpression expression Assignment expressionl MemberReference member targetY_ter ^ ^ ^ ^ value BinaryOperation operator *_ter ^ ^ operandl MemberReference member REDUCTION_FACTOR_ter ^ ^ ^ ^ operandr MemberReference member yB_ter ^ ^ ^ ^ ^ ^ type =_ter ^ ^ ^ ^ ^ 
targetY = (REDUCTION_FACTOR * yB);

StatementExpression expression Assignment expressionl MemberReference member targetY_ter ^ ^ ^ ^ value BinaryOperation operator -_ter ^ ^ operandl MemberReference prefix_operators -_ter ^ ^ member REDUCTION_FACTOR_ter ^ ^ ^ ^ operandr MemberReference member yB_ter ^ ^ ^ ^ ^ ^ type =_ter ^ ^ ^ ^ ^ 
targetY = (-REDUCTION_FACTOR - yB);

StatementExpression expression Assignment expressionl MemberReference member targetY_ter ^ ^ ^ ^ value Literal value 0_ter ^ ^ ^ ^ type =_ter ^ ^ ^ ^ ^ 
targetY = 0;

StatementExpression expression Assignment expressionl MemberReference member targetY_ter ^ ^ ^ ^ value BinaryOperation operator *_ter ^ ^ operandl MemberReference prefix_operators -_ter ^ ^ member REDUCTION_FACTOR_ter ^ ^ ^ ^ operandr MemberReference prefix_operators -_ter ^ ^ member agingB_ter ^ ^ ^ ^ ^ ^ type =_ter ^ ^ ^ ^ ^ 
targetY = (-REDUCTION_FACTOR * -agingB);

StatementExpression expression Assignment expressionl MemberReference member targetY_ter ^ ^ ^ ^ value BinaryOperation operator *_ter ^ ^ operandl MemberReference prefix_operators -_ter ^ ^ member REDUCTION_FACTOR_ter ^ ^ ^ ^ operandr MemberReference prefix_operators -_ter ^ ^ member loc2 ^ ^ ^ ^ ^ ^ type =_ter ^ ^ ^ ^ ^ 
targetY = (-REDUCTION_FACTOR * -);


StatementExpression expression Assignment expressionl MemberReference member targetY_ter ^ ^ ^ ^ value BinaryOperation operator *_ter ^ ^ operandl MemberReference prefix_operators -_ter ^ ^ member REDUCTION_FACTOR_ter ^ ^ ^ ^ operandr MemberReference prefix_operators -_ter ^ ^ member REDUCTION_FACTOR_ter ^ ^ ^ ^ ^ ^ type =_ter ^ ^ ^ ^ ^ 
targetY = (-REDUCTION_FACTOR * -REDUCTION_FACTOR);

StatementExpression expression Assignment expressionl MemberReference member targetY_ter ^ ^ ^ ^ value BinaryOperation operator *_ter ^ ^ operandl MemberReference prefix_operators -_ter ^ ^ member REDUCTION_FACTOR_ter ^ ^ ^ ^ operandr MemberReference prefix_operators -_ter ^ ^ member loc1 ^ ^ ^ ^ ^ ^ type =_ter ^ ^ ^ ^ ^ 
targetY = (-REDUCTION_FACTOR * -);


StatementExpression expression Assignment expressionl MemberReference member targetY_ter ^ ^ ^ ^ value BinaryOperation operator *_ter ^ ^ operandl MemberReference member agingB_ter ^ ^ ^ ^ operandr MemberReference member yB_ter ^ ^ ^ ^ ^ ^ type =_ter ^ ^ ^ ^ ^ 
targetY = (agingB * yB);

StatementExpression expression Assignment expressionl MemberReference member targetY_ter ^ ^ ^ ^ value BinaryOperation operator *_ter ^ ^ operandl MemberReference member agingA_ter ^ ^ ^ ^ operandr MemberReference member yB_ter ^ ^ ^ ^ ^ ^ type =_ter ^ ^ ^ ^ ^ 
targetY = (agingA * yB);

StatementExpression expression Assignment expressionl MemberReference member targetY_ter ^ ^ ^ ^ value BinaryOperation operator *_ter ^ ^ operandl MemberReference prefix_operators -_ter ^ ^ member REDUCTION_FACTOR_ter ^ ^ ^ ^ operandr MemberReference prefix_operators -_ter ^ ^ member MAXIMAL_AGING_ter ^ ^ ^ ^ ^ ^ type =_ter ^ ^ ^ ^ ^ 
targetY = (-REDUCTION_FACTOR * -MAXIMAL_AGING);

StatementExpression expression Assignment expressionl MemberReference member targetY_ter ^ ^ ^ ^ value BinaryOperation operator *_ter ^ ^ operandl MemberReference member nextX_ter ^ ^ ^ ^ operandr MemberReference member yB_ter ^ ^ ^ ^ ^ ^ type =_ter ^ ^ ^ ^ ^ 
targetY = (nextX * yB);

StatementExpression expression Assignment expressionl MemberReference member targetY_ter ^ ^ ^ ^ value BinaryOperation operator *_ter ^ ^ operandl MemberReference member MAXIMAL_AGING_ter ^ ^ ^ ^ operandr MemberReference member yB_ter ^ ^ ^ ^ ^ ^ type =_ter ^ ^ ^ ^ ^ 
targetY = (MAXIMAL_AGING * yB);

StatementExpression expression Assignment expressionl MemberReference member targetY_ter ^ ^ ^ ^ value BinaryOperation operator *_ter ^ ^ operandl MemberReference prefix_operators -_ter ^ ^ member REDUCTION_FACTOR_ter ^ ^ ^ ^ operandr MemberReference prefix_operators -_ter ^ ^ member yB_ter ^ ^ ^ ^ ^ ^ type =_ter ^ ^ ^ ^ ^ 
targetY = (-REDUCTION_FACTOR * -yB);

StatementExpression expression Assignment expressionl MemberReference member targetY_ter ^ ^ ^ ^ value Literal value 0_ter ^ ^ ^ ^ type =_ter ^ ^ ^ ^ ^ 
targetY = 0;

StatementExpression expression Assignment expressionl MemberReference member targetY_ter ^ ^ ^ ^ value BinaryOperation operator *_ter ^ ^ operandl MemberReference prefix_operators -_ter ^ ^ member REDUCTION_FACTOR_ter ^ ^ ^ ^ operandr MemberReference member yB_ter ^ ^ ^ ^ ^ ^ type +=_ter ^ ^ ^ ^ ^ 
targetY += (-REDUCTION_FACTOR * yB);

StatementExpression expression Assignment expressionl MemberReference member targetY_ter ^ ^ ^ ^ value BinaryOperation operator *_ter ^ ^ operandl MemberReference prefix_operators -_ter ^ ^ member REDUCTION_FACTOR_ter ^ ^ ^ ^ operandr MemberReference member yA_ter ^ ^ ^ ^ ^ ^ type =_ter ^ ^ ^ ^ ^ 
targetY = (-REDUCTION_FACTOR * yA);

StatementExpression expression Assignment expressionl MemberReference member targetY_ter ^ ^ ^ ^ value BinaryOperation operator /_ter ^ ^ operandl MemberReference prefix_operators -_ter ^ ^ member REDUCTION_FACTOR_ter ^ ^ ^ ^ operandr MemberReference member yB_ter ^ ^ ^ ^ ^ ^ type =_ter ^ ^ ^ ^ ^ 
targetY = (-REDUCTION_FACTOR / yB);

IfStatement condition BinaryOperation operator >=_ter ^ ^ operandl MemberReference member agingA_ter ^ ^ ^ ^ operandr MemberReference member MAXIMAL_AGING_ter ^ ^ ^ ^ ^ ^ ^ 
if((agingA >= MAXIMAL_AGING)){

StatementExpression expression Assignment expressionl MemberReference member targetY_ter ^ ^ ^ ^ value BinaryOperation operator *_ter ^ ^ operandl MemberReference prefix_operators -_ter ^ ^ member REDUCTION_FACTOR_ter ^ ^ ^ ^ operandr MemberReference member yB_ter ^ ^ ^ ^ ^ ^ type =_ter ^ ^ ^ ^ ^ 
targetY = (-REDUCTION_FACTOR * yB);

ReturnStatement_ter ^ 
if (true) { return;
 }

StatementExpression expression Assignment expressionl MemberReference member targetY_ter ^ ^ ^ ^ value BinaryOperation operator +_ter ^ ^ operandl MemberReference prefix_operators -_ter ^ ^ member REDUCTION_FACTOR_ter ^ ^ ^ ^ operandr MemberReference member yB_ter ^ ^ ^ ^ ^ ^ type =_ter ^ ^ ^ ^ ^ 
targetY = (-REDUCTION_FACTOR + yB);

IfStatement condition BinaryOperation operator *_ter ^ ^ operandl MemberReference prefix_operators -_ter ^ ^ member REDUCTION_FACTOR_ter ^ ^ ^ ^ operandr MemberReference member yB_ter ^ ^ ^ ^ ^ ^ ^ 
if((-REDUCTION_FACTOR * yB)){

StatementExpression expression Assignment expressionl MemberReference member targetY_ter ^ ^ ^ ^ value BinaryOperation operator *_ter ^ ^ operandl MemberReference prefix_operators -_ter ^ ^ member REDUCTION_FACTOR_ter ^ ^ ^ ^ operandr MemberReference member yB_ter ^ ^ ^ ^ ^ ^ type -=_ter ^ ^ ^ ^ ^ 
targetY -= (-REDUCTION_FACTOR * yB);

ReturnStatement_ter ^ 
return;

StatementExpression expression Assignment expressionl MemberReference member targetY_ter ^ ^ ^ ^ value BinaryOperation operator %_ter ^ ^ operandl MemberReference prefix_operators -_ter ^ ^ member REDUCTION_FACTOR_ter ^ ^ ^ ^ operandr MemberReference member yB_ter ^ ^ ^ ^ ^ ^ type =_ter ^ ^ ^ ^ ^ 
targetY = (-REDUCTION_FACTOR % yB);

StatementExpression expression Assignment expressionl MemberReference member targetY_ter ^ ^ ^ ^ value MemberReference member REDUCTION_FACTOR_ter ^ ^ ^ ^ type =_ter ^ ^ ^ ^ ^ 
targetY = REDUCTION_FACTOR;

StatementExpression expression Assignment expressionl MemberReference member targetY_ter ^ ^ ^ ^ value BinaryOperation operator *_ter ^ ^ operandl MemberReference prefix_operators -_ter ^ ^ member DEFAULT_ABSOLUTE_ACCURACY_ter ^ ^ ^ ^ operandr MemberReference member yB_ter ^ ^ ^ ^ ^ ^ type =_ter ^ ^ ^ ^ ^ 
targetY = (-DEFAULT_ABSOLUTE_ACCURACY * yB);

IfStatement condition BinaryOperation operator >=_ter ^ ^ operandl MemberReference member agingB_ter ^ ^ ^ ^ operandr MemberReference member MAXIMAL_AGING_ter ^ ^ ^ ^ ^ ^ ^ 
if((agingB >= MAXIMAL_AGING)){

StatementExpression expression Assignment expressionl MemberReference member targetY_ter ^ ^ ^ ^ value BinaryOperation operator >>_ter ^ ^ operandl MemberReference prefix_operators -_ter ^ ^ member REDUCTION_FACTOR_ter ^ ^ ^ ^ operandr MemberReference member yB_ter ^ ^ ^ ^ ^ ^ type =_ter ^ ^ ^ ^ ^ 
targetY = (-REDUCTION_FACTOR >> yB);

StatementExpression expression Assignment expressionl MemberReference member targetY_ter ^ ^ ^ ^ value BinaryOperation operator <=_ter ^ ^ operandl MemberReference prefix_operators -_ter ^ ^ member REDUCTION_FACTOR_ter ^ ^ ^ ^ operandr MemberReference member yB_ter ^ ^ ^ ^ ^ ^ type =_ter ^ ^ ^ ^ ^ 
targetY = (-REDUCTION_FACTOR <= yB);

StatementExpression expression Assignment expressionl MemberReference member targetY_ter ^ ^ ^ ^ value BinaryOperation operator >>>_ter ^ ^ operandl MemberReference prefix_operators -_ter ^ ^ member REDUCTION_FACTOR_ter ^ ^ ^ ^ operandr MemberReference member yB_ter ^ ^ ^ ^ ^ ^ type =_ter ^ ^ ^ ^ ^ 
targetY = (-REDUCTION_FACTOR >>> yB);

StatementExpression expression Assignment expressionl MemberReference member targetY_ter ^ ^ ^ ^ value BinaryOperation operator <<_ter ^ ^ operandl MemberReference prefix_operators -_ter ^ ^ member REDUCTION_FACTOR_ter ^ ^ ^ ^ operandr MemberReference member yB_ter ^ ^ ^ ^ ^ ^ type =_ter ^ ^ ^ ^ ^ 
targetY = (-REDUCTION_FACTOR << yB);

StatementExpression expression Assignment expressionl MemberReference member targetY_ter ^ ^ ^ ^ value BinaryOperation operator &_ter ^ ^ operandl MemberReference prefix_operators -_ter ^ ^ member REDUCTION_FACTOR_ter ^ ^ ^ ^ operandr MemberReference member yB_ter ^ ^ ^ ^ ^ ^ type =_ter ^ ^ ^ ^ ^ 
targetY = (-REDUCTION_FACTOR & yB);

BreakStatement_ter ^ 
break;

StatementExpression expression Assignment expressionl MemberReference member targetY_ter ^ ^ ^ ^ value BinaryOperation operator *_ter ^ ^ operandl BinaryOperation operator *_ter ^ ^ operandl MemberReference prefix_operators -_ter ^ ^ member REDUCTION_FACTOR_ter ^ ^ ^ ^ operandr MemberReference member yB_ter ^ ^ ^ ^ ^ ^ operandr Literal value 1_ter ^ ^ ^ ^ ^ ^ type =_ter ^ ^ ^ ^ ^ 
targetY = ((-REDUCTION_FACTOR * yB) * 1);


StatementExpression expression Assignment expressionl MemberReference member targetY_ter ^ ^ ^ ^ value BinaryOperation operator *_ter ^ ^ operandl MemberReference prefix_operators -_ter ^ ^ member REDUCTION_FACTOR_ter ^ ^ ^ ^ operandr MemberReference member yB_ter ^ ^ ^ ^ ^ ^ type =_ter ^ ^ ^ ^ ^ 
targetY = (-REDUCTION_FACTOR * yB);

StatementExpression expression Assignment expressionl MemberReference member targetY_ter ^ ^ ^ ^ value BinaryOperation operator *_ter ^ ^ operandl MemberReference member DEFAULT_ABSOLUTE_ACCURACY_ter ^ ^ ^ ^ operandr MemberReference member yA_ter ^ ^ ^ ^ ^ ^ type =_ter ^ ^ ^ ^ ^ 
targetY = (DEFAULT_ABSOLUTE_ACCURACY * yA);

StatementExpression expression Assignment expressionl MemberReference member targetY_ter ^ ^ ^ ^ value BinaryOperation operator *_ter ^ ^ operandl MemberReference member REDUCTION_FACTOR_ter ^ ^ ^ ^ operandr MemberReference member yA_ter ^ ^ ^ ^ ^ ^ type =_ter ^ ^ ^ ^ ^ 
targetY = (REDUCTION_FACTOR * yA);

StatementExpression expression Assignment expressionl MemberReference member targetY_ter ^ ^ ^ ^ value Literal value 0_ter ^ ^ ^ ^ type =_ter ^ ^ ^ ^ ^ 
targetY = 0;

StatementExpression expression Assignment expressionl MemberReference member targetY_ter ^ ^ ^ ^ value BinaryOperation operator *_ter ^ ^ operandl MemberReference prefix_operators -_ter ^ ^ member REDUCTION_FACTOR_ter ^ ^ ^ ^ operandr MemberReference member REDUCTION_FACTOR_ter ^ ^ ^ ^ ^ ^ type =_ter ^ ^ ^ ^ ^ 
targetY = (-REDUCTION_FACTOR * REDUCTION_FACTOR);

StatementExpression expression Assignment expressionl MemberReference member targetY_ter ^ ^ ^ ^ value BinaryOperation operator *_ter ^ ^ operandl MemberReference prefix_operators -_ter ^ ^ member REDUCTION_FACTOR_ter ^ ^ ^ ^ operandr MemberReference member agingB_ter ^ ^ ^ ^ ^ ^ type =_ter ^ ^ ^ ^ ^ 
targetY = (-REDUCTION_FACTOR * agingB);

StatementExpression expression Assignment expressionl MemberReference member targetY_ter ^ ^ ^ ^ value BinaryOperation operator *_ter ^ ^ operandl MemberReference prefix_operators -_ter ^ ^ member REDUCTION_FACTOR_ter ^ ^ ^ ^ operandr MemberReference member agingA_ter ^ ^ ^ ^ ^ ^ type =_ter ^ ^ ^ ^ ^ 
targetY = (-REDUCTION_FACTOR * agingA);

StatementExpression expression Assignment expressionl MemberReference member targetY_ter ^ ^ ^ ^ value BinaryOperation operator -_ter ^ ^ operandl MemberReference prefix_operators -_ter ^ ^ member REDUCTION_FACTOR_ter ^ ^ ^ ^ operandr MemberReference member yA_ter ^ ^ ^ ^ ^ ^ type =_ter ^ ^ ^ ^ ^ 
targetY = (-REDUCTION_FACTOR - yA);

StatementExpression expression Assignment expressionl MemberReference member targetY_ter ^ ^ ^ ^ value BinaryOperation operator *_ter ^ ^ operandl MemberReference prefix_operators -_ter ^ ^ member REDUCTION_FACTOR_ter ^ ^ ^ ^ operandr MemberReference member MAXIMAL_AGING_ter ^ ^ ^ ^ ^ ^ type =_ter ^ ^ ^ ^ ^ 
targetY = (-REDUCTION_FACTOR * MAXIMAL_AGING);

StatementExpression expression Assignment expressionl MemberReference member targetY_ter ^ ^ ^ ^ value BinaryOperation operator *_ter ^ ^ operandl MemberReference prefix_operators -_ter ^ ^ member REDUCTION_FACTOR_ter ^ ^ ^ ^ operandr MemberReference member yA_ter ^ ^ ^ ^ ^ ^ type +=_ter ^ ^ ^ ^ ^ 
targetY += (-REDUCTION_FACTOR * yA);

StatementExpression expression Assignment expressionl MemberReference member targetY_ter ^ ^ ^ ^ value BinaryOperation operator *_ter ^ ^ operandl MemberReference member agingA_ter ^ ^ ^ ^ operandr MemberReference member yA_ter ^ ^ ^ ^ ^ ^ type =_ter ^ ^ ^ ^ ^ 
targetY = (agingA * yA);

StatementExpression expression Assignment expressionl MemberReference member targetY_ter ^ ^ ^ ^ value BinaryOperation operator *_ter ^ ^ operandl MemberReference member agingB_ter ^ ^ ^ ^ operandr MemberReference member yA_ter ^ ^ ^ ^ ^ ^ type =_ter ^ ^ ^ ^ ^ 
targetY = (agingB * yA);

StatementExpression expression Assignment expressionl MemberReference member targetY_ter ^ ^ ^ ^ value BinaryOperation operator *_ter ^ ^ operandl MemberReference member nextX_ter ^ ^ ^ ^ operandr MemberReference member yA_ter ^ ^ ^ ^ ^ ^ type =_ter ^ ^ ^ ^ ^ 
targetY = (nextX * yA);

StatementExpression expression Assignment expressionl MemberReference member targetY_ter ^ ^ ^ ^ value BinaryOperation operator *_ter ^ ^ operandl MemberReference prefix_operators -_ter ^ ^ member REDUCTION_FACTOR_ter ^ ^ ^ ^ operandr MemberReference prefix_operators -_ter ^ ^ member agingA_ter ^ ^ ^ ^ ^ ^ type =_ter ^ ^ ^ ^ ^ 
targetY = (-REDUCTION_FACTOR * -agingA);

StatementExpression expression Assignment expressionl MemberReference member targetY_ter ^ ^ ^ ^ value MemberReference member REDUCTION_FACTOR_ter ^ ^ ^ ^ type =_ter ^ ^ ^ ^ ^ 
targetY = REDUCTION_FACTOR;

StatementExpression expression Assignment expressionl MemberReference member targetY_ter ^ ^ ^ ^ value BinaryOperation operator *_ter ^ ^ operandl MemberReference prefix_operators -_ter ^ ^ member REDUCTION_FACTOR_ter ^ ^ ^ ^ operandr MemberReference prefix_operators -_ter ^ ^ member loc2 ^ ^ ^ ^ ^ ^ type =_ter ^ ^ ^ ^ ^ 
targetY = (-REDUCTION_FACTOR * -);


StatementExpression expression Assignment expressionl MemberReference member targetY_ter ^ ^ ^ ^ value BinaryOperation operator *_ter ^ ^ operandl MemberReference member MAXIMAL_AGING_ter ^ ^ ^ ^ operandr MemberReference member yA_ter ^ ^ ^ ^ ^ ^ type =_ter ^ ^ ^ ^ ^ 
targetY = (MAXIMAL_AGING * yA);

StatementExpression expression Assignment expressionl MemberReference member targetY_ter ^ ^ ^ ^ value BinaryOperation operator *_ter ^ ^ operandl MemberReference prefix_operators -_ter ^ ^ member REDUCTION_FACTOR_ter ^ ^ ^ ^ operandr MemberReference member yA_ter ^ ^ ^ ^ ^ ^ type -=_ter ^ ^ ^ ^ ^ 
targetY -= (-REDUCTION_FACTOR * yA);

StatementExpression expression Assignment expressionl MemberReference member targetY_ter ^ ^ ^ ^ value BinaryOperation operator *_ter ^ ^ operandl MemberReference prefix_operators -_ter ^ ^ member REDUCTION_FACTOR_ter ^ ^ ^ ^ operandr MemberReference prefix_operators -_ter ^ ^ member REDUCTION_FACTOR_ter ^ ^ ^ ^ ^ ^ type =_ter ^ ^ ^ ^ ^ 
targetY = (-REDUCTION_FACTOR * -REDUCTION_FACTOR);

StatementExpression expression Assignment expressionl MemberReference member targetY_ter ^ ^ ^ ^ value BinaryOperation operator /_ter ^ ^ operandl MemberReference prefix_operators -_ter ^ ^ member REDUCTION_FACTOR_ter ^ ^ ^ ^ operandr MemberReference member yA_ter ^ ^ ^ ^ ^ ^ type =_ter ^ ^ ^ ^ ^ 
targetY = (-REDUCTION_FACTOR / yA);

StatementExpression expression Assignment expressionl MemberReference member targetY_ter ^ ^ ^ ^ value BinaryOperation operator *_ter ^ ^ operandl MemberReference prefix_operators -_ter ^ ^ member REDUCTION_FACTOR_ter ^ ^ ^ ^ operandr MemberReference member yA_ter ^ ^ ^ ^ ^ ^ type =_ter ^ ^ ^ ^ ^ 
targetY = (-REDUCTION_FACTOR * yA);

StatementExpression expression Assignment expressionl MemberReference member targetY_ter ^ ^ ^ ^ value BinaryOperation operator *_ter ^ ^ operandl MemberReference prefix_operators -_ter ^ ^ member REDUCTION_FACTOR_ter ^ ^ ^ ^ operandr MemberReference prefix_operators -_ter ^ ^ member yA_ter ^ ^ ^ ^ ^ ^ type =_ter ^ ^ ^ ^ ^ 
targetY = (-REDUCTION_FACTOR * -yA);

ReturnStatement_ter ^ 
return;

StatementExpression expression Assignment expressionl MemberReference member targetY_ter ^ ^ ^ ^ value Literal value 0_ter ^ ^ ^ ^ type =_ter ^ ^ ^ ^ ^ 
targetY = 0;

StatementExpression expression Assignment expressionl MemberReference member targetY_ter ^ ^ ^ ^ value BinaryOperation operator *_ter ^ ^ operandl MemberReference prefix_operators -_ter ^ ^ member REDUCTION_FACTOR_ter ^ ^ ^ ^ operandr MemberReference prefix_operators -_ter ^ ^ member loc1 ^ ^ ^ ^ ^ ^ type =_ter ^ ^ ^ ^ ^ 
targetY = (-REDUCTION_FACTOR * -);


StatementExpression expression Assignment expressionl MemberReference member targetY_ter ^ ^ ^ ^ value BinaryOperation operator *_ter ^ ^ operandl MemberReference prefix_operators -_ter ^ ^ member REDUCTION_FACTOR_ter ^ ^ ^ ^ operandr MemberReference member yB_ter ^ ^ ^ ^ ^ ^ type =_ter ^ ^ ^ ^ ^ 
targetY = (-REDUCTION_FACTOR * yB);

StatementExpression expression Assignment expressionl MemberReference member targetY_ter ^ ^ ^ ^ value MemberReference member yA_ter ^ ^ ^ ^ type =_ter ^ ^ ^ ^ ^ 
targetY = yA;

StatementExpression expression Assignment expressionl MemberReference member targetY_ter ^ ^ ^ ^ value BinaryOperation operator *_ter ^ ^ operandl MemberReference prefix_operators -_ter ^ ^ member REDUCTION_FACTOR_ter ^ ^ ^ ^ operandr MemberReference prefix_operators -_ter ^ ^ member agingB_ter ^ ^ ^ ^ ^ ^ type =_ter ^ ^ ^ ^ ^ 
targetY = (-REDUCTION_FACTOR * -agingB);

StatementExpression expression Assignment expressionl MemberReference member targetY_ter ^ ^ ^ ^ value BinaryOperation operator *_ter ^ ^ operandl MemberReference prefix_operators -_ter ^ ^ member REDUCTION_FACTOR_ter ^ ^ ^ ^ operandr MemberReference prefix_operators -_ter ^ ^ member yB_ter ^ ^ ^ ^ ^ ^ type =_ter ^ ^ ^ ^ ^ 
targetY = (-REDUCTION_FACTOR * -yB);

StatementExpression expression Assignment expressionl MemberReference member targetY_ter ^ ^ ^ ^ value BinaryOperation operator +_ter ^ ^ operandl MemberReference prefix_operators -_ter ^ ^ member REDUCTION_FACTOR_ter ^ ^ ^ ^ operandr MemberReference member yA_ter ^ ^ ^ ^ ^ ^ type =_ter ^ ^ ^ ^ ^ 
targetY = (-REDUCTION_FACTOR + yA);

StatementExpression expression Assignment expressionl MemberReference member targetY_ter ^ ^ ^ ^ value BinaryOperation operator *_ter ^ ^ operandl MemberReference prefix_operators -_ter ^ ^ member DEFAULT_ABSOLUTE_ACCURACY_ter ^ ^ ^ ^ operandr MemberReference member yA_ter ^ ^ ^ ^ ^ ^ type =_ter ^ ^ ^ ^ ^ 
targetY = (-DEFAULT_ABSOLUTE_ACCURACY * yA);

ReturnStatement_ter ^ 
if (true) { return;
 }

IfStatement condition BinaryOperation operator >=_ter ^ ^ operandl MemberReference member agingA_ter ^ ^ ^ ^ operandr MemberReference member MAXIMAL_AGING_ter ^ ^ ^ ^ ^ ^ ^ 
if((agingA >= MAXIMAL_AGING)){

IfStatement condition BinaryOperation operator >=_ter ^ ^ operandl MemberReference member agingB_ter ^ ^ ^ ^ operandr MemberReference member MAXIMAL_AGING_ter ^ ^ ^ ^ ^ ^ ^ 
if((agingB >= MAXIMAL_AGING)){

IfStatement condition BinaryOperation operator *_ter ^ ^ operandl MemberReference prefix_operators -_ter ^ ^ member REDUCTION_FACTOR_ter ^ ^ ^ ^ operandr MemberReference member yA_ter ^ ^ ^ ^ ^ ^ ^ 
if((-REDUCTION_FACTOR * yA)){

StatementExpression expression Assignment expressionl MemberReference member targetY_ter ^ ^ ^ ^ value BinaryOperation operator *_ter ^ ^ operandl MemberReference prefix_operators -_ter ^ ^ member agingA_ter ^ ^ ^ ^ operandr MemberReference member yA_ter ^ ^ ^ ^ ^ ^ type =_ter ^ ^ ^ ^ ^ 
targetY = (-agingA * yA);

StatementExpression expression Assignment expressionl MemberReference member targetY_ter ^ ^ ^ ^ value BinaryOperation operator %_ter ^ ^ operandl MemberReference prefix_operators -_ter ^ ^ member REDUCTION_FACTOR_ter ^ ^ ^ ^ operandr MemberReference member yA_ter ^ ^ ^ ^ ^ ^ type =_ter ^ ^ ^ ^ ^ 
targetY = (-REDUCTION_FACTOR % yA);

StatementExpression expression Assignment expressionl MemberReference member targetY_ter ^ ^ ^ ^ value BinaryOperation operator *_ter ^ ^ operandl BinaryOperation operator *_ter ^ ^ operandl MemberReference prefix_operators -_ter ^ ^ member REDUCTION_FACTOR_ter ^ ^ ^ ^ operandr MemberReference member yA_ter ^ ^ ^ ^ ^ ^ operandr Literal value 1_ter ^ ^ ^ ^ ^ ^ type =_ter ^ ^ ^ ^ ^ 
targetY = ((-REDUCTION_FACTOR * yA) * 1);

BreakStatement_ter ^ 
break;


stderr: 