stdout: else_statement -> BlockStatement
using GPU
p
path org.apache.commons.math.optimization.direct.BOBYQAOptimizer
prelim
Position(line=1582, column=13)
FOUND IT!
path org.apache.commons.math.optimization.direct.BOBYQAOptimizer
prelim
Position(line=1582, column=13)
FOUND IT!
[]
stderr: Check out 91cc42ba to /root/projects/Recoder-bwk/buggy/Math-38............. OK
Init local repository...................................................... OK
Tag post-fix revision...................................................... OK
Initialize fixed program version........................................... OK
Apply patch................................................................ OK
Initialize buggy program version........................................... OK
Diff 91cc42ba:74e00296..................................................... OK
Apply patch................................................................ OK
Tag pre-fix revision....................................................... OK
Check out program version: Math-38b........................................ OK
OpenJDK 64-Bit Server VM warning: ignoring option MaxPermSize=1G; support was removed in 8.0
Running ant (export.dir.src.classes)....................................... OK

0it [00:00, ?it/s]0it [00:00, ?it/s]
