stdout: LocalVariableDeclaration type ReferenceType name PeriodFormatter_ter ^ ^ ^ ^ declarators VariableDeclarator name f_ter ^ ^ initializer MethodInvocation arguments MethodInvocation qualifier elementPairs_ter ^ ^ arguments Literal value 1_ter ^ ^ ^ MemberReference member size_ter ^ ^ ^ ^ member subList_ter ^ ^ ^ MemberReference member notPrinter_ter ^ ^ ^ MemberReference member notParser_ter ^ ^ ^ ^ member toFormatter_ter ^ ^ ^ ^ ^ ^ ^ 
arg 
arg 
PeriodFormatter f = toFormatter(elementPairs.subList(1, size), notPrinter, notParser);

LocalVariableDeclaration type ReferenceType name PeriodFormatter_ter ^ ^ ^ ^ declarators VariableDeclarator name f_ter ^ ^ initializer MethodInvocation arguments MethodInvocation qualifier elementPairs_ter ^ ^ arguments Literal value 0_ter ^ ^ ^ MemberReference member size_ter ^ ^ ^ ^ member subList_ter ^ ^ ^ MemberReference member notPrinter_ter ^ ^ ^ MemberReference member notParser_ter ^ ^ ^ ^ member toFormatter_ter ^ ^ ^ ^ ^ ^ ^ 
arg 
arg 
PeriodFormatter f = toFormatter(elementPairs.subList(0, size), notPrinter, notParser);

LocalVariableDeclaration type ReferenceType name PeriodFormatter_ter ^ ^ ^ ^ declarators VariableDeclarator name f_ter ^ ^ initializer MethodInvocation arguments MethodInvocation qualifier sep_ter ^ ^ arguments Literal value 2_ter ^ ^ ^ MemberReference member size_ter ^ ^ ^ ^ member subList_ter ^ ^ ^ MemberReference member notPrinter_ter ^ ^ ^ MemberReference member notParser_ter ^ ^ ^ ^ member toFormatter_ter ^ ^ ^ ^ ^ ^ ^ 
arg 
arg 
PeriodFormatter f = toFormatter(sep.subList(2, size), notPrinter, notParser);

LocalVariableDeclaration type ReferenceType name PeriodFormatter_ter ^ ^ ^ ^ declarators VariableDeclarator name f_ter ^ ^ initializer MethodInvocation arguments MethodInvocation qualifier elementPairs_ter ^ ^ arguments Literal value 2_ter ^ ^ ^ MemberReference member size_ter ^ ^ ^ ^ member subList_ter ^ ^ ^ MemberReference member notPrinter_ter ^ ^ ^ MemberReference member sep_ter ^ ^ ^ ^ member toFormatter_ter ^ ^ ^ ^ ^ ^ ^ 
arg 
arg 
PeriodFormatter f = toFormatter(elementPairs.subList(2, size), notPrinter, sep);

LocalVariableDeclaration type ReferenceType name PeriodFormatter_ter ^ ^ ^ ^ declarators VariableDeclarator name f_ter ^ ^ initializer MethodInvocation arguments MethodInvocation qualifier elementPairs_ter ^ ^ arguments Literal value 2_ter ^ ^ ^ MemberReference member size_ter ^ ^ ^ ^ member subList_ter ^ ^ ^ MemberReference member sep_ter ^ ^ ^ MemberReference member notParser_ter ^ ^ ^ ^ member toFormatter_ter ^ ^ ^ ^ ^ ^ ^ 
arg 
arg 
PeriodFormatter f = toFormatter(elementPairs.subList(2, size), sep, notParser);

LocalVariableDeclaration type ReferenceType name PeriodFormatter_ter ^ ^ ^ ^ declarators VariableDeclarator name f_ter ^ ^ initializer MethodInvocation arguments MethodInvocation qualifier elementPairs_ter ^ ^ arguments Literal value 2_ter ^ ^ ^ MemberReference member sep_ter ^ ^ ^ ^ member subList_ter ^ ^ ^ MemberReference member notPrinter_ter ^ ^ ^ MemberReference member notParser_ter ^ ^ ^ ^ member toFormatter_ter ^ ^ ^ ^ ^ ^ ^ 
arg 
arg 
PeriodFormatter f = toFormatter(elementPairs.subList(2, sep), notPrinter, notParser);

LocalVariableDeclaration type ReferenceType name PeriodFormatter_ter ^ ^ ^ ^ declarators VariableDeclarator name f_ter ^ ^ initializer MethodInvocation arguments MethodInvocation qualifier elementPairs_ter ^ ^ arguments Literal value 2_ter ^ ^ ^ MemberReference member size_ter ^ ^ ^ ^ member subList_ter ^ ^ ^ MemberReference member notPrinter_ter ^ ^ ^ MemberReference member notParser_ter ^ ^ ^ ^ member toFormatter_ter ^ ^ ^ ^ ^ ^ ^ 
arg 
arg 
PeriodFormatter f = toFormatter(elementPairs.subList(2, size), notPrinter, notParser);

LocalVariableDeclaration type ReferenceType name PeriodFormatter_ter ^ ^ ^ ^ declarators VariableDeclarator name f_ter ^ ^ initializer MethodInvocation arguments MethodInvocation qualifier size_ter ^ ^ arguments Literal value 2_ter ^ ^ ^ MemberReference member size_ter ^ ^ ^ ^ member subList_ter ^ ^ ^ MemberReference member notPrinter_ter ^ ^ ^ MemberReference member notParser_ter ^ ^ ^ ^ member toFormatter_ter ^ ^ ^ ^ ^ ^ ^ 
arg 
arg 
PeriodFormatter f = toFormatter(size.subList(2, size), notPrinter, notParser);

LocalVariableDeclaration type ReferenceType name PeriodFormatter_ter ^ ^ ^ ^ declarators VariableDeclarator name f_ter ^ ^ initializer MethodInvocation arguments MethodInvocation qualifier elementPairs_ter ^ ^ arguments Literal value 2_ter ^ ^ ^ MemberReference member size_ter ^ ^ ^ ^ member subList_ter ^ ^ ^ ^ member toFormatter_ter ^ ^ ^ ^ ^ ^ ^ 
arg 
arg 
PeriodFormatter f = toFormatter(elementPairs.subList(2, size));

LocalVariableDeclaration type ReferenceType name PeriodFormatter_ter ^ ^ ^ ^ declarators VariableDeclarator name f_ter ^ ^ initializer MethodInvocation arguments MethodInvocation qualifier notPrinter_ter ^ ^ arguments Literal value 2_ter ^ ^ ^ MemberReference member size_ter ^ ^ ^ ^ member subList_ter ^ ^ ^ MemberReference member notPrinter_ter ^ ^ ^ MemberReference member notParser_ter ^ ^ ^ ^ member toFormatter_ter ^ ^ ^ ^ ^ ^ ^ 
arg 
arg 
PeriodFormatter f = toFormatter(notPrinter.subList(2, size), notPrinter, notParser);

IfStatement condition BinaryOperation operator !=_ter ^ ^ operandl MemberReference member sep_ter ^ ^ ^ ^ operandr Literal value 2_ter ^ ^ ^ ^ ^ ^ ^ 
if((sep != 2)){

LocalVariableDeclaration type ReferenceType name PeriodFormatter_ter ^ ^ ^ ^ declarators VariableDeclarator name f_ter ^ ^ initializer MethodInvocation arguments MethodInvocation qualifier elementPairs_ter ^ ^ arguments Literal value false_ter ^ ^ ^ MemberReference member size_ter ^ ^ ^ ^ member subList_ter ^ ^ ^ MemberReference member notPrinter_ter ^ ^ ^ MemberReference member notParser_ter ^ ^ ^ ^ member toFormatter_ter ^ ^ ^ ^ ^ ^ ^ 
arg 
arg 
PeriodFormatter f = toFormatter(elementPairs.subList(false, size), notPrinter, notParser);

LocalVariableDeclaration type ReferenceType name PeriodFormatter_ter ^ ^ ^ ^ declarators VariableDeclarator name f_ter ^ ^ initializer MethodInvocation arguments MethodInvocation qualifier f_ter ^ ^ arguments Literal value 2_ter ^ ^ ^ MemberReference member size_ter ^ ^ ^ ^ member subList_ter ^ ^ ^ MemberReference member notPrinter_ter ^ ^ ^ MemberReference member notParser_ter ^ ^ ^ ^ member toFormatter_ter ^ ^ ^ ^ ^ ^ ^ 
arg 
arg 
PeriodFormatter f = toFormatter(f.subList(2, size), notPrinter, notParser);

LocalVariableDeclaration type ReferenceType name PeriodFormatter_ter ^ ^ ^ ^ declarators VariableDeclarator name f_ter ^ ^ initializer MethodInvocation arguments MemberReference member size_ter ^ ^ ^ ^ member toFormatter_ter ^ ^ ^ ^ ^ ^ ^ 
arg 
arg 
PeriodFormatter f = toFormatter(size);

LocalVariableDeclaration type ReferenceType name PeriodFormatter_ter ^ ^ ^ ^ declarators VariableDeclarator name f_ter ^ ^ initializer MethodInvocation arguments MemberReference member size_ter ^ ^ ^ MemberReference member notParser_ter ^ ^ ^ ^ member toFormatter_ter ^ ^ ^ ^ ^ ^ ^ 
arg 
arg 
PeriodFormatter f = toFormatter(size, notParser);

LocalVariableDeclaration type ReferenceType name PeriodFormatter_ter ^ ^ ^ ^ declarators VariableDeclarator name f_ter ^ ^ initializer MethodInvocation arguments MemberReference member elementPairs_ter ^ ^ ^ ^ member toFormatter_ter ^ ^ ^ ^ ^ ^ ^ 
arg 
arg 
PeriodFormatter f = toFormatter(elementPairs);

LocalVariableDeclaration type ReferenceType name PeriodFormatter_ter ^ ^ ^ ^ declarators VariableDeclarator name f_ter ^ ^ initializer MethodInvocation arguments MethodInvocation qualifier elementPairs_ter ^ ^ arguments Literal value 2_ter ^ ^ ^ MemberReference member size_ter ^ ^ ^ ^ member subList_ter ^ ^ ^ MemberReference member notPrinter_ter ^ ^ ^ MemberReference member size_ter ^ ^ ^ ^ member toFormatter_ter ^ ^ ^ ^ ^ ^ ^ 
arg 
arg 
PeriodFormatter f = toFormatter(elementPairs.subList(2, size), notPrinter, size);

LocalVariableDeclaration type ReferenceType name PeriodFormatter_ter ^ ^ ^ ^ declarators VariableDeclarator name f_ter ^ ^ initializer MethodInvocation arguments MethodInvocation qualifier elementPairs_ter ^ ^ arguments Literal value 2_ter ^ ^ ^ MemberReference member size_ter ^ ^ ^ ^ member subList_ter ^ ^ ^ MemberReference member size_ter ^ ^ ^ MemberReference member notParser_ter ^ ^ ^ ^ member toFormatter_ter ^ ^ ^ ^ ^ ^ ^ 
arg 
arg 
PeriodFormatter f = toFormatter(elementPairs.subList(2, size), size, notParser);

LocalVariableDeclaration type ReferenceType name PeriodFormatter_ter ^ ^ ^ ^ declarators VariableDeclarator name f_ter ^ ^ initializer Cast type ReferenceType name PeriodFormatter_ter ^ ^ ^ ^ expression MethodInvocation arguments MethodInvocation qualifier elementPairs_ter ^ ^ arguments Literal value 2_ter ^ ^ ^ MemberReference member size_ter ^ ^ ^ ^ member subList_ter ^ ^ ^ MemberReference member notPrinter_ter ^ ^ ^ MemberReference member notParser_ter ^ ^ ^ ^ member toFormatter_ter ^ ^ ^ ^ ^ ^ ^ ^ ^ 
arg 
arg 
arg 
arg 
PeriodFormatter f = (PeriodFormatter)toFormatter(elementPairs.subList(2, size), notPrinter, notParser);

LocalVariableDeclaration type ReferenceType name PeriodFormatter_ter ^ ^ ^ ^ declarators VariableDeclarator name f_ter ^ ^ initializer MethodInvocation arguments MemberReference member notPrinter_ter ^ ^ ^ ^ member toFormatter_ter ^ ^ ^ ^ ^ ^ ^ 
arg 
arg 
PeriodFormatter f = toFormatter(notPrinter);

LocalVariableDeclaration type ReferenceType name PeriodFormatter_ter ^ ^ ^ ^ declarators VariableDeclarator name f_ter ^ ^ initializer MethodInvocation arguments MemberReference member elementPairs_ter ^ ^ ^ MethodInvocation qualifier elementPairs_ter ^ ^ arguments Literal value 2_ter ^ ^ ^ MemberReference member size_ter ^ ^ ^ ^ member subList_ter ^ ^ ^ ^ member toFormatter_ter ^ ^ ^ ^ ^ ^ ^ 
arg 
arg 
PeriodFormatter f = toFormatter(elementPairs, elementPairs.subList(2, size));

LocalVariableDeclaration type ReferenceType name PeriodFormatter_ter ^ ^ ^ ^ declarators VariableDeclarator name f_ter ^ ^ initializer MethodInvocation arguments MemberReference member elementPairs_ter ^ ^ ^ MemberReference member notParser_ter ^ ^ ^ ^ member toFormatter_ter ^ ^ ^ ^ ^ ^ ^ 
arg 
arg 
PeriodFormatter f = toFormatter(elementPairs, notParser);

LocalVariableDeclaration type ReferenceType name PeriodFormatter_ter ^ ^ ^ ^ declarators VariableDeclarator name f_ter ^ ^ initializer MethodInvocation arguments MethodInvocation qualifier elementPairs_ter ^ ^ arguments Literal value 2_ter ^ ^ ^ MemberReference member size_ter ^ ^ ^ ^ member subList_ter ^ ^ ^ MemberReference member notPrinter_ter ^ ^ ^ MemberReference member notParser_ter ^ ^ ^ ^ member createComposite_ter ^ ^ ^ ^ ^ ^ ^ 
arg 
arg 
PeriodFormatter f = createComposite(elementPairs.subList(2, size), notPrinter, notParser);

LocalVariableDeclaration modifiers final_ter ^ ^ type ReferenceType name PeriodFormatter_ter ^ ^ ^ ^ declarators VariableDeclarator name f_ter ^ ^ initializer MethodInvocation arguments MethodInvocation qualifier elementPairs_ter ^ ^ arguments Literal value 2_ter ^ ^ ^ MemberReference member size_ter ^ ^ ^ ^ member subList_ter ^ ^ ^ MemberReference member notPrinter_ter ^ ^ ^ MemberReference member notParser_ter ^ ^ ^ ^ member toFormatter_ter ^ ^ ^ ^ ^ ^ ^ 
arg 
arg 
final PeriodFormatter f = toFormatter(elementPairs.subList(2, size), notPrinter, notParser);

LocalVariableDeclaration type ReferenceType name PeriodFormatter_ter ^ ^ ^ ^ declarators VariableDeclarator name f_ter ^ ^ initializer MethodInvocation arguments MethodInvocation qualifier elementPairs_ter ^ ^ arguments Literal value 2_ter ^ ^ ^ MemberReference member size_ter ^ ^ ^ ^ member toFormatter_ter ^ ^ ^ MemberReference member notPrinter_ter ^ ^ ^ MemberReference member notParser_ter ^ ^ ^ ^ member toFormatter_ter ^ ^ ^ ^ ^ ^ ^ 
arg 
arg 
PeriodFormatter f = toFormatter(elementPairs.toFormatter(2, size), notPrinter, notParser);

LocalVariableDeclaration type ReferenceType name PeriodFormatter_ter ^ ^ ^ ^ declarators VariableDeclarator name f_ter ^ ^ initializer MethodInvocation arguments MemberReference member size_ter ^ ^ ^ MethodInvocation qualifier elementPairs_ter ^ ^ arguments Literal value 2_ter ^ ^ ^ MemberReference member size_ter ^ ^ ^ ^ member subList_ter ^ ^ ^ ^ member toFormatter_ter ^ ^ ^ ^ ^ ^ ^ 
arg 
arg 
PeriodFormatter f = toFormatter(size, elementPairs.subList(2, size));

LocalVariableDeclaration type ReferenceType name PeriodFormatter_ter ^ ^ ^ ^ declarators VariableDeclarator name f_ter ^ ^ initializer MethodInvocation arguments MemberReference member notPrinter_ter ^ ^ ^ MemberReference member notParser_ter ^ ^ ^ ^ member toFormatter_ter ^ ^ ^ ^ ^ ^ ^ 
arg 
arg 
PeriodFormatter f = toFormatter(notPrinter, notParser);

LocalVariableDeclaration type ReferenceType name PeriodFormatter_ter ^ ^ ^ ^ declarators VariableDeclarator name f_ter ^ ^ initializer MethodInvocation arguments MethodInvocation qualifier elementPairs_ter ^ ^ arguments Literal value 2_ter ^ ^ ^ MemberReference member size_ter ^ ^ ^ ^ member getPrinter_ter ^ ^ ^ MemberReference member notPrinter_ter ^ ^ ^ MemberReference member notParser_ter ^ ^ ^ ^ member toFormatter_ter ^ ^ ^ ^ ^ ^ ^ 
arg 
arg 
PeriodFormatter f = toFormatter(elementPairs.getPrinter(2, size), notPrinter, notParser);

LocalVariableDeclaration type ReferenceType name PeriodFormatter_ter ^ ^ ^ ^ declarators VariableDeclarator name f_ter ^ ^ initializer MethodInvocation arguments MemberReference member notPrinter_ter ^ ^ ^ MethodInvocation qualifier elementPairs_ter ^ ^ arguments Literal value 2_ter ^ ^ ^ MemberReference member size_ter ^ ^ ^ ^ member subList_ter ^ ^ ^ ^ member toFormatter_ter ^ ^ ^ ^ ^ ^ ^ 
arg 
arg 
PeriodFormatter f = toFormatter(notPrinter, elementPairs.subList(2, size));

LocalVariableDeclaration type ReferenceType name PeriodFormatter_ter ^ ^ ^ ^ declarators VariableDeclarator name f_ter ^ ^ initializer MethodInvocation arguments MemberReference member size_ter ^ ^ ^ MemberReference member notPrinter_ter ^ ^ ^ ^ member toFormatter_ter ^ ^ ^ ^ ^ ^ ^ 
arg 
arg 
PeriodFormatter f = toFormatter(size, notPrinter);

LocalVariableDeclaration type ReferenceType name PeriodFormatter_ter ^ ^ ^ ^ declarators VariableDeclarator name f_ter ^ ^ initializer MethodInvocation arguments MethodInvocation qualifier comp_ter ^ ^ arguments Literal value 2_ter ^ ^ ^ MemberReference member size_ter ^ ^ ^ ^ member subList_ter ^ ^ ^ MemberReference member notPrinter_ter ^ ^ ^ MemberReference member notParser_ter ^ ^ ^ ^ member toFormatter_ter ^ ^ ^ ^ ^ ^ ^ 
arg 
arg 
PeriodFormatter f = toFormatter(comp.subList(2, size), notPrinter, notParser);

LocalVariableDeclaration type ReferenceType name PeriodFormatter_ter ^ ^ ^ ^ declarators VariableDeclarator name f_ter ^ ^ initializer MethodInvocation arguments MemberReference member elementPairs_ter ^ ^ ^ MemberReference member notPrinter_ter ^ ^ ^ ^ member toFormatter_ter ^ ^ ^ ^ ^ ^ ^ 
arg 
arg 
PeriodFormatter f = toFormatter(elementPairs, notPrinter);

LocalVariableDeclaration type ReferenceType name PeriodFormatter_ter ^ ^ ^ ^ declarators VariableDeclarator name f_ter ^ ^ initializer MethodInvocation arguments MethodInvocation qualifier elementPairs_ter ^ ^ arguments Literal value 2_ter ^ ^ ^ MemberReference member f_ter ^ ^ ^ ^ member subList_ter ^ ^ ^ MemberReference member notPrinter_ter ^ ^ ^ MemberReference member notParser_ter ^ ^ ^ ^ member toFormatter_ter ^ ^ ^ ^ ^ ^ ^ 
arg 
arg 
PeriodFormatter f = toFormatter(elementPairs.subList(2, f), notPrinter, notParser);

IfStatement condition BinaryOperation operator !=_ter ^ ^ operandl MemberReference member size_ter ^ ^ ^ ^ operandr Literal value 2_ter ^ ^ ^ ^ ^ ^ ^ 
if((size != 2)){

LocalVariableDeclaration type ReferenceType name PeriodFormatter_ter ^ ^ ^ ^ declarators VariableDeclarator name f_ter ^ ^ initializer MethodInvocation qualifier elementPairs_ter ^ ^ arguments Literal value 2_ter ^ ^ ^ MemberReference member size_ter ^ ^ ^ ^ member subList_ter ^ ^ ^ ^ ^ ^ ^ 
arg 
arg 
PeriodFormatter f = elementPairs.subList(2, size);

LocalVariableDeclaration type ReferenceType name PeriodFormatter_ter ^ ^ ^ ^ declarators VariableDeclarator name f_ter ^ ^ initializer MethodInvocation arguments MethodInvocation qualifier elementPairs_ter ^ ^ arguments Literal prefix_operators -_ter ^ ^ value 1_ter ^ ^ ^ MemberReference member size_ter ^ ^ ^ ^ member subList_ter ^ ^ ^ MemberReference member notPrinter_ter ^ ^ ^ MemberReference member notParser_ter ^ ^ ^ ^ member toFormatter_ter ^ ^ ^ ^ ^ ^ ^ 
arg 
arg 
PeriodFormatter f = toFormatter(elementPairs.subList(-1, size), notPrinter, notParser);

LocalVariableDeclaration type ReferenceType name PeriodFormatter_ter ^ ^ ^ ^ declarators VariableDeclarator name f_ter ^ ^ initializer MethodInvocation arguments MethodInvocation qualifier elementPairs_ter ^ ^ arguments Literal value 2_ter ^ ^ ^ MemberReference member size_ter ^ ^ ^ ^ member subList_ter ^ ^ ^ MemberReference member notPrinter_ter ^ ^ ^ MemberReference member f_ter ^ ^ ^ ^ member toFormatter_ter ^ ^ ^ ^ ^ ^ ^ 
arg 
arg 
PeriodFormatter f = toFormatter(elementPairs.subList(2, size), notPrinter, f);

LocalVariableDeclaration type ReferenceType name PeriodFormatter_ter ^ ^ ^ ^ declarators VariableDeclarator name f_ter ^ ^ initializer MethodInvocation arguments MethodInvocation qualifier elementPairs_ter ^ ^ arguments Literal value 2_ter ^ ^ ^ MemberReference member size_ter ^ ^ ^ ^ member subList_ter ^ ^ ^ MemberReference member f_ter ^ ^ ^ MemberReference member notParser_ter ^ ^ ^ ^ member toFormatter_ter ^ ^ ^ ^ ^ ^ ^ 
arg 
arg 
PeriodFormatter f = toFormatter(elementPairs.subList(2, size), f, notParser);

LocalVariableDeclaration type ReferenceType name PeriodFormatter_ter ^ ^ ^ ^ declarators VariableDeclarator name f_ter ^ ^ initializer MethodInvocation arguments MethodInvocation qualifier elementPairs_ter ^ ^ arguments Literal value 2_ter ^ ^ ^ MemberReference member size_ter ^ ^ ^ ^ member getParser_ter ^ ^ ^ MemberReference member notPrinter_ter ^ ^ ^ MemberReference member notParser_ter ^ ^ ^ ^ member toFormatter_ter ^ ^ ^ ^ ^ ^ ^ 
arg 
arg 
PeriodFormatter f = toFormatter(elementPairs.getParser(2, size), notPrinter, notParser);

LocalVariableDeclaration type ReferenceType name PeriodFormatter_ter ^ ^ ^ ^ declarators VariableDeclarator name f_ter ^ ^ initializer MethodInvocation arguments MemberReference member elementPairs_ter ^ ^ ^ MethodInvocation qualifier elementPairs_ter ^ ^ arguments Literal value 2_ter ^ ^ ^ MemberReference member size_ter ^ ^ ^ ^ member subList_ter ^ ^ ^ MemberReference member notParser_ter ^ ^ ^ ^ member toFormatter_ter ^ ^ ^ ^ ^ ^ ^ 
arg 
arg 
PeriodFormatter f = toFormatter(elementPairs, elementPairs.subList(2, size), notParser);

LocalVariableDeclaration type ReferenceType name PeriodFormatter_ter ^ ^ ^ ^ declarators VariableDeclarator name f_ter ^ ^ initializer MethodInvocation arguments MethodInvocation qualifier elementPairs_ter ^ ^ arguments Literal value 2_ter ^ ^ ^ MemberReference member size_ter ^ ^ ^ ^ member subList_ter ^ ^ ^ MemberReference member notPrinter_ter ^ ^ ^ MemberReference member notParser_ter ^ ^ ^ ^ member finish_ter ^ ^ ^ ^ ^ ^ ^ 
arg 
arg 
PeriodFormatter f = finish(elementPairs.subList(2, size), notPrinter, notParser);

LocalVariableDeclaration type ReferenceType name PeriodFormatter_ter ^ ^ ^ ^ declarators VariableDeclarator name f_ter ^ ^ initializer MethodInvocation arguments MethodInvocation qualifier elementPairs_ter ^ ^ arguments Literal value 2_ter ^ ^ ^ MemberReference member size_ter ^ ^ ^ ^ member subList_ter ^ ^ ^ MemberReference member notPrinter_ter ^ ^ ^ MemberReference member elementPairs_ter ^ ^ ^ ^ member toFormatter_ter ^ ^ ^ ^ ^ ^ ^ 
arg 
arg 
PeriodFormatter f = toFormatter(elementPairs.subList(2, size), notPrinter, elementPairs);

StatementExpression expression MethodInvocation arguments MethodInvocation qualifier elementPairs_ter ^ ^ arguments Literal value 2_ter ^ ^ ^ MemberReference member size_ter ^ ^ ^ ^ member subList_ter ^ ^ ^ MemberReference member notPrinter_ter ^ ^ ^ MemberReference member notParser_ter ^ ^ ^ ^ member toFormatter_ter ^ ^ ^ ^ ^ 
toFormatter(elementPairs.subList(2, size), notPrinter, notParser);

LocalVariableDeclaration type ReferenceType name PeriodFormatter_ter ^ ^ ^ ^ declarators VariableDeclarator name f_ter ^ ^ initializer MethodInvocation arguments MemberReference member notPrinter_ter ^ ^ ^ MemberReference member size_ter ^ ^ ^ ^ member toFormatter_ter ^ ^ ^ ^ ^ ^ ^ 
arg 
arg 
PeriodFormatter f = toFormatter(notPrinter, size);

IfStatement condition BinaryOperation operator !=_ter ^ ^ operandl MemberReference member elementPairs_ter ^ ^ ^ ^ operandr Literal value 2_ter ^ ^ ^ ^ ^ ^ ^ 
if((elementPairs != 2)){

LocalVariableDeclaration type ReferenceType name PeriodFormatter_ter ^ ^ ^ ^ declarators VariableDeclarator name f_ter ^ ^ initializer MethodInvocation arguments MethodInvocation qualifier elementPairs_ter ^ ^ arguments Literal value 2_ter ^ ^ ^ MemberReference member size_ter ^ ^ ^ ^ member subList_ter ^ ^ ^ MemberReference member notPrinter_ter ^ ^ ^ MemberReference member notPrinter_ter ^ ^ ^ ^ member toFormatter_ter ^ ^ ^ ^ ^ ^ ^ 
arg 
arg 
PeriodFormatter f = toFormatter(elementPairs.subList(2, size), notPrinter, notPrinter);

LocalVariableDeclaration type ReferenceType name PeriodFormatter_ter ^ ^ ^ ^ declarators VariableDeclarator name f_ter ^ ^ initializer MethodInvocation arguments MethodInvocation qualifier elementPairs_ter ^ ^ arguments Literal value 2_ter ^ ^ ^ MemberReference member size_ter ^ ^ ^ ^ member subList_ter ^ ^ ^ MemberReference member elementPairs_ter ^ ^ ^ MemberReference member notParser_ter ^ ^ ^ ^ member toFormatter_ter ^ ^ ^ ^ ^ ^ ^ 
arg 
arg 
PeriodFormatter f = toFormatter(elementPairs.subList(2, size), elementPairs, notParser);

LocalVariableDeclaration type ReferenceType name PeriodFormatter_ter ^ ^ ^ ^ declarators VariableDeclarator name f_ter ^ ^ initializer MethodInvocation arguments MethodInvocation qualifier elementPairs_ter ^ ^ arguments Literal value 2_ter ^ ^ ^ MemberReference member size_ter ^ ^ ^ ^ member subList_ter ^ ^ ^ MemberReference member notPrinter_ter ^ ^ ^ MemberReference member notParser_ter ^ ^ ^ ^ member get_ter ^ ^ ^ ^ ^ ^ ^ 
arg 
arg 
PeriodFormatter f = get(elementPairs.subList(2, size), notPrinter, notParser);

StatementExpression expression MethodInvocation member clear_ter ^ ^ ^ ^ ^ 
clear();

StatementExpression expression MethodInvocation member clearPrefix_ter ^ ^ ^ ^ ^ 
clearPrefix();

IfStatement condition BinaryOperation operator ==_ter ^ ^ operandl MemberReference member sep_ter ^ ^ ^ ^ operandr Literal value 2_ter ^ ^ ^ ^ ^ ^ ^ 
if((sep == 2)){

LocalVariableDeclaration type ReferenceType name PeriodFormatter_ter ^ ^ ^ ^ declarators VariableDeclarator name f_ter ^ ^ initializer MethodInvocation arguments MemberReference member elementPairs_ter ^ ^ ^ MemberReference member notParser_ter ^ ^ ^ MethodInvocation qualifier elementPairs_ter ^ ^ arguments Literal value 2_ter ^ ^ ^ MemberReference member size_ter ^ ^ ^ ^ member subList_ter ^ ^ ^ ^ member toFormatter_ter ^ ^ ^ ^ ^ ^ ^ 
arg 
arg 
PeriodFormatter f = toFormatter(elementPairs, notParser, elementPairs.subList(2, size));

stderr: 