stdout: ReturnStatement expression MethodInvocation arguments MethodInvocation arguments MemberReference member version_ter ^ ^ ^ MemberReference member JAVA_VERSION_TRIM_SIZE_ter ^ ^ ^ ^ member toJavaVersionIntArray_ter ^ ^ ^ ^ member toVersionInt_ter ^ ^ ^ ^ ^ 
return toVersionInt(toJavaVersionIntArray(version, JAVA_VERSION_TRIM_SIZE));
ReturnStatement expression MethodInvocation arguments MethodInvocation arguments MemberReference member version_ter ^ ^ ^ MemberReference member JAVA_VERSION_INT_ter ^ ^ ^ ^ member toJavaVersionIntArray_ter ^ ^ ^ ^ member toVersionInt_ter ^ ^ ^ ^ ^ 
return toVersionInt(toJavaVersionIntArray(version, JAVA_VERSION_INT));
ReturnStatement expression MethodInvocation arguments MethodInvocation arguments MemberReference member version_ter ^ ^ ^ MemberReference member version_ter ^ ^ ^ ^ member toJavaVersionIntArray_ter ^ ^ ^ ^ member toVersionInt_ter ^ ^ ^ ^ ^ 
return toVersionInt(toJavaVersionIntArray(version, version));
ReturnStatement expression MethodInvocation arguments MethodInvocation arguments MemberReference member version_ter ^ ^ ^ MemberReference qualifier JAVA_VERSION_TRIM_SIZE_ter ^ ^ member JAVA_VERSION_TRIM_SIZE_ter ^ ^ ^ ^ member toJavaVersionIntArray_ter ^ ^ ^ ^ member toVersionInt_ter ^ ^ ^ ^ ^ 
return toVersionInt(toJavaVersionIntArray(version, JAVA_VERSION_TRIM_SIZE.JAVA_VERSION_TRIM_SIZE));
ReturnStatement expression MethodInvocation arguments MethodInvocation arguments MemberReference member version_ter ^ ^ ^ MemberReference qualifier JAVA_VERSION_INT_ter ^ ^ member JAVA_VERSION_TRIM_SIZE_ter ^ ^ ^ ^ member toJavaVersionIntArray_ter ^ ^ ^ ^ member toVersionInt_ter ^ ^ ^ ^ ^ 
return toVersionInt(toJavaVersionIntArray(version, JAVA_VERSION_INT.JAVA_VERSION_TRIM_SIZE));
ReturnStatement expression MethodInvocation arguments MethodInvocation arguments MemberReference member version_ter ^ ^ ^ MemberReference qualifier MethodInvocation member getJavaVersionAsInt_ter ^ ^ ^ ^ member JAVA_VERSION_TRIM_SIZE_ter ^ ^ ^ ^ member toJavaVersionIntArray_ter ^ ^ ^ ^ member toVersionInt_ter ^ ^ ^ ^ ^ 
return toVersionInt(toJavaVersionIntArray(version, getJavaVersionAsInt().JAVA_VERSION_TRIM_SIZE));
ReturnStatement expression MethodInvocation arguments MemberReference member version_ter ^ ^ ^ MemberReference member JAVA_VERSION_TRIM_SIZE_ter ^ ^ ^ ^ member toVersionInt_ter ^ ^ ^ ^ ^ 
return toVersionInt(version, JAVA_VERSION_TRIM_SIZE);
ReturnStatement expression MethodInvocation arguments MemberReference member JAVA_VERSION_TRIM_SIZE_ter ^ ^ ^ MemberReference member version_ter ^ ^ ^ ^ member toVersionInt_ter ^ ^ ^ ^ ^ 
return toVersionInt(JAVA_VERSION_TRIM_SIZE, version);
ReturnStatement expression MethodInvocation arguments MemberReference member version_ter ^ ^ ^ ^ member toVersionInt_ter ^ ^ ^ ^ ^ 
return toVersionInt(version);
ReturnStatement expression MethodInvocation arguments MemberReference member JAVA_VERSION_TRIM_SIZE_ter ^ ^ ^ ^ member toVersionInt_ter ^ ^ ^ ^ ^ 
return toVersionInt(JAVA_VERSION_TRIM_SIZE);
ReturnStatement expression MethodInvocation arguments MethodInvocation arguments MemberReference member version_ter ^ ^ ^ MemberReference member JAVA_VERSION_TRIM_SIZE_ter ^ ^ ^ ^ member toJavaVersionInt_ter ^ ^ ^ ^ member toVersionInt_ter ^ ^ ^ ^ ^ 
return toVersionInt(toJavaVersionInt(version, JAVA_VERSION_TRIM_SIZE));
ReturnStatement expression MethodInvocation arguments MethodInvocation arguments MemberReference member version_ter ^ ^ ^ ^ member toJavaVersionIntArray_ter ^ ^ ^ ^ member toVersionInt_ter ^ ^ ^ ^ ^ 
return toVersionInt(toJavaVersionIntArray(version));
ReturnStatement expression MethodInvocation arguments MethodInvocation arguments MemberReference member JAVA_VERSION_TRIM_SIZE_ter ^ ^ ^ MemberReference member version_ter ^ ^ ^ ^ member toJavaVersionIntArray_ter ^ ^ ^ ^ member toVersionInt_ter ^ ^ ^ ^ ^ 
return toVersionInt(toJavaVersionIntArray(JAVA_VERSION_TRIM_SIZE, version));
ReturnStatement expression MethodInvocation arguments MemberReference member JAVA_VERSION_TRIM_SIZE_ter ^ ^ ^ MethodInvocation arguments MemberReference member version_ter ^ ^ ^ ^ member toJavaVersionIntArray_ter ^ ^ ^ ^ member toVersionInt_ter ^ ^ ^ ^ ^ 
return toVersionInt(JAVA_VERSION_TRIM_SIZE, toJavaVersionIntArray(version));
ReturnStatement expression MethodInvocation arguments MethodInvocation arguments MemberReference member version_ter ^ ^ ^ MemberReference member JAVA_VERSION_TRIM_SIZE_ter ^ ^ ^ ^ member toJavaVersionIntArray_ter ^ ^ ^ Literal value false_ter ^ ^ ^ ^ member toVersionInt_ter ^ ^ ^ ^ ^ 
return toVersionInt(toJavaVersionIntArray(version, JAVA_VERSION_TRIM_SIZE), false);
ReturnStatement expression MethodInvocation arguments MethodInvocation arguments MemberReference member JAVA_VERSION_TRIM_SIZE_ter ^ ^ ^ ^ member toJavaVersionIntArray_ter ^ ^ ^ ^ member toVersionInt_ter ^ ^ ^ ^ ^ 
return toVersionInt(toJavaVersionIntArray(JAVA_VERSION_TRIM_SIZE));
ReturnStatement expression MethodInvocation arguments MemberReference member version_ter ^ ^ ^ MemberReference member JAVA_VERSION_TRIM_SIZE_ter ^ ^ ^ ^ member toJavaVersionIntArray_ter ^ ^ ^ ^ ^ 
return toJavaVersionIntArray(version, JAVA_VERSION_TRIM_SIZE);
ReturnStatement expression MethodInvocation arguments MemberReference member version_ter ^ ^ ^ Literal value false_ter ^ ^ ^ ^ member toVersionInt_ter ^ ^ ^ ^ ^ 
return toVersionInt(version, false);
ReturnStatement expression MethodInvocation arguments MethodInvocation arguments MethodInvocation arguments MemberReference member version_ter ^ ^ ^ MemberReference member JAVA_VERSION_TRIM_SIZE_ter ^ ^ ^ ^ member toJavaVersionIntArray_ter ^ ^ ^ ^ member toVersionInt_ter ^ ^ ^ ^ member toVersionInt_ter ^ ^ ^ ^ ^ 
return toVersionInt(toVersionInt(toJavaVersionIntArray(version, JAVA_VERSION_TRIM_SIZE)));
ReturnStatement expression MethodInvocation arguments MethodInvocation arguments MemberReference member version_ter ^ ^ ^ MemberReference member JAVA_VERSION_TRIM_SIZE_ter ^ ^ ^ ^ member toJavaVersionIntArray_ter ^ ^ ^ Literal value true_ter ^ ^ ^ ^ member toVersionInt_ter ^ ^ ^ ^ ^ 
return toVersionInt(toJavaVersionIntArray(version, JAVA_VERSION_TRIM_SIZE), true);
ReturnStatement expression MethodInvocation arguments MethodInvocation arguments MemberReference member version_ter ^ ^ ^ Literal value false_ter ^ ^ ^ ^ member toJavaVersionIntArray_ter ^ ^ ^ ^ member toVersionInt_ter ^ ^ ^ ^ ^ 
return toVersionInt(toJavaVersionIntArray(version, false));
ReturnStatement expression MethodInvocation arguments MemberReference member version_ter ^ ^ ^ Literal value true_ter ^ ^ ^ ^ member toVersionInt_ter ^ ^ ^ ^ ^ 
return toVersionInt(version, true);
ReturnStatement expression MethodInvocation arguments MethodInvocation arguments MemberReference member version_ter ^ ^ ^ MemberReference member JAVA_VERSION_TRIM_SIZE_ter ^ ^ ^ ^ member toJavaVersionIntArray_ter ^ ^ ^ ^ member toJavaVersionInt_ter ^ ^ ^ ^ ^ 
return toJavaVersionInt(toJavaVersionIntArray(version, JAVA_VERSION_TRIM_SIZE));
ReturnStatement expression MethodInvocation arguments MethodInvocation arguments MemberReference member version_ter ^ ^ ^ MemberReference member JAVA_VERSION_TRIM_SIZE_ter ^ ^ ^ ^ member toJavaVersionIntArray_ter ^ ^ ^ MemberReference member version_ter ^ ^ ^ ^ member toVersionInt_ter ^ ^ ^ ^ ^ 
return toVersionInt(toJavaVersionIntArray(version, JAVA_VERSION_TRIM_SIZE), version);
ReturnStatement expression MethodInvocation arguments MemberReference member JAVA_VERSION_TRIM_SIZE_ter ^ ^ ^ MethodInvocation arguments MemberReference member version_ter ^ ^ ^ MemberReference member JAVA_VERSION_TRIM_SIZE_ter ^ ^ ^ ^ member toJavaVersionIntArray_ter ^ ^ ^ ^ member toVersionInt_ter ^ ^ ^ ^ ^ 
return toVersionInt(JAVA_VERSION_TRIM_SIZE, toJavaVersionIntArray(version, JAVA_VERSION_TRIM_SIZE));
ReturnStatement expression MethodInvocation arguments MethodInvocation arguments MemberReference member version_ter ^ ^ ^ MemberReference member JAVA_VERSION_TRIM_SIZE_ter ^ ^ ^ ^ member toJavaVersionIntArray_ter ^ ^ ^ MemberReference member JAVA_VERSION_TRIM_SIZE_ter ^ ^ ^ ^ member toVersionInt_ter ^ ^ ^ ^ ^ 
return toVersionInt(toJavaVersionIntArray(version, JAVA_VERSION_TRIM_SIZE), JAVA_VERSION_TRIM_SIZE);
ReturnStatement expression MethodInvocation arguments MethodInvocation arguments MemberReference member version_ter ^ ^ ^ MemberReference member par1 ^ ^ ^ ^ member toJavaVersionIntArray_ter ^ ^ ^ ^ member toVersionInt_ter ^ ^ ^ ^ ^ 
return toVersionInt(toJavaVersionIntArray(version, ));

ReturnStatement expression MethodInvocation member toVersionInt_ter ^ ^ ^ ^ ^ 
return toVersionInt();
ReturnStatement expression MethodInvocation arguments MemberReference member JAVA_VERSION_TRIM_SIZE_ter ^ ^ ^ MemberReference member JAVA_VERSION_TRIM_SIZE_ter ^ ^ ^ ^ member toVersionInt_ter ^ ^ ^ ^ ^ 
return toVersionInt(JAVA_VERSION_TRIM_SIZE, JAVA_VERSION_TRIM_SIZE);
ReturnStatement expression MethodInvocation arguments MethodInvocation arguments MemberReference member version_ter ^ ^ ^ Literal value true_ter ^ ^ ^ ^ member toJavaVersionIntArray_ter ^ ^ ^ ^ member toVersionInt_ter ^ ^ ^ ^ ^ 
return toVersionInt(toJavaVersionIntArray(version, true));
ReturnStatement expression MethodInvocation arguments MemberReference member JAVA_VERSION_TRIM_SIZE_ter ^ ^ ^ Literal value false_ter ^ ^ ^ ^ member toVersionInt_ter ^ ^ ^ ^ ^ 
return toVersionInt(JAVA_VERSION_TRIM_SIZE, false);
ReturnStatement expression MethodInvocation arguments MemberReference member JAVA_VERSION_TRIM_SIZE_ter ^ ^ ^ MethodInvocation arguments MemberReference member OS_NAME_WINDOWS_PREFIX_ter ^ ^ ^ ^ member toJavaVersionIntArray_ter ^ ^ ^ ^ member toVersionInt_ter ^ ^ ^ ^ ^ 
return toVersionInt(JAVA_VERSION_TRIM_SIZE, toJavaVersionIntArray(OS_NAME_WINDOWS_PREFIX));
ReturnStatement expression MethodInvocation arguments MemberReference member JAVA_VERSION_TRIM_SIZE_ter ^ ^ ^ MethodInvocation arguments MemberReference member USER_HOME_KEY_ter ^ ^ ^ ^ member toJavaVersionIntArray_ter ^ ^ ^ ^ member toVersionInt_ter ^ ^ ^ ^ ^ 
return toVersionInt(JAVA_VERSION_TRIM_SIZE, toJavaVersionIntArray(USER_HOME_KEY));
ReturnStatement expression MethodInvocation arguments MemberReference member JAVA_VERSION_TRIM_SIZE_ter ^ ^ ^ MethodInvocation arguments MemberReference member USER_DIR_KEY_ter ^ ^ ^ ^ member toJavaVersionIntArray_ter ^ ^ ^ ^ member toVersionInt_ter ^ ^ ^ ^ ^ 
return toVersionInt(JAVA_VERSION_TRIM_SIZE, toJavaVersionIntArray(USER_DIR_KEY));
ReturnStatement expression MethodInvocation arguments MemberReference member JAVA_VERSION_TRIM_SIZE_ter ^ ^ ^ MethodInvocation arguments MemberReference member JAVA_IO_TMPDIR_KEY_ter ^ ^ ^ ^ member toJavaVersionIntArray_ter ^ ^ ^ ^ member toVersionInt_ter ^ ^ ^ ^ ^ 
return toVersionInt(JAVA_VERSION_TRIM_SIZE, toJavaVersionIntArray(JAVA_IO_TMPDIR_KEY));
ReturnStatement expression MethodInvocation arguments MemberReference member JAVA_VERSION_TRIM_SIZE_ter ^ ^ ^ MethodInvocation arguments MemberReference member JAVA_HOME_KEY_ter ^ ^ ^ ^ member toJavaVersionIntArray_ter ^ ^ ^ ^ member toVersionInt_ter ^ ^ ^ ^ ^ 
return toVersionInt(JAVA_VERSION_TRIM_SIZE, toJavaVersionIntArray(JAVA_HOME_KEY));
ReturnStatement expression MethodInvocation arguments MemberReference member JAVA_VERSION_TRIM_SIZE_ter ^ ^ ^ MethodInvocation arguments MemberReference member AWT_TOOLKIT_ter ^ ^ ^ ^ member toJavaVersionIntArray_ter ^ ^ ^ ^ member toVersionInt_ter ^ ^ ^ ^ ^ 
return toVersionInt(JAVA_VERSION_TRIM_SIZE, toJavaVersionIntArray(AWT_TOOLKIT));
ReturnStatement expression MethodInvocation arguments MemberReference member JAVA_VERSION_TRIM_SIZE_ter ^ ^ ^ MethodInvocation arguments MemberReference member FILE_ENCODING_ter ^ ^ ^ ^ member toJavaVersionIntArray_ter ^ ^ ^ ^ member toVersionInt_ter ^ ^ ^ ^ ^ 
return toVersionInt(JAVA_VERSION_TRIM_SIZE, toJavaVersionIntArray(FILE_ENCODING));
ReturnStatement expression MethodInvocation arguments MemberReference member JAVA_VERSION_TRIM_SIZE_ter ^ ^ ^ MethodInvocation arguments MemberReference member FILE_SEPARATOR_ter ^ ^ ^ ^ member toJavaVersionIntArray_ter ^ ^ ^ ^ member toVersionInt_ter ^ ^ ^ ^ ^ 
return toVersionInt(JAVA_VERSION_TRIM_SIZE, toJavaVersionIntArray(FILE_SEPARATOR));
ReturnStatement expression MethodInvocation arguments MemberReference member JAVA_VERSION_TRIM_SIZE_ter ^ ^ ^ MethodInvocation arguments MemberReference member JAVA_AWT_FONTS_ter ^ ^ ^ ^ member toJavaVersionIntArray_ter ^ ^ ^ ^ member toVersionInt_ter ^ ^ ^ ^ ^ 
return toVersionInt(JAVA_VERSION_TRIM_SIZE, toJavaVersionIntArray(JAVA_AWT_FONTS));
ReturnStatement expression MethodInvocation arguments MemberReference member JAVA_VERSION_TRIM_SIZE_ter ^ ^ ^ MethodInvocation arguments MemberReference member JAVA_AWT_GRAPHICSENV_ter ^ ^ ^ ^ member toJavaVersionIntArray_ter ^ ^ ^ ^ member toVersionInt_ter ^ ^ ^ ^ ^ 
return toVersionInt(JAVA_VERSION_TRIM_SIZE, toJavaVersionIntArray(JAVA_AWT_GRAPHICSENV));
ReturnStatement expression MethodInvocation arguments MemberReference member JAVA_VERSION_TRIM_SIZE_ter ^ ^ ^ MethodInvocation arguments MemberReference member JAVA_AWT_HEADLESS_ter ^ ^ ^ ^ member toJavaVersionIntArray_ter ^ ^ ^ ^ member toVersionInt_ter ^ ^ ^ ^ ^ 
return toVersionInt(JAVA_VERSION_TRIM_SIZE, toJavaVersionIntArray(JAVA_AWT_HEADLESS));
ReturnStatement expression MethodInvocation arguments MemberReference member JAVA_VERSION_TRIM_SIZE_ter ^ ^ ^ MethodInvocation arguments MemberReference member JAVA_AWT_PRINTERJOB_ter ^ ^ ^ ^ member toJavaVersionIntArray_ter ^ ^ ^ ^ member toVersionInt_ter ^ ^ ^ ^ ^ 
return toVersionInt(JAVA_VERSION_TRIM_SIZE, toJavaVersionIntArray(JAVA_AWT_PRINTERJOB));
ReturnStatement expression MethodInvocation arguments MemberReference member JAVA_VERSION_TRIM_SIZE_ter ^ ^ ^ MethodInvocation arguments MemberReference member JAVA_CLASS_PATH_ter ^ ^ ^ ^ member toJavaVersionIntArray_ter ^ ^ ^ ^ member toVersionInt_ter ^ ^ ^ ^ ^ 
return toVersionInt(JAVA_VERSION_TRIM_SIZE, toJavaVersionIntArray(JAVA_CLASS_PATH));
ReturnStatement expression MethodInvocation arguments MemberReference member JAVA_VERSION_TRIM_SIZE_ter ^ ^ ^ MethodInvocation arguments MemberReference member JAVA_CLASS_VERSION_ter ^ ^ ^ ^ member toJavaVersionIntArray_ter ^ ^ ^ ^ member toVersionInt_ter ^ ^ ^ ^ ^ 
return toVersionInt(JAVA_VERSION_TRIM_SIZE, toJavaVersionIntArray(JAVA_CLASS_VERSION));
ReturnStatement expression MethodInvocation arguments MemberReference member JAVA_VERSION_TRIM_SIZE_ter ^ ^ ^ MethodInvocation arguments MemberReference member JAVA_COMPILER_ter ^ ^ ^ ^ member toJavaVersionIntArray_ter ^ ^ ^ ^ member toVersionInt_ter ^ ^ ^ ^ ^ 
return toVersionInt(JAVA_VERSION_TRIM_SIZE, toJavaVersionIntArray(JAVA_COMPILER));
ReturnStatement expression MethodInvocation arguments MemberReference member JAVA_VERSION_TRIM_SIZE_ter ^ ^ ^ MethodInvocation arguments MemberReference member JAVA_ENDORSED_DIRS_ter ^ ^ ^ ^ member toJavaVersionIntArray_ter ^ ^ ^ ^ member toVersionInt_ter ^ ^ ^ ^ ^ 
return toVersionInt(JAVA_VERSION_TRIM_SIZE, toJavaVersionIntArray(JAVA_ENDORSED_DIRS));
ReturnStatement expression MethodInvocation arguments MemberReference member JAVA_VERSION_TRIM_SIZE_ter ^ ^ ^ MethodInvocation arguments MemberReference member JAVA_EXT_DIRS_ter ^ ^ ^ ^ member toJavaVersionIntArray_ter ^ ^ ^ ^ member toVersionInt_ter ^ ^ ^ ^ ^ 
return toVersionInt(JAVA_VERSION_TRIM_SIZE, toJavaVersionIntArray(JAVA_EXT_DIRS));
ReturnStatement expression MethodInvocation arguments MemberReference member JAVA_VERSION_TRIM_SIZE_ter ^ ^ ^ MethodInvocation arguments MemberReference member JAVA_HOME_ter ^ ^ ^ ^ member toJavaVersionIntArray_ter ^ ^ ^ ^ member toVersionInt_ter ^ ^ ^ ^ ^ 
return toVersionInt(JAVA_VERSION_TRIM_SIZE, toJavaVersionIntArray(JAVA_HOME));
ReturnStatement expression MethodInvocation arguments MemberReference member JAVA_VERSION_TRIM_SIZE_ter ^ ^ ^ MethodInvocation arguments MemberReference member JAVA_IO_TMPDIR_ter ^ ^ ^ ^ member toJavaVersionIntArray_ter ^ ^ ^ ^ member toVersionInt_ter ^ ^ ^ ^ ^ 
return toVersionInt(JAVA_VERSION_TRIM_SIZE, toJavaVersionIntArray(JAVA_IO_TMPDIR));
ReturnStatement expression MethodInvocation arguments MemberReference member JAVA_VERSION_TRIM_SIZE_ter ^ ^ ^ MethodInvocation arguments MemberReference member JAVA_LIBRARY_PATH_ter ^ ^ ^ ^ member toJavaVersionIntArray_ter ^ ^ ^ ^ member toVersionInt_ter ^ ^ ^ ^ ^ 
return toVersionInt(JAVA_VERSION_TRIM_SIZE, toJavaVersionIntArray(JAVA_LIBRARY_PATH));
ReturnStatement expression MethodInvocation arguments MemberReference member JAVA_VERSION_TRIM_SIZE_ter ^ ^ ^ MethodInvocation arguments MemberReference member JAVA_RUNTIME_NAME_ter ^ ^ ^ ^ member toJavaVersionIntArray_ter ^ ^ ^ ^ member toVersionInt_ter ^ ^ ^ ^ ^ 
return toVersionInt(JAVA_VERSION_TRIM_SIZE, toJavaVersionIntArray(JAVA_RUNTIME_NAME));
ReturnStatement expression MethodInvocation arguments MemberReference member JAVA_VERSION_TRIM_SIZE_ter ^ ^ ^ MethodInvocation arguments MemberReference member JAVA_RUNTIME_VERSION_ter ^ ^ ^ ^ member toJavaVersionIntArray_ter ^ ^ ^ ^ member toVersionInt_ter ^ ^ ^ ^ ^ 
return toVersionInt(JAVA_VERSION_TRIM_SIZE, toJavaVersionIntArray(JAVA_RUNTIME_VERSION));
ReturnStatement expression MethodInvocation arguments MemberReference member JAVA_VERSION_TRIM_SIZE_ter ^ ^ ^ MethodInvocation arguments MemberReference member JAVA_SPECIFICATION_NAME_ter ^ ^ ^ ^ member toJavaVersionIntArray_ter ^ ^ ^ ^ member toVersionInt_ter ^ ^ ^ ^ ^ 
return toVersionInt(JAVA_VERSION_TRIM_SIZE, toJavaVersionIntArray(JAVA_SPECIFICATION_NAME));
ReturnStatement expression MethodInvocation arguments MemberReference member JAVA_VERSION_TRIM_SIZE_ter ^ ^ ^ MethodInvocation arguments MemberReference member JAVA_SPECIFICATION_VENDOR_ter ^ ^ ^ ^ member toJavaVersionIntArray_ter ^ ^ ^ ^ member toVersionInt_ter ^ ^ ^ ^ ^ 
return toVersionInt(JAVA_VERSION_TRIM_SIZE, toJavaVersionIntArray(JAVA_SPECIFICATION_VENDOR));
ReturnStatement expression MethodInvocation arguments MemberReference member JAVA_VERSION_TRIM_SIZE_ter ^ ^ ^ MethodInvocation arguments MemberReference member JAVA_SPECIFICATION_VERSION_ter ^ ^ ^ ^ member toJavaVersionIntArray_ter ^ ^ ^ ^ member toVersionInt_ter ^ ^ ^ ^ ^ 
return toVersionInt(JAVA_VERSION_TRIM_SIZE, toJavaVersionIntArray(JAVA_SPECIFICATION_VERSION));
ReturnStatement expression MethodInvocation arguments MemberReference member JAVA_VERSION_TRIM_SIZE_ter ^ ^ ^ MethodInvocation arguments MemberReference member JAVA_UTIL_PREFS_PREFERENCES_FACTORY_ter ^ ^ ^ ^ member toJavaVersionIntArray_ter ^ ^ ^ ^ member toVersionInt_ter ^ ^ ^ ^ ^ 
return toVersionInt(JAVA_VERSION_TRIM_SIZE, toJavaVersionIntArray(JAVA_UTIL_PREFS_PREFERENCES_FACTORY));
ReturnStatement expression MethodInvocation arguments MemberReference member JAVA_VERSION_TRIM_SIZE_ter ^ ^ ^ MethodInvocation arguments MemberReference member JAVA_VENDOR_ter ^ ^ ^ ^ member toJavaVersionIntArray_ter ^ ^ ^ ^ member toVersionInt_ter ^ ^ ^ ^ ^ 
return toVersionInt(JAVA_VERSION_TRIM_SIZE, toJavaVersionIntArray(JAVA_VENDOR));
ReturnStatement expression MethodInvocation arguments MemberReference member JAVA_VERSION_TRIM_SIZE_ter ^ ^ ^ MethodInvocation arguments MemberReference member JAVA_VENDOR_URL_ter ^ ^ ^ ^ member toJavaVersionIntArray_ter ^ ^ ^ ^ member toVersionInt_ter ^ ^ ^ ^ ^ 
return toVersionInt(JAVA_VERSION_TRIM_SIZE, toJavaVersionIntArray(JAVA_VENDOR_URL));
ReturnStatement expression MethodInvocation arguments MemberReference member JAVA_VERSION_TRIM_SIZE_ter ^ ^ ^ MethodInvocation arguments MemberReference member JAVA_VERSION_ter ^ ^ ^ ^ member toJavaVersionIntArray_ter ^ ^ ^ ^ member toVersionInt_ter ^ ^ ^ ^ ^ 
return toVersionInt(JAVA_VERSION_TRIM_SIZE, toJavaVersionIntArray(JAVA_VERSION));
ReturnStatement expression MethodInvocation arguments MemberReference member JAVA_VERSION_TRIM_SIZE_ter ^ ^ ^ MethodInvocation arguments MemberReference member JAVA_VM_INFO_ter ^ ^ ^ ^ member toJavaVersionIntArray_ter ^ ^ ^ ^ member toVersionInt_ter ^ ^ ^ ^ ^ 
return toVersionInt(JAVA_VERSION_TRIM_SIZE, toJavaVersionIntArray(JAVA_VM_INFO));
ReturnStatement expression MethodInvocation arguments MemberReference member JAVA_VERSION_TRIM_SIZE_ter ^ ^ ^ MethodInvocation arguments MemberReference member JAVA_VM_NAME_ter ^ ^ ^ ^ member toJavaVersionIntArray_ter ^ ^ ^ ^ member toVersionInt_ter ^ ^ ^ ^ ^ 
return toVersionInt(JAVA_VERSION_TRIM_SIZE, toJavaVersionIntArray(JAVA_VM_NAME));
ReturnStatement expression MethodInvocation arguments MemberReference member JAVA_VERSION_TRIM_SIZE_ter ^ ^ ^ MethodInvocation arguments MemberReference member JAVA_VM_SPECIFICATION_NAME_ter ^ ^ ^ ^ member toJavaVersionIntArray_ter ^ ^ ^ ^ member toVersionInt_ter ^ ^ ^ ^ ^ 
return toVersionInt(JAVA_VERSION_TRIM_SIZE, toJavaVersionIntArray(JAVA_VM_SPECIFICATION_NAME));
ReturnStatement expression MethodInvocation arguments MemberReference member JAVA_VERSION_TRIM_SIZE_ter ^ ^ ^ MethodInvocation arguments MemberReference member JAVA_VM_SPECIFICATION_VENDOR_ter ^ ^ ^ ^ member toJavaVersionIntArray_ter ^ ^ ^ ^ member toVersionInt_ter ^ ^ ^ ^ ^ 
return toVersionInt(JAVA_VERSION_TRIM_SIZE, toJavaVersionIntArray(JAVA_VM_SPECIFICATION_VENDOR));
ReturnStatement expression MethodInvocation arguments MemberReference member JAVA_VERSION_TRIM_SIZE_ter ^ ^ ^ MethodInvocation arguments MemberReference member JAVA_VM_SPECIFICATION_VERSION_ter ^ ^ ^ ^ member toJavaVersionIntArray_ter ^ ^ ^ ^ member toVersionInt_ter ^ ^ ^ ^ ^ 
return toVersionInt(JAVA_VERSION_TRIM_SIZE, toJavaVersionIntArray(JAVA_VM_SPECIFICATION_VERSION));
ReturnStatement expression MethodInvocation arguments MemberReference member JAVA_VERSION_TRIM_SIZE_ter ^ ^ ^ MethodInvocation arguments MemberReference member JAVA_VM_VENDOR_ter ^ ^ ^ ^ member toJavaVersionIntArray_ter ^ ^ ^ ^ member toVersionInt_ter ^ ^ ^ ^ ^ 
return toVersionInt(JAVA_VERSION_TRIM_SIZE, toJavaVersionIntArray(JAVA_VM_VENDOR));
ReturnStatement expression MethodInvocation arguments MemberReference member JAVA_VERSION_TRIM_SIZE_ter ^ ^ ^ MethodInvocation arguments MemberReference member JAVA_VM_VERSION_ter ^ ^ ^ ^ member toJavaVersionIntArray_ter ^ ^ ^ ^ member toVersionInt_ter ^ ^ ^ ^ ^ 
return toVersionInt(JAVA_VERSION_TRIM_SIZE, toJavaVersionIntArray(JAVA_VM_VERSION));
ReturnStatement expression MethodInvocation arguments MemberReference member JAVA_VERSION_TRIM_SIZE_ter ^ ^ ^ MethodInvocation arguments MemberReference member LINE_SEPARATOR_ter ^ ^ ^ ^ member toJavaVersionIntArray_ter ^ ^ ^ ^ member toVersionInt_ter ^ ^ ^ ^ ^ 
return toVersionInt(JAVA_VERSION_TRIM_SIZE, toJavaVersionIntArray(LINE_SEPARATOR));
ReturnStatement expression MethodInvocation arguments MemberReference member JAVA_VERSION_TRIM_SIZE_ter ^ ^ ^ MethodInvocation arguments MemberReference member OS_ARCH_ter ^ ^ ^ ^ member toJavaVersionIntArray_ter ^ ^ ^ ^ member toVersionInt_ter ^ ^ ^ ^ ^ 
return toVersionInt(JAVA_VERSION_TRIM_SIZE, toJavaVersionIntArray(OS_ARCH));
ReturnStatement expression MethodInvocation arguments MemberReference member JAVA_VERSION_TRIM_SIZE_ter ^ ^ ^ MethodInvocation arguments MemberReference member OS_NAME_ter ^ ^ ^ ^ member toJavaVersionIntArray_ter ^ ^ ^ ^ member toVersionInt_ter ^ ^ ^ ^ ^ 
return toVersionInt(JAVA_VERSION_TRIM_SIZE, toJavaVersionIntArray(OS_NAME));
ReturnStatement expression MethodInvocation arguments MemberReference member JAVA_VERSION_TRIM_SIZE_ter ^ ^ ^ MethodInvocation arguments MemberReference member OS_VERSION_ter ^ ^ ^ ^ member toJavaVersionIntArray_ter ^ ^ ^ ^ member toVersionInt_ter ^ ^ ^ ^ ^ 
return toVersionInt(JAVA_VERSION_TRIM_SIZE, toJavaVersionIntArray(OS_VERSION));
ReturnStatement expression MethodInvocation arguments MemberReference member JAVA_VERSION_TRIM_SIZE_ter ^ ^ ^ MethodInvocation arguments MemberReference member PATH_SEPARATOR_ter ^ ^ ^ ^ member toJavaVersionIntArray_ter ^ ^ ^ ^ member toVersionInt_ter ^ ^ ^ ^ ^ 
return toVersionInt(JAVA_VERSION_TRIM_SIZE, toJavaVersionIntArray(PATH_SEPARATOR));
ReturnStatement expression MethodInvocation arguments MemberReference member JAVA_VERSION_TRIM_SIZE_ter ^ ^ ^ MethodInvocation arguments MemberReference member USER_COUNTRY_ter ^ ^ ^ ^ member toJavaVersionIntArray_ter ^ ^ ^ ^ member toVersionInt_ter ^ ^ ^ ^ ^ 
return toVersionInt(JAVA_VERSION_TRIM_SIZE, toJavaVersionIntArray(USER_COUNTRY));
ReturnStatement expression MethodInvocation arguments MemberReference member JAVA_VERSION_TRIM_SIZE_ter ^ ^ ^ MethodInvocation arguments MemberReference member USER_DIR_ter ^ ^ ^ ^ member toJavaVersionIntArray_ter ^ ^ ^ ^ member toVersionInt_ter ^ ^ ^ ^ ^ 
return toVersionInt(JAVA_VERSION_TRIM_SIZE, toJavaVersionIntArray(USER_DIR));
ReturnStatement expression MethodInvocation arguments MemberReference member JAVA_VERSION_TRIM_SIZE_ter ^ ^ ^ MethodInvocation arguments MemberReference member USER_HOME_ter ^ ^ ^ ^ member toJavaVersionIntArray_ter ^ ^ ^ ^ member toVersionInt_ter ^ ^ ^ ^ ^ 
return toVersionInt(JAVA_VERSION_TRIM_SIZE, toJavaVersionIntArray(USER_HOME));
ReturnStatement expression MethodInvocation arguments MemberReference member JAVA_VERSION_TRIM_SIZE_ter ^ ^ ^ MethodInvocation arguments MemberReference member USER_LANGUAGE_ter ^ ^ ^ ^ member toJavaVersionIntArray_ter ^ ^ ^ ^ member toVersionInt_ter ^ ^ ^ ^ ^ 
return toVersionInt(JAVA_VERSION_TRIM_SIZE, toJavaVersionIntArray(USER_LANGUAGE));
ReturnStatement expression MethodInvocation arguments MemberReference member JAVA_VERSION_TRIM_SIZE_ter ^ ^ ^ MethodInvocation arguments MemberReference member USER_NAME_ter ^ ^ ^ ^ member toJavaVersionIntArray_ter ^ ^ ^ ^ member toVersionInt_ter ^ ^ ^ ^ ^ 
return toVersionInt(JAVA_VERSION_TRIM_SIZE, toJavaVersionIntArray(USER_NAME));
ReturnStatement expression MethodInvocation arguments MemberReference member JAVA_VERSION_TRIM_SIZE_ter ^ ^ ^ MethodInvocation arguments MemberReference member USER_TIMEZONE_ter ^ ^ ^ ^ member toJavaVersionIntArray_ter ^ ^ ^ ^ member toVersionInt_ter ^ ^ ^ ^ ^ 
return toVersionInt(JAVA_VERSION_TRIM_SIZE, toJavaVersionIntArray(USER_TIMEZONE));
ReturnStatement expression MethodInvocation arguments MemberReference member JAVA_VERSION_TRIM_SIZE_ter ^ ^ ^ MethodInvocation arguments MemberReference member JAVA_VERSION_TRIMMED_ter ^ ^ ^ ^ member toJavaVersionIntArray_ter ^ ^ ^ ^ member toVersionInt_ter ^ ^ ^ ^ ^ 
return toVersionInt(JAVA_VERSION_TRIM_SIZE, toJavaVersionIntArray(JAVA_VERSION_TRIMMED));
ReturnStatement expression MethodInvocation arguments MethodInvocation arguments MemberReference member version_ter ^ ^ ^ MemberReference member JAVA_VERSION_TRIM_SIZE_ter ^ ^ ^ ^ member toJavaVersionIntArray_ter ^ ^ ^ ^ member debug_ter ^ ^ ^ ^ ^ 
return debug(toJavaVersionIntArray(version, JAVA_VERSION_TRIM_SIZE));
ReturnStatement expression MethodInvocation arguments MemberReference member version_ter ^ ^ ^ MethodInvocation arguments MemberReference member OS_NAME_WINDOWS_PREFIX_ter ^ ^ ^ ^ member toJavaVersionIntArray_ter ^ ^ ^ ^ member toVersionInt_ter ^ ^ ^ ^ ^ 
return toVersionInt(version, toJavaVersionIntArray(OS_NAME_WINDOWS_PREFIX));
ReturnStatement expression MethodInvocation arguments MemberReference member version_ter ^ ^ ^ MethodInvocation arguments MemberReference member USER_HOME_KEY_ter ^ ^ ^ ^ member toJavaVersionIntArray_ter ^ ^ ^ ^ member toVersionInt_ter ^ ^ ^ ^ ^ 
return toVersionInt(version, toJavaVersionIntArray(USER_HOME_KEY));
ReturnStatement expression MethodInvocation arguments MemberReference member version_ter ^ ^ ^ MethodInvocation arguments MemberReference member USER_DIR_KEY_ter ^ ^ ^ ^ member toJavaVersionIntArray_ter ^ ^ ^ ^ member toVersionInt_ter ^ ^ ^ ^ ^ 
return toVersionInt(version, toJavaVersionIntArray(USER_DIR_KEY));
ReturnStatement expression MethodInvocation arguments MemberReference member version_ter ^ ^ ^ MethodInvocation arguments MemberReference member JAVA_IO_TMPDIR_KEY_ter ^ ^ ^ ^ member toJavaVersionIntArray_ter ^ ^ ^ ^ member toVersionInt_ter ^ ^ ^ ^ ^ 
return toVersionInt(version, toJavaVersionIntArray(JAVA_IO_TMPDIR_KEY));
ReturnStatement expression MethodInvocation arguments MemberReference member version_ter ^ ^ ^ MethodInvocation arguments MemberReference member JAVA_HOME_KEY_ter ^ ^ ^ ^ member toJavaVersionIntArray_ter ^ ^ ^ ^ member toVersionInt_ter ^ ^ ^ ^ ^ 
return toVersionInt(version, toJavaVersionIntArray(JAVA_HOME_KEY));
ReturnStatement expression MethodInvocation arguments MemberReference member version_ter ^ ^ ^ MethodInvocation arguments MemberReference member AWT_TOOLKIT_ter ^ ^ ^ ^ member toJavaVersionIntArray_ter ^ ^ ^ ^ member toVersionInt_ter ^ ^ ^ ^ ^ 
return toVersionInt(version, toJavaVersionIntArray(AWT_TOOLKIT));
ReturnStatement expression MethodInvocation arguments MemberReference member version_ter ^ ^ ^ MethodInvocation arguments MemberReference member FILE_ENCODING_ter ^ ^ ^ ^ member toJavaVersionIntArray_ter ^ ^ ^ ^ member toVersionInt_ter ^ ^ ^ ^ ^ 
return toVersionInt(version, toJavaVersionIntArray(FILE_ENCODING));
ReturnStatement expression MethodInvocation arguments MemberReference member version_ter ^ ^ ^ MethodInvocation arguments MemberReference member FILE_SEPARATOR_ter ^ ^ ^ ^ member toJavaVersionIntArray_ter ^ ^ ^ ^ member toVersionInt_ter ^ ^ ^ ^ ^ 
return toVersionInt(version, toJavaVersionIntArray(FILE_SEPARATOR));
ReturnStatement expression MethodInvocation arguments MemberReference member version_ter ^ ^ ^ MethodInvocation arguments MemberReference member JAVA_AWT_FONTS_ter ^ ^ ^ ^ member toJavaVersionIntArray_ter ^ ^ ^ ^ member toVersionInt_ter ^ ^ ^ ^ ^ 
return toVersionInt(version, toJavaVersionIntArray(JAVA_AWT_FONTS));
ReturnStatement expression MethodInvocation arguments MemberReference member version_ter ^ ^ ^ MethodInvocation arguments MemberReference member JAVA_AWT_GRAPHICSENV_ter ^ ^ ^ ^ member toJavaVersionIntArray_ter ^ ^ ^ ^ member toVersionInt_ter ^ ^ ^ ^ ^ 
return toVersionInt(version, toJavaVersionIntArray(JAVA_AWT_GRAPHICSENV));
ReturnStatement expression MethodInvocation arguments MemberReference member version_ter ^ ^ ^ MethodInvocation arguments MemberReference member JAVA_AWT_HEADLESS_ter ^ ^ ^ ^ member toJavaVersionIntArray_ter ^ ^ ^ ^ member toVersionInt_ter ^ ^ ^ ^ ^ 
return toVersionInt(version, toJavaVersionIntArray(JAVA_AWT_HEADLESS));
ReturnStatement expression MethodInvocation arguments MemberReference member version_ter ^ ^ ^ MethodInvocation arguments MemberReference member JAVA_AWT_PRINTERJOB_ter ^ ^ ^ ^ member toJavaVersionIntArray_ter ^ ^ ^ ^ member toVersionInt_ter ^ ^ ^ ^ ^ 
return toVersionInt(version, toJavaVersionIntArray(JAVA_AWT_PRINTERJOB));
ReturnStatement expression MethodInvocation arguments MemberReference member version_ter ^ ^ ^ MethodInvocation arguments MemberReference member JAVA_CLASS_PATH_ter ^ ^ ^ ^ member toJavaVersionIntArray_ter ^ ^ ^ ^ member toVersionInt_ter ^ ^ ^ ^ ^ 
return toVersionInt(version, toJavaVersionIntArray(JAVA_CLASS_PATH));
ReturnStatement expression MethodInvocation arguments MemberReference member version_ter ^ ^ ^ MethodInvocation arguments MemberReference member JAVA_CLASS_VERSION_ter ^ ^ ^ ^ member toJavaVersionIntArray_ter ^ ^ ^ ^ member toVersionInt_ter ^ ^ ^ ^ ^ 
return toVersionInt(version, toJavaVersionIntArray(JAVA_CLASS_VERSION));
ReturnStatement expression MethodInvocation arguments MemberReference member version_ter ^ ^ ^ MethodInvocation arguments MemberReference member JAVA_COMPILER_ter ^ ^ ^ ^ member toJavaVersionIntArray_ter ^ ^ ^ ^ member toVersionInt_ter ^ ^ ^ ^ ^ 
return toVersionInt(version, toJavaVersionIntArray(JAVA_COMPILER));
ReturnStatement expression MethodInvocation arguments MemberReference member version_ter ^ ^ ^ MethodInvocation arguments MemberReference member JAVA_ENDORSED_DIRS_ter ^ ^ ^ ^ member toJavaVersionIntArray_ter ^ ^ ^ ^ member toVersionInt_ter ^ ^ ^ ^ ^ 
return toVersionInt(version, toJavaVersionIntArray(JAVA_ENDORSED_DIRS));
ReturnStatement expression MethodInvocation arguments MemberReference member version_ter ^ ^ ^ MethodInvocation arguments MemberReference member JAVA_EXT_DIRS_ter ^ ^ ^ ^ member toJavaVersionIntArray_ter ^ ^ ^ ^ member toVersionInt_ter ^ ^ ^ ^ ^ 
return toVersionInt(version, toJavaVersionIntArray(JAVA_EXT_DIRS));
ReturnStatement expression MethodInvocation arguments MemberReference member version_ter ^ ^ ^ MethodInvocation arguments MemberReference member JAVA_HOME_ter ^ ^ ^ ^ member toJavaVersionIntArray_ter ^ ^ ^ ^ member toVersionInt_ter ^ ^ ^ ^ ^ 
return toVersionInt(version, toJavaVersionIntArray(JAVA_HOME));
ReturnStatement expression MethodInvocation arguments MemberReference member version_ter ^ ^ ^ MethodInvocation arguments MemberReference member JAVA_IO_TMPDIR_ter ^ ^ ^ ^ member toJavaVersionIntArray_ter ^ ^ ^ ^ member toVersionInt_ter ^ ^ ^ ^ ^ 
return toVersionInt(version, toJavaVersionIntArray(JAVA_IO_TMPDIR));
ReturnStatement expression MethodInvocation arguments MemberReference member version_ter ^ ^ ^ MethodInvocation arguments MemberReference member JAVA_LIBRARY_PATH_ter ^ ^ ^ ^ member toJavaVersionIntArray_ter ^ ^ ^ ^ member toVersionInt_ter ^ ^ ^ ^ ^ 
return toVersionInt(version, toJavaVersionIntArray(JAVA_LIBRARY_PATH));
ReturnStatement expression MethodInvocation arguments MemberReference member version_ter ^ ^ ^ MethodInvocation arguments MemberReference member JAVA_RUNTIME_NAME_ter ^ ^ ^ ^ member toJavaVersionIntArray_ter ^ ^ ^ ^ member toVersionInt_ter ^ ^ ^ ^ ^ 
return toVersionInt(version, toJavaVersionIntArray(JAVA_RUNTIME_NAME));
ReturnStatement expression MethodInvocation arguments MemberReference member version_ter ^ ^ ^ MethodInvocation arguments MemberReference member JAVA_RUNTIME_VERSION_ter ^ ^ ^ ^ member toJavaVersionIntArray_ter ^ ^ ^ ^ member toVersionInt_ter ^ ^ ^ ^ ^ 
return toVersionInt(version, toJavaVersionIntArray(JAVA_RUNTIME_VERSION));
ReturnStatement expression MethodInvocation arguments MemberReference member version_ter ^ ^ ^ MethodInvocation arguments MemberReference member JAVA_SPECIFICATION_NAME_ter ^ ^ ^ ^ member toJavaVersionIntArray_ter ^ ^ ^ ^ member toVersionInt_ter ^ ^ ^ ^ ^ 
return toVersionInt(version, toJavaVersionIntArray(JAVA_SPECIFICATION_NAME));
ReturnStatement expression MethodInvocation arguments MemberReference member version_ter ^ ^ ^ MethodInvocation arguments MemberReference member JAVA_SPECIFICATION_VENDOR_ter ^ ^ ^ ^ member toJavaVersionIntArray_ter ^ ^ ^ ^ member toVersionInt_ter ^ ^ ^ ^ ^ 
return toVersionInt(version, toJavaVersionIntArray(JAVA_SPECIFICATION_VENDOR));
ReturnStatement expression MethodInvocation arguments MemberReference member version_ter ^ ^ ^ MethodInvocation arguments MemberReference member JAVA_SPECIFICATION_VERSION_ter ^ ^ ^ ^ member toJavaVersionIntArray_ter ^ ^ ^ ^ member toVersionInt_ter ^ ^ ^ ^ ^ 
return toVersionInt(version, toJavaVersionIntArray(JAVA_SPECIFICATION_VERSION));
ReturnStatement expression MethodInvocation arguments MemberReference member version_ter ^ ^ ^ MethodInvocation arguments MemberReference member JAVA_UTIL_PREFS_PREFERENCES_FACTORY_ter ^ ^ ^ ^ member toJavaVersionIntArray_ter ^ ^ ^ ^ member toVersionInt_ter ^ ^ ^ ^ ^ 
return toVersionInt(version, toJavaVersionIntArray(JAVA_UTIL_PREFS_PREFERENCES_FACTORY));
ReturnStatement expression MethodInvocation arguments MemberReference member version_ter ^ ^ ^ MethodInvocation arguments MemberReference member JAVA_VENDOR_ter ^ ^ ^ ^ member toJavaVersionIntArray_ter ^ ^ ^ ^ member toVersionInt_ter ^ ^ ^ ^ ^ 
return toVersionInt(version, toJavaVersionIntArray(JAVA_VENDOR));
ReturnStatement expression MethodInvocation arguments MemberReference member version_ter ^ ^ ^ MethodInvocation arguments MemberReference member JAVA_VENDOR_URL_ter ^ ^ ^ ^ member toJavaVersionIntArray_ter ^ ^ ^ ^ member toVersionInt_ter ^ ^ ^ ^ ^ 
return toVersionInt(version, toJavaVersionIntArray(JAVA_VENDOR_URL));
ReturnStatement expression MethodInvocation arguments MemberReference member version_ter ^ ^ ^ MethodInvocation arguments MemberReference member JAVA_VERSION_ter ^ ^ ^ ^ member toJavaVersionIntArray_ter ^ ^ ^ ^ member toVersionInt_ter ^ ^ ^ ^ ^ 
return toVersionInt(version, toJavaVersionIntArray(JAVA_VERSION));
ReturnStatement expression MethodInvocation arguments MemberReference member version_ter ^ ^ ^ MethodInvocation arguments MemberReference member JAVA_VM_INFO_ter ^ ^ ^ ^ member toJavaVersionIntArray_ter ^ ^ ^ ^ member toVersionInt_ter ^ ^ ^ ^ ^ 
return toVersionInt(version, toJavaVersionIntArray(JAVA_VM_INFO));
ReturnStatement expression MethodInvocation arguments MemberReference member version_ter ^ ^ ^ MethodInvocation arguments MemberReference member JAVA_VM_NAME_ter ^ ^ ^ ^ member toJavaVersionIntArray_ter ^ ^ ^ ^ member toVersionInt_ter ^ ^ ^ ^ ^ 
return toVersionInt(version, toJavaVersionIntArray(JAVA_VM_NAME));
ReturnStatement expression MethodInvocation arguments MemberReference member version_ter ^ ^ ^ MethodInvocation arguments MemberReference member JAVA_VM_SPECIFICATION_NAME_ter ^ ^ ^ ^ member toJavaVersionIntArray_ter ^ ^ ^ ^ member toVersionInt_ter ^ ^ ^ ^ ^ 
return toVersionInt(version, toJavaVersionIntArray(JAVA_VM_SPECIFICATION_NAME));
ReturnStatement expression MethodInvocation arguments MemberReference member version_ter ^ ^ ^ MethodInvocation arguments MemberReference member JAVA_VM_SPECIFICATION_VENDOR_ter ^ ^ ^ ^ member toJavaVersionIntArray_ter ^ ^ ^ ^ member toVersionInt_ter ^ ^ ^ ^ ^ 
return toVersionInt(version, toJavaVersionIntArray(JAVA_VM_SPECIFICATION_VENDOR));
ReturnStatement expression MethodInvocation arguments MemberReference member version_ter ^ ^ ^ MethodInvocation arguments MemberReference member JAVA_VM_SPECIFICATION_VERSION_ter ^ ^ ^ ^ member toJavaVersionIntArray_ter ^ ^ ^ ^ member toVersionInt_ter ^ ^ ^ ^ ^ 
return toVersionInt(version, toJavaVersionIntArray(JAVA_VM_SPECIFICATION_VERSION));
ReturnStatement expression MethodInvocation arguments MemberReference member version_ter ^ ^ ^ MethodInvocation arguments MemberReference member JAVA_VM_VENDOR_ter ^ ^ ^ ^ member toJavaVersionIntArray_ter ^ ^ ^ ^ member toVersionInt_ter ^ ^ ^ ^ ^ 
return toVersionInt(version, toJavaVersionIntArray(JAVA_VM_VENDOR));
ReturnStatement expression MethodInvocation arguments MemberReference member version_ter ^ ^ ^ MethodInvocation arguments MemberReference member JAVA_VM_VERSION_ter ^ ^ ^ ^ member toJavaVersionIntArray_ter ^ ^ ^ ^ member toVersionInt_ter ^ ^ ^ ^ ^ 
return toVersionInt(version, toJavaVersionIntArray(JAVA_VM_VERSION));
ReturnStatement expression MethodInvocation arguments MemberReference member version_ter ^ ^ ^ MethodInvocation arguments MemberReference member LINE_SEPARATOR_ter ^ ^ ^ ^ member toJavaVersionIntArray_ter ^ ^ ^ ^ member toVersionInt_ter ^ ^ ^ ^ ^ 
return toVersionInt(version, toJavaVersionIntArray(LINE_SEPARATOR));
ReturnStatement expression MethodInvocation arguments MemberReference member version_ter ^ ^ ^ MethodInvocation arguments MemberReference member OS_ARCH_ter ^ ^ ^ ^ member toJavaVersionIntArray_ter ^ ^ ^ ^ member toVersionInt_ter ^ ^ ^ ^ ^ 
return toVersionInt(version, toJavaVersionIntArray(OS_ARCH));
ReturnStatement expression MethodInvocation arguments MemberReference member version_ter ^ ^ ^ MethodInvocation arguments MemberReference member OS_NAME_ter ^ ^ ^ ^ member toJavaVersionIntArray_ter ^ ^ ^ ^ member toVersionInt_ter ^ ^ ^ ^ ^ 
return toVersionInt(version, toJavaVersionIntArray(OS_NAME));
ReturnStatement expression MethodInvocation arguments MemberReference member version_ter ^ ^ ^ MethodInvocation arguments MemberReference member OS_VERSION_ter ^ ^ ^ ^ member toJavaVersionIntArray_ter ^ ^ ^ ^ member toVersionInt_ter ^ ^ ^ ^ ^ 
return toVersionInt(version, toJavaVersionIntArray(OS_VERSION));
ReturnStatement expression MethodInvocation arguments MemberReference member version_ter ^ ^ ^ MethodInvocation arguments MemberReference member PATH_SEPARATOR_ter ^ ^ ^ ^ member toJavaVersionIntArray_ter ^ ^ ^ ^ member toVersionInt_ter ^ ^ ^ ^ ^ 
return toVersionInt(version, toJavaVersionIntArray(PATH_SEPARATOR));
ReturnStatement expression MethodInvocation arguments MemberReference member version_ter ^ ^ ^ MethodInvocation arguments MemberReference member USER_COUNTRY_ter ^ ^ ^ ^ member toJavaVersionIntArray_ter ^ ^ ^ ^ member toVersionInt_ter ^ ^ ^ ^ ^ 
return toVersionInt(version, toJavaVersionIntArray(USER_COUNTRY));
ReturnStatement expression MethodInvocation arguments MemberReference member version_ter ^ ^ ^ MethodInvocation arguments MemberReference member USER_DIR_ter ^ ^ ^ ^ member toJavaVersionIntArray_ter ^ ^ ^ ^ member toVersionInt_ter ^ ^ ^ ^ ^ 
return toVersionInt(version, toJavaVersionIntArray(USER_DIR));
ReturnStatement expression MethodInvocation arguments MemberReference member version_ter ^ ^ ^ MethodInvocation arguments MemberReference member USER_HOME_ter ^ ^ ^ ^ member toJavaVersionIntArray_ter ^ ^ ^ ^ member toVersionInt_ter ^ ^ ^ ^ ^ 
return toVersionInt(version, toJavaVersionIntArray(USER_HOME));
ReturnStatement expression MethodInvocation arguments MemberReference member version_ter ^ ^ ^ MethodInvocation arguments MemberReference member USER_LANGUAGE_ter ^ ^ ^ ^ member toJavaVersionIntArray_ter ^ ^ ^ ^ member toVersionInt_ter ^ ^ ^ ^ ^ 
return toVersionInt(version, toJavaVersionIntArray(USER_LANGUAGE));
ReturnStatement expression MethodInvocation arguments MemberReference member version_ter ^ ^ ^ MethodInvocation arguments MemberReference member USER_NAME_ter ^ ^ ^ ^ member toJavaVersionIntArray_ter ^ ^ ^ ^ member toVersionInt_ter ^ ^ ^ ^ ^ 
return toVersionInt(version, toJavaVersionIntArray(USER_NAME));
ReturnStatement expression MethodInvocation arguments MemberReference member version_ter ^ ^ ^ MethodInvocation arguments MemberReference member USER_TIMEZONE_ter ^ ^ ^ ^ member toJavaVersionIntArray_ter ^ ^ ^ ^ member toVersionInt_ter ^ ^ ^ ^ ^ 
return toVersionInt(version, toJavaVersionIntArray(USER_TIMEZONE));
ReturnStatement expression MethodInvocation arguments MemberReference member version_ter ^ ^ ^ MethodInvocation arguments MemberReference member JAVA_VERSION_TRIMMED_ter ^ ^ ^ ^ member toJavaVersionIntArray_ter ^ ^ ^ ^ member toVersionInt_ter ^ ^ ^ ^ ^ 
return toVersionInt(version, toJavaVersionIntArray(JAVA_VERSION_TRIMMED));
ReturnStatement expression MethodInvocation arguments MethodInvocation arguments MemberReference member JAVA_VERSION_TRIM_SIZE_ter ^ ^ ^ MemberReference member JAVA_VERSION_TRIM_SIZE_ter ^ ^ ^ ^ member toJavaVersionIntArray_ter ^ ^ ^ ^ member toVersionInt_ter ^ ^ ^ ^ ^ 
return toVersionInt(toJavaVersionIntArray(JAVA_VERSION_TRIM_SIZE, JAVA_VERSION_TRIM_SIZE));
ReturnStatement expression MethodInvocation arguments MethodInvocation arguments MemberReference member JAVA_VERSION_TRIM_SIZE_ter ^ ^ ^ MemberReference member JAVA_VERSION_INT_ter ^ ^ ^ ^ member toJavaVersionIntArray_ter ^ ^ ^ ^ member toVersionInt_ter ^ ^ ^ ^ ^ 
return toVersionInt(toJavaVersionIntArray(JAVA_VERSION_TRIM_SIZE, JAVA_VERSION_INT));
ReturnStatement expression MemberReference member JAVA_VERSION_TRIM_SIZE_ter ^ ^ ^ ^ ^ 
return JAVA_VERSION_TRIM_SIZE;
ReturnStatement expression MethodInvocation arguments MemberReference member JAVA_VERSION_TRIM_SIZE_ter ^ ^ ^ Literal value true_ter ^ ^ ^ ^ member toVersionInt_ter ^ ^ ^ ^ ^ 
return toVersionInt(JAVA_VERSION_TRIM_SIZE, true);
ReturnStatement expression MethodInvocation arguments MethodInvocation arguments MemberReference member version_ter ^ ^ ^ Literal value 0_ter ^ ^ ^ ^ member toJavaVersionIntArray_ter ^ ^ ^ ^ member toVersionInt_ter ^ ^ ^ ^ ^ 
return toVersionInt(toJavaVersionIntArray(version, 0));
ReturnStatement expression MethodInvocation arguments MemberReference member JAVA_VERSION_INT_ter ^ ^ ^ ^ member toVersionInt_ter ^ ^ ^ ^ ^ 
return toVersionInt(JAVA_VERSION_INT);
ReturnStatement expression MethodInvocation arguments MemberReference member JAVA_VERSION_INT_ter ^ ^ ^ MemberReference member JAVA_VERSION_TRIM_SIZE_ter ^ ^ ^ ^ member toVersionInt_ter ^ ^ ^ ^ ^ 
return toVersionInt(JAVA_VERSION_INT, JAVA_VERSION_TRIM_SIZE);
ReturnStatement expression MethodInvocation arguments MemberReference member version_ter ^ ^ ^ Literal value null_ter ^ ^ ^ ^ member toVersionInt_ter ^ ^ ^ ^ ^ 
return toVersionInt(version, null);
stderr: 