stdout: LocalVariableDeclaration type ReferenceType name PathIterator_ter ^ ^ ^ ^ declarators VariableDeclarator name iterator2_ter ^ ^ initializer MethodInvocation qualifier iterator1_ter ^ ^ arguments Literal value null_ter ^ ^ ^ ^ member getPathIterator_ter ^ ^ ^ ^ ^ ^ ^ 
arg 
arg 
PathIterator iterator2 = iterator1.getPathIterator(null);

LocalVariableDeclaration type ReferenceType name PathIterator_ter ^ ^ ^ ^ declarators VariableDeclarator name iterator2_ter ^ ^ ^ ^ ^ 
arg 
arg 
PathIterator iterator2 = ;


LocalVariableDeclaration type ReferenceType name PathIterator_ter ^ ^ ^ ^ declarators VariableDeclarator name iterator2_ter ^ ^ initializer MethodInvocation qualifier p1_ter ^ ^ arguments Literal value null_ter ^ ^ ^ ^ member getPathIterator_ter ^ ^ ^ ^ ^ ^ ^ 
arg 
arg 
PathIterator iterator2 = p1.getPathIterator(null);

LocalVariableDeclaration type ReferenceType name PathIterator_ter ^ ^ ^ ^ declarators VariableDeclarator name iterator2_ter ^ ^ initializer MethodInvocation qualifier p2_ter ^ ^ arguments Literal value null_ter ^ ^ ^ ^ member getPathIterator_ter ^ ^ ^ ^ ^ ^ ^ 
arg 
arg 
PathIterator iterator2 = p2.getPathIterator(null);

LocalVariableDeclaration type ReferenceType name PathIterator_ter ^ ^ ^ ^ declarators VariableDeclarator name iterator2_ter ^ ^ initializer MethodInvocation qualifier p1_ter ^ ^ arguments Literal value null_ter ^ ^ ^ Literal value null_ter ^ ^ ^ ^ member getPathIterator_ter ^ ^ ^ ^ ^ ^ ^ 
arg 
arg 
PathIterator iterator2 = p1.getPathIterator(null, null);

LocalVariableDeclaration type ReferenceType name PathIterator_ter ^ ^ ^ ^ declarators VariableDeclarator name iterator2_ter ^ ^ initializer MethodInvocation qualifier p1_ter ^ ^ arguments Literal value null_ter ^ ^ ^ ^ member equal_ter ^ ^ ^ ^ ^ ^ ^ 
arg 
arg 
PathIterator iterator2 = p1.equal(null);

LocalVariableDeclaration modifiers final_ter ^ ^ type ReferenceType name PathIterator_ter ^ ^ ^ ^ declarators VariableDeclarator name iterator2_ter ^ ^ initializer MethodInvocation qualifier p1_ter ^ ^ arguments Literal value null_ter ^ ^ ^ ^ member getPathIterator_ter ^ ^ ^ ^ ^ ^ ^ 
arg 
arg 
final PathIterator iterator2 = p1.getPathIterator(null);

LocalVariableDeclaration type ReferenceType name PathIterator_ter ^ ^ ^ ^ declarators VariableDeclarator name iterator2_ter ^ ^ initializer Cast type ReferenceType name PathIterator_ter ^ ^ ^ ^ expression MethodInvocation qualifier p1_ter ^ ^ arguments Literal value null_ter ^ ^ ^ ^ member getPathIterator_ter ^ ^ ^ ^ ^ ^ ^ ^ ^ 
arg 
arg 
arg 
arg 
PathIterator iterator2 = (PathIterator)p1.getPathIterator(null);

LocalVariableDeclaration type ReferenceType name PathIterator_ter ^ ^ ^ ^ declarators VariableDeclarator name iterator2_ter ^ ^ initializer MethodInvocation qualifier p1_ter ^ ^ arguments MemberReference member p2_ter ^ ^ ^ ^ member getPathIterator_ter ^ ^ ^ ^ ^ ^ ^ 
arg 
arg 
PathIterator iterator2 = p1.getPathIterator(p2);

LocalVariableDeclaration type ReferenceType name PathIterator_ter ^ ^ ^ ^ declarators VariableDeclarator name iterator2_ter ^ ^ initializer MethodInvocation qualifier iterator2_ter ^ ^ arguments Literal value null_ter ^ ^ ^ ^ member getPathIterator_ter ^ ^ ^ ^ ^ ^ ^ 
arg 
arg 
PathIterator iterator2 = iterator2.getPathIterator(null);

StatementExpression expression MethodInvocation qualifier p1_ter ^ ^ arguments Literal value null_ter ^ ^ ^ ^ member getPathIterator_ter ^ ^ ^ ^ ^ 
p1.getPathIterator(null);

LocalVariableDeclaration type ReferenceType name PathIterator_ter ^ ^ ^ ^ declarators VariableDeclarator name iterator2_ter ^ ^ initializer MethodInvocation qualifier p1_ter ^ ^ member getPathIterator_ter ^ ^ ^ ^ ^ ^ ^ 
arg 
arg 
PathIterator iterator2 = p1.getPathIterator();

LocalVariableDeclaration type ReferenceType name PathIterator_ter ^ ^ ^ ^ declarators VariableDeclarator name iterator2_ter ^ ^ initializer MethodInvocation arguments MemberReference member p1_ter ^ ^ ^ ^ member getPathIterator_ter ^ ^ ^ ^ ^ ^ ^ 
arg 
arg 
PathIterator iterator2 = getPathIterator(p1);

LocalVariableDeclaration type ReferenceType name PathIterator_ter ^ ^ ^ ^ declarators VariableDeclarator name iterator2_ter ^ ^ initializer MethodInvocation qualifier p1_ter ^ ^ arguments Literal value <string>_ter ^ ^ ^ ^ member getPathIterator_ter ^ ^ ^ ^ ^ ^ ^ 
arg 
arg 
PathIterator iterator2 = p1.getPathIterator("null");

LocalVariableDeclaration type ReferenceType name PathIterator_ter ^ ^ ^ ^ declarators VariableDeclarator name iterator2_ter ^ ^ initializer MethodInvocation qualifier Arrays_ter ^ ^ arguments Literal value null_ter ^ ^ ^ ^ member getPathIterator_ter ^ ^ ^ ^ ^ ^ ^ 
arg 
arg 
PathIterator iterator2 = Arrays.getPathIterator(null);

LocalVariableDeclaration type ReferenceType name PathIterator_ter ^ ^ ^ ^ declarators VariableDeclarator name iterator2_ter ^ ^ initializer MethodInvocation qualifier p1_ter ^ ^ arguments Literal value true_ter ^ ^ ^ ^ member getPathIterator_ter ^ ^ ^ ^ ^ ^ ^ 
arg 
arg 
PathIterator iterator2 = p1.getPathIterator(true);

LocalVariableDeclaration type ReferenceType name PathIterator_ter ^ ^ ^ ^ declarators VariableDeclarator name iterator2_ter ^ ^ initializer MethodInvocation qualifier p1_ter ^ ^ arguments Literal value null_ter ^ ^ ^ ^ member currentSegment_ter ^ ^ ^ ^ ^ ^ ^ 
arg 
arg 
PathIterator iterator2 = p1.currentSegment(null);

LocalVariableDeclaration type ReferenceType name PathIterator_ter ^ ^ ^ ^ declarators VariableDeclarator name iterator2_ter ^ ^ initializer MethodInvocation qualifier p1_ter ^ ^ arguments Literal value null_ter ^ ^ ^ ^ member next_ter ^ ^ ^ ^ ^ ^ ^ 
arg 
arg 
PathIterator iterator2 = p1.next(null);

LocalVariableDeclaration type ReferenceType name PathIterator_ter ^ ^ ^ ^ declarators VariableDeclarator name iterator2_ter ^ ^ initializer MethodInvocation qualifier p1_ter ^ ^ arguments This_ter ^ ^ member getPathIterator_ter ^ ^ ^ ^ ^ ^ ^ 
arg 
arg 
PathIterator iterator2 = p1.getPathIterator(this);

LocalVariableDeclaration type ReferenceType name PathIterator_ter ^ ^ ^ ^ declarators VariableDeclarator name iterator2_ter ^ ^ initializer MethodInvocation qualifier p1_ter ^ ^ arguments MemberReference member p1_ter ^ ^ ^ ^ member getPathIterator_ter ^ ^ ^ ^ ^ ^ ^ 
arg 
arg 
PathIterator iterator2 = p1.getPathIterator(p1);

LocalVariableDeclaration type ReferenceType name PathIterator_ter ^ ^ ^ ^ declarators VariableDeclarator name iterator2_ter ^ ^ initializer MethodInvocation qualifier p1_ter ^ ^ arguments Literal value null_ter ^ ^ ^ ^ member equals_ter ^ ^ ^ ^ ^ ^ ^ 
arg 
arg 
PathIterator iterator2 = p1.equals(null);

LocalVariableDeclaration type ReferenceType name PathIterator_ter ^ ^ ^ ^ declarators VariableDeclarator name iterator2_ter ^ ^ initializer MethodInvocation qualifier p1_ter ^ ^ arguments MemberReference member d1_ter ^ ^ ^ ^ member getPathIterator_ter ^ ^ ^ ^ ^ ^ ^ 
arg 
arg 
PathIterator iterator2 = p1.getPathIterator(d1);

LocalVariableDeclaration type ReferenceType name PathIterator_ter ^ ^ ^ ^ declarators VariableDeclarator name iterator2_ter ^ ^ initializer MethodInvocation arguments MemberReference member p2_ter ^ ^ ^ ^ member getPathIterator_ter ^ ^ ^ ^ ^ ^ ^ 
arg 
arg 
PathIterator iterator2 = getPathIterator(p2);

StatementExpression expression Assignment expressionl MemberReference member iterator2_ter ^ ^ ^ ^ value MethodInvocation qualifier p1_ter ^ ^ arguments Literal value null_ter ^ ^ ^ ^ member getPathIterator_ter ^ ^ ^ ^ type =_ter ^ ^ ^ ^ ^ 
iterator2 = p1.getPathIterator(null);

LocalVariableDeclaration type ReferenceType name PathIterator_ter ^ ^ ^ ^ declarators VariableDeclarator name iterator2_ter ^ ^ initializer MethodInvocation qualifier par2 ^ ^ arguments Literal value null_ter ^ ^ ^ ^ member getPathIterator_ter ^ ^ ^ ^ ^ ^ ^ 
arg 
arg 
PathIterator iterator2 = .getPathIterator(null);


IfStatement condition BinaryOperation operator !=_ter ^ ^ operandl MemberReference member p1_ter ^ ^ ^ ^ operandr Literal value null_ter ^ ^ ^ ^ ^ ^ ^ 
if((p1 != null)){

LocalVariableDeclaration type ReferenceType name PathIterator_ter ^ ^ ^ ^ declarators VariableDeclarator name iterator2_ter ^ ^ initializer MethodInvocation qualifier p1_ter ^ ^ arguments MemberReference member d2_ter ^ ^ ^ ^ member getPathIterator_ter ^ ^ ^ ^ ^ ^ ^ 
arg 
arg 
PathIterator iterator2 = p1.getPathIterator(d2);

LocalVariableDeclaration type ReferenceType name PathIterator_ter ^ ^ ^ ^ declarators VariableDeclarator name iterator2_ter ^ ^ initializer MethodInvocation qualifier p1_ter ^ ^ arguments Literal value false_ter ^ ^ ^ ^ member getPathIterator_ter ^ ^ ^ ^ ^ ^ ^ 
arg 
arg 
PathIterator iterator2 = p1.getPathIterator(false);

LocalVariableDeclaration type ReferenceType name PathIterator_ter ^ ^ ^ ^ declarators VariableDeclarator name iterator2_ter ^ ^ initializer MethodInvocation qualifier p1_ter ^ ^ arguments This_ter ^ Literal value null_ter ^ ^ ^ ^ member getPathIterator_ter ^ ^ ^ ^ ^ ^ ^ 
arg 
arg 
PathIterator iterator2 = p1.getPathIterator(this, null);

LocalVariableDeclaration type ReferenceType name PathIterator_ter ^ ^ ^ ^ declarators VariableDeclarator name iterator2_ter ^ ^ initializer MethodInvocation qualifier p1_ter ^ ^ arguments Literal value null_ter ^ ^ ^ Literal value false_ter ^ ^ ^ ^ member getPathIterator_ter ^ ^ ^ ^ ^ ^ ^ 
arg 
arg 
PathIterator iterator2 = p1.getPathIterator(null, false);

LocalVariableDeclaration type ReferenceType name PathIterator_ter ^ ^ arguments TypeArgument pattern_type ?_ter ^ ^ ^ ^ ^ ^ declarators VariableDeclarator name iterator2_ter ^ ^ initializer MethodInvocation qualifier p1_ter ^ ^ arguments Literal value null_ter ^ ^ ^ ^ member getPathIterator_ter ^ ^ ^ ^ ^ ^ ^ 
arg ?
arg ?
PathIterator<?> iterator2 = p1.getPathIterator(null);

LocalVariableDeclaration type ReferenceType name PathIterator_ter ^ ^ ^ ^ declarators VariableDeclarator name iterator2_ter ^ ^ initializer MethodInvocation qualifier p1_ter ^ ^ arguments Literal value null_ter ^ ^ ^ ^ member isDone_ter ^ ^ ^ ^ ^ ^ ^ 
arg 
arg 
PathIterator iterator2 = p1.isDone(null);

LocalVariableDeclaration type ReferenceType name PathIterator_ter ^ ^ ^ ^ declarators VariableDeclarator name iterator2_ter ^ ^ initializer MethodInvocation qualifier p1_ter ^ ^ arguments Literal value 0_ter ^ ^ ^ ^ member getPathIterator_ter ^ ^ ^ ^ ^ ^ ^ 
arg 
arg 
PathIterator iterator2 = p1.getPathIterator(0);

LocalVariableDeclaration type ReferenceType name PathIterator_ter ^ ^ ^ ^ declarators VariableDeclarator name iterator2_ter ^ ^ initializer MemberReference member p1_ter ^ ^ ^ ^ ^ ^ ^ 
arg 
arg 
PathIterator iterator2 = p1;

LocalVariableDeclaration type BasicType name double_ter ^ ^ dimensions None_ter ^ ^ ^ ^ declarators VariableDeclarator name d2_ter ^ ^ initializer ArrayCreator type BasicType name double_ter ^ ^ ^ ^ dimensions Literal value 6_ter ^ ^ ^ ^ ^ ^ ^ ^ ^ 
double[] d2 = new double[6];

LocalVariableDeclaration type ReferenceType name PathIterator_ter ^ ^ ^ ^ declarators VariableDeclarator name iterator2_ter ^ ^ initializer MethodInvocation qualifier p1_ter ^ ^ arguments Literal value null_ter ^ ^ ^ Literal value 0_ter ^ ^ ^ ^ member getPathIterator_ter ^ ^ ^ ^ ^ ^ ^ 
arg 
arg 
PathIterator iterator2 = p1.getPathIterator(null, 0);

LocalVariableDeclaration type BasicType name boolean_ter ^ ^ ^ ^ declarators VariableDeclarator name done_ter ^ ^ initializer BinaryOperation operator &&_ter ^ ^ operandl MethodInvocation qualifier iterator1_ter ^ ^ member isDone_ter ^ ^ ^ ^ operandr MethodInvocation qualifier iterator2_ter ^ ^ member isDone_ter ^ ^ ^ ^ ^ ^ ^ ^ ^ 
boolean done = (iterator1.isDone() && iterator2.isDone());

LocalVariableDeclaration type ReferenceType name PathIterator_ter ^ ^ ^ ^ declarators VariableDeclarator name iterator2_ter ^ ^ initializer MethodInvocation member getPathIterator_ter ^ ^ ^ ^ ^ ^ ^ 
arg 
arg 
PathIterator iterator2 = getPathIterator();

LocalVariableDeclaration type ReferenceType name PathIterator_ter ^ ^ ^ ^ declarators VariableDeclarator name iterator2_ter ^ ^ initializer MethodInvocation qualifier p1_ter ^ ^ arguments MethodInvocation qualifier p1_ter ^ ^ member getWindingRule_ter ^ ^ ^ ^ member getPathIterator_ter ^ ^ ^ ^ ^ ^ ^ 
arg 
arg 
PathIterator iterator2 = p1.getPathIterator(p1.getWindingRule());

stderr: 