stdout: condition BinaryOperation operator ==_ter ^ ^ operandl MethodInvocation qualifier str_ter ^ ^ member length_ter ^ ^ ^ ^ operandr Literal value 0_ter ^ ^ ^ ^ ^ ^ 
if((str.length() == 0)){
condition BinaryOperation operator >=_ter ^ ^ operandl MethodInvocation qualifier str_ter ^ ^ member length_ter ^ ^ ^ ^ operandr Literal value 0_ter ^ ^ ^ ^ ^ ^ 
if((str.length() >= 0)){
condition BinaryOperation operator !=_ter ^ ^ operandl MethodInvocation qualifier str_ter ^ ^ member length_ter ^ ^ ^ ^ operandr Literal value 0_ter ^ ^ ^ ^ ^ ^ 
if((str.length() != 0)){
condition BinaryOperation operator <=_ter ^ ^ operandl MethodInvocation qualifier str_ter ^ ^ member length_ter ^ ^ ^ ^ operandr Literal value 0_ter ^ ^ ^ ^ ^ ^ 
if((str.length() <= 0)){
condition BinaryOperation operator >_ter ^ ^ operandl MethodInvocation qualifier str_ter ^ ^ member length_ter ^ ^ ^ ^ operandr Literal value 0_ter ^ ^ ^ ^ ^ ^ 
if((str.length() > 0)){
condition BinaryOperation operator ==_ter ^ ^ operandl MethodInvocation qualifier lower_ter ^ ^ member length_ter ^ ^ ^ ^ operandr Literal value 0_ter ^ ^ ^ ^ ^ ^ 
if((lower.length() == 0)){
condition BinaryOperation operator ==_ter ^ ^ operandl MethodInvocation qualifier upper_ter ^ ^ member length_ter ^ ^ ^ ^ operandr Literal value 0_ter ^ ^ ^ ^ ^ ^ 
if((upper.length() == 0)){
IfStatement condition MethodInvocation qualifier str_ter ^ ^ member length_ter ^ ^ ^ ^ ^ 
if(str.length()){

IfStatement condition BinaryOperation operator >_ter ^ ^ operandl MemberReference member upper_ter ^ ^ ^ ^ operandr MethodInvocation qualifier str_ter ^ ^ member length_ter ^ ^ ^ ^ ^ ^ ^ 
if((upper > str.length())){

condition BinaryOperation operator ==_ter ^ ^ operandl MethodInvocation qualifier appendToEnd_ter ^ ^ member length_ter ^ ^ ^ ^ operandr Literal value 0_ter ^ ^ ^ ^ ^ ^ 
if((appendToEnd.length() == 0)){
condition BinaryOperation operator ==_ter ^ ^ operandl MethodInvocation qualifier result_ter ^ ^ member length_ter ^ ^ ^ ^ operandr Literal value 0_ter ^ ^ ^ ^ ^ ^ 
if((result.length() == 0)){
condition BinaryOperation operator <_ter ^ ^ operandl MethodInvocation qualifier str_ter ^ ^ member length_ter ^ ^ ^ ^ operandr Literal value 0_ter ^ ^ ^ ^ ^ ^ 
if((str.length() < 0)){
IfStatement condition BinaryOperation operator ==_ter ^ ^ operandl MemberReference member upper_ter ^ ^ ^ ^ operandr Literal prefix_operators -_ter ^ ^ value 1_ter ^ ^ ^ ^ ^ ^ ^ 
if((upper == -1)){

ReturnStatement expression Literal value null_ter ^ ^ ^ ^ ^ 
if (true) { return null; }

IfStatement condition MethodInvocation qualifier str_ter ^ ^ member isEmpty_ter ^ ^ ^ ^ ^ 
if(str.isEmpty()){

IfStatement condition MethodInvocation prefix_operators !_ter ^ ^ qualifier str_ter ^ ^ member length_ter ^ ^ ^ ^ ^ 
if(!str.length()){

IfStatement condition MethodInvocation prefix_operators !_ter ^ ^ qualifier str_ter ^ ^ member isEmpty_ter ^ ^ ^ ^ ^ 
if(!str.isEmpty()){

condition BinaryOperation operator ==_ter ^ ^ operandl MethodInvocation qualifier StringUtils_ter ^ ^ member length_ter ^ ^ ^ ^ operandr Literal value 0_ter ^ ^ ^ ^ ^ ^ 
if((StringUtils.length() == 0)){
IfStatement condition BinaryOperation operator ||_ter ^ ^ operandl BinaryOperation operator ==_ter ^ ^ operandl MethodInvocation qualifier str_ter ^ ^ member length_ter ^ ^ ^ ^ operandr Literal value 0_ter ^ ^ ^ ^ ^ ^ operandr BinaryOperation operator ==_ter ^ ^ operandl MemberReference member lower_ter ^ ^ ^ ^ operandr Literal value 0_ter ^ ^ ^ ^ ^ ^ ^ ^ ^ 
if(((str.length() == 0) || (lower == 0))){

IfStatement condition BinaryOperation operator ||_ter ^ ^ operandl BinaryOperation operator ==_ter ^ ^ operandl MethodInvocation qualifier str_ter ^ ^ member length_ter ^ ^ ^ ^ operandr Literal value 0_ter ^ ^ ^ ^ ^ ^ operandr BinaryOperation operator ==_ter ^ ^ operandl MethodInvocation qualifier str_ter ^ ^ member length_ter ^ ^ ^ ^ operandr Literal value 0_ter ^ ^ ^ ^ ^ ^ ^ ^ ^ 
if(((str.length() == 0) || (str.length() == 0))){

condition BinaryOperation operator ==_ter ^ ^ operandl MethodInvocation qualifier str_ter ^ ^ member length_ter ^ ^ ^ ^ operandr Literal value 1_ter ^ ^ ^ ^ ^ ^ 
if((str.length() == 1)){
IfStatement condition BinaryOperation operator ||_ter ^ ^ operandl BinaryOperation operator !=_ter ^ ^ operandl MemberReference member str_ter ^ ^ ^ ^ operandr Literal value 0_ter ^ ^ ^ ^ ^ ^ operandr BinaryOperation operator ==_ter ^ ^ operandl MethodInvocation qualifier str_ter ^ ^ member length_ter ^ ^ ^ ^ operandr Literal value 0_ter ^ ^ ^ ^ ^ ^ ^ ^ ^ 
if(((str != 0) || (str.length() == 0))){

StatementExpression expression Assignment expressionl MemberReference member upper_ter ^ ^ ^ ^ value MethodInvocation qualifier str_ter ^ ^ member length_ter ^ ^ ^ ^ type =_ter ^ ^ ^ ^ ^ 
upper = str.length();

IfStatement condition BinaryOperation operator ||_ter ^ ^ operandl BinaryOperation operator ==_ter ^ ^ operandl MemberReference member str_ter ^ ^ ^ ^ operandr Literal value 0_ter ^ ^ ^ ^ ^ ^ operandr BinaryOperation operator ==_ter ^ ^ operandl MethodInvocation qualifier str_ter ^ ^ member length_ter ^ ^ ^ ^ operandr Literal value 0_ter ^ ^ ^ ^ ^ ^ ^ ^ ^ 
if(((str == 0) || (str.length() == 0))){

IfStatement condition BinaryOperation operator ||_ter ^ ^ operandl BinaryOperation operator ==_ter ^ ^ operandl MethodInvocation qualifier str_ter ^ ^ member length_ter ^ ^ ^ ^ operandr Literal value 0_ter ^ ^ ^ ^ ^ ^ operandr BinaryOperation operator !=_ter ^ ^ operandl MemberReference member lower_ter ^ ^ ^ ^ operandr Literal value 0_ter ^ ^ ^ ^ ^ ^ ^ ^ ^ 
if(((str.length() == 0) || (lower != 0))){

StatementExpression expression Assignment expressionl MemberReference member upper_ter ^ ^ ^ ^ value MemberReference member lower_ter ^ ^ ^ ^ type =_ter ^ ^ ^ ^ ^ 
upper = lower;

IfStatement condition BinaryOperation operator ||_ter ^ ^ operandl BinaryOperation operator !=_ter ^ ^ operandl MemberReference member lower_ter ^ ^ ^ ^ operandr Literal value 0_ter ^ ^ ^ ^ ^ ^ operandr BinaryOperation operator ==_ter ^ ^ operandl MethodInvocation qualifier str_ter ^ ^ member length_ter ^ ^ ^ ^ operandr Literal value 0_ter ^ ^ ^ ^ ^ ^ ^ ^ ^ 
if(((lower != 0) || (str.length() == 0))){

IfStatement condition MemberReference member lower_ter ^ ^ ^ ^ ^ 
if(lower){

IfStatement condition MemberReference member upper_ter ^ ^ ^ ^ ^ 
if(upper){

IfStatement condition BinaryOperation operator ||_ter ^ ^ operandl BinaryOperation operator ==_ter ^ ^ operandl MemberReference member lower_ter ^ ^ ^ ^ operandr Literal value 0_ter ^ ^ ^ ^ ^ ^ operandr BinaryOperation operator ==_ter ^ ^ operandl MethodInvocation qualifier str_ter ^ ^ member length_ter ^ ^ ^ ^ operandr Literal value 0_ter ^ ^ ^ ^ ^ ^ ^ ^ ^ 
if(((lower == 0) || (str.length() == 0))){

IfStatement condition BinaryOperation operator !=_ter ^ ^ operandl MemberReference member str_ter ^ ^ ^ ^ operandr Literal value 0_ter ^ ^ ^ ^ ^ ^ ^ 
if((str != 0)){

IfStatement condition BinaryOperation operator !=_ter ^ ^ operandl MemberReference member lower_ter ^ ^ ^ ^ operandr Literal value 0_ter ^ ^ ^ ^ ^ ^ ^ 
if((lower != 0)){

IfStatement condition BinaryOperation operator ||_ter ^ ^ operandl BinaryOperation operator ==_ter ^ ^ operandl MethodInvocation qualifier str_ter ^ ^ member length_ter ^ ^ ^ ^ operandr Literal value 0_ter ^ ^ ^ ^ ^ ^ operandr MethodInvocation qualifier str_ter ^ ^ member length_ter ^ ^ ^ ^ ^ ^ ^ 
if(((str.length() == 0) || str.length())){

IfStatement condition BinaryOperation operator ||_ter ^ ^ operandl BinaryOperation operator ==_ter ^ ^ operandl MethodInvocation qualifier str_ter ^ ^ member length_ter ^ ^ ^ ^ operandr Literal value 0_ter ^ ^ ^ ^ ^ ^ operandr BinaryOperation operator >_ter ^ ^ operandl MemberReference member upper_ter ^ ^ ^ ^ operandr MethodInvocation qualifier str_ter ^ ^ member length_ter ^ ^ ^ ^ ^ ^ ^ ^ ^ 
if(((str.length() == 0) || (upper > str.length()))){

IfStatement condition BinaryOperation operator ||_ter ^ ^ operandl BinaryOperation operator ==_ter ^ ^ operandl MethodInvocation qualifier str_ter ^ ^ member length_ter ^ ^ ^ ^ operandr Literal value 0_ter ^ ^ ^ ^ ^ ^ operandr BinaryOperation operator ==_ter ^ ^ operandl MemberReference member upper_ter ^ ^ ^ ^ operandr Literal value 0_ter ^ ^ ^ ^ ^ ^ ^ ^ ^ 
if(((str.length() == 0) || (upper == 0))){

IfStatement condition BinaryOperation operator ||_ter ^ ^ operandl BinaryOperation operator ==_ter ^ ^ operandl MethodInvocation qualifier str_ter ^ ^ member length_ter ^ ^ ^ ^ operandr Literal value 0_ter ^ ^ ^ ^ ^ ^ operandr BinaryOperation operator ==_ter ^ ^ operandl MemberReference member str_ter ^ ^ ^ ^ operandr Literal value 0_ter ^ ^ ^ ^ ^ ^ ^ ^ ^ 
if(((str.length() == 0) || (str == 0))){

IfStatement condition BinaryOperation operator ==_ter ^ ^ operandl MemberReference member str_ter ^ ^ ^ ^ operandr Literal value 0_ter ^ ^ ^ ^ ^ ^ ^ 
if((str == 0)){

IfStatement condition BinaryOperation operator ==_ter ^ ^ operandl MemberReference member lower_ter ^ ^ ^ ^ operandr Literal value 0_ter ^ ^ ^ ^ ^ ^ ^ 
if((lower == 0)){

IfStatement condition BinaryOperation operator &&_ter ^ ^ operandl BinaryOperation operator !=_ter ^ ^ operandl MemberReference member str_ter ^ ^ ^ ^ operandr Literal value 0_ter ^ ^ ^ ^ ^ ^ operandr BinaryOperation operator ==_ter ^ ^ operandl MethodInvocation qualifier str_ter ^ ^ member length_ter ^ ^ ^ ^ operandr Literal value 0_ter ^ ^ ^ ^ ^ ^ ^ ^ ^ 
if(((str != 0) && (str.length() == 0))){

stderr: 