stdout: ReturnStatement expression BinaryOperation operator /_ter ^ ^ operandl Cast type BasicType name double_ter ^ ^ ^ ^ expression BinaryOperation operator *_ter ^ ^ operandl MethodInvocation member getSampleSize_ter ^ ^ ^ ^ operandr MethodInvocation member getNumberOfSuccesses_ter ^ ^ ^ ^ ^ ^ ^ ^ operandr Cast type BasicType name double_ter ^ ^ ^ ^ expression MethodInvocation member getPopulationSize_ter ^ ^ ^ ^ ^ ^ ^ ^ ^ 
return ((double)(getSampleSize() * getNumberOfSuccesses()) / (double)getPopulationSize());
ReturnStatement expression BinaryOperation operator /_ter ^ ^ operandl Cast type BasicType name double_ter ^ ^ ^ ^ expression BinaryOperation operator *_ter ^ ^ operandl MethodInvocation member getSampleSize_ter ^ ^ ^ ^ operandr MethodInvocation member getPopulationSize_ter ^ ^ ^ ^ ^ ^ ^ ^ operandr Cast type BasicType name double_ter ^ ^ ^ ^ expression MethodInvocation member getPopulationSize_ter ^ ^ ^ ^ ^ ^ ^ ^ ^ 
return ((double)(getSampleSize() * getPopulationSize()) / (double)getPopulationSize());
ReturnStatement expression BinaryOperation operator /_ter ^ ^ operandl Cast type BasicType name double_ter ^ ^ ^ ^ expression BinaryOperation operator *_ter ^ ^ operandl MethodInvocation member getSampleSize_ter ^ ^ ^ ^ operandr MethodInvocation member getSampleSize_ter ^ ^ ^ ^ ^ ^ ^ ^ operandr Cast type BasicType name double_ter ^ ^ ^ ^ expression MethodInvocation member getPopulationSize_ter ^ ^ ^ ^ ^ ^ ^ ^ ^ 
return ((double)(getSampleSize() * getSampleSize()) / (double)getPopulationSize());
ReturnStatement expression BinaryOperation operator /_ter ^ ^ operandl Cast type BasicType name double_ter ^ ^ ^ ^ expression BinaryOperation operator *_ter ^ ^ operandl MethodInvocation member getSampleSize_ter ^ ^ ^ ^ operandr MethodInvocation member getSupportLowerBound_ter ^ ^ ^ ^ ^ ^ ^ ^ operandr Cast type BasicType name double_ter ^ ^ ^ ^ expression MethodInvocation member getPopulationSize_ter ^ ^ ^ ^ ^ ^ ^ ^ ^ 
return ((double)(getSampleSize() * getSupportLowerBound()) / (double)getPopulationSize());
ReturnStatement expression BinaryOperation operator /_ter ^ ^ operandl Cast type BasicType name double_ter ^ ^ ^ ^ expression BinaryOperation operator *_ter ^ ^ operandl MethodInvocation member getSampleSize_ter ^ ^ ^ ^ operandr MethodInvocation member getSupportUpperBound_ter ^ ^ ^ ^ ^ ^ ^ ^ operandr Cast type BasicType name double_ter ^ ^ ^ ^ expression MethodInvocation member getPopulationSize_ter ^ ^ ^ ^ ^ ^ ^ ^ ^ 
return ((double)(getSampleSize() * getSupportUpperBound()) / (double)getPopulationSize());
ReturnStatement expression BinaryOperation operator /_ter ^ ^ operandl Cast type BasicType name double_ter ^ ^ ^ ^ expression BinaryOperation operator *_ter ^ ^ operandl MethodInvocation member getSampleSize_ter ^ ^ ^ ^ operandr MethodInvocation member getNumberOfSuccesses_ter ^ ^ ^ ^ ^ ^ ^ ^ operandr Cast type BasicType name double_ter ^ ^ ^ ^ expression MethodInvocation member getNumberOfSuccesses_ter ^ ^ ^ ^ ^ ^ ^ ^ ^ 
return ((double)(getSampleSize() * getNumberOfSuccesses()) / (double)getNumberOfSuccesses());
ReturnStatement expression BinaryOperation operator /_ter ^ ^ operandl Cast type BasicType name double_ter ^ ^ ^ ^ expression BinaryOperation operator *_ter ^ ^ operandl MethodInvocation member getSampleSize_ter ^ ^ ^ ^ operandr MethodInvocation member getNumberOfSuccesses_ter ^ ^ ^ ^ ^ ^ ^ ^ operandr Cast type BasicType name double_ter ^ ^ ^ ^ expression MethodInvocation member getSampleSize_ter ^ ^ ^ ^ ^ ^ ^ ^ ^ 
return ((double)(getSampleSize() * getNumberOfSuccesses()) / (double)getSampleSize());
ReturnStatement expression BinaryOperation operator /_ter ^ ^ operandl Cast type BasicType name double_ter ^ ^ ^ ^ expression BinaryOperation operator *_ter ^ ^ operandl MethodInvocation member getSampleSize_ter ^ ^ ^ ^ operandr MethodInvocation member getNumberOfSuccesses_ter ^ ^ ^ ^ ^ ^ ^ ^ operandr Cast type BasicType name double_ter ^ ^ ^ ^ expression MethodInvocation member getSupportLowerBound_ter ^ ^ ^ ^ ^ ^ ^ ^ ^ 
return ((double)(getSampleSize() * getNumberOfSuccesses()) / (double)getSupportLowerBound());
ReturnStatement expression BinaryOperation operator /_ter ^ ^ operandl Cast type BasicType name double_ter ^ ^ ^ ^ expression BinaryOperation operator *_ter ^ ^ operandl MethodInvocation member getSampleSize_ter ^ ^ ^ ^ operandr MethodInvocation member getNumberOfSuccesses_ter ^ ^ ^ ^ ^ ^ ^ ^ operandr Cast type BasicType name double_ter ^ ^ ^ ^ expression MethodInvocation member getSupportUpperBound_ter ^ ^ ^ ^ ^ ^ ^ ^ ^ 
return ((double)(getSampleSize() * getNumberOfSuccesses()) / (double)getSupportUpperBound());
ReturnStatement expression BinaryOperation operator /_ter ^ ^ operandl Cast type BasicType name double_ter ^ ^ ^ ^ expression BinaryOperation operator *_ter ^ ^ operandl MethodInvocation member getNumberOfSuccesses_ter ^ ^ ^ ^ operandr MethodInvocation member getNumberOfSuccesses_ter ^ ^ ^ ^ ^ ^ ^ ^ operandr Cast type BasicType name double_ter ^ ^ ^ ^ expression MethodInvocation member getPopulationSize_ter ^ ^ ^ ^ ^ ^ ^ ^ ^ 
return ((double)(getNumberOfSuccesses() * getNumberOfSuccesses()) / (double)getPopulationSize());
ReturnStatement expression BinaryOperation operator /_ter ^ ^ operandl Cast type BasicType name double_ter ^ ^ ^ ^ expression BinaryOperation operator *_ter ^ ^ operandl MethodInvocation member getPopulationSize_ter ^ ^ ^ ^ operandr MethodInvocation member getNumberOfSuccesses_ter ^ ^ ^ ^ ^ ^ ^ ^ operandr Cast type BasicType name double_ter ^ ^ ^ ^ expression MethodInvocation member getPopulationSize_ter ^ ^ ^ ^ ^ ^ ^ ^ ^ 
return ((double)(getPopulationSize() * getNumberOfSuccesses()) / (double)getPopulationSize());
ReturnStatement expression BinaryOperation operator /_ter ^ ^ operandl Cast type BasicType name double_ter ^ ^ ^ ^ expression BinaryOperation operator *_ter ^ ^ operandl MethodInvocation member getSupportLowerBound_ter ^ ^ ^ ^ operandr MethodInvocation member getNumberOfSuccesses_ter ^ ^ ^ ^ ^ ^ ^ ^ operandr Cast type BasicType name double_ter ^ ^ ^ ^ expression MethodInvocation member getPopulationSize_ter ^ ^ ^ ^ ^ ^ ^ ^ ^ 
return ((double)(getSupportLowerBound() * getNumberOfSuccesses()) / (double)getPopulationSize());
ReturnStatement expression BinaryOperation operator /_ter ^ ^ operandl Cast type BasicType name double_ter ^ ^ ^ ^ expression BinaryOperation operator *_ter ^ ^ operandl MethodInvocation member getSupportUpperBound_ter ^ ^ ^ ^ operandr MethodInvocation member getNumberOfSuccesses_ter ^ ^ ^ ^ ^ ^ ^ ^ operandr Cast type BasicType name double_ter ^ ^ ^ ^ expression MethodInvocation member getPopulationSize_ter ^ ^ ^ ^ ^ ^ ^ ^ ^ 
return ((double)(getSupportUpperBound() * getNumberOfSuccesses()) / (double)getPopulationSize());
ReturnStatement expression BinaryOperation operator /_ter ^ ^ operandl Cast type BasicType name double_ter ^ ^ ^ ^ expression BinaryOperation operator *_ter ^ ^ operandl MethodInvocation member getSampleSize_ter ^ ^ ^ ^ operandr MethodInvocation member getNumericalMean_ter ^ ^ ^ ^ ^ ^ ^ ^ operandr Cast type BasicType name double_ter ^ ^ ^ ^ expression MethodInvocation member getPopulationSize_ter ^ ^ ^ ^ ^ ^ ^ ^ ^ 
return ((double)(getSampleSize() * getNumericalMean()) / (double)getPopulationSize());
ReturnStatement expression BinaryOperation operator /_ter ^ ^ operandl Cast type BasicType name double_ter ^ ^ ^ ^ expression BinaryOperation operator *_ter ^ ^ operandl MethodInvocation member getSampleSize_ter ^ ^ ^ ^ operandr MethodInvocation member getNumberOfSuccesses_ter ^ ^ ^ ^ ^ ^ ^ ^ operandr Cast type BasicType name long_ter ^ ^ ^ ^ expression MethodInvocation member getPopulationSize_ter ^ ^ ^ ^ ^ ^ ^ ^ ^ 
return ((double)(getSampleSize() * getNumberOfSuccesses()) / (long)getPopulationSize());
ReturnStatement expression BinaryOperation operator /_ter ^ ^ operandl Cast type BasicType name double_ter ^ ^ ^ ^ expression BinaryOperation operator *_ter ^ ^ operandl MethodInvocation member getSampleSize_ter ^ ^ ^ ^ operandr MethodInvocation member getNumberOfSuccesses_ter ^ ^ ^ ^ ^ ^ ^ ^ operandr Cast type BasicType name double_ter ^ ^ ^ ^ expression MethodInvocation member getNumericalMean_ter ^ ^ ^ ^ ^ ^ ^ ^ ^ 
return ((double)(getSampleSize() * getNumberOfSuccesses()) / (double)getNumericalMean());
ReturnStatement expression BinaryOperation operator /_ter ^ ^ operandl Cast type BasicType name double_ter ^ ^ ^ ^ expression BinaryOperation operator *_ter ^ ^ operandl MethodInvocation member getSampleSize_ter ^ ^ ^ ^ operandr MethodInvocation member getNumberOfSuccesses_ter ^ ^ ^ ^ ^ ^ ^ ^ operandr Cast type BasicType name int_ter ^ ^ ^ ^ expression MethodInvocation member getPopulationSize_ter ^ ^ ^ ^ ^ ^ ^ ^ ^ 
return ((double)(getSampleSize() * getNumberOfSuccesses()) / (int)getPopulationSize());
ReturnStatement expression BinaryOperation operator *_ter ^ ^ operandl Cast type BasicType name double_ter ^ ^ ^ ^ expression BinaryOperation operator *_ter ^ ^ operandl MethodInvocation member getSampleSize_ter ^ ^ ^ ^ operandr MethodInvocation member getNumberOfSuccesses_ter ^ ^ ^ ^ ^ ^ ^ ^ operandr Cast type BasicType name double_ter ^ ^ ^ ^ expression MethodInvocation member getPopulationSize_ter ^ ^ ^ ^ ^ ^ ^ ^ ^ 
return ((double)(getSampleSize() * getNumberOfSuccesses()) * (double)getPopulationSize());
ReturnStatement expression BinaryOperation operator /_ter ^ ^ operandl Cast type BasicType name double_ter ^ ^ ^ ^ expression BinaryOperation operator *_ter ^ ^ operandl MethodInvocation member getSampleSize_ter ^ ^ ^ ^ operandr MethodInvocation member getName_ter ^ ^ ^ ^ ^ ^ ^ ^ operandr Cast type BasicType name double_ter ^ ^ ^ ^ expression MethodInvocation member getPopulationSize_ter ^ ^ ^ ^ ^ ^ ^ ^ ^ 
return ((double)(getSampleSize() * getName()) / (double)getPopulationSize());
ReturnStatement expression BinaryOperation operator /_ter ^ ^ operandl Cast type BasicType name double_ter ^ ^ ^ ^ expression BinaryOperation operator *_ter ^ ^ operandl MethodInvocation member getNumericalMean_ter ^ ^ ^ ^ operandr MethodInvocation member getNumberOfSuccesses_ter ^ ^ ^ ^ ^ ^ ^ ^ operandr Cast type BasicType name double_ter ^ ^ ^ ^ expression MethodInvocation member getPopulationSize_ter ^ ^ ^ ^ ^ ^ ^ ^ ^ 
return ((double)(getNumericalMean() * getNumberOfSuccesses()) / (double)getPopulationSize());
ReturnStatement expression BinaryOperation operator -_ter ^ ^ operandl Cast type BasicType name double_ter ^ ^ ^ ^ expression BinaryOperation operator *_ter ^ ^ operandl MethodInvocation member getSampleSize_ter ^ ^ ^ ^ operandr MethodInvocation member getNumberOfSuccesses_ter ^ ^ ^ ^ ^ ^ ^ ^ operandr Cast type BasicType name double_ter ^ ^ ^ ^ expression MethodInvocation member getPopulationSize_ter ^ ^ ^ ^ ^ ^ ^ ^ ^ 
return ((double)(getSampleSize() * getNumberOfSuccesses()) - (double)getPopulationSize());
ReturnStatement expression BinaryOperation operator *_ter ^ ^ operandl BinaryOperation operator *_ter ^ ^ operandl MethodInvocation member getSampleSize_ter ^ ^ ^ ^ operandr MethodInvocation member getNumberOfSuccesses_ter ^ ^ ^ ^ ^ ^ operandr MethodInvocation member getNumberOfSuccesses_ter ^ ^ ^ ^ ^ ^ ^ 
return ((getSampleSize() * getNumberOfSuccesses()) * getNumberOfSuccesses());
ReturnStatement expression BinaryOperation operator /_ter ^ ^ operandl Cast type BasicType name double_ter ^ ^ ^ ^ expression BinaryOperation operator *_ter ^ ^ operandl MethodInvocation member getSampleSize_ter ^ ^ ^ ^ operandr MethodInvocation member get_ter ^ ^ ^ ^ ^ ^ ^ ^ operandr Cast type BasicType name double_ter ^ ^ ^ ^ expression MethodInvocation member getPopulationSize_ter ^ ^ ^ ^ ^ ^ ^ ^ ^ 
return ((double)(getSampleSize() * get()) / (double)getPopulationSize());
ReturnStatement expression BinaryOperation operator /_ter ^ ^ operandl Cast type BasicType name double_ter ^ ^ ^ ^ expression BinaryOperation operator -_ter ^ ^ operandl MethodInvocation member getSampleSize_ter ^ ^ ^ ^ operandr MethodInvocation member getNumberOfSuccesses_ter ^ ^ ^ ^ ^ ^ ^ ^ operandr Cast type BasicType name double_ter ^ ^ ^ ^ expression MethodInvocation member getPopulationSize_ter ^ ^ ^ ^ ^ ^ ^ ^ ^ 
return ((double)(getSampleSize() - getNumberOfSuccesses()) / (double)getPopulationSize());
ReturnStatement expression BinaryOperation operator /_ter ^ ^ operandl Cast type BasicType name double_ter ^ ^ ^ ^ expression BinaryOperation operator /_ter ^ ^ operandl MethodInvocation member getSampleSize_ter ^ ^ ^ ^ operandr MethodInvocation member getNumberOfSuccesses_ter ^ ^ ^ ^ ^ ^ ^ ^ operandr Cast type BasicType name double_ter ^ ^ ^ ^ expression MethodInvocation member getPopulationSize_ter ^ ^ ^ ^ ^ ^ ^ ^ ^ 
return ((double)(getSampleSize() / getNumberOfSuccesses()) / (double)getPopulationSize());
ReturnStatement expression BinaryOperation operator *_ter ^ ^ operandl BinaryOperation operator /_ter ^ ^ operandl Cast type BasicType name double_ter ^ ^ ^ ^ expression BinaryOperation operator *_ter ^ ^ operandl MethodInvocation member getSampleSize_ter ^ ^ ^ ^ operandr MethodInvocation member getNumberOfSuccesses_ter ^ ^ ^ ^ ^ ^ ^ ^ operandr Cast type BasicType name double_ter ^ ^ ^ ^ expression MethodInvocation member getPopulationSize_ter ^ ^ ^ ^ ^ ^ ^ ^ operandr MethodInvocation member getNumberOfSuccesses_ter ^ ^ ^ ^ ^ ^ ^ 
return (((double)(getSampleSize() * getNumberOfSuccesses()) / (double)getPopulationSize()) * getNumberOfSuccesses());
ReturnStatement expression BinaryOperation operator /_ter ^ ^ operandl Cast type BasicType name double_ter ^ ^ ^ ^ expression BinaryOperation operator *_ter ^ ^ operandl MethodInvocation member getSampleSize_ter ^ ^ ^ ^ operandr MethodInvocation member getNumberOfSuccesses_ter ^ ^ ^ ^ ^ ^ ^ ^ operandr Cast type BasicType name double_ter ^ ^ ^ ^ expression MethodInvocation member debug_ter ^ ^ ^ ^ ^ ^ ^ ^ ^ 
return ((double)(getSampleSize() * getNumberOfSuccesses()) / (double)debug());
ReturnStatement expression BinaryOperation operator /_ter ^ ^ operandl Cast type BasicType name double_ter ^ ^ ^ ^ expression BinaryOperation operator *_ter ^ ^ operandl MethodInvocation member getSampleSize_ter ^ ^ ^ ^ operandr MethodInvocation member toString_ter ^ ^ ^ ^ ^ ^ ^ ^ operandr Cast type BasicType name double_ter ^ ^ ^ ^ expression MethodInvocation member getPopulationSize_ter ^ ^ ^ ^ ^ ^ ^ ^ ^ 
return ((double)(getSampleSize() * toString()) / (double)getPopulationSize());
ReturnStatement expression BinaryOperation operator *_ter ^ ^ operandl BinaryOperation operator *_ter ^ ^ operandl MethodInvocation member getSampleSize_ter ^ ^ ^ ^ operandr MethodInvocation member getNumberOfSuccesses_ter ^ ^ ^ ^ ^ ^ operandr Cast type BasicType name double_ter ^ ^ ^ ^ expression BinaryOperation operator *_ter ^ ^ operandl MethodInvocation member getSampleSize_ter ^ ^ ^ ^ operandr MethodInvocation member getNumberOfSuccesses_ter ^ ^ ^ ^ ^ ^ ^ ^ ^ ^ ^ 
return ((getSampleSize() * getNumberOfSuccesses()) * (double)(getSampleSize() * getNumberOfSuccesses()));
ReturnStatement expression BinaryOperation operator *_ter ^ ^ operandl BinaryOperation operator *_ter ^ ^ operandl MethodInvocation member getSampleSize_ter ^ ^ ^ ^ operandr MethodInvocation member getNumberOfSuccesses_ter ^ ^ ^ ^ ^ ^ operandr Cast type BasicType name double_ter ^ ^ ^ ^ expression MethodInvocation member getPopulationSize_ter ^ ^ ^ ^ ^ ^ ^ ^ ^ 
return ((getSampleSize() * getNumberOfSuccesses()) * (double)getPopulationSize());
ReturnStatement expression MethodInvocation member getNumberOfSuccesses_ter ^ ^ ^ ^ ^ 
return getNumberOfSuccesses();
ReturnStatement expression MethodInvocation member getSampleSize_ter ^ ^ ^ ^ ^ 
return getSampleSize();
ReturnStatement expression BinaryOperation operator *_ter ^ ^ operandl Cast type BasicType name double_ter ^ ^ ^ ^ expression BinaryOperation operator *_ter ^ ^ operandl MethodInvocation member getSampleSize_ter ^ ^ ^ ^ operandr MethodInvocation member getNumberOfSuccesses_ter ^ ^ ^ ^ ^ ^ ^ ^ operandr MethodInvocation member getNumberOfSuccesses_ter ^ ^ ^ ^ ^ ^ ^ 
return ((double)(getSampleSize() * getNumberOfSuccesses()) * getNumberOfSuccesses());
ReturnStatement expression BinaryOperation operator /_ter ^ ^ operandl Cast type BasicType name double_ter ^ ^ ^ ^ expression BinaryOperation operator *_ter ^ ^ operandl MethodInvocation member getSampleSize_ter ^ ^ ^ ^ operandr MethodInvocation member getNumberOfSuccesses_ter ^ ^ ^ ^ ^ ^ ^ ^ operandr Cast type BasicType name double_ter ^ ^ ^ ^ expression MethodInvocation member add_ter ^ ^ ^ ^ ^ ^ ^ ^ ^ 
return ((double)(getSampleSize() * getNumberOfSuccesses()) / (double)add());
ReturnStatement expression BinaryOperation operator *_ter ^ ^ operandl BinaryOperation operator /_ter ^ ^ operandl Cast type BasicType name double_ter ^ ^ ^ ^ expression BinaryOperation operator *_ter ^ ^ operandl MethodInvocation member getSampleSize_ter ^ ^ ^ ^ operandr MethodInvocation member getNumberOfSuccesses_ter ^ ^ ^ ^ ^ ^ ^ ^ operandr Cast type BasicType name double_ter ^ ^ ^ ^ expression MethodInvocation member getPopulationSize_ter ^ ^ ^ ^ ^ ^ ^ ^ operandr Cast type BasicType name double_ter ^ ^ ^ ^ expression BinaryOperation operator *_ter ^ ^ operandl MethodInvocation member getSampleSize_ter ^ ^ ^ ^ operandr MethodInvocation member getNumberOfSuccesses_ter ^ ^ ^ ^ ^ ^ ^ ^ ^ ^ ^ 
return (((double)(getSampleSize() * getNumberOfSuccesses()) / (double)getPopulationSize()) * (double)(getSampleSize() * getNumberOfSuccesses()));
ReturnStatement expression BinaryOperation operator *_ter ^ ^ operandl BinaryOperation operator /_ter ^ ^ operandl Cast type BasicType name double_ter ^ ^ ^ ^ expression BinaryOperation operator *_ter ^ ^ operandl MethodInvocation member getSampleSize_ter ^ ^ ^ ^ operandr MethodInvocation member getNumberOfSuccesses_ter ^ ^ ^ ^ ^ ^ ^ ^ operandr Cast type BasicType name double_ter ^ ^ ^ ^ expression MethodInvocation member getPopulationSize_ter ^ ^ ^ ^ ^ ^ ^ ^ operandr Cast type BasicType name double_ter ^ ^ ^ ^ expression MethodInvocation member getPopulationSize_ter ^ ^ ^ ^ ^ ^ ^ ^ ^ 
return (((double)(getSampleSize() * getNumberOfSuccesses()) / (double)getPopulationSize()) * (double)getPopulationSize());
ReturnStatement expression BinaryOperation operator /_ter ^ ^ operandl Cast type BasicType name double_ter ^ ^ ^ ^ expression BinaryOperation operator *_ter ^ ^ operandl MethodInvocation member getSampleSize_ter ^ ^ ^ ^ operandr MethodInvocation member getNumberOfSuccesses_ter ^ ^ ^ ^ ^ ^ ^ ^ operandr Cast type BasicType name double_ter ^ ^ ^ ^ expression MethodInvocation member e_ter ^ ^ ^ ^ ^ ^ ^ ^ ^ 
return ((double)(getSampleSize() * getNumberOfSuccesses()) / (double)e());
ReturnStatement expression BinaryOperation operator /_ter ^ ^ operandl Cast type BasicType name double_ter ^ ^ ^ ^ expression BinaryOperation operator *_ter ^ ^ operandl MethodInvocation member getSampleSize_ter ^ ^ ^ ^ operandr MethodInvocation member getNumberOfSuccesses_ter ^ ^ ^ ^ ^ ^ ^ ^ operandr MethodInvocation member getNumberOfSuccesses_ter ^ ^ ^ ^ ^ ^ ^ 
return ((double)(getSampleSize() * getNumberOfSuccesses()) / getNumberOfSuccesses());
ReturnStatement expression BinaryOperation operator *_ter ^ ^ operandl MethodInvocation member getSampleSize_ter ^ ^ ^ ^ operandr Cast type BasicType name double_ter ^ ^ ^ ^ expression BinaryOperation operator *_ter ^ ^ operandl MethodInvocation member getSampleSize_ter ^ ^ ^ ^ operandr MethodInvocation member getNumberOfSuccesses_ter ^ ^ ^ ^ ^ ^ ^ ^ ^ ^ ^ 
return (getSampleSize() * (double)(getSampleSize() * getNumberOfSuccesses()));
ReturnStatement expression BinaryOperation operator /_ter ^ ^ operandl Cast type BasicType name double_ter ^ ^ ^ ^ expression BinaryOperation operator *_ter ^ ^ operandl MethodInvocation member getSampleSize_ter ^ ^ ^ ^ operandr MethodInvocation member debug_ter ^ ^ ^ ^ ^ ^ ^ ^ operandr Cast type BasicType name double_ter ^ ^ ^ ^ expression MethodInvocation member getPopulationSize_ter ^ ^ ^ ^ ^ ^ ^ ^ ^ 
return ((double)(getSampleSize() * debug()) / (double)getPopulationSize());
ReturnStatement expression BinaryOperation operator /_ter ^ ^ operandl BinaryOperation operator *_ter ^ ^ operandl MethodInvocation member getSampleSize_ter ^ ^ ^ ^ operandr MethodInvocation member getNumberOfSuccesses_ter ^ ^ ^ ^ ^ ^ operandr MethodInvocation member getNumberOfSuccesses_ter ^ ^ ^ ^ ^ ^ ^ 
return ((getSampleSize() * getNumberOfSuccesses()) / getNumberOfSuccesses());
ReturnStatement expression BinaryOperation operator %_ter ^ ^ operandl Cast type BasicType name double_ter ^ ^ ^ ^ expression BinaryOperation operator *_ter ^ ^ operandl MethodInvocation member getSampleSize_ter ^ ^ ^ ^ operandr MethodInvocation member getNumberOfSuccesses_ter ^ ^ ^ ^ ^ ^ ^ ^ operandr Cast type BasicType name double_ter ^ ^ ^ ^ expression MethodInvocation member getPopulationSize_ter ^ ^ ^ ^ ^ ^ ^ ^ ^ 
return ((double)(getSampleSize() * getNumberOfSuccesses()) % (double)getPopulationSize());
ReturnStatement expression BinaryOperation operator /_ter ^ ^ operandl Cast type BasicType name double_ter ^ ^ ^ ^ expression BinaryOperation operator *_ter ^ ^ operandl MethodInvocation member getSampleSize_ter ^ ^ ^ ^ operandr MethodInvocation member add_ter ^ ^ ^ ^ ^ ^ ^ ^ operandr Cast type BasicType name double_ter ^ ^ ^ ^ expression MethodInvocation member getPopulationSize_ter ^ ^ ^ ^ ^ ^ ^ ^ ^ 
return ((double)(getSampleSize() * add()) / (double)getPopulationSize());
ReturnStatement expression BinaryOperation operator *_ter ^ ^ operandl MethodInvocation member getSampleSize_ter ^ ^ ^ ^ operandr MethodInvocation member getNumberOfSuccesses_ter ^ ^ ^ ^ ^ ^ ^ 
return (getSampleSize() * getNumberOfSuccesses());
ReturnStatement expression BinaryOperation operator /_ter ^ ^ operandl Cast type BasicType name double_ter ^ ^ ^ ^ expression BinaryOperation operator *_ter ^ ^ operandl MethodInvocation member getSampleSize_ter ^ ^ ^ ^ operandr MethodInvocation member lastIndexOf_ter ^ ^ ^ ^ ^ ^ ^ ^ operandr Cast type BasicType name double_ter ^ ^ ^ ^ expression MethodInvocation member getPopulationSize_ter ^ ^ ^ ^ ^ ^ ^ ^ ^ 
return ((double)(getSampleSize() * lastIndexOf()) / (double)getPopulationSize());
stderr: 