stdout: StatementExpression expression SuperConstructorInvocation_ter ^ ^ ^ 
1 SuperConstructorInvocation_ter
StatementExpression expression ExplicitConstructorInvocation_ter ^ ^ ^ 
1 ExplicitConstructorInvocation_ter
StatementExpression expression SuperConstructorInvocation_ter ^ ^ ^ 
1 SuperConstructorInvocation_ter
StatementExpression expression SuperConstructorInvocation arguments MemberReference member value_ter ^ ^ ^ MemberReference member paint_ter ^ ^ ^ MemberReference member stroke_ter ^ ^ ^ MemberReference member outlinePaint_ter ^ ^ ^ MemberReference member alpha_ter ^ ^ ^ ^ ^ ^ ^ 
super(value, paint, stroke, outlinePaint, alpha);

StatementExpression expression SuperConstructorInvocation arguments MemberReference member value_ter ^ ^ ^ MemberReference member paint_ter ^ ^ ^ MemberReference member stroke_ter ^ ^ ^ MemberReference member outlinePaint_ter ^ ^ ^ MemberReference member outlineStroke_ter ^ ^ ^ ^ ^ ^ ^ 
super(value, paint, stroke, outlinePaint, outlineStroke);

StatementExpression expression SuperConstructorInvocation arguments MemberReference member paint_ter ^ ^ ^ MemberReference member stroke_ter ^ ^ ^ MemberReference member outlinePaint_ter ^ ^ ^ MemberReference member outlineStroke_ter ^ ^ ^ MemberReference member alpha_ter ^ ^ ^ ^ ^ ^ ^ 
super(paint, stroke, outlinePaint, outlineStroke, alpha);

StatementExpression expression SuperConstructorInvocation arguments MemberReference member paint_ter ^ ^ ^ MemberReference member stroke_ter ^ ^ ^ MemberReference member outlinePaint_ter ^ ^ ^ MemberReference member outlineStroke_ter ^ ^ ^ MemberReference member outlineStroke_ter ^ ^ ^ ^ ^ ^ ^ 
super(paint, stroke, outlinePaint, outlineStroke, outlineStroke);

StatementExpression expression SuperConstructorInvocation arguments MemberReference member value_ter ^ ^ ^ MemberReference member paint_ter ^ ^ ^ MemberReference member stroke_ter ^ ^ ^ MemberReference member outlineStroke_ter ^ ^ ^ MemberReference member alpha_ter ^ ^ ^ ^ ^ ^ ^ 
super(value, paint, stroke, outlineStroke, alpha);

StatementExpression expression SuperConstructorInvocation arguments MemberReference member paint_ter ^ ^ ^ MemberReference member paint_ter ^ ^ ^ MemberReference member stroke_ter ^ ^ ^ MemberReference member outlinePaint_ter ^ ^ ^ MemberReference member alpha_ter ^ ^ ^ ^ ^ ^ ^ 
super(paint, paint, stroke, outlinePaint, alpha);

StatementExpression expression SuperConstructorInvocation arguments MemberReference member value_ter ^ ^ ^ MemberReference member paint_ter ^ ^ ^ MemberReference member stroke_ter ^ ^ ^ MemberReference member outlineStroke_ter ^ ^ ^ MemberReference member outlineStroke_ter ^ ^ ^ ^ ^ ^ ^ 
super(value, paint, stroke, outlineStroke, outlineStroke);

StatementExpression expression SuperConstructorInvocation arguments MemberReference member paint_ter ^ ^ ^ ^ ^ ^ ^ 
super(paint);

StatementExpression expression SuperConstructorInvocation arguments MemberReference member paint_ter ^ ^ ^ MemberReference member paint_ter ^ ^ ^ MemberReference member stroke_ter ^ ^ ^ MemberReference member outlinePaint_ter ^ ^ ^ MemberReference member outlineStroke_ter ^ ^ ^ ^ ^ ^ ^ 
super(paint, paint, stroke, outlinePaint, outlineStroke);

StatementExpression expression SuperConstructorInvocation arguments MemberReference member value_ter ^ ^ ^ MemberReference member paint_ter ^ ^ ^ MemberReference member stroke_ter ^ ^ ^ MemberReference member outlinePaint_ter ^ ^ ^ MemberReference member par6 ^ ^ ^ ^ ^ ^ ^ 
super(value, paint, stroke, outlinePaint, );


StatementExpression expression SuperConstructorInvocation arguments MemberReference member paint_ter ^ ^ ^ MemberReference member stroke_ter ^ ^ ^ MemberReference member outlinePaint_ter ^ ^ ^ MemberReference member outlineStroke_ter ^ ^ ^ ^ ^ ^ ^ 
super(paint, stroke, outlinePaint, outlineStroke);

StatementExpression expression SuperMethodInvocation member ValueMarker_ter ^ ^ ^ ^ ^ 
super.ValueMarker();

StatementExpression expression SuperConstructorInvocation arguments MemberReference member paint_ter ^ ^ ^ MemberReference member stroke_ter ^ ^ ^ MemberReference member outlinePaint_ter ^ ^ ^ MemberReference member outlineStroke_ter ^ ^ ^ MemberReference member par6 ^ ^ ^ ^ ^ ^ ^ 
super(paint, stroke, outlinePaint, outlineStroke, );


StatementExpression expression SuperConstructorInvocation arguments MemberReference member paint_ter ^ ^ ^ MemberReference member stroke_ter ^ ^ ^ MemberReference member outlinePaint_ter ^ ^ ^ MemberReference member outlinePaint_ter ^ ^ ^ MemberReference member alpha_ter ^ ^ ^ ^ ^ ^ ^ 
super(paint, stroke, outlinePaint, outlinePaint, alpha);

StatementExpression expression SuperConstructorInvocation arguments MemberReference member value_ter ^ ^ ^ ^ ^ ^ ^ 
super(value);

StatementExpression expression SuperConstructorInvocation arguments MemberReference member paint_ter ^ ^ ^ MemberReference member stroke_ter ^ ^ ^ MemberReference member outlinePaint_ter ^ ^ ^ MemberReference member outlinePaint_ter ^ ^ ^ MemberReference member outlineStroke_ter ^ ^ ^ ^ ^ ^ ^ 
super(paint, stroke, outlinePaint, outlinePaint, outlineStroke);

StatementExpression expression SuperConstructorInvocation arguments MemberReference member value_ter ^ ^ ^ MemberReference member paint_ter ^ ^ ^ MemberReference member stroke_ter ^ ^ ^ MemberReference member outlinePaint_ter ^ ^ ^ ^ ^ ^ ^ 
super(value, paint, stroke, outlinePaint);

StatementExpression expression SuperConstructorInvocation arguments MemberReference member paint_ter ^ ^ ^ MemberReference member paint_ter ^ ^ ^ MemberReference member stroke_ter ^ ^ ^ MemberReference member outlineStroke_ter ^ ^ ^ MemberReference member alpha_ter ^ ^ ^ ^ ^ ^ ^ 
super(paint, paint, stroke, outlineStroke, alpha);

StatementExpression expression SuperConstructorInvocation arguments MemberReference member paint_ter ^ ^ ^ MemberReference member stroke_ter ^ ^ ^ MemberReference member outlinePaint_ter ^ ^ ^ MemberReference member alpha_ter ^ ^ ^ MemberReference member alpha_ter ^ ^ ^ ^ ^ ^ ^ 
super(paint, stroke, outlinePaint, alpha, alpha);

StatementExpression expression SuperConstructorInvocation arguments MemberReference member value_ter ^ ^ ^ MemberReference member paint_ter ^ ^ ^ MemberReference member stroke_ter ^ ^ ^ MemberReference member outlineStroke_ter ^ ^ ^ MemberReference member par6 ^ ^ ^ ^ ^ ^ ^ 
super(value, paint, stroke, outlineStroke, );


StatementExpression expression SuperConstructorInvocation arguments MemberReference member paint_ter ^ ^ ^ MemberReference member paint_ter ^ ^ ^ MemberReference member stroke_ter ^ ^ ^ MemberReference member outlineStroke_ter ^ ^ ^ MemberReference member outlineStroke_ter ^ ^ ^ ^ ^ ^ ^ 
super(paint, paint, stroke, outlineStroke, outlineStroke);

StatementExpression expression SuperConstructorInvocation arguments MemberReference member value_ter ^ ^ ^ MemberReference member paint_ter ^ ^ ^ MemberReference member paint_ter ^ ^ ^ MemberReference member outlinePaint_ter ^ ^ ^ MemberReference member alpha_ter ^ ^ ^ ^ ^ ^ ^ 
super(value, paint, paint, outlinePaint, alpha);

StatementExpression expression SuperConstructorInvocation arguments MemberReference member value_ter ^ ^ ^ MemberReference member paint_ter ^ ^ ^ MemberReference member stroke_ter ^ ^ ^ MemberReference member outlineStroke_ter ^ ^ ^ ^ ^ ^ ^ 
super(value, paint, stroke, outlineStroke);

StatementExpression expression ExplicitConstructorInvocation_ter ^ ^ ^ 
1 ExplicitConstructorInvocation_ter
StatementExpression expression SuperConstructorInvocation arguments MemberReference member value_ter ^ ^ ^ MemberReference member paint_ter ^ ^ ^ MemberReference member paint_ter ^ ^ ^ MemberReference member outlinePaint_ter ^ ^ ^ MemberReference member outlineStroke_ter ^ ^ ^ ^ ^ ^ ^ 
super(value, paint, paint, outlinePaint, outlineStroke);

StatementExpression expression SuperConstructorInvocation arguments MemberReference member value_ter ^ ^ ^ MemberReference member paint_ter ^ ^ ^ MemberReference member stroke_ter ^ ^ ^ MemberReference member outlinePaint_ter ^ ^ ^ MemberReference member outlinePaint_ter ^ ^ ^ ^ ^ ^ ^ 
super(value, paint, stroke, outlinePaint, outlinePaint);

StatementExpression expression SuperConstructorInvocation arguments MemberReference member paint_ter ^ ^ ^ MemberReference member stroke_ter ^ ^ ^ MemberReference member outlinePaint_ter ^ ^ ^ MemberReference member alpha_ter ^ ^ ^ MemberReference member outlineStroke_ter ^ ^ ^ ^ ^ ^ ^ 
super(paint, stroke, outlinePaint, alpha, outlineStroke);

StatementExpression expression SuperConstructorInvocation arguments MemberReference member paint_ter ^ ^ ^ MemberReference member stroke_ter ^ ^ ^ MemberReference member outlinePaint_ter ^ ^ ^ MemberReference member alpha_ter ^ ^ ^ ^ ^ ^ ^ 
super(paint, stroke, outlinePaint, alpha);

StatementExpression expression SuperConstructorInvocation arguments MemberReference member paint_ter ^ ^ ^ MemberReference member stroke_ter ^ ^ ^ MemberReference member outlinePaint_ter ^ ^ ^ ^ ^ ^ ^ 
super(paint, stroke, outlinePaint);

StatementExpression expression SuperConstructorInvocation arguments MemberReference member paint_ter ^ ^ ^ MemberReference member paint_ter ^ ^ ^ MemberReference member stroke_ter ^ ^ ^ MemberReference member outlinePaint_ter ^ ^ ^ MemberReference member par6 ^ ^ ^ ^ ^ ^ ^ 
super(paint, paint, stroke, outlinePaint, );


StatementExpression expression SuperConstructorInvocation arguments MemberReference member paint_ter ^ ^ ^ MemberReference member stroke_ter ^ ^ ^ MemberReference member outlinePaint_ter ^ ^ ^ MemberReference member alpha_ter ^ ^ ^ MemberReference member par6 ^ ^ ^ ^ ^ ^ ^ 
super(paint, stroke, outlinePaint, alpha, );


StatementExpression expression SuperConstructorInvocation arguments MemberReference member value_ter ^ ^ ^ MemberReference member paint_ter ^ ^ ^ MemberReference member stroke_ter ^ ^ ^ MemberReference member stroke_ter ^ ^ ^ MemberReference member outlineStroke_ter ^ ^ ^ ^ ^ ^ ^ 
super(value, paint, stroke, stroke, outlineStroke);

StatementExpression expression SuperConstructorInvocation arguments MemberReference member value_ter ^ ^ ^ MemberReference member paint_ter ^ ^ ^ ^ ^ ^ ^ 
super(value, paint);

StatementExpression expression SuperConstructorInvocation arguments MemberReference member paint_ter ^ ^ ^ MemberReference member stroke_ter ^ ^ ^ ^ ^ ^ ^ 
super(paint, stroke);

StatementExpression expression SuperConstructorInvocation arguments MemberReference member paint_ter ^ ^ ^ MemberReference member paint_ter ^ ^ ^ MemberReference member stroke_ter ^ ^ ^ MemberReference member outlineStroke_ter ^ ^ ^ ^ ^ ^ ^ 
super(paint, paint, stroke, outlineStroke);

StatementExpression expression SuperConstructorInvocation arguments MemberReference member value_ter ^ ^ ^ MemberReference member paint_ter ^ ^ ^ MemberReference member paint_ter ^ ^ ^ MemberReference member stroke_ter ^ ^ ^ MemberReference member outlineStroke_ter ^ ^ ^ ^ ^ ^ ^ 
super(value, paint, paint, stroke, outlineStroke);

StatementExpression expression SuperConstructorInvocation arguments MemberReference member paint_ter ^ ^ ^ MemberReference member paint_ter ^ ^ ^ MemberReference member stroke_ter ^ ^ ^ MemberReference member outlineStroke_ter ^ ^ ^ MemberReference member par6 ^ ^ ^ ^ ^ ^ ^ 
super(paint, paint, stroke, outlineStroke, );


StatementExpression expression SuperConstructorInvocation arguments MemberReference member paint_ter ^ ^ ^ MemberReference member paint_ter ^ ^ ^ MemberReference member stroke_ter ^ ^ ^ MemberReference member outlinePaint_ter ^ ^ ^ ^ ^ ^ ^ 
super(paint, paint, stroke, outlinePaint);

StatementExpression expression SuperConstructorInvocation arguments MemberReference member paint_ter ^ ^ ^ MemberReference member stroke_ter ^ ^ ^ MemberReference member stroke_ter ^ ^ ^ MemberReference member outlineStroke_ter ^ ^ ^ MemberReference member alpha_ter ^ ^ ^ ^ ^ ^ ^ 
super(paint, stroke, stroke, outlineStroke, alpha);

StatementExpression expression SuperConstructorInvocation arguments MemberReference member paint_ter ^ ^ ^ MemberReference member stroke_ter ^ ^ ^ MemberReference member outlinePaint_ter ^ ^ ^ MemberReference member outlinePaint_ter ^ ^ ^ MemberReference member par6 ^ ^ ^ ^ ^ ^ ^ 
super(paint, stroke, outlinePaint, outlinePaint, );


StatementExpression expression SuperConstructorInvocation arguments MemberReference member value_ter ^ ^ ^ MemberReference member paint_ter ^ ^ ^ MemberReference member stroke_ter ^ ^ ^ ^ ^ ^ ^ 
super(value, paint, stroke);

StatementExpression expression SuperConstructorInvocation arguments MemberReference member value_ter ^ ^ ^ MemberReference member paint_ter ^ ^ ^ MemberReference member stroke_ter ^ ^ ^ MemberReference member stroke_ter ^ ^ ^ MemberReference member alpha_ter ^ ^ ^ ^ ^ ^ ^ 
super(value, paint, stroke, stroke, alpha);

StatementExpression expression SuperConstructorInvocation arguments MemberReference member paint_ter ^ ^ ^ MemberReference member stroke_ter ^ ^ ^ MemberReference member outlinePaint_ter ^ ^ ^ MemberReference member outlinePaint_ter ^ ^ ^ ^ ^ ^ ^ 
super(paint, stroke, outlinePaint, outlinePaint);

StatementExpression expression SuperConstructorInvocation arguments MemberReference member paint_ter ^ ^ ^ MemberReference member stroke_ter ^ ^ ^ MemberReference member stroke_ter ^ ^ ^ MemberReference member outlinePaint_ter ^ ^ ^ MemberReference member alpha_ter ^ ^ ^ ^ ^ ^ ^ 
super(paint, stroke, stroke, outlinePaint, alpha);

StatementExpression expression SuperConstructorInvocation arguments MemberReference member paint_ter ^ ^ ^ MemberReference member stroke_ter ^ ^ ^ MemberReference member stroke_ter ^ ^ ^ MemberReference member outlineStroke_ter ^ ^ ^ MemberReference member outlineStroke_ter ^ ^ ^ ^ ^ ^ ^ 
super(paint, stroke, stroke, outlineStroke, outlineStroke);

StatementExpression expression SuperConstructorInvocation arguments MemberReference member paint_ter ^ ^ ^ MemberReference member stroke_ter ^ ^ ^ MemberReference member stroke_ter ^ ^ ^ MemberReference member outlinePaint_ter ^ ^ ^ MemberReference member outlineStroke_ter ^ ^ ^ ^ ^ ^ ^ 
super(paint, stroke, stroke, outlinePaint, outlineStroke);

StatementExpression expression SuperConstructorInvocation arguments MemberReference member value_ter ^ ^ ^ MemberReference member paint_ter ^ ^ ^ MemberReference member paint_ter ^ ^ ^ MemberReference member stroke_ter ^ ^ ^ MemberReference member alpha_ter ^ ^ ^ ^ ^ ^ ^ 
super(value, paint, paint, stroke, alpha);

StatementExpression expression SuperConstructorInvocation arguments MemberReference member value_ter ^ ^ ^ MemberReference member paint_ter ^ ^ ^ MemberReference member stroke_ter ^ ^ ^ MemberReference member outlinePaint_ter ^ ^ ^ MemberReference member outlineStroke_ter ^ ^ ^ MemberReference member alpha_ter ^ ^ ^ ^ ^ ^ ^ 
super(value, paint, stroke, outlinePaint, outlineStroke, alpha);

StatementExpression expression SuperConstructorInvocation arguments MemberReference member paint_ter ^ ^ ^ MemberReference member paint_ter ^ ^ ^ MemberReference member stroke_ter ^ ^ ^ MemberReference member outlinePaint_ter ^ ^ ^ MemberReference member outlinePaint_ter ^ ^ ^ ^ ^ ^ ^ 
super(paint, paint, stroke, outlinePaint, outlinePaint);

StatementExpression expression SuperConstructorInvocation arguments MemberReference member paint_ter ^ ^ ^ MemberReference member paint_ter ^ ^ ^ MemberReference member paint_ter ^ ^ ^ MemberReference member outlinePaint_ter ^ ^ ^ MemberReference member alpha_ter ^ ^ ^ ^ ^ ^ ^ 
super(paint, paint, paint, outlinePaint, alpha);

StatementExpression expression SuperConstructorInvocation arguments MemberReference member paint_ter ^ ^ ^ MemberReference member stroke_ter ^ ^ ^ MemberReference member outlinePaint_ter ^ ^ ^ MemberReference member outlineStroke_ter ^ ^ ^ MemberReference member outlinePaint_ter ^ ^ ^ ^ ^ ^ ^ 
super(paint, stroke, outlinePaint, outlineStroke, outlinePaint);

StatementExpression expression SuperConstructorInvocation arguments MemberReference member paint_ter ^ ^ ^ MemberReference member paint_ter ^ ^ ^ ^ ^ ^ ^ 
super(paint, paint);

StatementExpression expression SuperConstructorInvocation arguments MemberReference member paint_ter ^ ^ ^ MemberReference member paint_ter ^ ^ ^ MemberReference member paint_ter ^ ^ ^ MemberReference member outlinePaint_ter ^ ^ ^ MemberReference member outlineStroke_ter ^ ^ ^ ^ ^ ^ ^ 
super(paint, paint, paint, outlinePaint, outlineStroke);

StatementExpression expression SuperConstructorInvocation arguments MemberReference member paint_ter ^ ^ ^ MemberReference member paint_ter ^ ^ ^ MemberReference member outlinePaint_ter ^ ^ ^ MemberReference member outlineStroke_ter ^ ^ ^ MemberReference member alpha_ter ^ ^ ^ ^ ^ ^ ^ 
super(paint, paint, outlinePaint, outlineStroke, alpha);

StatementExpression expression SuperConstructorInvocation arguments MemberReference member value_ter ^ ^ ^ MemberReference member paint_ter ^ ^ ^ MemberReference member paint_ter ^ ^ ^ MemberReference member outlinePaint_ter ^ ^ ^ MemberReference member par6 ^ ^ ^ ^ ^ ^ ^ 
super(value, paint, paint, outlinePaint, );


stderr: 