stdout: StatementExpression expression Assignment expressionl This selectors MemberReference member durationMillis_ter ^ ^ ^ ^ ^ ^ value MemberReference member durationMillis_ter ^ ^ ^ ^ type =_ter ^ ^ ^ ^ ^ 
this.durationMillis = durationMillis;

StatementExpression expression Assignment expressionl This selectors MemberReference member startTime_ter ^ ^ ^ ^ ^ ^ value MemberReference member durationMillis_ter ^ ^ ^ ^ type =_ter ^ ^ ^ ^ ^ 
this.startTime = durationMillis;

StatementExpression expression SuperConstructorInvocation_ter ^ ^ ^ 
1 SuperConstructorInvocation_ter
StatementExpression expression Assignment expressionl This selectors MemberReference member par1 ^ ^ ^ ^ ^ ^ value MemberReference member durationMillis_ter ^ ^ ^ ^ type =_ter ^ ^ ^ ^ ^ 
this. = durationMillis;


StatementExpression expression Assignment expressionl This selectors MemberReference member durationMillis_ter ^ ^ ^ ^ ^ ^ value This selectors MemberReference member durationMillis_ter ^ ^ ^ ^ ^ ^ type =_ter ^ ^ ^ ^ ^ 
this.durationMillis = this.durationMillis;

IfStatement condition BinaryOperation operator !=_ter ^ ^ operandl MemberReference member durationMillis_ter ^ ^ ^ ^ operandr Literal value null_ter ^ ^ ^ ^ ^ ^ ^ 
if((durationMillis != null)){

IfStatement condition BinaryOperation operator ==_ter ^ ^ operandl MemberReference member durationMillis_ter ^ ^ ^ ^ operandr Literal value null_ter ^ ^ ^ ^ ^ ^ ^ 
if((durationMillis == null)){

StatementExpression expression Assignment expressionl This selectors MemberReference qualifier durationMillis_ter ^ ^ member durationMillis_ter ^ ^ ^ ^ ^ ^ value MemberReference member durationMillis_ter ^ ^ ^ ^ type =_ter ^ ^ ^ ^ ^ 
this.durationMillis.durationMillis = durationMillis;

StatementExpression expression Assignment expressionl This selectors MemberReference qualifier startTime_ter ^ ^ member durationMillis_ter ^ ^ ^ ^ ^ ^ value MemberReference member durationMillis_ter ^ ^ ^ ^ type =_ter ^ ^ ^ ^ ^ 
this.startTime.durationMillis = durationMillis;

StatementExpression expression MethodInvocation member start_ter ^ ^ ^ ^ ^ 
start();

StatementExpression expression Assignment expressionl This selectors MemberReference member durationMillis_ter ^ ^ ^ ^ ^ ^ value MemberReference member durationMillis_ter ^ ^ ^ ^ type =_ter ^ ^ ^ ^ ^ 
this.durationMillis = durationMillis;

StatementExpression expression SuperConstructorInvocation_ter ^ ^ ^ 
1 SuperConstructorInvocation_ter
StatementExpression expression MemberReference postfix_operators ++_ter ^ ^ member durationMillis_ter ^ ^ ^ ^ ^ 
durationMillis++;

StatementExpression expression Assignment expressionl This selectors MemberReference member durationMillis_ter ^ ^ ^ ^ ^ ^ value Cast type BasicType name long_ter ^ ^ ^ ^ expression MemberReference member durationMillis_ter ^ ^ ^ ^ ^ ^ type =_ter ^ ^ ^ ^ ^ 
this.durationMillis = (long)durationMillis;

StatementExpression expression SuperMethodInvocation arguments MemberReference member durationMillis_ter ^ ^ ^ ^ member Timer_ter ^ ^ ^ ^ ^ 
super.Timer(durationMillis);

StatementExpression expression This selectors MemberReference member durationMillis_ter ^ ^ ^ MethodInvocation arguments MemberReference member durationMillis_ter ^ ^ ^ ^ member Timer_ter ^ ^ ^ ^ ^ ^ ^ 
this.durationMillis.Timer(durationMillis);

StatementExpression expression SuperMethodInvocation member Timer_ter ^ ^ ^ ^ ^ 
super.Timer();

StatementExpression expression ExplicitConstructorInvocation_ter ^ ^ ^ 
1 ExplicitConstructorInvocation_ter
StatementExpression expression Assignment expressionl This selectors MemberReference member durationMillis_ter ^ ^ ^ ^ ^ ^ value Literal value 0_ter ^ ^ ^ ^ type =_ter ^ ^ ^ ^ ^ 
this.durationMillis = 0;

StatementExpression expression Assignment expressionl This selectors MemberReference member durationMillis_ter ^ ^ ^ ^ ^ ^ value Literal value false_ter ^ ^ ^ ^ type =_ter ^ ^ ^ ^ ^ 
this.durationMillis = false;

StatementExpression expression SuperConstructorInvocation arguments MemberReference member durationMillis_ter ^ ^ ^ ^ ^ ^ ^ 
super(durationMillis);

StatementExpression expression MethodInvocation arguments MemberReference member durationMillis_ter ^ ^ ^ ^ member Timer_ter ^ ^ ^ ^ ^ 
Timer(durationMillis);

StatementExpression expression SuperConstructorInvocation arguments MemberReference member durationMillis_ter ^ ^ ^ ^ ^ ^ ^ 
super(durationMillis);

StatementExpression expression SuperMethodInvocation arguments MemberReference member durationMillis_ter ^ ^ ^ ^ member Timer_ter ^ ^ ^ ^ ^ 
super.Timer(durationMillis);

StatementExpression expression Assignment expressionl This selectors MemberReference member durationMillis_ter ^ ^ ^ ^ ^ ^ value MemberReference member durationMillis_ter ^ ^ ^ ^ type +=_ter ^ ^ ^ ^ ^ 
this.durationMillis += durationMillis;

StatementExpression expression Assignment expressionl This selectors MemberReference member durationMillis_ter ^ ^ ^ ^ ^ ^ value Literal value null_ter ^ ^ ^ ^ type =_ter ^ ^ ^ ^ ^ 
this.durationMillis = null;

StatementExpression expression Assignment expressionl This selectors MemberReference member durationMillis_ter ^ ^ ^ ^ ^ ^ value BinaryOperation operator +_ter ^ ^ operandl MemberReference member durationMillis_ter ^ ^ ^ ^ operandr Literal value 1_ter ^ ^ ^ ^ ^ ^ type =_ter ^ ^ ^ ^ ^ 
this.durationMillis = (durationMillis + 1);

StatementExpression expression Assignment expressionl This selectors MemberReference member durationMillis_ter ^ ^ ^ ^ ^ ^ value Literal value true_ter ^ ^ ^ ^ type =_ter ^ ^ ^ ^ ^ 
this.durationMillis = true;

IfStatement condition BinaryOperation operator !=_ter ^ ^ operandl This selectors MemberReference member durationMillis_ter ^ ^ ^ ^ ^ ^ operandr Literal value null_ter ^ ^ ^ ^ ^ ^ ^ 
if((this.durationMillis != null)){

StatementExpression expression This selectors MethodInvocation arguments MemberReference member durationMillis_ter ^ ^ ^ ^ member Timer_ter ^ ^ ^ ^ ^ ^ ^ 
this.Timer(durationMillis);

StatementExpression expression This selectors MemberReference member par1 ^ ^ ^ ^ ^ ^ ^ 
this.;


StatementExpression expression This selectors MethodInvocation member start_ter ^ ^ ^ ^ ^ ^ ^ 
this.start();

StatementExpression expression Assignment expressionl This selectors MemberReference member durationMillis_ter ^ ^ ^ ^ ^ ^ value Literal value 1_ter ^ ^ ^ ^ type =_ter ^ ^ ^ ^ ^ 
this.durationMillis = 1;

IfStatement condition BinaryOperation operator ==_ter ^ ^ operandl This selectors MemberReference member durationMillis_ter ^ ^ ^ ^ ^ ^ operandr Literal value null_ter ^ ^ ^ ^ ^ ^ ^ 
if((this.durationMillis == null)){

StatementExpression expression MethodInvocation qualifier durationMillis_ter ^ ^ arguments MemberReference member durationMillis_ter ^ ^ ^ ^ member Timer_ter ^ ^ ^ ^ ^ 
durationMillis.Timer(durationMillis);

StatementExpression expression Assignment expressionl MemberReference member durationMillis_ter ^ ^ ^ ^ value MemberReference member durationMillis_ter ^ ^ ^ ^ type =_ter ^ ^ ^ ^ ^ 
durationMillis = durationMillis;

StatementExpression expression MethodInvocation qualifier durationMillis_ter ^ ^ member Timer_ter ^ ^ ^ ^ ^ 
durationMillis.Timer();

StatementExpression expression MemberReference postfix_operators --_ter ^ ^ member durationMillis_ter ^ ^ ^ ^ ^ 
durationMillis--;

stderr: 